running: {'--uuid': '02a0ef2187a35933945e16ac6a543c2f', '-db-root': '/home/ryedida/bbo_challenge_starter_kit/output', '--opt-root': '/home/ryedida/bbo_challenge_starter_kit/example_submissions', '--data-root': None, '--db': 'run_20230425_034200', '--opt': 'smoothness', '--data': 'diabetes', '--classifier': 'MLP-adam', '--metric': 'mae', '--calls': 15, '--suggestions': 1, '--jobs-file': None, '--verbose': False, 'dry_run': False, 'rev': 'a376313', 'opt_rev': 'x.x.x'}
cmd: python smoothness/optimizer.py -c MLP-adam -d diabetes -o smoothness -u 02a0ef2187a35933945e16ac6a543c2f -m mae -n 15 -p 1 -dir /home/ryedida/bbo_challenge_starter_kit/output -b run_20230425_034200
/home/ryedida/.local/lib/python3.9/site-packages/sklearn/neural_network/_multilayer_perceptron.py:605: UserWarning: Got `batch_size` less than 1 or larger than sample size. It is going to be clipped
  warnings.warn(

/home/ryedida/.local/lib/python3.9/site-packages/sklearn/neural_network/_multilayer_perceptron.py:605: UserWarning: Got `batch_size` less than 1 or larger than sample size. It is going to be clipped
  warnings.warn(

/home/ryedida/.local/lib/python3.9/site-packages/sklearn/neural_network/_multilayer_perceptron.py:605: UserWarning: Got `batch_size` less than 1 or larger than sample size. It is going to be clipped
  warnings.warn(

/home/ryedida/.local/lib/python3.9/site-packages/sklearn/neural_network/_multilayer_perceptron.py:686: ConvergenceWarning: Stochastic Optimizer: Maximum iterations (200) reached and the optimization hasn't converged yet.
  warnings.warn(

/home/ryedida/.local/lib/python3.9/site-packages/sklearn/neural_network/_multilayer_perceptron.py:605: UserWarning: Got `batch_size` less than 1 or larger than sample size. It is going to be clipped
  warnings.warn(

/home/ryedida/.local/lib/python3.9/site-packages/sklearn/neural_network/_multilayer_perceptron.py:686: ConvergenceWarning: Stochastic Optimizer: Maximum iterations (200) reached and the optimization hasn't converged yet.
  warnings.warn(

computed signature: ([{'alpha': 0.019628224813442792, 'batch_size': 182, 'beta_1': 0.9410202200271762, 'beta_2': 0.9998021557676793, 'epsilon': 1.8662266976518e-08, 'hidden_layer_sizes': 147, 'learning_rate_init': 0.0005627932047415167, 'tol': 0.03690557729213761, 'validation_fraction': 0.8846827852548593}, {'alpha': 0.0019982467392329444, 'batch_size': 200, 'beta_1': 0.919111482530466, 'beta_2': 0.9998488260436156, 'epsilon': 5.981221901152555e-07, 'hidden_layer_sizes': 61, 'learning_rate_init': 2.2310905607443014e-05, 'tol': 1.2046852412030316e-05, 'validation_fraction': 0.8117896445826539}, {'alpha': 0.46659545670218433, 'batch_size': 219, 'beta_1': 0.9889789783750891, 'beta_2': 0.9999896868093284, 'epsilon': 2.4234724484675948e-08, 'hidden_layer_sizes': 167, 'learning_rate_init': 2.972334644335654e-05, 'tol': 0.0036281404040243792, 'validation_fraction': 0.17260651658522078}, {'alpha': 4.656005689076002, 'batch_size': 135, 'beta_1': 0.870503881627747, 'beta_2': 0.9948873266941017, 'epsilon': 2.1023308743480125e-07, 'hidden_layer_sizes': 118, 'learning_rate_init': 0.0018781738757161913, 'tol': 1.1889379831773004e-05, 'validation_fraction': 0.6264327093752792}, {'alpha': 0.04705159350400542, 'batch_size': 158, 'beta_1': 0.9870884262730957, 'beta_2': 0.9999596874382349, 'epsilon': 1.1981845126013875e-08, 'hidden_layer_sizes': 116, 'learning_rate_init': 0.00617340520407431, 'tol': 1.741413418158619e-05, 'validation_fraction': 0.6754299026638921}], [151.4971925380264, 151.42763539278994, 151.47026299046811, 136.86202504264318, 75.2055865763391])
Signature errors:
                                  0             1             2         3         4       max
MLP-adam_diabetes_mae  1.919244e-08  6.198704e-08  7.624578e-09  0.000007  0.000034  0.000034
max                    1.919244e-08  6.198704e-08  7.624578e-09  0.000007  0.000034  0.000034
starting sklearn study smoothness MLP-adam diabetes mae 15 1
with data root: None
Failure in optimizer suggest. Falling back to random search.
name 'activ' is not defined
Traceback (most recent call last):
  File "/home/ryedida/.local/lib/python3.9/site-packages/bayesmark/experiment.py", line 126, in run_study
    next_points = optimizer.suggest(n_suggestions)
  File "/home/ryedida/bbo_challenge_starter_kit/example_submissions/smoothness/optimizer.py", line 105, in suggest
    betas = [self._get_smoothness_reg(guess) for guess in guesses]
  File "/home/ryedida/bbo_challenge_starter_kit/example_submissions/smoothness/optimizer.py", line 105, in <listcomp>
    betas = [self._get_smoothness_reg(guess) for guess in guesses]
  File "/home/ryedida/bbo_challenge_starter_kit/example_submissions/smoothness/optimizer.py", line 48, in _get_smoothness_reg
    if activ > Kz:
NameError: name 'activ' is not defined
suggestion time taken 0.497816 iter 0 next_points [{'alpha': 0.0021858251229880427, 'batch_size': 177, 'beta_1': 0.9794694058749193, 'beta_2': 0.9983380212894414, 'epsilon': 6.748575714660572e-07, 'hidden_layer_sizes': 84, 'learning_rate_init': 1.3123871363408838e-05, 'tol': 0.024506947312990305, 'validation_fraction': 0.13316882413820536}]
function_evaluation time 0.069364 value 151.529170 suggestion {'alpha': 0.0021858251229880427, 'batch_size': 177, 'beta_1': 0.9794694058749193, 'beta_2': 0.9983380212894414, 'epsilon': 6.748575714660572e-07, 'hidden_layer_sizes': 84, 'learning_rate_init': 1.3123871363408838e-05, 'tol': 0.024506947312990305, 'validation_fraction': 0.13316882413820536}
observation time 0.000007, current best 151.529170 at iter 0
Failure in optimizer suggest. Falling back to random search.
name 'activ' is not defined
Traceback (most recent call last):
  File "/home/ryedida/.local/lib/python3.9/site-packages/bayesmark/experiment.py", line 126, in run_study
    next_points = optimizer.suggest(n_suggestions)
  File "/home/ryedida/bbo_challenge_starter_kit/example_submissions/smoothness/optimizer.py", line 105, in suggest
    betas = [self._get_smoothness_reg(guess) for guess in guesses]
  File "/home/ryedida/bbo_challenge_starter_kit/example_submissions/smoothness/optimizer.py", line 105, in <listcomp>
    betas = [self._get_smoothness_reg(guess) for guess in guesses]
  File "/home/ryedida/bbo_challenge_starter_kit/example_submissions/smoothness/optimizer.py", line 48, in _get_smoothness_reg
    if activ > Kz:
NameError: name 'activ' is not defined
suggestion time taken 0.329174 iter 1 next_points [{'alpha': 1.6657795124076937, 'batch_size': 249, 'beta_1': 0.9603649456184036, 'beta_2': 0.9999972859618126, 'epsilon': 3.950467360748757e-09, 'hidden_layer_sizes': 150, 'learning_rate_init': 5.814709321183637e-05, 'tol': 3.260083697205018e-05, 'validation_fraction': 0.4841323546617173}]
/home/ryedida/.local/lib/python3.9/site-packages/sklearn/neural_network/_multilayer_perceptron.py:605: UserWarning: Got `batch_size` less than 1 or larger than sample size. It is going to be clipped
  warnings.warn(

/home/ryedida/.local/lib/python3.9/site-packages/sklearn/neural_network/_multilayer_perceptron.py:686: ConvergenceWarning: Stochastic Optimizer: Maximum iterations (200) reached and the optimization hasn't converged yet.
  warnings.warn(

function_evaluation time 0.888654 value 151.337326 suggestion {'alpha': 1.6657795124076937, 'batch_size': 249, 'beta_1': 0.9603649456184036, 'beta_2': 0.9999972859618126, 'epsilon': 3.950467360748757e-09, 'hidden_layer_sizes': 150, 'learning_rate_init': 5.814709321183637e-05, 'tol': 3.260083697205018e-05, 'validation_fraction': 0.4841323546617173}
observation time 0.000005, current best 151.337326 at iter 1
Failure in optimizer suggest. Falling back to random search.
name 'activ' is not defined
Traceback (most recent call last):
  File "/home/ryedida/.local/lib/python3.9/site-packages/bayesmark/experiment.py", line 126, in run_study
    next_points = optimizer.suggest(n_suggestions)
  File "/home/ryedida/bbo_challenge_starter_kit/example_submissions/smoothness/optimizer.py", line 105, in suggest
    betas = [self._get_smoothness_reg(guess) for guess in guesses]
  File "/home/ryedida/bbo_challenge_starter_kit/example_submissions/smoothness/optimizer.py", line 105, in <listcomp>
    betas = [self._get_smoothness_reg(guess) for guess in guesses]
  File "/home/ryedida/bbo_challenge_starter_kit/example_submissions/smoothness/optimizer.py", line 48, in _get_smoothness_reg
    if activ > Kz:
NameError: name 'activ' is not defined
suggestion time taken 0.327535 iter 2 next_points [{'alpha': 2.1338132841810683e-05, 'batch_size': 152, 'beta_1': 0.9694342679084461, 'beta_2': 0.9574822204292355, 'epsilon': 1.6989893579846236e-09, 'hidden_layer_sizes': 57, 'learning_rate_init': 2.039441200143888e-05, 'tol': 9.876432114977555e-05, 'validation_fraction': 0.78797358711114}]
/home/ryedida/.local/lib/python3.9/site-packages/sklearn/neural_network/_multilayer_perceptron.py:605: UserWarning: Got `batch_size` less than 1 or larger than sample size. It is going to be clipped
  warnings.warn(

function_evaluation time 0.044422 value 151.701068 suggestion {'alpha': 2.1338132841810683e-05, 'batch_size': 152, 'beta_1': 0.9694342679084461, 'beta_2': 0.9574822204292355, 'epsilon': 1.6989893579846236e-09, 'hidden_layer_sizes': 57, 'learning_rate_init': 2.039441200143888e-05, 'tol': 9.876432114977555e-05, 'validation_fraction': 0.78797358711114}
observation time 0.000005, current best 151.337326 at iter 2
Failure in optimizer suggest. Falling back to random search.
name 'activ' is not defined
Traceback (most recent call last):
  File "/home/ryedida/.local/lib/python3.9/site-packages/bayesmark/experiment.py", line 126, in run_study
    next_points = optimizer.suggest(n_suggestions)
  File "/home/ryedida/bbo_challenge_starter_kit/example_submissions/smoothness/optimizer.py", line 105, in suggest
    betas = [self._get_smoothness_reg(guess) for guess in guesses]
  File "/home/ryedida/bbo_challenge_starter_kit/example_submissions/smoothness/optimizer.py", line 105, in <listcomp>
    betas = [self._get_smoothness_reg(guess) for guess in guesses]
  File "/home/ryedida/bbo_challenge_starter_kit/example_submissions/smoothness/optimizer.py", line 48, in _get_smoothness_reg
    if activ > Kz:
NameError: name 'activ' is not defined
suggestion time taken 0.326419 iter 3 next_points [{'alpha': 0.06695007616309344, 'batch_size': 187, 'beta_1': 0.8304042799530645, 'beta_2': 0.999998178607174, 'epsilon': 5.970127916375526e-09, 'hidden_layer_sizes': 67, 'learning_rate_init': 0.00013004032164919805, 'tol': 0.005140475014782182, 'validation_fraction': 0.13226890028426722}]
function_evaluation time 0.063241 value 151.516782 suggestion {'alpha': 0.06695007616309344, 'batch_size': 187, 'beta_1': 0.8304042799530645, 'beta_2': 0.999998178607174, 'epsilon': 5.970127916375526e-09, 'hidden_layer_sizes': 67, 'learning_rate_init': 0.00013004032164919805, 'tol': 0.005140475014782182, 'validation_fraction': 0.13226890028426722}
observation time 0.000004, current best 151.337326 at iter 3
Failure in optimizer suggest. Falling back to random search.
name 'activ' is not defined
Traceback (most recent call last):
  File "/home/ryedida/.local/lib/python3.9/site-packages/bayesmark/experiment.py", line 126, in run_study
    next_points = optimizer.suggest(n_suggestions)
  File "/home/ryedida/bbo_challenge_starter_kit/example_submissions/smoothness/optimizer.py", line 105, in suggest
    betas = [self._get_smoothness_reg(guess) for guess in guesses]
  File "/home/ryedida/bbo_challenge_starter_kit/example_submissions/smoothness/optimizer.py", line 105, in <listcomp>
    betas = [self._get_smoothness_reg(guess) for guess in guesses]
  File "/home/ryedida/bbo_challenge_starter_kit/example_submissions/smoothness/optimizer.py", line 48, in _get_smoothness_reg
    if activ > Kz:
NameError: name 'activ' is not defined
suggestion time taken 0.334250 iter 4 next_points [{'alpha': 0.3316406228080298, 'batch_size': 171, 'beta_1': 0.9840918442200318, 'beta_2': 0.9991688189269605, 'epsilon': 1.2256083365919509e-09, 'hidden_layer_sizes': 117, 'learning_rate_init': 0.0009172843476890507, 'tol': 0.04167937380909549, 'validation_fraction': 0.12734533557795163}]
function_evaluation time 0.094944 value 151.359299 suggestion {'alpha': 0.3316406228080298, 'batch_size': 171, 'beta_1': 0.9840918442200318, 'beta_2': 0.9991688189269605, 'epsilon': 1.2256083365919509e-09, 'hidden_layer_sizes': 117, 'learning_rate_init': 0.0009172843476890507, 'tol': 0.04167937380909549, 'validation_fraction': 0.12734533557795163}
observation time 0.000005, current best 151.337326 at iter 4
Failure in optimizer suggest. Falling back to random search.
name 'activ' is not defined
Traceback (most recent call last):
  File "/home/ryedida/.local/lib/python3.9/site-packages/bayesmark/experiment.py", line 126, in run_study
    next_points = optimizer.suggest(n_suggestions)
  File "/home/ryedida/bbo_challenge_starter_kit/example_submissions/smoothness/optimizer.py", line 105, in suggest
    betas = [self._get_smoothness_reg(guess) for guess in guesses]
  File "/home/ryedida/bbo_challenge_starter_kit/example_submissions/smoothness/optimizer.py", line 105, in <listcomp>
    betas = [self._get_smoothness_reg(guess) for guess in guesses]
  File "/home/ryedida/bbo_challenge_starter_kit/example_submissions/smoothness/optimizer.py", line 48, in _get_smoothness_reg
    if activ > Kz:
NameError: name 'activ' is not defined
suggestion time taken 0.325984 iter 5 next_points [{'alpha': 1.3943766586468332e-05, 'batch_size': 106, 'beta_1': 0.933764299397438, 'beta_2': 0.953450502557069, 'epsilon': 6.893944487677663e-09, 'hidden_layer_sizes': 137, 'learning_rate_init': 0.0004985433110904857, 'tol': 0.0012608687456901883, 'validation_fraction': 0.5314542151643794}]
function_evaluation time 0.074816 value 151.435414 suggestion {'alpha': 1.3943766586468332e-05, 'batch_size': 106, 'beta_1': 0.933764299397438, 'beta_2': 0.953450502557069, 'epsilon': 6.893944487677663e-09, 'hidden_layer_sizes': 137, 'learning_rate_init': 0.0004985433110904857, 'tol': 0.0012608687456901883, 'validation_fraction': 0.5314542151643794}
observation time 0.000005, current best 151.337326 at iter 5
Failure in optimizer suggest. Falling back to random search.
name 'activ' is not defined
Traceback (most recent call last):
  File "/home/ryedida/.local/lib/python3.9/site-packages/bayesmark/experiment.py", line 126, in run_study
    next_points = optimizer.suggest(n_suggestions)
  File "/home/ryedida/bbo_challenge_starter_kit/example_submissions/smoothness/optimizer.py", line 105, in suggest
    betas = [self._get_smoothness_reg(guess) for guess in guesses]
  File "/home/ryedida/bbo_challenge_starter_kit/example_submissions/smoothness/optimizer.py", line 105, in <listcomp>
    betas = [self._get_smoothness_reg(guess) for guess in guesses]
  File "/home/ryedida/bbo_challenge_starter_kit/example_submissions/smoothness/optimizer.py", line 48, in _get_smoothness_reg
    if activ > Kz:
NameError: name 'activ' is not defined
suggestion time taken 0.328727 iter 6 next_points [{'alpha': 0.00010912050443181371, 'batch_size': 91, 'beta_1': 0.9893796440032877, 'beta_2': 0.9853921540693247, 'epsilon': 3.110660500180744e-07, 'hidden_layer_sizes': 78, 'learning_rate_init': 4.727241388838364e-05, 'tol': 4.7412658906598756e-05, 'validation_fraction': 0.12549043670501692}]
/home/ryedida/.local/lib/python3.9/site-packages/sklearn/neural_network/_multilayer_perceptron.py:686: ConvergenceWarning: Stochastic Optimizer: Maximum iterations (200) reached and the optimization hasn't converged yet.
  warnings.warn(

function_evaluation time 0.804138 value 151.232225 suggestion {'alpha': 0.00010912050443181371, 'batch_size': 91, 'beta_1': 0.9893796440032877, 'beta_2': 0.9853921540693247, 'epsilon': 3.110660500180744e-07, 'hidden_layer_sizes': 78, 'learning_rate_init': 4.727241388838364e-05, 'tol': 4.7412658906598756e-05, 'validation_fraction': 0.12549043670501692}
observation time 0.000005, current best 151.232225 at iter 6
Failure in optimizer suggest. Falling back to random search.
name 'activ' is not defined
Traceback (most recent call last):
  File "/home/ryedida/.local/lib/python3.9/site-packages/bayesmark/experiment.py", line 126, in run_study
    next_points = optimizer.suggest(n_suggestions)
  File "/home/ryedida/bbo_challenge_starter_kit/example_submissions/smoothness/optimizer.py", line 105, in suggest
    betas = [self._get_smoothness_reg(guess) for guess in guesses]
  File "/home/ryedida/bbo_challenge_starter_kit/example_submissions/smoothness/optimizer.py", line 105, in <listcomp>
    betas = [self._get_smoothness_reg(guess) for guess in guesses]
  File "/home/ryedida/bbo_challenge_starter_kit/example_submissions/smoothness/optimizer.py", line 48, in _get_smoothness_reg
    if activ > Kz:
NameError: name 'activ' is not defined
suggestion time taken 0.459475 iter 7 next_points [{'alpha': 6.663180074097504e-05, 'batch_size': 141, 'beta_1': 0.5048233886286778, 'beta_2': 0.9999983192570705, 'epsilon': 1.0138592251818091e-09, 'hidden_layer_sizes': 100, 'learning_rate_init': 1.4027961896378881e-05, 'tol': 0.008089997411986842, 'validation_fraction': 0.8737218844281777}]
/home/ryedida/.local/lib/python3.9/site-packages/sklearn/neural_network/_multilayer_perceptron.py:605: UserWarning: Got `batch_size` less than 1 or larger than sample size. It is going to be clipped
  warnings.warn(

function_evaluation time 0.048604 value 151.586705 suggestion {'alpha': 6.663180074097504e-05, 'batch_size': 141, 'beta_1': 0.5048233886286778, 'beta_2': 0.9999983192570705, 'epsilon': 1.0138592251818091e-09, 'hidden_layer_sizes': 100, 'learning_rate_init': 1.4027961896378881e-05, 'tol': 0.008089997411986842, 'validation_fraction': 0.8737218844281777}
observation time 0.000005, current best 151.232225 at iter 7
Failure in optimizer suggest. Falling back to random search.
name 'activ' is not defined
Traceback (most recent call last):
  File "/home/ryedida/.local/lib/python3.9/site-packages/bayesmark/experiment.py", line 126, in run_study
    next_points = optimizer.suggest(n_suggestions)
  File "/home/ryedida/bbo_challenge_starter_kit/example_submissions/smoothness/optimizer.py", line 105, in suggest
    betas = [self._get_smoothness_reg(guess) for guess in guesses]
  File "/home/ryedida/bbo_challenge_starter_kit/example_submissions/smoothness/optimizer.py", line 105, in <listcomp>
    betas = [self._get_smoothness_reg(guess) for guess in guesses]
  File "/home/ryedida/bbo_challenge_starter_kit/example_submissions/smoothness/optimizer.py", line 48, in _get_smoothness_reg
    if activ > Kz:
NameError: name 'activ' is not defined
suggestion time taken 0.322942 iter 8 next_points [{'alpha': 0.006828888089252659, 'batch_size': 234, 'beta_1': 0.5864253121970929, 'beta_2': 0.9995727744435815, 'epsilon': 3.7597788935843116e-08, 'hidden_layer_sizes': 139, 'learning_rate_init': 0.04598872214625197, 'tol': 0.0021608550218033427, 'validation_fraction': 0.17370972528913922}]
function_evaluation time 0.377078 value 45.861331 suggestion {'alpha': 0.006828888089252659, 'batch_size': 234, 'beta_1': 0.5864253121970929, 'beta_2': 0.9995727744435815, 'epsilon': 3.7597788935843116e-08, 'hidden_layer_sizes': 139, 'learning_rate_init': 0.04598872214625197, 'tol': 0.0021608550218033427, 'validation_fraction': 0.17370972528913922}
observation time 0.000005, current best 45.861331 at iter 8
Failure in optimizer suggest. Falling back to random search.
name 'activ' is not defined
Traceback (most recent call last):
  File "/home/ryedida/.local/lib/python3.9/site-packages/bayesmark/experiment.py", line 126, in run_study
    next_points = optimizer.suggest(n_suggestions)
  File "/home/ryedida/bbo_challenge_starter_kit/example_submissions/smoothness/optimizer.py", line 105, in suggest
    betas = [self._get_smoothness_reg(guess) for guess in guesses]
  File "/home/ryedida/bbo_challenge_starter_kit/example_submissions/smoothness/optimizer.py", line 105, in <listcomp>
    betas = [self._get_smoothness_reg(guess) for guess in guesses]
  File "/home/ryedida/bbo_challenge_starter_kit/example_submissions/smoothness/optimizer.py", line 48, in _get_smoothness_reg
    if activ > Kz:
NameError: name 'activ' is not defined
suggestion time taken 0.321047 iter 9 next_points [{'alpha': 2.5703421749908334e-05, 'batch_size': 181, 'beta_1': 0.831588423418833, 'beta_2': 0.9505877625960776, 'epsilon': 8.19084900470566e-09, 'hidden_layer_sizes': 85, 'learning_rate_init': 0.056606446375163315, 'tol': 0.0030318746113832617, 'validation_fraction': 0.23494084920320682}]
function_evaluation time 0.361627 value 44.632907 suggestion {'alpha': 2.5703421749908334e-05, 'batch_size': 181, 'beta_1': 0.831588423418833, 'beta_2': 0.9505877625960776, 'epsilon': 8.19084900470566e-09, 'hidden_layer_sizes': 85, 'learning_rate_init': 0.056606446375163315, 'tol': 0.0030318746113832617, 'validation_fraction': 0.23494084920320682}
observation time 0.000006, current best 44.632907 at iter 9
Failure in optimizer suggest. Falling back to random search.
name 'activ' is not defined
Traceback (most recent call last):
  File "/home/ryedida/.local/lib/python3.9/site-packages/bayesmark/experiment.py", line 126, in run_study
    next_points = optimizer.suggest(n_suggestions)
  File "/home/ryedida/bbo_challenge_starter_kit/example_submissions/smoothness/optimizer.py", line 105, in suggest
    betas = [self._get_smoothness_reg(guess) for guess in guesses]
  File "/home/ryedida/bbo_challenge_starter_kit/example_submissions/smoothness/optimizer.py", line 105, in <listcomp>
    betas = [self._get_smoothness_reg(guess) for guess in guesses]
  File "/home/ryedida/bbo_challenge_starter_kit/example_submissions/smoothness/optimizer.py", line 48, in _get_smoothness_reg
    if activ > Kz:
NameError: name 'activ' is not defined
suggestion time taken 0.324952 iter 10 next_points [{'alpha': 0.003152547972581702, 'batch_size': 199, 'beta_1': 0.6015293743522375, 'beta_2': 0.9999979401039097, 'epsilon': 8.401472095737578e-07, 'hidden_layer_sizes': 105, 'learning_rate_init': 0.03816195506654289, 'tol': 0.022960829409692168, 'validation_fraction': 0.7073043110587922}]
/home/ryedida/.local/lib/python3.9/site-packages/sklearn/neural_network/_multilayer_perceptron.py:605: UserWarning: Got `batch_size` less than 1 or larger than sample size. It is going to be clipped
  warnings.warn(

function_evaluation time 0.182174 value 51.109587 suggestion {'alpha': 0.003152547972581702, 'batch_size': 199, 'beta_1': 0.6015293743522375, 'beta_2': 0.9999979401039097, 'epsilon': 8.401472095737578e-07, 'hidden_layer_sizes': 105, 'learning_rate_init': 0.03816195506654289, 'tol': 0.022960829409692168, 'validation_fraction': 0.7073043110587922}
observation time 0.000005, current best 44.632907 at iter 10
Failure in optimizer suggest. Falling back to random search.
name 'activ' is not defined
Traceback (most recent call last):
  File "/home/ryedida/.local/lib/python3.9/site-packages/bayesmark/experiment.py", line 126, in run_study
    next_points = optimizer.suggest(n_suggestions)
  File "/home/ryedida/bbo_challenge_starter_kit/example_submissions/smoothness/optimizer.py", line 105, in suggest
    betas = [self._get_smoothness_reg(guess) for guess in guesses]
  File "/home/ryedida/bbo_challenge_starter_kit/example_submissions/smoothness/optimizer.py", line 105, in <listcomp>
    betas = [self._get_smoothness_reg(guess) for guess in guesses]
  File "/home/ryedida/bbo_challenge_starter_kit/example_submissions/smoothness/optimizer.py", line 48, in _get_smoothness_reg
    if activ > Kz:
NameError: name 'activ' is not defined
suggestion time taken 0.333564 iter 11 next_points [{'alpha': 0.13069306142128043, 'batch_size': 45, 'beta_1': 0.9785060896364565, 'beta_2': 0.9999988729283507, 'epsilon': 2.512715276139875e-07, 'hidden_layer_sizes': 68, 'learning_rate_init': 1.382035910268342e-05, 'tol': 0.007314875554575211, 'validation_fraction': 0.6643572536260967}]
function_evaluation time 0.068243 value 151.484209 suggestion {'alpha': 0.13069306142128043, 'batch_size': 45, 'beta_1': 0.9785060896364565, 'beta_2': 0.9999988729283507, 'epsilon': 2.512715276139875e-07, 'hidden_layer_sizes': 68, 'learning_rate_init': 1.382035910268342e-05, 'tol': 0.007314875554575211, 'validation_fraction': 0.6643572536260967}
observation time 0.000005, current best 44.632907 at iter 11
Failure in optimizer suggest. Falling back to random search.
name 'activ' is not defined
Traceback (most recent call last):
  File "/home/ryedida/.local/lib/python3.9/site-packages/bayesmark/experiment.py", line 126, in run_study
    next_points = optimizer.suggest(n_suggestions)
  File "/home/ryedida/bbo_challenge_starter_kit/example_submissions/smoothness/optimizer.py", line 105, in suggest
    betas = [self._get_smoothness_reg(guess) for guess in guesses]
  File "/home/ryedida/bbo_challenge_starter_kit/example_submissions/smoothness/optimizer.py", line 105, in <listcomp>
    betas = [self._get_smoothness_reg(guess) for guess in guesses]
  File "/home/ryedida/bbo_challenge_starter_kit/example_submissions/smoothness/optimizer.py", line 48, in _get_smoothness_reg
    if activ > Kz:
NameError: name 'activ' is not defined
suggestion time taken 0.323476 iter 12 next_points [{'alpha': 0.045242610748263294, 'batch_size': 145, 'beta_1': 0.9827381987439291, 'beta_2': 0.9280755947382713, 'epsilon': 3.957508199504228e-09, 'hidden_layer_sizes': 149, 'learning_rate_init': 0.00024156249992152056, 'tol': 0.0021117746533936264, 'validation_fraction': 0.6211311583217242}]
/home/ryedida/.local/lib/python3.9/site-packages/sklearn/neural_network/_multilayer_perceptron.py:605: UserWarning: Got `batch_size` less than 1 or larger than sample size. It is going to be clipped
  warnings.warn(

function_evaluation time 0.059657 value 151.654225 suggestion {'alpha': 0.045242610748263294, 'batch_size': 145, 'beta_1': 0.9827381987439291, 'beta_2': 0.9280755947382713, 'epsilon': 3.957508199504228e-09, 'hidden_layer_sizes': 149, 'learning_rate_init': 0.00024156249992152056, 'tol': 0.0021117746533936264, 'validation_fraction': 0.6211311583217242}
observation time 0.000005, current best 44.632907 at iter 12
Failure in optimizer suggest. Falling back to random search.
name 'activ' is not defined
Traceback (most recent call last):
  File "/home/ryedida/.local/lib/python3.9/site-packages/bayesmark/experiment.py", line 126, in run_study
    next_points = optimizer.suggest(n_suggestions)
  File "/home/ryedida/bbo_challenge_starter_kit/example_submissions/smoothness/optimizer.py", line 105, in suggest
    betas = [self._get_smoothness_reg(guess) for guess in guesses]
  File "/home/ryedida/bbo_challenge_starter_kit/example_submissions/smoothness/optimizer.py", line 105, in <listcomp>
    betas = [self._get_smoothness_reg(guess) for guess in guesses]
  File "/home/ryedida/bbo_challenge_starter_kit/example_submissions/smoothness/optimizer.py", line 48, in _get_smoothness_reg
    if activ > Kz:
NameError: name 'activ' is not defined
suggestion time taken 0.319891 iter 13 next_points [{'alpha': 0.004071492016786319, 'batch_size': 238, 'beta_1': 0.6547803004743191, 'beta_2': 0.9998198401512723, 'epsilon': 4.085819486523585e-07, 'hidden_layer_sizes': 111, 'learning_rate_init': 0.002005953666222227, 'tol': 0.007285771493273941, 'validation_fraction': 0.18683682481339606}]
function_evaluation time 0.065376 value 151.247245 suggestion {'alpha': 0.004071492016786319, 'batch_size': 238, 'beta_1': 0.6547803004743191, 'beta_2': 0.9998198401512723, 'epsilon': 4.085819486523585e-07, 'hidden_layer_sizes': 111, 'learning_rate_init': 0.002005953666222227, 'tol': 0.007285771493273941, 'validation_fraction': 0.18683682481339606}
observation time 0.000005, current best 44.632907 at iter 13
Failure in optimizer suggest. Falling back to random search.
name 'activ' is not defined
Traceback (most recent call last):
  File "/home/ryedida/.local/lib/python3.9/site-packages/bayesmark/experiment.py", line 126, in run_study
    next_points = optimizer.suggest(n_suggestions)
  File "/home/ryedida/bbo_challenge_starter_kit/example_submissions/smoothness/optimizer.py", line 105, in suggest
    betas = [self._get_smoothness_reg(guess) for guess in guesses]
  File "/home/ryedida/bbo_challenge_starter_kit/example_submissions/smoothness/optimizer.py", line 105, in <listcomp>
    betas = [self._get_smoothness_reg(guess) for guess in guesses]
  File "/home/ryedida/bbo_challenge_starter_kit/example_submissions/smoothness/optimizer.py", line 48, in _get_smoothness_reg
    if activ > Kz:
NameError: name 'activ' is not defined
suggestion time taken 0.322337 iter 14 next_points [{'alpha': 3.6521437506219834, 'batch_size': 46, 'beta_1': 0.9056529454745146, 'beta_2': 0.9752773050333814, 'epsilon': 1.7813923190180057e-09, 'hidden_layer_sizes': 173, 'learning_rate_init': 2.66316304667437e-05, 'tol': 0.019236254848062562, 'validation_fraction': 0.8905172059931833}]
/home/ryedida/.local/lib/python3.9/site-packages/sklearn/neural_network/_multilayer_perceptron.py:605: UserWarning: Got `batch_size` less than 1 or larger than sample size. It is going to be clipped
  warnings.warn(

function_evaluation time 0.054298 value 151.625027 suggestion {'alpha': 3.6521437506219834, 'batch_size': 46, 'beta_1': 0.9056529454745146, 'beta_2': 0.9752773050333814, 'epsilon': 1.7813923190180057e-09, 'hidden_layer_sizes': 173, 'learning_rate_init': 2.66316304667437e-05, 'tol': 0.019236254848062562, 'validation_fraction': 0.8905172059931833}
observation time 0.000006, current best 44.632907 at iter 14
saving meta data: {'args': {'--uuid': '02a0ef2187a35933945e16ac6a543c2f', '-db-root': '/home/ryedida/bbo_challenge_starter_kit/output', '--opt-root': '/home/ryedida/bbo_challenge_starter_kit/example_submissions', '--data-root': None, '--db': 'run_20230425_034200', '--opt': 'smoothness', '--data': 'diabetes', '--classifier': 'MLP-adam', '--metric': 'mae', '--calls': 15, '--suggestions': 1, '--jobs-file': None, '--verbose': False, 'dry_run': False, 'rev': 'a376313', 'opt_rev': 'x.x.x'}, 'signature': ([{'alpha': 0.019628224813442792, 'batch_size': 182, 'beta_1': 0.9410202200271762, 'beta_2': 0.9998021557676793, 'epsilon': 1.8662266976518e-08, 'hidden_layer_sizes': 147, 'learning_rate_init': 0.0005627932047415167, 'tol': 0.03690557729213761, 'validation_fraction': 0.8846827852548593}, {'alpha': 0.0019982467392329444, 'batch_size': 200, 'beta_1': 0.919111482530466, 'beta_2': 0.9998488260436156, 'epsilon': 5.981221901152555e-07, 'hidden_layer_sizes': 61, 'learning_rate_init': 2.2310905607443014e-05, 'tol': 1.2046852412030316e-05, 'validation_fraction': 0.8117896445826539}, {'alpha': 0.46659545670218433, 'batch_size': 219, 'beta_1': 0.9889789783750891, 'beta_2': 0.9999896868093284, 'epsilon': 2.4234724484675948e-08, 'hidden_layer_sizes': 167, 'learning_rate_init': 2.972334644335654e-05, 'tol': 0.0036281404040243792, 'validation_fraction': 0.17260651658522078}, {'alpha': 4.656005689076002, 'batch_size': 135, 'beta_1': 0.870503881627747, 'beta_2': 0.9948873266941017, 'epsilon': 2.1023308743480125e-07, 'hidden_layer_sizes': 118, 'learning_rate_init': 0.0018781738757161913, 'tol': 1.1889379831773004e-05, 'validation_fraction': 0.6264327093752792}, {'alpha': 0.04705159350400542, 'batch_size': 158, 'beta_1': 0.9870884262730957, 'beta_2': 0.9999596874382349, 'epsilon': 1.1981845126013875e-08, 'hidden_layer_sizes': 116, 'learning_rate_init': 0.00617340520407431, 'tol': 1.741413418158619e-05, 'validation_fraction': 0.6754299026638921}], [151.4971925380264, 151.42763539278994, 151.47026299046811, 136.86202504264318, 75.2055865763391])}
saving results
saving timing
saving suggest log
done
