running: {'--uuid': '0311526639e85f9e94d1050db6967d7c', '-db-root': '/home/ryedida/bbo_challenge_starter_kit/output', '--opt-root': '/home/ryedida/bbo_challenge_starter_kit/example_submissions', '--data-root': None, '--db': 'run_20230425_034200', '--opt': 'smoothness', '--data': 'diabetes', '--classifier': 'MLP-adam', '--metric': 'mae', '--calls': 15, '--suggestions': 1, '--jobs-file': None, '--verbose': False, 'dry_run': False, 'rev': 'a376313', 'opt_rev': 'x.x.x'}
cmd: python smoothness/optimizer.py -c MLP-adam -d diabetes -o smoothness -u 0311526639e85f9e94d1050db6967d7c -m mae -n 15 -p 1 -dir /home/ryedida/bbo_challenge_starter_kit/output -b run_20230425_034200
/home/ryedida/.local/lib/python3.9/site-packages/sklearn/neural_network/_multilayer_perceptron.py:605: UserWarning: Got `batch_size` less than 1 or larger than sample size. It is going to be clipped
  warnings.warn(

/home/ryedida/.local/lib/python3.9/site-packages/sklearn/neural_network/_multilayer_perceptron.py:605: UserWarning: Got `batch_size` less than 1 or larger than sample size. It is going to be clipped
  warnings.warn(

/home/ryedida/.local/lib/python3.9/site-packages/sklearn/neural_network/_multilayer_perceptron.py:605: UserWarning: Got `batch_size` less than 1 or larger than sample size. It is going to be clipped
  warnings.warn(

/home/ryedida/.local/lib/python3.9/site-packages/sklearn/neural_network/_multilayer_perceptron.py:686: ConvergenceWarning: Stochastic Optimizer: Maximum iterations (200) reached and the optimization hasn't converged yet.
  warnings.warn(

/home/ryedida/.local/lib/python3.9/site-packages/sklearn/neural_network/_multilayer_perceptron.py:605: UserWarning: Got `batch_size` less than 1 or larger than sample size. It is going to be clipped
  warnings.warn(

/home/ryedida/.local/lib/python3.9/site-packages/sklearn/neural_network/_multilayer_perceptron.py:686: ConvergenceWarning: Stochastic Optimizer: Maximum iterations (200) reached and the optimization hasn't converged yet.
  warnings.warn(

computed signature: ([{'alpha': 0.019628224813442792, 'batch_size': 182, 'beta_1': 0.9410202200271762, 'beta_2': 0.9998021557676793, 'epsilon': 1.8662266976518e-08, 'hidden_layer_sizes': 147, 'learning_rate_init': 0.0005627932047415167, 'tol': 0.03690557729213761, 'validation_fraction': 0.8846827852548593}, {'alpha': 0.0019982467392329444, 'batch_size': 200, 'beta_1': 0.919111482530466, 'beta_2': 0.9998488260436156, 'epsilon': 5.981221901152555e-07, 'hidden_layer_sizes': 61, 'learning_rate_init': 2.2310905607443014e-05, 'tol': 1.2046852412030316e-05, 'validation_fraction': 0.8117896445826539}, {'alpha': 0.46659545670218433, 'batch_size': 219, 'beta_1': 0.9889789783750891, 'beta_2': 0.9999896868093284, 'epsilon': 2.4234724484675948e-08, 'hidden_layer_sizes': 167, 'learning_rate_init': 2.972334644335654e-05, 'tol': 0.0036281404040243792, 'validation_fraction': 0.17260651658522078}, {'alpha': 4.656005689076002, 'batch_size': 135, 'beta_1': 0.870503881627747, 'beta_2': 0.9948873266941017, 'epsilon': 2.1023308743480125e-07, 'hidden_layer_sizes': 118, 'learning_rate_init': 0.0018781738757161913, 'tol': 1.1889379831773004e-05, 'validation_fraction': 0.6264327093752792}, {'alpha': 0.04705159350400542, 'batch_size': 158, 'beta_1': 0.9870884262730957, 'beta_2': 0.9999596874382349, 'epsilon': 1.1981845126013875e-08, 'hidden_layer_sizes': 116, 'learning_rate_init': 0.00617340520407431, 'tol': 1.741413418158619e-05, 'validation_fraction': 0.6754299026638921}], [151.4971925380264, 151.42763539278994, 151.47026299046811, 136.86202504264318, 75.2055865763391])
Signature errors:
                                  0             1             2         3         4       max
MLP-adam_diabetes_mae  1.919244e-08  6.198704e-08  7.624578e-09  0.000007  0.000034  0.000034
max                    1.919244e-08  6.198704e-08  7.624578e-09  0.000007  0.000034  0.000034
starting sklearn study smoothness MLP-adam diabetes mae 15 1
with data root: None
Failure in optimizer suggest. Falling back to random search.
name 'activ' is not defined
Traceback (most recent call last):
  File "/home/ryedida/.local/lib/python3.9/site-packages/bayesmark/experiment.py", line 126, in run_study
    next_points = optimizer.suggest(n_suggestions)
  File "/home/ryedida/bbo_challenge_starter_kit/example_submissions/smoothness/optimizer.py", line 105, in suggest
    betas = [self._get_smoothness_reg(guess) for guess in guesses]
  File "/home/ryedida/bbo_challenge_starter_kit/example_submissions/smoothness/optimizer.py", line 105, in <listcomp>
    betas = [self._get_smoothness_reg(guess) for guess in guesses]
  File "/home/ryedida/bbo_challenge_starter_kit/example_submissions/smoothness/optimizer.py", line 48, in _get_smoothness_reg
    if activ > Kz:
NameError: name 'activ' is not defined
suggestion time taken 0.492583 iter 0 next_points [{'alpha': 1.344525049182026, 'batch_size': 10, 'beta_1': 0.944706566960545, 'beta_2': 0.9999948165715487, 'epsilon': 3.599151838501281e-09, 'hidden_layer_sizes': 182, 'learning_rate_init': 0.00038376748413549664, 'tol': 1.5990162533364325e-05, 'validation_fraction': 0.18758587786845038}]
/home/ryedida/.local/lib/python3.9/site-packages/sklearn/neural_network/_multilayer_perceptron.py:686: ConvergenceWarning: Stochastic Optimizer: Maximum iterations (200) reached and the optimization hasn't converged yet.
  warnings.warn(

function_evaluation time 5.728171 value 52.681548 suggestion {'alpha': 1.344525049182026, 'batch_size': 10, 'beta_1': 0.944706566960545, 'beta_2': 0.9999948165715487, 'epsilon': 3.599151838501281e-09, 'hidden_layer_sizes': 182, 'learning_rate_init': 0.00038376748413549664, 'tol': 1.5990162533364325e-05, 'validation_fraction': 0.18758587786845038}
observation time 0.000005, current best 52.681548 at iter 0
Failure in optimizer suggest. Falling back to random search.
name 'activ' is not defined
Traceback (most recent call last):
  File "/home/ryedida/.local/lib/python3.9/site-packages/bayesmark/experiment.py", line 126, in run_study
    next_points = optimizer.suggest(n_suggestions)
  File "/home/ryedida/bbo_challenge_starter_kit/example_submissions/smoothness/optimizer.py", line 105, in suggest
    betas = [self._get_smoothness_reg(guess) for guess in guesses]
  File "/home/ryedida/bbo_challenge_starter_kit/example_submissions/smoothness/optimizer.py", line 105, in <listcomp>
    betas = [self._get_smoothness_reg(guess) for guess in guesses]
  File "/home/ryedida/bbo_challenge_starter_kit/example_submissions/smoothness/optimizer.py", line 48, in _get_smoothness_reg
    if activ > Kz:
NameError: name 'activ' is not defined
suggestion time taken 0.329262 iter 1 next_points [{'alpha': 1.9737465649800027e-05, 'batch_size': 125, 'beta_1': 0.6284092331806378, 'beta_2': 0.9999854215610633, 'epsilon': 1.5941686957766333e-08, 'hidden_layer_sizes': 196, 'learning_rate_init': 0.00012596976185966962, 'tol': 0.010893935907068896, 'validation_fraction': 0.8508720539988225}]
/home/ryedida/.local/lib/python3.9/site-packages/sklearn/neural_network/_multilayer_perceptron.py:605: UserWarning: Got `batch_size` less than 1 or larger than sample size. It is going to be clipped
  warnings.warn(

function_evaluation time 0.057931 value 151.620218 suggestion {'alpha': 1.9737465649800027e-05, 'batch_size': 125, 'beta_1': 0.6284092331806378, 'beta_2': 0.9999854215610633, 'epsilon': 1.5941686957766333e-08, 'hidden_layer_sizes': 196, 'learning_rate_init': 0.00012596976185966962, 'tol': 0.010893935907068896, 'validation_fraction': 0.8508720539988225}
observation time 0.000006, current best 52.681548 at iter 1
Failure in optimizer suggest. Falling back to random search.
name 'activ' is not defined
Traceback (most recent call last):
  File "/home/ryedida/.local/lib/python3.9/site-packages/bayesmark/experiment.py", line 126, in run_study
    next_points = optimizer.suggest(n_suggestions)
  File "/home/ryedida/bbo_challenge_starter_kit/example_submissions/smoothness/optimizer.py", line 105, in suggest
    betas = [self._get_smoothness_reg(guess) for guess in guesses]
  File "/home/ryedida/bbo_challenge_starter_kit/example_submissions/smoothness/optimizer.py", line 105, in <listcomp>
    betas = [self._get_smoothness_reg(guess) for guess in guesses]
  File "/home/ryedida/bbo_challenge_starter_kit/example_submissions/smoothness/optimizer.py", line 48, in _get_smoothness_reg
    if activ > Kz:
NameError: name 'activ' is not defined
suggestion time taken 0.326225 iter 2 next_points [{'alpha': 0.017154098717521177, 'batch_size': 15, 'beta_1': 0.7929709742809283, 'beta_2': 0.9306689728299741, 'epsilon': 7.59125012446236e-08, 'hidden_layer_sizes': 52, 'learning_rate_init': 0.0002177464095258502, 'tol': 0.00014371372768753692, 'validation_fraction': 0.2692140470760509}]
/home/ryedida/.local/lib/python3.9/site-packages/sklearn/neural_network/_multilayer_perceptron.py:686: ConvergenceWarning: Stochastic Optimizer: Maximum iterations (200) reached and the optimization hasn't converged yet.
  warnings.warn(

function_evaluation time 2.152738 value 140.627426 suggestion {'alpha': 0.017154098717521177, 'batch_size': 15, 'beta_1': 0.7929709742809283, 'beta_2': 0.9306689728299741, 'epsilon': 7.59125012446236e-08, 'hidden_layer_sizes': 52, 'learning_rate_init': 0.0002177464095258502, 'tol': 0.00014371372768753692, 'validation_fraction': 0.2692140470760509}
observation time 0.000005, current best 52.681548 at iter 2
Failure in optimizer suggest. Falling back to random search.
name 'activ' is not defined
Traceback (most recent call last):
  File "/home/ryedida/.local/lib/python3.9/site-packages/bayesmark/experiment.py", line 126, in run_study
    next_points = optimizer.suggest(n_suggestions)
  File "/home/ryedida/bbo_challenge_starter_kit/example_submissions/smoothness/optimizer.py", line 105, in suggest
    betas = [self._get_smoothness_reg(guess) for guess in guesses]
  File "/home/ryedida/bbo_challenge_starter_kit/example_submissions/smoothness/optimizer.py", line 105, in <listcomp>
    betas = [self._get_smoothness_reg(guess) for guess in guesses]
  File "/home/ryedida/bbo_challenge_starter_kit/example_submissions/smoothness/optimizer.py", line 48, in _get_smoothness_reg
    if activ > Kz:
NameError: name 'activ' is not defined
suggestion time taken 0.328238 iter 3 next_points [{'alpha': 7.263489389108452, 'batch_size': 203, 'beta_1': 0.953410843665477, 'beta_2': 0.9999970092819208, 'epsilon': 1.3433367737448748e-08, 'hidden_layer_sizes': 72, 'learning_rate_init': 0.00010916028714790633, 'tol': 0.00022064940546629474, 'validation_fraction': 0.4643226587937943}]
/home/ryedida/.local/lib/python3.9/site-packages/sklearn/neural_network/_multilayer_perceptron.py:605: UserWarning: Got `batch_size` less than 1 or larger than sample size. It is going to be clipped
  warnings.warn(

function_evaluation time 0.050693 value 151.490156 suggestion {'alpha': 7.263489389108452, 'batch_size': 203, 'beta_1': 0.953410843665477, 'beta_2': 0.9999970092819208, 'epsilon': 1.3433367737448748e-08, 'hidden_layer_sizes': 72, 'learning_rate_init': 0.00010916028714790633, 'tol': 0.00022064940546629474, 'validation_fraction': 0.4643226587937943}
observation time 0.000005, current best 52.681548 at iter 3
Failure in optimizer suggest. Falling back to random search.
name 'activ' is not defined
Traceback (most recent call last):
  File "/home/ryedida/.local/lib/python3.9/site-packages/bayesmark/experiment.py", line 126, in run_study
    next_points = optimizer.suggest(n_suggestions)
  File "/home/ryedida/bbo_challenge_starter_kit/example_submissions/smoothness/optimizer.py", line 105, in suggest
    betas = [self._get_smoothness_reg(guess) for guess in guesses]
  File "/home/ryedida/bbo_challenge_starter_kit/example_submissions/smoothness/optimizer.py", line 105, in <listcomp>
    betas = [self._get_smoothness_reg(guess) for guess in guesses]
  File "/home/ryedida/bbo_challenge_starter_kit/example_submissions/smoothness/optimizer.py", line 48, in _get_smoothness_reg
    if activ > Kz:
NameError: name 'activ' is not defined
suggestion time taken 0.331791 iter 4 next_points [{'alpha': 0.00033423213982867995, 'batch_size': 114, 'beta_1': 0.7516044470513986, 'beta_2': 0.9919044384773849, 'epsilon': 1.2913463142598356e-08, 'hidden_layer_sizes': 108, 'learning_rate_init': 4.011446900388071e-05, 'tol': 0.00892297297217, 'validation_fraction': 0.3743728862177053}]
function_evaluation time 0.068014 value 151.377749 suggestion {'alpha': 0.00033423213982867995, 'batch_size': 114, 'beta_1': 0.7516044470513986, 'beta_2': 0.9919044384773849, 'epsilon': 1.2913463142598356e-08, 'hidden_layer_sizes': 108, 'learning_rate_init': 4.011446900388071e-05, 'tol': 0.00892297297217, 'validation_fraction': 0.3743728862177053}
observation time 0.000005, current best 52.681548 at iter 4
Failure in optimizer suggest. Falling back to random search.
name 'activ' is not defined
Traceback (most recent call last):
  File "/home/ryedida/.local/lib/python3.9/site-packages/bayesmark/experiment.py", line 126, in run_study
    next_points = optimizer.suggest(n_suggestions)
  File "/home/ryedida/bbo_challenge_starter_kit/example_submissions/smoothness/optimizer.py", line 105, in suggest
    betas = [self._get_smoothness_reg(guess) for guess in guesses]
  File "/home/ryedida/bbo_challenge_starter_kit/example_submissions/smoothness/optimizer.py", line 105, in <listcomp>
    betas = [self._get_smoothness_reg(guess) for guess in guesses]
  File "/home/ryedida/bbo_challenge_starter_kit/example_submissions/smoothness/optimizer.py", line 48, in _get_smoothness_reg
    if activ > Kz:
NameError: name 'activ' is not defined
suggestion time taken 0.327737 iter 5 next_points [{'alpha': 1.0670943730950601e-05, 'batch_size': 152, 'beta_1': 0.7889873003361096, 'beta_2': 0.9847755973358825, 'epsilon': 2.7043619777101306e-08, 'hidden_layer_sizes': 110, 'learning_rate_init': 0.052929459062817125, 'tol': 1.0647148854703062e-05, 'validation_fraction': 0.8665514262210724}]
/home/ryedida/.local/lib/python3.9/site-packages/sklearn/neural_network/_multilayer_perceptron.py:605: UserWarning: Got `batch_size` less than 1 or larger than sample size. It is going to be clipped
  warnings.warn(

function_evaluation time 0.217713 value 50.112815 suggestion {'alpha': 1.0670943730950601e-05, 'batch_size': 152, 'beta_1': 0.7889873003361096, 'beta_2': 0.9847755973358825, 'epsilon': 2.7043619777101306e-08, 'hidden_layer_sizes': 110, 'learning_rate_init': 0.052929459062817125, 'tol': 1.0647148854703062e-05, 'validation_fraction': 0.8665514262210724}
observation time 0.000005, current best 50.112815 at iter 5
Failure in optimizer suggest. Falling back to random search.
name 'activ' is not defined
Traceback (most recent call last):
  File "/home/ryedida/.local/lib/python3.9/site-packages/bayesmark/experiment.py", line 126, in run_study
    next_points = optimizer.suggest(n_suggestions)
  File "/home/ryedida/bbo_challenge_starter_kit/example_submissions/smoothness/optimizer.py", line 105, in suggest
    betas = [self._get_smoothness_reg(guess) for guess in guesses]
  File "/home/ryedida/bbo_challenge_starter_kit/example_submissions/smoothness/optimizer.py", line 105, in <listcomp>
    betas = [self._get_smoothness_reg(guess) for guess in guesses]
  File "/home/ryedida/bbo_challenge_starter_kit/example_submissions/smoothness/optimizer.py", line 48, in _get_smoothness_reg
    if activ > Kz:
NameError: name 'activ' is not defined
suggestion time taken 0.325435 iter 6 next_points [{'alpha': 8.782344363582559e-05, 'batch_size': 150, 'beta_1': 0.9656816912884765, 'beta_2': 0.999998644513571, 'epsilon': 3.817169690156066e-08, 'hidden_layer_sizes': 98, 'learning_rate_init': 0.0005543069338313909, 'tol': 0.003552293637929052, 'validation_fraction': 0.34362743604124174}]
function_evaluation time 0.068932 value 151.491581 suggestion {'alpha': 8.782344363582559e-05, 'batch_size': 150, 'beta_1': 0.9656816912884765, 'beta_2': 0.999998644513571, 'epsilon': 3.817169690156066e-08, 'hidden_layer_sizes': 98, 'learning_rate_init': 0.0005543069338313909, 'tol': 0.003552293637929052, 'validation_fraction': 0.34362743604124174}
observation time 0.000006, current best 50.112815 at iter 6
Failure in optimizer suggest. Falling back to random search.
name 'activ' is not defined
Traceback (most recent call last):
  File "/home/ryedida/.local/lib/python3.9/site-packages/bayesmark/experiment.py", line 126, in run_study
    next_points = optimizer.suggest(n_suggestions)
  File "/home/ryedida/bbo_challenge_starter_kit/example_submissions/smoothness/optimizer.py", line 105, in suggest
    betas = [self._get_smoothness_reg(guess) for guess in guesses]
  File "/home/ryedida/bbo_challenge_starter_kit/example_submissions/smoothness/optimizer.py", line 105, in <listcomp>
    betas = [self._get_smoothness_reg(guess) for guess in guesses]
  File "/home/ryedida/bbo_challenge_starter_kit/example_submissions/smoothness/optimizer.py", line 48, in _get_smoothness_reg
    if activ > Kz:
NameError: name 'activ' is not defined
suggestion time taken 0.458398 iter 7 next_points [{'alpha': 0.036593094343120684, 'batch_size': 83, 'beta_1': 0.9804526675059734, 'beta_2': 0.9923686200851423, 'epsilon': 3.3559492911849636e-08, 'hidden_layer_sizes': 196, 'learning_rate_init': 0.006438890956432707, 'tol': 0.05269111313769859, 'validation_fraction': 0.49723336837715965}]
function_evaluation time 0.087562 value 147.714095 suggestion {'alpha': 0.036593094343120684, 'batch_size': 83, 'beta_1': 0.9804526675059734, 'beta_2': 0.9923686200851423, 'epsilon': 3.3559492911849636e-08, 'hidden_layer_sizes': 196, 'learning_rate_init': 0.006438890956432707, 'tol': 0.05269111313769859, 'validation_fraction': 0.49723336837715965}
observation time 0.000005, current best 50.112815 at iter 7
Failure in optimizer suggest. Falling back to random search.
name 'activ' is not defined
Traceback (most recent call last):
  File "/home/ryedida/.local/lib/python3.9/site-packages/bayesmark/experiment.py", line 126, in run_study
    next_points = optimizer.suggest(n_suggestions)
  File "/home/ryedida/bbo_challenge_starter_kit/example_submissions/smoothness/optimizer.py", line 105, in suggest
    betas = [self._get_smoothness_reg(guess) for guess in guesses]
  File "/home/ryedida/bbo_challenge_starter_kit/example_submissions/smoothness/optimizer.py", line 105, in <listcomp>
    betas = [self._get_smoothness_reg(guess) for guess in guesses]
  File "/home/ryedida/bbo_challenge_starter_kit/example_submissions/smoothness/optimizer.py", line 48, in _get_smoothness_reg
    if activ > Kz:
NameError: name 'activ' is not defined
suggestion time taken 0.321060 iter 8 next_points [{'alpha': 0.0019497185752372667, 'batch_size': 124, 'beta_1': 0.7563546392923026, 'beta_2': 0.998946182619917, 'epsilon': 1.1666486406594125e-09, 'hidden_layer_sizes': 54, 'learning_rate_init': 4.512707584537973e-05, 'tol': 0.011417243036316213, 'validation_fraction': 0.8314410410471487}]
/home/ryedida/.local/lib/python3.9/site-packages/sklearn/neural_network/_multilayer_perceptron.py:605: UserWarning: Got `batch_size` less than 1 or larger than sample size. It is going to be clipped
  warnings.warn(

function_evaluation time 0.042321 value 151.693451 suggestion {'alpha': 0.0019497185752372667, 'batch_size': 124, 'beta_1': 0.7563546392923026, 'beta_2': 0.998946182619917, 'epsilon': 1.1666486406594125e-09, 'hidden_layer_sizes': 54, 'learning_rate_init': 4.512707584537973e-05, 'tol': 0.011417243036316213, 'validation_fraction': 0.8314410410471487}
observation time 0.000005, current best 50.112815 at iter 8
Failure in optimizer suggest. Falling back to random search.
name 'activ' is not defined
Traceback (most recent call last):
  File "/home/ryedida/.local/lib/python3.9/site-packages/bayesmark/experiment.py", line 126, in run_study
    next_points = optimizer.suggest(n_suggestions)
  File "/home/ryedida/bbo_challenge_starter_kit/example_submissions/smoothness/optimizer.py", line 105, in suggest
    betas = [self._get_smoothness_reg(guess) for guess in guesses]
  File "/home/ryedida/bbo_challenge_starter_kit/example_submissions/smoothness/optimizer.py", line 105, in <listcomp>
    betas = [self._get_smoothness_reg(guess) for guess in guesses]
  File "/home/ryedida/bbo_challenge_starter_kit/example_submissions/smoothness/optimizer.py", line 48, in _get_smoothness_reg
    if activ > Kz:
NameError: name 'activ' is not defined
suggestion time taken 0.320893 iter 9 next_points [{'alpha': 0.23861305072025038, 'batch_size': 163, 'beta_1': 0.9776080040281336, 'beta_2': 0.9996174462357876, 'epsilon': 5.578538086761752e-09, 'hidden_layer_sizes': 112, 'learning_rate_init': 0.004817449103285669, 'tol': 0.021286417116282638, 'validation_fraction': 0.7536593433162461}]
/home/ryedida/.local/lib/python3.9/site-packages/sklearn/neural_network/_multilayer_perceptron.py:605: UserWarning: Got `batch_size` less than 1 or larger than sample size. It is going to be clipped
  warnings.warn(

function_evaluation time 0.049803 value 150.855805 suggestion {'alpha': 0.23861305072025038, 'batch_size': 163, 'beta_1': 0.9776080040281336, 'beta_2': 0.9996174462357876, 'epsilon': 5.578538086761752e-09, 'hidden_layer_sizes': 112, 'learning_rate_init': 0.004817449103285669, 'tol': 0.021286417116282638, 'validation_fraction': 0.7536593433162461}
observation time 0.000004, current best 50.112815 at iter 9
Failure in optimizer suggest. Falling back to random search.
name 'activ' is not defined
Traceback (most recent call last):
  File "/home/ryedida/.local/lib/python3.9/site-packages/bayesmark/experiment.py", line 126, in run_study
    next_points = optimizer.suggest(n_suggestions)
  File "/home/ryedida/bbo_challenge_starter_kit/example_submissions/smoothness/optimizer.py", line 105, in suggest
    betas = [self._get_smoothness_reg(guess) for guess in guesses]
  File "/home/ryedida/bbo_challenge_starter_kit/example_submissions/smoothness/optimizer.py", line 105, in <listcomp>
    betas = [self._get_smoothness_reg(guess) for guess in guesses]
  File "/home/ryedida/bbo_challenge_starter_kit/example_submissions/smoothness/optimizer.py", line 48, in _get_smoothness_reg
    if activ > Kz:
NameError: name 'activ' is not defined
suggestion time taken 0.322470 iter 10 next_points [{'alpha': 0.1763568649722198, 'batch_size': 239, 'beta_1': 0.8967731092297418, 'beta_2': 0.9900740593952335, 'epsilon': 3.909864704895179e-08, 'hidden_layer_sizes': 161, 'learning_rate_init': 0.00018644450112832587, 'tol': 3.0601707039905655e-05, 'validation_fraction': 0.6203780424702957}]
/home/ryedida/.local/lib/python3.9/site-packages/sklearn/neural_network/_multilayer_perceptron.py:605: UserWarning: Got `batch_size` less than 1 or larger than sample size. It is going to be clipped
  warnings.warn(

/home/ryedida/.local/lib/python3.9/site-packages/sklearn/neural_network/_multilayer_perceptron.py:686: ConvergenceWarning: Stochastic Optimizer: Maximum iterations (200) reached and the optimization hasn't converged yet.
  warnings.warn(

function_evaluation time 0.862808 value 150.942178 suggestion {'alpha': 0.1763568649722198, 'batch_size': 239, 'beta_1': 0.8967731092297418, 'beta_2': 0.9900740593952335, 'epsilon': 3.909864704895179e-08, 'hidden_layer_sizes': 161, 'learning_rate_init': 0.00018644450112832587, 'tol': 3.0601707039905655e-05, 'validation_fraction': 0.6203780424702957}
observation time 0.000006, current best 50.112815 at iter 10
Failure in optimizer suggest. Falling back to random search.
name 'activ' is not defined
Traceback (most recent call last):
  File "/home/ryedida/.local/lib/python3.9/site-packages/bayesmark/experiment.py", line 126, in run_study
    next_points = optimizer.suggest(n_suggestions)
  File "/home/ryedida/bbo_challenge_starter_kit/example_submissions/smoothness/optimizer.py", line 105, in suggest
    betas = [self._get_smoothness_reg(guess) for guess in guesses]
  File "/home/ryedida/bbo_challenge_starter_kit/example_submissions/smoothness/optimizer.py", line 105, in <listcomp>
    betas = [self._get_smoothness_reg(guess) for guess in guesses]
  File "/home/ryedida/bbo_challenge_starter_kit/example_submissions/smoothness/optimizer.py", line 48, in _get_smoothness_reg
    if activ > Kz:
NameError: name 'activ' is not defined
suggestion time taken 0.321604 iter 11 next_points [{'alpha': 2.1994103140952945, 'batch_size': 97, 'beta_1': 0.912784691848457, 'beta_2': 0.9994385234519131, 'epsilon': 5.589660500362595e-07, 'hidden_layer_sizes': 180, 'learning_rate_init': 6.42422338823451e-05, 'tol': 0.005612316655781377, 'validation_fraction': 0.19735996383316914}]
function_evaluation time 0.104726 value 151.432521 suggestion {'alpha': 2.1994103140952945, 'batch_size': 97, 'beta_1': 0.912784691848457, 'beta_2': 0.9994385234519131, 'epsilon': 5.589660500362595e-07, 'hidden_layer_sizes': 180, 'learning_rate_init': 6.42422338823451e-05, 'tol': 0.005612316655781377, 'validation_fraction': 0.19735996383316914}
observation time 0.000005, current best 50.112815 at iter 11
Failure in optimizer suggest. Falling back to random search.
name 'activ' is not defined
Traceback (most recent call last):
  File "/home/ryedida/.local/lib/python3.9/site-packages/bayesmark/experiment.py", line 126, in run_study
    next_points = optimizer.suggest(n_suggestions)
  File "/home/ryedida/bbo_challenge_starter_kit/example_submissions/smoothness/optimizer.py", line 105, in suggest
    betas = [self._get_smoothness_reg(guess) for guess in guesses]
  File "/home/ryedida/bbo_challenge_starter_kit/example_submissions/smoothness/optimizer.py", line 105, in <listcomp>
    betas = [self._get_smoothness_reg(guess) for guess in guesses]
  File "/home/ryedida/bbo_challenge_starter_kit/example_submissions/smoothness/optimizer.py", line 48, in _get_smoothness_reg
    if activ > Kz:
NameError: name 'activ' is not defined
suggestion time taken 0.322558 iter 12 next_points [{'alpha': 1.0860270969151632e-05, 'batch_size': 207, 'beta_1': 0.9712631751883344, 'beta_2': 0.9894630681472572, 'epsilon': 2.1806263442837e-08, 'hidden_layer_sizes': 125, 'learning_rate_init': 0.007439151392843568, 'tol': 0.0854847264212915, 'validation_fraction': 0.4424257645886521}]
/home/ryedida/.local/lib/python3.9/site-packages/sklearn/neural_network/_multilayer_perceptron.py:605: UserWarning: Got `batch_size` less than 1 or larger than sample size. It is going to be clipped
  warnings.warn(

function_evaluation time 0.060427 value 150.368901 suggestion {'alpha': 1.0860270969151632e-05, 'batch_size': 207, 'beta_1': 0.9712631751883344, 'beta_2': 0.9894630681472572, 'epsilon': 2.1806263442837e-08, 'hidden_layer_sizes': 125, 'learning_rate_init': 0.007439151392843568, 'tol': 0.0854847264212915, 'validation_fraction': 0.4424257645886521}
observation time 0.000005, current best 50.112815 at iter 12
Failure in optimizer suggest. Falling back to random search.
name 'activ' is not defined
Traceback (most recent call last):
  File "/home/ryedida/.local/lib/python3.9/site-packages/bayesmark/experiment.py", line 126, in run_study
    next_points = optimizer.suggest(n_suggestions)
  File "/home/ryedida/bbo_challenge_starter_kit/example_submissions/smoothness/optimizer.py", line 105, in suggest
    betas = [self._get_smoothness_reg(guess) for guess in guesses]
  File "/home/ryedida/bbo_challenge_starter_kit/example_submissions/smoothness/optimizer.py", line 105, in <listcomp>
    betas = [self._get_smoothness_reg(guess) for guess in guesses]
  File "/home/ryedida/bbo_challenge_starter_kit/example_submissions/smoothness/optimizer.py", line 48, in _get_smoothness_reg
    if activ > Kz:
NameError: name 'activ' is not defined
suggestion time taken 0.324832 iter 13 next_points [{'alpha': 0.05431753466613119, 'batch_size': 242, 'beta_1': 0.951564146823868, 'beta_2': 0.9951519988126715, 'epsilon': 9.244769871417861e-09, 'hidden_layer_sizes': 95, 'learning_rate_init': 0.01611109932730333, 'tol': 4.3520800995224064e-05, 'validation_fraction': 0.8824907067767158}]
/home/ryedida/.local/lib/python3.9/site-packages/sklearn/neural_network/_multilayer_perceptron.py:605: UserWarning: Got `batch_size` less than 1 or larger than sample size. It is going to be clipped
  warnings.warn(

function_evaluation time 0.428661 value 54.426445 suggestion {'alpha': 0.05431753466613119, 'batch_size': 242, 'beta_1': 0.951564146823868, 'beta_2': 0.9951519988126715, 'epsilon': 9.244769871417861e-09, 'hidden_layer_sizes': 95, 'learning_rate_init': 0.01611109932730333, 'tol': 4.3520800995224064e-05, 'validation_fraction': 0.8824907067767158}
observation time 0.000006, current best 50.112815 at iter 13
Failure in optimizer suggest. Falling back to random search.
name 'activ' is not defined
Traceback (most recent call last):
  File "/home/ryedida/.local/lib/python3.9/site-packages/bayesmark/experiment.py", line 126, in run_study
    next_points = optimizer.suggest(n_suggestions)
  File "/home/ryedida/bbo_challenge_starter_kit/example_submissions/smoothness/optimizer.py", line 105, in suggest
    betas = [self._get_smoothness_reg(guess) for guess in guesses]
  File "/home/ryedida/bbo_challenge_starter_kit/example_submissions/smoothness/optimizer.py", line 105, in <listcomp>
    betas = [self._get_smoothness_reg(guess) for guess in guesses]
  File "/home/ryedida/bbo_challenge_starter_kit/example_submissions/smoothness/optimizer.py", line 48, in _get_smoothness_reg
    if activ > Kz:
NameError: name 'activ' is not defined
suggestion time taken 0.325765 iter 14 next_points [{'alpha': 3.668046536826681, 'batch_size': 53, 'beta_1': 0.5048887844981091, 'beta_2': 0.9999491252068667, 'epsilon': 3.7177311953388276e-08, 'hidden_layer_sizes': 59, 'learning_rate_init': 0.028664723394445275, 'tol': 0.0028369435329562744, 'validation_fraction': 0.3231733860084033}]
function_evaluation time 0.260197 value 45.731200 suggestion {'alpha': 3.668046536826681, 'batch_size': 53, 'beta_1': 0.5048887844981091, 'beta_2': 0.9999491252068667, 'epsilon': 3.7177311953388276e-08, 'hidden_layer_sizes': 59, 'learning_rate_init': 0.028664723394445275, 'tol': 0.0028369435329562744, 'validation_fraction': 0.3231733860084033}
observation time 0.000005, current best 45.731200 at iter 14
saving meta data: {'args': {'--uuid': '0311526639e85f9e94d1050db6967d7c', '-db-root': '/home/ryedida/bbo_challenge_starter_kit/output', '--opt-root': '/home/ryedida/bbo_challenge_starter_kit/example_submissions', '--data-root': None, '--db': 'run_20230425_034200', '--opt': 'smoothness', '--data': 'diabetes', '--classifier': 'MLP-adam', '--metric': 'mae', '--calls': 15, '--suggestions': 1, '--jobs-file': None, '--verbose': False, 'dry_run': False, 'rev': 'a376313', 'opt_rev': 'x.x.x'}, 'signature': ([{'alpha': 0.019628224813442792, 'batch_size': 182, 'beta_1': 0.9410202200271762, 'beta_2': 0.9998021557676793, 'epsilon': 1.8662266976518e-08, 'hidden_layer_sizes': 147, 'learning_rate_init': 0.0005627932047415167, 'tol': 0.03690557729213761, 'validation_fraction': 0.8846827852548593}, {'alpha': 0.0019982467392329444, 'batch_size': 200, 'beta_1': 0.919111482530466, 'beta_2': 0.9998488260436156, 'epsilon': 5.981221901152555e-07, 'hidden_layer_sizes': 61, 'learning_rate_init': 2.2310905607443014e-05, 'tol': 1.2046852412030316e-05, 'validation_fraction': 0.8117896445826539}, {'alpha': 0.46659545670218433, 'batch_size': 219, 'beta_1': 0.9889789783750891, 'beta_2': 0.9999896868093284, 'epsilon': 2.4234724484675948e-08, 'hidden_layer_sizes': 167, 'learning_rate_init': 2.972334644335654e-05, 'tol': 0.0036281404040243792, 'validation_fraction': 0.17260651658522078}, {'alpha': 4.656005689076002, 'batch_size': 135, 'beta_1': 0.870503881627747, 'beta_2': 0.9948873266941017, 'epsilon': 2.1023308743480125e-07, 'hidden_layer_sizes': 118, 'learning_rate_init': 0.0018781738757161913, 'tol': 1.1889379831773004e-05, 'validation_fraction': 0.6264327093752792}, {'alpha': 0.04705159350400542, 'batch_size': 158, 'beta_1': 0.9870884262730957, 'beta_2': 0.9999596874382349, 'epsilon': 1.1981845126013875e-08, 'hidden_layer_sizes': 116, 'learning_rate_init': 0.00617340520407431, 'tol': 1.741413418158619e-05, 'validation_fraction': 0.6754299026638921}], [151.4971925380264, 151.42763539278994, 151.47026299046811, 136.86202504264318, 75.2055865763391])}
saving results
saving timing
saving suggest log
done
