running: {'--uuid': '12ab4f0b74655a2aad8c0d3e19d1a5bc', '-db-root': '/home/ryedida/bbo_challenge_starter_kit/output', '--opt-root': '/home/ryedida/bbo_challenge_starter_kit/example_submissions', '--data-root': None, '--db': 'run_20230425_034200', '--opt': 'smoothness', '--data': 'diabetes', '--classifier': 'MLP-adam', '--metric': 'mae', '--calls': 15, '--suggestions': 1, '--jobs-file': None, '--verbose': False, 'dry_run': False, 'rev': 'a376313', 'opt_rev': 'x.x.x'}
cmd: python smoothness/optimizer.py -c MLP-adam -d diabetes -o smoothness -u 12ab4f0b74655a2aad8c0d3e19d1a5bc -m mae -n 15 -p 1 -dir /home/ryedida/bbo_challenge_starter_kit/output -b run_20230425_034200
/home/ryedida/.local/lib/python3.9/site-packages/sklearn/neural_network/_multilayer_perceptron.py:605: UserWarning: Got `batch_size` less than 1 or larger than sample size. It is going to be clipped
  warnings.warn(

/home/ryedida/.local/lib/python3.9/site-packages/sklearn/neural_network/_multilayer_perceptron.py:605: UserWarning: Got `batch_size` less than 1 or larger than sample size. It is going to be clipped
  warnings.warn(

/home/ryedida/.local/lib/python3.9/site-packages/sklearn/neural_network/_multilayer_perceptron.py:605: UserWarning: Got `batch_size` less than 1 or larger than sample size. It is going to be clipped
  warnings.warn(

/home/ryedida/.local/lib/python3.9/site-packages/sklearn/neural_network/_multilayer_perceptron.py:686: ConvergenceWarning: Stochastic Optimizer: Maximum iterations (200) reached and the optimization hasn't converged yet.
  warnings.warn(

/home/ryedida/.local/lib/python3.9/site-packages/sklearn/neural_network/_multilayer_perceptron.py:605: UserWarning: Got `batch_size` less than 1 or larger than sample size. It is going to be clipped
  warnings.warn(

/home/ryedida/.local/lib/python3.9/site-packages/sklearn/neural_network/_multilayer_perceptron.py:686: ConvergenceWarning: Stochastic Optimizer: Maximum iterations (200) reached and the optimization hasn't converged yet.
  warnings.warn(

computed signature: ([{'alpha': 0.019628224813442792, 'batch_size': 182, 'beta_1': 0.9410202200271762, 'beta_2': 0.9998021557676793, 'epsilon': 1.8662266976518e-08, 'hidden_layer_sizes': 147, 'learning_rate_init': 0.0005627932047415167, 'tol': 0.03690557729213761, 'validation_fraction': 0.8846827852548593}, {'alpha': 0.0019982467392329444, 'batch_size': 200, 'beta_1': 0.919111482530466, 'beta_2': 0.9998488260436156, 'epsilon': 5.981221901152555e-07, 'hidden_layer_sizes': 61, 'learning_rate_init': 2.2310905607443014e-05, 'tol': 1.2046852412030316e-05, 'validation_fraction': 0.8117896445826539}, {'alpha': 0.46659545670218433, 'batch_size': 219, 'beta_1': 0.9889789783750891, 'beta_2': 0.9999896868093284, 'epsilon': 2.4234724484675948e-08, 'hidden_layer_sizes': 167, 'learning_rate_init': 2.972334644335654e-05, 'tol': 0.0036281404040243792, 'validation_fraction': 0.17260651658522078}, {'alpha': 4.656005689076002, 'batch_size': 135, 'beta_1': 0.870503881627747, 'beta_2': 0.9948873266941017, 'epsilon': 2.1023308743480125e-07, 'hidden_layer_sizes': 118, 'learning_rate_init': 0.0018781738757161913, 'tol': 1.1889379831773004e-05, 'validation_fraction': 0.6264327093752792}, {'alpha': 0.04705159350400542, 'batch_size': 158, 'beta_1': 0.9870884262730957, 'beta_2': 0.9999596874382349, 'epsilon': 1.1981845126013875e-08, 'hidden_layer_sizes': 116, 'learning_rate_init': 0.00617340520407431, 'tol': 1.741413418158619e-05, 'validation_fraction': 0.6754299026638921}], [151.4971925380264, 151.42763539278994, 151.47026299046811, 136.86202504264318, 75.2055865763391])
Signature errors:
                                  0             1             2         3         4       max
MLP-adam_diabetes_mae  1.919244e-08  6.198704e-08  7.624578e-09  0.000007  0.000034  0.000034
max                    1.919244e-08  6.198704e-08  7.624578e-09  0.000007  0.000034  0.000034
starting sklearn study smoothness MLP-adam diabetes mae 15 1
with data root: None
Failure in optimizer suggest. Falling back to random search.
name 'activ' is not defined
Traceback (most recent call last):
  File "/home/ryedida/.local/lib/python3.9/site-packages/bayesmark/experiment.py", line 126, in run_study
    next_points = optimizer.suggest(n_suggestions)
  File "/home/ryedida/bbo_challenge_starter_kit/example_submissions/smoothness/optimizer.py", line 105, in suggest
    betas = [self._get_smoothness_reg(guess) for guess in guesses]
  File "/home/ryedida/bbo_challenge_starter_kit/example_submissions/smoothness/optimizer.py", line 105, in <listcomp>
    betas = [self._get_smoothness_reg(guess) for guess in guesses]
  File "/home/ryedida/bbo_challenge_starter_kit/example_submissions/smoothness/optimizer.py", line 48, in _get_smoothness_reg
    if activ > Kz:
NameError: name 'activ' is not defined
suggestion time taken 0.494117 iter 0 next_points [{'alpha': 0.00033087106861695223, 'batch_size': 186, 'beta_1': 0.9682588179056739, 'beta_2': 0.9998789970500976, 'epsilon': 9.749340789607868e-08, 'hidden_layer_sizes': 94, 'learning_rate_init': 0.0644373969285517, 'tol': 0.003373157155903983, 'validation_fraction': 0.6965626748824827}]
/home/ryedida/.local/lib/python3.9/site-packages/sklearn/neural_network/_multilayer_perceptron.py:605: UserWarning: Got `batch_size` less than 1 or larger than sample size. It is going to be clipped
  warnings.warn(

function_evaluation time 0.145227 value 55.825589 suggestion {'alpha': 0.00033087106861695223, 'batch_size': 186, 'beta_1': 0.9682588179056739, 'beta_2': 0.9998789970500976, 'epsilon': 9.749340789607868e-08, 'hidden_layer_sizes': 94, 'learning_rate_init': 0.0644373969285517, 'tol': 0.003373157155903983, 'validation_fraction': 0.6965626748824827}
observation time 0.000006, current best 55.825589 at iter 0
Failure in optimizer suggest. Falling back to random search.
name 'activ' is not defined
Traceback (most recent call last):
  File "/home/ryedida/.local/lib/python3.9/site-packages/bayesmark/experiment.py", line 126, in run_study
    next_points = optimizer.suggest(n_suggestions)
  File "/home/ryedida/bbo_challenge_starter_kit/example_submissions/smoothness/optimizer.py", line 105, in suggest
    betas = [self._get_smoothness_reg(guess) for guess in guesses]
  File "/home/ryedida/bbo_challenge_starter_kit/example_submissions/smoothness/optimizer.py", line 105, in <listcomp>
    betas = [self._get_smoothness_reg(guess) for guess in guesses]
  File "/home/ryedida/bbo_challenge_starter_kit/example_submissions/smoothness/optimizer.py", line 48, in _get_smoothness_reg
    if activ > Kz:
NameError: name 'activ' is not defined
suggestion time taken 0.325942 iter 1 next_points [{'alpha': 4.053706799668929e-05, 'batch_size': 205, 'beta_1': 0.5094611089814353, 'beta_2': 0.9983009343740958, 'epsilon': 4.527190067850162e-08, 'hidden_layer_sizes': 176, 'learning_rate_init': 9.784723858318825e-05, 'tol': 0.0015338054276394072, 'validation_fraction': 0.2670509462390338}]
function_evaluation time 0.087855 value 151.472121 suggestion {'alpha': 4.053706799668929e-05, 'batch_size': 205, 'beta_1': 0.5094611089814353, 'beta_2': 0.9983009343740958, 'epsilon': 4.527190067850162e-08, 'hidden_layer_sizes': 176, 'learning_rate_init': 9.784723858318825e-05, 'tol': 0.0015338054276394072, 'validation_fraction': 0.2670509462390338}
observation time 0.000006, current best 55.825589 at iter 1
Failure in optimizer suggest. Falling back to random search.
name 'activ' is not defined
Traceback (most recent call last):
  File "/home/ryedida/.local/lib/python3.9/site-packages/bayesmark/experiment.py", line 126, in run_study
    next_points = optimizer.suggest(n_suggestions)
  File "/home/ryedida/bbo_challenge_starter_kit/example_submissions/smoothness/optimizer.py", line 105, in suggest
    betas = [self._get_smoothness_reg(guess) for guess in guesses]
  File "/home/ryedida/bbo_challenge_starter_kit/example_submissions/smoothness/optimizer.py", line 105, in <listcomp>
    betas = [self._get_smoothness_reg(guess) for guess in guesses]
  File "/home/ryedida/bbo_challenge_starter_kit/example_submissions/smoothness/optimizer.py", line 48, in _get_smoothness_reg
    if activ > Kz:
NameError: name 'activ' is not defined
suggestion time taken 0.328352 iter 2 next_points [{'alpha': 0.0698162332306301, 'batch_size': 31, 'beta_1': 0.7595951602292007, 'beta_2': 0.9968901373157979, 'epsilon': 2.655963120995538e-09, 'hidden_layer_sizes': 152, 'learning_rate_init': 0.0010437028875009712, 'tol': 3.790751461839397e-05, 'validation_fraction': 0.33276449315046763}]
/home/ryedida/.local/lib/python3.9/site-packages/sklearn/neural_network/_multilayer_perceptron.py:686: ConvergenceWarning: Stochastic Optimizer: Maximum iterations (200) reached and the optimization hasn't converged yet.
  warnings.warn(

function_evaluation time 2.107685 value 55.303802 suggestion {'alpha': 0.0698162332306301, 'batch_size': 31, 'beta_1': 0.7595951602292007, 'beta_2': 0.9968901373157979, 'epsilon': 2.655963120995538e-09, 'hidden_layer_sizes': 152, 'learning_rate_init': 0.0010437028875009712, 'tol': 3.790751461839397e-05, 'validation_fraction': 0.33276449315046763}
observation time 0.000006, current best 55.303802 at iter 2
Failure in optimizer suggest. Falling back to random search.
name 'activ' is not defined
Traceback (most recent call last):
  File "/home/ryedida/.local/lib/python3.9/site-packages/bayesmark/experiment.py", line 126, in run_study
    next_points = optimizer.suggest(n_suggestions)
  File "/home/ryedida/bbo_challenge_starter_kit/example_submissions/smoothness/optimizer.py", line 105, in suggest
    betas = [self._get_smoothness_reg(guess) for guess in guesses]
  File "/home/ryedida/bbo_challenge_starter_kit/example_submissions/smoothness/optimizer.py", line 105, in <listcomp>
    betas = [self._get_smoothness_reg(guess) for guess in guesses]
  File "/home/ryedida/bbo_challenge_starter_kit/example_submissions/smoothness/optimizer.py", line 48, in _get_smoothness_reg
    if activ > Kz:
NameError: name 'activ' is not defined
suggestion time taken 0.325675 iter 3 next_points [{'alpha': 0.0011081493956047383, 'batch_size': 10, 'beta_1': 0.8474976095442519, 'beta_2': 0.9567128746661783, 'epsilon': 2.5413141060989373e-09, 'hidden_layer_sizes': 112, 'learning_rate_init': 0.0002500652844225964, 'tol': 0.07138309626717032, 'validation_fraction': 0.7878361978774564}]
function_evaluation time 0.118614 value 151.359661 suggestion {'alpha': 0.0011081493956047383, 'batch_size': 10, 'beta_1': 0.8474976095442519, 'beta_2': 0.9567128746661783, 'epsilon': 2.5413141060989373e-09, 'hidden_layer_sizes': 112, 'learning_rate_init': 0.0002500652844225964, 'tol': 0.07138309626717032, 'validation_fraction': 0.7878361978774564}
observation time 0.000006, current best 55.303802 at iter 3
Failure in optimizer suggest. Falling back to random search.
name 'activ' is not defined
Traceback (most recent call last):
  File "/home/ryedida/.local/lib/python3.9/site-packages/bayesmark/experiment.py", line 126, in run_study
    next_points = optimizer.suggest(n_suggestions)
  File "/home/ryedida/bbo_challenge_starter_kit/example_submissions/smoothness/optimizer.py", line 105, in suggest
    betas = [self._get_smoothness_reg(guess) for guess in guesses]
  File "/home/ryedida/bbo_challenge_starter_kit/example_submissions/smoothness/optimizer.py", line 105, in <listcomp>
    betas = [self._get_smoothness_reg(guess) for guess in guesses]
  File "/home/ryedida/bbo_challenge_starter_kit/example_submissions/smoothness/optimizer.py", line 48, in _get_smoothness_reg
    if activ > Kz:
NameError: name 'activ' is not defined
suggestion time taken 0.329309 iter 4 next_points [{'alpha': 0.0004992362587174068, 'batch_size': 52, 'beta_1': 0.9640090858868555, 'beta_2': 0.9668628637844762, 'epsilon': 3.2885404566973867e-07, 'hidden_layer_sizes': 78, 'learning_rate_init': 1.8344343158672596e-05, 'tol': 7.734144136357967e-05, 'validation_fraction': 0.8096176895936799}]
function_evaluation time 0.058861 value 151.619185 suggestion {'alpha': 0.0004992362587174068, 'batch_size': 52, 'beta_1': 0.9640090858868555, 'beta_2': 0.9668628637844762, 'epsilon': 3.2885404566973867e-07, 'hidden_layer_sizes': 78, 'learning_rate_init': 1.8344343158672596e-05, 'tol': 7.734144136357967e-05, 'validation_fraction': 0.8096176895936799}
observation time 0.000006, current best 55.303802 at iter 4
Failure in optimizer suggest. Falling back to random search.
name 'activ' is not defined
Traceback (most recent call last):
  File "/home/ryedida/.local/lib/python3.9/site-packages/bayesmark/experiment.py", line 126, in run_study
    next_points = optimizer.suggest(n_suggestions)
  File "/home/ryedida/bbo_challenge_starter_kit/example_submissions/smoothness/optimizer.py", line 105, in suggest
    betas = [self._get_smoothness_reg(guess) for guess in guesses]
  File "/home/ryedida/bbo_challenge_starter_kit/example_submissions/smoothness/optimizer.py", line 105, in <listcomp>
    betas = [self._get_smoothness_reg(guess) for guess in guesses]
  File "/home/ryedida/bbo_challenge_starter_kit/example_submissions/smoothness/optimizer.py", line 48, in _get_smoothness_reg
    if activ > Kz:
NameError: name 'activ' is not defined
suggestion time taken 0.329045 iter 5 next_points [{'alpha': 0.4781019332476117, 'batch_size': 118, 'beta_1': 0.9399005143260466, 'beta_2': 0.9939853442461618, 'epsilon': 7.482138503516224e-09, 'hidden_layer_sizes': 77, 'learning_rate_init': 2.8475494300059706e-05, 'tol': 0.00018748640337060493, 'validation_fraction': 0.8039356994596962}]
/home/ryedida/.local/lib/python3.9/site-packages/sklearn/neural_network/_multilayer_perceptron.py:605: UserWarning: Got `batch_size` less than 1 or larger than sample size. It is going to be clipped
  warnings.warn(

function_evaluation time 0.046500 value 151.707514 suggestion {'alpha': 0.4781019332476117, 'batch_size': 118, 'beta_1': 0.9399005143260466, 'beta_2': 0.9939853442461618, 'epsilon': 7.482138503516224e-09, 'hidden_layer_sizes': 77, 'learning_rate_init': 2.8475494300059706e-05, 'tol': 0.00018748640337060493, 'validation_fraction': 0.8039356994596962}
observation time 0.000006, current best 55.303802 at iter 5
Failure in optimizer suggest. Falling back to random search.
name 'activ' is not defined
Traceback (most recent call last):
  File "/home/ryedida/.local/lib/python3.9/site-packages/bayesmark/experiment.py", line 126, in run_study
    next_points = optimizer.suggest(n_suggestions)
  File "/home/ryedida/bbo_challenge_starter_kit/example_submissions/smoothness/optimizer.py", line 105, in suggest
    betas = [self._get_smoothness_reg(guess) for guess in guesses]
  File "/home/ryedida/bbo_challenge_starter_kit/example_submissions/smoothness/optimizer.py", line 105, in <listcomp>
    betas = [self._get_smoothness_reg(guess) for guess in guesses]
  File "/home/ryedida/bbo_challenge_starter_kit/example_submissions/smoothness/optimizer.py", line 48, in _get_smoothness_reg
    if activ > Kz:
NameError: name 'activ' is not defined
suggestion time taken 0.326345 iter 6 next_points [{'alpha': 0.0018316775178017438, 'batch_size': 57, 'beta_1': 0.9847306263133934, 'beta_2': 0.9897001420696889, 'epsilon': 3.5550699157408344e-07, 'hidden_layer_sizes': 149, 'learning_rate_init': 1.593064771338108e-05, 'tol': 0.00028486850918638687, 'validation_fraction': 0.8079364539035411}]
function_evaluation time 0.056159 value 151.484574 suggestion {'alpha': 0.0018316775178017438, 'batch_size': 57, 'beta_1': 0.9847306263133934, 'beta_2': 0.9897001420696889, 'epsilon': 3.5550699157408344e-07, 'hidden_layer_sizes': 149, 'learning_rate_init': 1.593064771338108e-05, 'tol': 0.00028486850918638687, 'validation_fraction': 0.8079364539035411}
observation time 0.000003, current best 55.303802 at iter 6
Failure in optimizer suggest. Falling back to random search.
name 'activ' is not defined
Traceback (most recent call last):
  File "/home/ryedida/.local/lib/python3.9/site-packages/bayesmark/experiment.py", line 126, in run_study
    next_points = optimizer.suggest(n_suggestions)
  File "/home/ryedida/bbo_challenge_starter_kit/example_submissions/smoothness/optimizer.py", line 105, in suggest
    betas = [self._get_smoothness_reg(guess) for guess in guesses]
  File "/home/ryedida/bbo_challenge_starter_kit/example_submissions/smoothness/optimizer.py", line 105, in <listcomp>
    betas = [self._get_smoothness_reg(guess) for guess in guesses]
  File "/home/ryedida/bbo_challenge_starter_kit/example_submissions/smoothness/optimizer.py", line 48, in _get_smoothness_reg
    if activ > Kz:
NameError: name 'activ' is not defined
suggestion time taken 0.478176 iter 7 next_points [{'alpha': 0.11479042927739885, 'batch_size': 149, 'beta_1': 0.9578066078635736, 'beta_2': 0.9999349982439539, 'epsilon': 2.6386203869297355e-08, 'hidden_layer_sizes': 105, 'learning_rate_init': 0.08695964768337192, 'tol': 0.07535514362383747, 'validation_fraction': 0.5786039730975329}]
/home/ryedida/.local/lib/python3.9/site-packages/sklearn/neural_network/_multilayer_perceptron.py:605: UserWarning: Got `batch_size` less than 1 or larger than sample size. It is going to be clipped
  warnings.warn(

function_evaluation time 0.130094 value 55.071143 suggestion {'alpha': 0.11479042927739885, 'batch_size': 149, 'beta_1': 0.9578066078635736, 'beta_2': 0.9999349982439539, 'epsilon': 2.6386203869297355e-08, 'hidden_layer_sizes': 105, 'learning_rate_init': 0.08695964768337192, 'tol': 0.07535514362383747, 'validation_fraction': 0.5786039730975329}
observation time 0.000005, current best 55.071143 at iter 7
Failure in optimizer suggest. Falling back to random search.
name 'activ' is not defined
Traceback (most recent call last):
  File "/home/ryedida/.local/lib/python3.9/site-packages/bayesmark/experiment.py", line 126, in run_study
    next_points = optimizer.suggest(n_suggestions)
  File "/home/ryedida/bbo_challenge_starter_kit/example_submissions/smoothness/optimizer.py", line 105, in suggest
    betas = [self._get_smoothness_reg(guess) for guess in guesses]
  File "/home/ryedida/bbo_challenge_starter_kit/example_submissions/smoothness/optimizer.py", line 105, in <listcomp>
    betas = [self._get_smoothness_reg(guess) for guess in guesses]
  File "/home/ryedida/bbo_challenge_starter_kit/example_submissions/smoothness/optimizer.py", line 48, in _get_smoothness_reg
    if activ > Kz:
NameError: name 'activ' is not defined
suggestion time taken 0.340678 iter 8 next_points [{'alpha': 2.5309957874776656, 'batch_size': 100, 'beta_1': 0.7845060579979738, 'beta_2': 0.9828250595032112, 'epsilon': 3.061942897473793e-07, 'hidden_layer_sizes': 68, 'learning_rate_init': 0.00020656920640961345, 'tol': 2.4029507759933918e-05, 'validation_fraction': 0.18402769208164718}]
/home/ryedida/.local/lib/python3.9/site-packages/sklearn/neural_network/_multilayer_perceptron.py:686: ConvergenceWarning: Stochastic Optimizer: Maximum iterations (200) reached and the optimization hasn't converged yet.
  warnings.warn(

function_evaluation time 0.756739 value 150.229176 suggestion {'alpha': 2.5309957874776656, 'batch_size': 100, 'beta_1': 0.7845060579979738, 'beta_2': 0.9828250595032112, 'epsilon': 3.061942897473793e-07, 'hidden_layer_sizes': 68, 'learning_rate_init': 0.00020656920640961345, 'tol': 2.4029507759933918e-05, 'validation_fraction': 0.18402769208164718}
observation time 0.000006, current best 55.071143 at iter 8
Failure in optimizer suggest. Falling back to random search.
name 'activ' is not defined
Traceback (most recent call last):
  File "/home/ryedida/.local/lib/python3.9/site-packages/bayesmark/experiment.py", line 126, in run_study
    next_points = optimizer.suggest(n_suggestions)
  File "/home/ryedida/bbo_challenge_starter_kit/example_submissions/smoothness/optimizer.py", line 105, in suggest
    betas = [self._get_smoothness_reg(guess) for guess in guesses]
  File "/home/ryedida/bbo_challenge_starter_kit/example_submissions/smoothness/optimizer.py", line 105, in <listcomp>
    betas = [self._get_smoothness_reg(guess) for guess in guesses]
  File "/home/ryedida/bbo_challenge_starter_kit/example_submissions/smoothness/optimizer.py", line 48, in _get_smoothness_reg
    if activ > Kz:
NameError: name 'activ' is not defined
suggestion time taken 0.323743 iter 9 next_points [{'alpha': 3.5957423640303756, 'batch_size': 106, 'beta_1': 0.9786720716520761, 'beta_2': 0.9999410189130336, 'epsilon': 8.383957119658067e-08, 'hidden_layer_sizes': 173, 'learning_rate_init': 0.015904024354547797, 'tol': 0.0010113182354836024, 'validation_fraction': 0.293271129041105}]
function_evaluation time 0.366066 value 55.308120 suggestion {'alpha': 3.5957423640303756, 'batch_size': 106, 'beta_1': 0.9786720716520761, 'beta_2': 0.9999410189130336, 'epsilon': 8.383957119658067e-08, 'hidden_layer_sizes': 173, 'learning_rate_init': 0.015904024354547797, 'tol': 0.0010113182354836024, 'validation_fraction': 0.293271129041105}
observation time 0.000006, current best 55.071143 at iter 9
Failure in optimizer suggest. Falling back to random search.
name 'activ' is not defined
Traceback (most recent call last):
  File "/home/ryedida/.local/lib/python3.9/site-packages/bayesmark/experiment.py", line 126, in run_study
    next_points = optimizer.suggest(n_suggestions)
  File "/home/ryedida/bbo_challenge_starter_kit/example_submissions/smoothness/optimizer.py", line 105, in suggest
    betas = [self._get_smoothness_reg(guess) for guess in guesses]
  File "/home/ryedida/bbo_challenge_starter_kit/example_submissions/smoothness/optimizer.py", line 105, in <listcomp>
    betas = [self._get_smoothness_reg(guess) for guess in guesses]
  File "/home/ryedida/bbo_challenge_starter_kit/example_submissions/smoothness/optimizer.py", line 48, in _get_smoothness_reg
    if activ > Kz:
NameError: name 'activ' is not defined
suggestion time taken 0.319896 iter 10 next_points [{'alpha': 1.0787347479354e-05, 'batch_size': 214, 'beta_1': 0.9467617877023377, 'beta_2': 0.9772386214835465, 'epsilon': 5.590253906500832e-08, 'hidden_layer_sizes': 87, 'learning_rate_init': 0.0020280136161235263, 'tol': 1.7336895605010308e-05, 'validation_fraction': 0.8490620532862279}]
/home/ryedida/.local/lib/python3.9/site-packages/sklearn/neural_network/_multilayer_perceptron.py:605: UserWarning: Got `batch_size` less than 1 or larger than sample size. It is going to be clipped
  warnings.warn(

/home/ryedida/.local/lib/python3.9/site-packages/sklearn/neural_network/_multilayer_perceptron.py:686: ConvergenceWarning: Stochastic Optimizer: Maximum iterations (200) reached and the optimization hasn't converged yet.
  warnings.warn(

function_evaluation time 0.612258 value 142.407031 suggestion {'alpha': 1.0787347479354e-05, 'batch_size': 214, 'beta_1': 0.9467617877023377, 'beta_2': 0.9772386214835465, 'epsilon': 5.590253906500832e-08, 'hidden_layer_sizes': 87, 'learning_rate_init': 0.0020280136161235263, 'tol': 1.7336895605010308e-05, 'validation_fraction': 0.8490620532862279}
observation time 0.000006, current best 55.071143 at iter 10
Failure in optimizer suggest. Falling back to random search.
name 'activ' is not defined
Traceback (most recent call last):
  File "/home/ryedida/.local/lib/python3.9/site-packages/bayesmark/experiment.py", line 126, in run_study
    next_points = optimizer.suggest(n_suggestions)
  File "/home/ryedida/bbo_challenge_starter_kit/example_submissions/smoothness/optimizer.py", line 105, in suggest
    betas = [self._get_smoothness_reg(guess) for guess in guesses]
  File "/home/ryedida/bbo_challenge_starter_kit/example_submissions/smoothness/optimizer.py", line 105, in <listcomp>
    betas = [self._get_smoothness_reg(guess) for guess in guesses]
  File "/home/ryedida/bbo_challenge_starter_kit/example_submissions/smoothness/optimizer.py", line 48, in _get_smoothness_reg
    if activ > Kz:
NameError: name 'activ' is not defined
suggestion time taken 0.313509 iter 11 next_points [{'alpha': 7.728361623114758, 'batch_size': 73, 'beta_1': 0.9787543062948322, 'beta_2': 0.9997584531962684, 'epsilon': 2.1219541417924635e-09, 'hidden_layer_sizes': 189, 'learning_rate_init': 0.0037997221314051612, 'tol': 0.00020537342727488503, 'validation_fraction': 0.6074062677701384}]
/home/ryedida/.local/lib/python3.9/site-packages/sklearn/neural_network/_multilayer_perceptron.py:686: ConvergenceWarning: Stochastic Optimizer: Maximum iterations (200) reached and the optimization hasn't converged yet.
  warnings.warn(

function_evaluation time 1.120207 value 52.921756 suggestion {'alpha': 7.728361623114758, 'batch_size': 73, 'beta_1': 0.9787543062948322, 'beta_2': 0.9997584531962684, 'epsilon': 2.1219541417924635e-09, 'hidden_layer_sizes': 189, 'learning_rate_init': 0.0037997221314051612, 'tol': 0.00020537342727488503, 'validation_fraction': 0.6074062677701384}
observation time 0.000006, current best 52.921756 at iter 11
Failure in optimizer suggest. Falling back to random search.
name 'activ' is not defined
Traceback (most recent call last):
  File "/home/ryedida/.local/lib/python3.9/site-packages/bayesmark/experiment.py", line 126, in run_study
    next_points = optimizer.suggest(n_suggestions)
  File "/home/ryedida/bbo_challenge_starter_kit/example_submissions/smoothness/optimizer.py", line 105, in suggest
    betas = [self._get_smoothness_reg(guess) for guess in guesses]
  File "/home/ryedida/bbo_challenge_starter_kit/example_submissions/smoothness/optimizer.py", line 105, in <listcomp>
    betas = [self._get_smoothness_reg(guess) for guess in guesses]
  File "/home/ryedida/bbo_challenge_starter_kit/example_submissions/smoothness/optimizer.py", line 48, in _get_smoothness_reg
    if activ > Kz:
NameError: name 'activ' is not defined
suggestion time taken 0.318806 iter 12 next_points [{'alpha': 0.25715326623988727, 'batch_size': 12, 'beta_1': 0.9698915095340807, 'beta_2': 0.992550142979119, 'epsilon': 5.013096348335511e-09, 'hidden_layer_sizes': 194, 'learning_rate_init': 0.0738264574818445, 'tol': 0.0001391983046245301, 'validation_fraction': 0.29002349902467905}]
function_evaluation time 0.701735 value 44.207868 suggestion {'alpha': 0.25715326623988727, 'batch_size': 12, 'beta_1': 0.9698915095340807, 'beta_2': 0.992550142979119, 'epsilon': 5.013096348335511e-09, 'hidden_layer_sizes': 194, 'learning_rate_init': 0.0738264574818445, 'tol': 0.0001391983046245301, 'validation_fraction': 0.29002349902467905}
observation time 0.000004, current best 44.207868 at iter 12
Failure in optimizer suggest. Falling back to random search.
name 'activ' is not defined
Traceback (most recent call last):
  File "/home/ryedida/.local/lib/python3.9/site-packages/bayesmark/experiment.py", line 126, in run_study
    next_points = optimizer.suggest(n_suggestions)
  File "/home/ryedida/bbo_challenge_starter_kit/example_submissions/smoothness/optimizer.py", line 105, in suggest
    betas = [self._get_smoothness_reg(guess) for guess in guesses]
  File "/home/ryedida/bbo_challenge_starter_kit/example_submissions/smoothness/optimizer.py", line 105, in <listcomp>
    betas = [self._get_smoothness_reg(guess) for guess in guesses]
  File "/home/ryedida/bbo_challenge_starter_kit/example_submissions/smoothness/optimizer.py", line 48, in _get_smoothness_reg
    if activ > Kz:
NameError: name 'activ' is not defined
suggestion time taken 0.326659 iter 13 next_points [{'alpha': 4.322733422829243, 'batch_size': 228, 'beta_1': 0.8715882820379449, 'beta_2': 0.99944162040949, 'epsilon': 1.933651235444111e-09, 'hidden_layer_sizes': 152, 'learning_rate_init': 0.0005102486284187231, 'tol': 0.006868114161963857, 'validation_fraction': 0.2570338167458192}]
function_evaluation time 0.074897 value 151.431210 suggestion {'alpha': 4.322733422829243, 'batch_size': 228, 'beta_1': 0.8715882820379449, 'beta_2': 0.99944162040949, 'epsilon': 1.933651235444111e-09, 'hidden_layer_sizes': 152, 'learning_rate_init': 0.0005102486284187231, 'tol': 0.006868114161963857, 'validation_fraction': 0.2570338167458192}
observation time 0.000007, current best 44.207868 at iter 13
Failure in optimizer suggest. Falling back to random search.
name 'activ' is not defined
Traceback (most recent call last):
  File "/home/ryedida/.local/lib/python3.9/site-packages/bayesmark/experiment.py", line 126, in run_study
    next_points = optimizer.suggest(n_suggestions)
  File "/home/ryedida/bbo_challenge_starter_kit/example_submissions/smoothness/optimizer.py", line 105, in suggest
    betas = [self._get_smoothness_reg(guess) for guess in guesses]
  File "/home/ryedida/bbo_challenge_starter_kit/example_submissions/smoothness/optimizer.py", line 105, in <listcomp>
    betas = [self._get_smoothness_reg(guess) for guess in guesses]
  File "/home/ryedida/bbo_challenge_starter_kit/example_submissions/smoothness/optimizer.py", line 48, in _get_smoothness_reg
    if activ > Kz:
NameError: name 'activ' is not defined
suggestion time taken 0.319806 iter 14 next_points [{'alpha': 0.00017988857738649293, 'batch_size': 208, 'beta_1': 0.7274953699056116, 'beta_2': 0.999996664491054, 'epsilon': 1.7678409297908744e-07, 'hidden_layer_sizes': 101, 'learning_rate_init': 2.5696976550207428e-05, 'tol': 0.0002952530495210013, 'validation_fraction': 0.32758657639531746}]
function_evaluation time 0.062071 value 151.487080 suggestion {'alpha': 0.00017988857738649293, 'batch_size': 208, 'beta_1': 0.7274953699056116, 'beta_2': 0.999996664491054, 'epsilon': 1.7678409297908744e-07, 'hidden_layer_sizes': 101, 'learning_rate_init': 2.5696976550207428e-05, 'tol': 0.0002952530495210013, 'validation_fraction': 0.32758657639531746}
observation time 0.000006, current best 44.207868 at iter 14
saving meta data: {'args': {'--uuid': '12ab4f0b74655a2aad8c0d3e19d1a5bc', '-db-root': '/home/ryedida/bbo_challenge_starter_kit/output', '--opt-root': '/home/ryedida/bbo_challenge_starter_kit/example_submissions', '--data-root': None, '--db': 'run_20230425_034200', '--opt': 'smoothness', '--data': 'diabetes', '--classifier': 'MLP-adam', '--metric': 'mae', '--calls': 15, '--suggestions': 1, '--jobs-file': None, '--verbose': False, 'dry_run': False, 'rev': 'a376313', 'opt_rev': 'x.x.x'}, 'signature': ([{'alpha': 0.019628224813442792, 'batch_size': 182, 'beta_1': 0.9410202200271762, 'beta_2': 0.9998021557676793, 'epsilon': 1.8662266976518e-08, 'hidden_layer_sizes': 147, 'learning_rate_init': 0.0005627932047415167, 'tol': 0.03690557729213761, 'validation_fraction': 0.8846827852548593}, {'alpha': 0.0019982467392329444, 'batch_size': 200, 'beta_1': 0.919111482530466, 'beta_2': 0.9998488260436156, 'epsilon': 5.981221901152555e-07, 'hidden_layer_sizes': 61, 'learning_rate_init': 2.2310905607443014e-05, 'tol': 1.2046852412030316e-05, 'validation_fraction': 0.8117896445826539}, {'alpha': 0.46659545670218433, 'batch_size': 219, 'beta_1': 0.9889789783750891, 'beta_2': 0.9999896868093284, 'epsilon': 2.4234724484675948e-08, 'hidden_layer_sizes': 167, 'learning_rate_init': 2.972334644335654e-05, 'tol': 0.0036281404040243792, 'validation_fraction': 0.17260651658522078}, {'alpha': 4.656005689076002, 'batch_size': 135, 'beta_1': 0.870503881627747, 'beta_2': 0.9948873266941017, 'epsilon': 2.1023308743480125e-07, 'hidden_layer_sizes': 118, 'learning_rate_init': 0.0018781738757161913, 'tol': 1.1889379831773004e-05, 'validation_fraction': 0.6264327093752792}, {'alpha': 0.04705159350400542, 'batch_size': 158, 'beta_1': 0.9870884262730957, 'beta_2': 0.9999596874382349, 'epsilon': 1.1981845126013875e-08, 'hidden_layer_sizes': 116, 'learning_rate_init': 0.00617340520407431, 'tol': 1.741413418158619e-05, 'validation_fraction': 0.6754299026638921}], [151.4971925380264, 151.42763539278994, 151.47026299046811, 136.86202504264318, 75.2055865763391])}
saving results
saving timing
saving suggest log
done
