running: {'--uuid': '1e6fbac40c4f54bea96a0f0c9b370019', '-db-root': '/home/ryedida/bbo_challenge_starter_kit/output', '--opt-root': '/home/ryedida/bbo_challenge_starter_kit/example_submissions', '--data-root': None, '--db': 'run_20230425_034200', '--opt': 'smoothness', '--data': 'diabetes', '--classifier': 'MLP-adam', '--metric': 'mse', '--calls': 15, '--suggestions': 1, '--jobs-file': None, '--verbose': False, 'dry_run': False, 'rev': 'a376313', 'opt_rev': 'x.x.x'}
cmd: python smoothness/optimizer.py -c MLP-adam -d diabetes -o smoothness -u 1e6fbac40c4f54bea96a0f0c9b370019 -m mse -n 15 -p 1 -dir /home/ryedida/bbo_challenge_starter_kit/output -b run_20230425_034200
/home/ryedida/.local/lib/python3.9/site-packages/sklearn/neural_network/_multilayer_perceptron.py:605: UserWarning: Got `batch_size` less than 1 or larger than sample size. It is going to be clipped
  warnings.warn(

/home/ryedida/.local/lib/python3.9/site-packages/sklearn/neural_network/_multilayer_perceptron.py:605: UserWarning: Got `batch_size` less than 1 or larger than sample size. It is going to be clipped
  warnings.warn(

/home/ryedida/.local/lib/python3.9/site-packages/sklearn/neural_network/_multilayer_perceptron.py:605: UserWarning: Got `batch_size` less than 1 or larger than sample size. It is going to be clipped
  warnings.warn(

/home/ryedida/.local/lib/python3.9/site-packages/sklearn/neural_network/_multilayer_perceptron.py:686: ConvergenceWarning: Stochastic Optimizer: Maximum iterations (200) reached and the optimization hasn't converged yet.
  warnings.warn(

/home/ryedida/.local/lib/python3.9/site-packages/sklearn/neural_network/_multilayer_perceptron.py:605: UserWarning: Got `batch_size` less than 1 or larger than sample size. It is going to be clipped
  warnings.warn(

/home/ryedida/.local/lib/python3.9/site-packages/sklearn/neural_network/_multilayer_perceptron.py:686: ConvergenceWarning: Stochastic Optimizer: Maximum iterations (200) reached and the optimization hasn't converged yet.
  warnings.warn(

computed signature: ([{'alpha': 0.019628224813442792, 'batch_size': 182, 'beta_1': 0.9410202200271762, 'beta_2': 0.9998021557676793, 'epsilon': 1.8662266976518e-08, 'hidden_layer_sizes': 147, 'learning_rate_init': 0.0005627932047415167, 'tol': 0.03690557729213761, 'validation_fraction': 0.8846827852548593}, {'alpha': 0.0019982467392329444, 'batch_size': 200, 'beta_1': 0.919111482530466, 'beta_2': 0.9998488260436156, 'epsilon': 5.981221901152555e-07, 'hidden_layer_sizes': 61, 'learning_rate_init': 2.2310905607443014e-05, 'tol': 1.2046852412030316e-05, 'validation_fraction': 0.8117896445826539}, {'alpha': 0.46659545670218433, 'batch_size': 219, 'beta_1': 0.9889789783750891, 'beta_2': 0.9999896868093284, 'epsilon': 2.4234724484675948e-08, 'hidden_layer_sizes': 167, 'learning_rate_init': 2.972334644335654e-05, 'tol': 0.0036281404040243792, 'validation_fraction': 0.17260651658522078}, {'alpha': 4.656005689076002, 'batch_size': 135, 'beta_1': 0.870503881627747, 'beta_2': 0.9948873266941017, 'epsilon': 2.1023308743480125e-07, 'hidden_layer_sizes': 118, 'learning_rate_init': 0.0018781738757161913, 'tol': 1.1889379831773004e-05, 'validation_fraction': 0.6264327093752792}, {'alpha': 0.04705159350400542, 'batch_size': 158, 'beta_1': 0.9870884262730957, 'beta_2': 0.9999596874382349, 'epsilon': 1.1981845126013875e-08, 'hidden_layer_sizes': 116, 'learning_rate_init': 0.00617340520407431, 'tol': 1.741413418158619e-05, 'validation_fraction': 0.6754299026638921}], [29083.993548572587, 29062.423277324073, 29075.78987471409, 24626.32866834337, 9584.226858493177])
Signature errors:
                              0         1         2         3         4       max
MLP-adam_diabetes_mse  0.000007  0.000008  0.000003  0.003558  0.004952  0.004952
max                    0.000007  0.000008  0.000003  0.003558  0.004952  0.004952
starting sklearn study smoothness MLP-adam diabetes mse 15 1
with data root: None
Failure in optimizer suggest. Falling back to random search.
name 'activ' is not defined
Traceback (most recent call last):
  File "/home/ryedida/.local/lib/python3.9/site-packages/bayesmark/experiment.py", line 126, in run_study
    next_points = optimizer.suggest(n_suggestions)
  File "/home/ryedida/bbo_challenge_starter_kit/example_submissions/smoothness/optimizer.py", line 105, in suggest
    betas = [self._get_smoothness_reg(guess) for guess in guesses]
  File "/home/ryedida/bbo_challenge_starter_kit/example_submissions/smoothness/optimizer.py", line 105, in <listcomp>
    betas = [self._get_smoothness_reg(guess) for guess in guesses]
  File "/home/ryedida/bbo_challenge_starter_kit/example_submissions/smoothness/optimizer.py", line 48, in _get_smoothness_reg
    if activ > Kz:
NameError: name 'activ' is not defined
suggestion time taken 0.493104 iter 0 next_points [{'alpha': 5.119709394494295e-05, 'batch_size': 202, 'beta_1': 0.7808901019597093, 'beta_2': 0.9999942701480163, 'epsilon': 9.854686080580117e-09, 'hidden_layer_sizes': 176, 'learning_rate_init': 0.0031949908578481497, 'tol': 0.000530298906117273, 'validation_fraction': 0.2118500290131368}]
/home/ryedida/.local/lib/python3.9/site-packages/sklearn/neural_network/_multilayer_perceptron.py:686: ConvergenceWarning: Stochastic Optimizer: Maximum iterations (200) reached and the optimization hasn't converged yet.
  warnings.warn(

function_evaluation time 1.315641 value 3857.236544 suggestion {'alpha': 5.119709394494295e-05, 'batch_size': 202, 'beta_1': 0.7808901019597093, 'beta_2': 0.9999942701480163, 'epsilon': 9.854686080580117e-09, 'hidden_layer_sizes': 176, 'learning_rate_init': 0.0031949908578481497, 'tol': 0.000530298906117273, 'validation_fraction': 0.2118500290131368}
observation time 0.000006, current best 3857.236544 at iter 0
Failure in optimizer suggest. Falling back to random search.
name 'activ' is not defined
Traceback (most recent call last):
  File "/home/ryedida/.local/lib/python3.9/site-packages/bayesmark/experiment.py", line 126, in run_study
    next_points = optimizer.suggest(n_suggestions)
  File "/home/ryedida/bbo_challenge_starter_kit/example_submissions/smoothness/optimizer.py", line 105, in suggest
    betas = [self._get_smoothness_reg(guess) for guess in guesses]
  File "/home/ryedida/bbo_challenge_starter_kit/example_submissions/smoothness/optimizer.py", line 105, in <listcomp>
    betas = [self._get_smoothness_reg(guess) for guess in guesses]
  File "/home/ryedida/bbo_challenge_starter_kit/example_submissions/smoothness/optimizer.py", line 48, in _get_smoothness_reg
    if activ > Kz:
NameError: name 'activ' is not defined
suggestion time taken 0.335406 iter 1 next_points [{'alpha': 0.01685957659906234, 'batch_size': 201, 'beta_1': 0.914549511910834, 'beta_2': 0.9999916549002584, 'epsilon': 4.371633516278984e-09, 'hidden_layer_sizes': 157, 'learning_rate_init': 6.878888556185435e-05, 'tol': 0.00046242031134105706, 'validation_fraction': 0.1797655274722819}]
function_evaluation time 0.088230 value 29089.229518 suggestion {'alpha': 0.01685957659906234, 'batch_size': 201, 'beta_1': 0.914549511910834, 'beta_2': 0.9999916549002584, 'epsilon': 4.371633516278984e-09, 'hidden_layer_sizes': 157, 'learning_rate_init': 6.878888556185435e-05, 'tol': 0.00046242031134105706, 'validation_fraction': 0.1797655274722819}
observation time 0.000005, current best 3857.236544 at iter 1
Failure in optimizer suggest. Falling back to random search.
name 'activ' is not defined
Traceback (most recent call last):
  File "/home/ryedida/.local/lib/python3.9/site-packages/bayesmark/experiment.py", line 126, in run_study
    next_points = optimizer.suggest(n_suggestions)
  File "/home/ryedida/bbo_challenge_starter_kit/example_submissions/smoothness/optimizer.py", line 105, in suggest
    betas = [self._get_smoothness_reg(guess) for guess in guesses]
  File "/home/ryedida/bbo_challenge_starter_kit/example_submissions/smoothness/optimizer.py", line 105, in <listcomp>
    betas = [self._get_smoothness_reg(guess) for guess in guesses]
  File "/home/ryedida/bbo_challenge_starter_kit/example_submissions/smoothness/optimizer.py", line 48, in _get_smoothness_reg
    if activ > Kz:
NameError: name 'activ' is not defined
suggestion time taken 0.327847 iter 2 next_points [{'alpha': 0.17305337386604128, 'batch_size': 158, 'beta_1': 0.8748755608969758, 'beta_2': 0.9995362660318641, 'epsilon': 2.4116958047962225e-09, 'hidden_layer_sizes': 114, 'learning_rate_init': 2.337746328231984e-05, 'tol': 0.002222480390579464, 'validation_fraction': 0.17884514425863302}]
function_evaluation time 0.075489 value 29136.602532 suggestion {'alpha': 0.17305337386604128, 'batch_size': 158, 'beta_1': 0.8748755608969758, 'beta_2': 0.9995362660318641, 'epsilon': 2.4116958047962225e-09, 'hidden_layer_sizes': 114, 'learning_rate_init': 2.337746328231984e-05, 'tol': 0.002222480390579464, 'validation_fraction': 0.17884514425863302}
observation time 0.000004, current best 3857.236544 at iter 2
Failure in optimizer suggest. Falling back to random search.
name 'activ' is not defined
Traceback (most recent call last):
  File "/home/ryedida/.local/lib/python3.9/site-packages/bayesmark/experiment.py", line 126, in run_study
    next_points = optimizer.suggest(n_suggestions)
  File "/home/ryedida/bbo_challenge_starter_kit/example_submissions/smoothness/optimizer.py", line 105, in suggest
    betas = [self._get_smoothness_reg(guess) for guess in guesses]
  File "/home/ryedida/bbo_challenge_starter_kit/example_submissions/smoothness/optimizer.py", line 105, in <listcomp>
    betas = [self._get_smoothness_reg(guess) for guess in guesses]
  File "/home/ryedida/bbo_challenge_starter_kit/example_submissions/smoothness/optimizer.py", line 48, in _get_smoothness_reg
    if activ > Kz:
NameError: name 'activ' is not defined
suggestion time taken 0.325618 iter 3 next_points [{'alpha': 0.0542364486117507, 'batch_size': 168, 'beta_1': 0.7355347879641919, 'beta_2': 0.9991754843707037, 'epsilon': 9.25141162162197e-08, 'hidden_layer_sizes': 115, 'learning_rate_init': 0.012211315201509804, 'tol': 0.06119943321590296, 'validation_fraction': 0.35644024403956115}]
function_evaluation time 0.252381 value 9075.988795 suggestion {'alpha': 0.0542364486117507, 'batch_size': 168, 'beta_1': 0.7355347879641919, 'beta_2': 0.9991754843707037, 'epsilon': 9.25141162162197e-08, 'hidden_layer_sizes': 115, 'learning_rate_init': 0.012211315201509804, 'tol': 0.06119943321590296, 'validation_fraction': 0.35644024403956115}
observation time 0.000005, current best 3857.236544 at iter 3
Failure in optimizer suggest. Falling back to random search.
name 'activ' is not defined
Traceback (most recent call last):
  File "/home/ryedida/.local/lib/python3.9/site-packages/bayesmark/experiment.py", line 126, in run_study
    next_points = optimizer.suggest(n_suggestions)
  File "/home/ryedida/bbo_challenge_starter_kit/example_submissions/smoothness/optimizer.py", line 105, in suggest
    betas = [self._get_smoothness_reg(guess) for guess in guesses]
  File "/home/ryedida/bbo_challenge_starter_kit/example_submissions/smoothness/optimizer.py", line 105, in <listcomp>
    betas = [self._get_smoothness_reg(guess) for guess in guesses]
  File "/home/ryedida/bbo_challenge_starter_kit/example_submissions/smoothness/optimizer.py", line 48, in _get_smoothness_reg
    if activ > Kz:
NameError: name 'activ' is not defined
suggestion time taken 0.335200 iter 4 next_points [{'alpha': 0.7368166480835241, 'batch_size': 76, 'beta_1': 0.9432985245582155, 'beta_2': 0.9986245982152998, 'epsilon': 9.466646350811654e-07, 'hidden_layer_sizes': 190, 'learning_rate_init': 2.529262128516908e-05, 'tol': 0.0483022853406009, 'validation_fraction': 0.7484016224078478}]
function_evaluation time 0.062980 value 29133.711368 suggestion {'alpha': 0.7368166480835241, 'batch_size': 76, 'beta_1': 0.9432985245582155, 'beta_2': 0.9986245982152998, 'epsilon': 9.466646350811654e-07, 'hidden_layer_sizes': 190, 'learning_rate_init': 2.529262128516908e-05, 'tol': 0.0483022853406009, 'validation_fraction': 0.7484016224078478}
observation time 0.000005, current best 3857.236544 at iter 4
Failure in optimizer suggest. Falling back to random search.
name 'activ' is not defined
Traceback (most recent call last):
  File "/home/ryedida/.local/lib/python3.9/site-packages/bayesmark/experiment.py", line 126, in run_study
    next_points = optimizer.suggest(n_suggestions)
  File "/home/ryedida/bbo_challenge_starter_kit/example_submissions/smoothness/optimizer.py", line 105, in suggest
    betas = [self._get_smoothness_reg(guess) for guess in guesses]
  File "/home/ryedida/bbo_challenge_starter_kit/example_submissions/smoothness/optimizer.py", line 105, in <listcomp>
    betas = [self._get_smoothness_reg(guess) for guess in guesses]
  File "/home/ryedida/bbo_challenge_starter_kit/example_submissions/smoothness/optimizer.py", line 48, in _get_smoothness_reg
    if activ > Kz:
NameError: name 'activ' is not defined
suggestion time taken 0.329276 iter 5 next_points [{'alpha': 0.9533433152784774, 'batch_size': 161, 'beta_1': 0.5055264790302135, 'beta_2': 0.9519079819574985, 'epsilon': 1.626082448276816e-09, 'hidden_layer_sizes': 151, 'learning_rate_init': 0.052425365798523305, 'tol': 0.00016271473117969, 'validation_fraction': 0.19484779011472075}]
function_evaluation time 0.360028 value 2907.986924 suggestion {'alpha': 0.9533433152784774, 'batch_size': 161, 'beta_1': 0.5055264790302135, 'beta_2': 0.9519079819574985, 'epsilon': 1.626082448276816e-09, 'hidden_layer_sizes': 151, 'learning_rate_init': 0.052425365798523305, 'tol': 0.00016271473117969, 'validation_fraction': 0.19484779011472075}
observation time 0.000005, current best 2907.986924 at iter 5
Failure in optimizer suggest. Falling back to random search.
name 'activ' is not defined
Traceback (most recent call last):
  File "/home/ryedida/.local/lib/python3.9/site-packages/bayesmark/experiment.py", line 126, in run_study
    next_points = optimizer.suggest(n_suggestions)
  File "/home/ryedida/bbo_challenge_starter_kit/example_submissions/smoothness/optimizer.py", line 105, in suggest
    betas = [self._get_smoothness_reg(guess) for guess in guesses]
  File "/home/ryedida/bbo_challenge_starter_kit/example_submissions/smoothness/optimizer.py", line 105, in <listcomp>
    betas = [self._get_smoothness_reg(guess) for guess in guesses]
  File "/home/ryedida/bbo_challenge_starter_kit/example_submissions/smoothness/optimizer.py", line 48, in _get_smoothness_reg
    if activ > Kz:
NameError: name 'activ' is not defined
suggestion time taken 0.328461 iter 6 next_points [{'alpha': 0.007587263323753267, 'batch_size': 51, 'beta_1': 0.6571303706035362, 'beta_2': 0.9944002056749153, 'epsilon': 5.157110004930634e-08, 'hidden_layer_sizes': 56, 'learning_rate_init': 0.00021651490506422065, 'tol': 0.02150194892787655, 'validation_fraction': 0.38350450918266954}]
function_evaluation time 0.058029 value 29021.207458 suggestion {'alpha': 0.007587263323753267, 'batch_size': 51, 'beta_1': 0.6571303706035362, 'beta_2': 0.9944002056749153, 'epsilon': 5.157110004930634e-08, 'hidden_layer_sizes': 56, 'learning_rate_init': 0.00021651490506422065, 'tol': 0.02150194892787655, 'validation_fraction': 0.38350450918266954}
observation time 0.000005, current best 2907.986924 at iter 6
Failure in optimizer suggest. Falling back to random search.
name 'activ' is not defined
Traceback (most recent call last):
  File "/home/ryedida/.local/lib/python3.9/site-packages/bayesmark/experiment.py", line 126, in run_study
    next_points = optimizer.suggest(n_suggestions)
  File "/home/ryedida/bbo_challenge_starter_kit/example_submissions/smoothness/optimizer.py", line 105, in suggest
    betas = [self._get_smoothness_reg(guess) for guess in guesses]
  File "/home/ryedida/bbo_challenge_starter_kit/example_submissions/smoothness/optimizer.py", line 105, in <listcomp>
    betas = [self._get_smoothness_reg(guess) for guess in guesses]
  File "/home/ryedida/bbo_challenge_starter_kit/example_submissions/smoothness/optimizer.py", line 48, in _get_smoothness_reg
    if activ > Kz:
NameError: name 'activ' is not defined
suggestion time taken 0.465708 iter 7 next_points [{'alpha': 0.08497044870189104, 'batch_size': 236, 'beta_1': 0.8343815004897628, 'beta_2': 0.9989154312977817, 'epsilon': 1.555908185144531e-08, 'hidden_layer_sizes': 138, 'learning_rate_init': 2.0762941970642647e-05, 'tol': 0.006038258834507281, 'validation_fraction': 0.7420128647308734}]
/home/ryedida/.local/lib/python3.9/site-packages/sklearn/neural_network/_multilayer_perceptron.py:605: UserWarning: Got `batch_size` less than 1 or larger than sample size. It is going to be clipped
  warnings.warn(

function_evaluation time 0.055917 value 29099.349378 suggestion {'alpha': 0.08497044870189104, 'batch_size': 236, 'beta_1': 0.8343815004897628, 'beta_2': 0.9989154312977817, 'epsilon': 1.555908185144531e-08, 'hidden_layer_sizes': 138, 'learning_rate_init': 2.0762941970642647e-05, 'tol': 0.006038258834507281, 'validation_fraction': 0.7420128647308734}
observation time 0.000005, current best 2907.986924 at iter 7
Failure in optimizer suggest. Falling back to random search.
name 'activ' is not defined
Traceback (most recent call last):
  File "/home/ryedida/.local/lib/python3.9/site-packages/bayesmark/experiment.py", line 126, in run_study
    next_points = optimizer.suggest(n_suggestions)
  File "/home/ryedida/bbo_challenge_starter_kit/example_submissions/smoothness/optimizer.py", line 105, in suggest
    betas = [self._get_smoothness_reg(guess) for guess in guesses]
  File "/home/ryedida/bbo_challenge_starter_kit/example_submissions/smoothness/optimizer.py", line 105, in <listcomp>
    betas = [self._get_smoothness_reg(guess) for guess in guesses]
  File "/home/ryedida/bbo_challenge_starter_kit/example_submissions/smoothness/optimizer.py", line 48, in _get_smoothness_reg
    if activ > Kz:
NameError: name 'activ' is not defined
suggestion time taken 0.327091 iter 8 next_points [{'alpha': 4.366868594639092e-05, 'batch_size': 211, 'beta_1': 0.7938270455608699, 'beta_2': 0.9999541674813321, 'epsilon': 5.023514264412289e-09, 'hidden_layer_sizes': 118, 'learning_rate_init': 1.6068241697362753e-05, 'tol': 2.155177977131341e-05, 'validation_fraction': 0.39701574812252083}]
function_evaluation time 0.062933 value 29080.755793 suggestion {'alpha': 4.366868594639092e-05, 'batch_size': 211, 'beta_1': 0.7938270455608699, 'beta_2': 0.9999541674813321, 'epsilon': 5.023514264412289e-09, 'hidden_layer_sizes': 118, 'learning_rate_init': 1.6068241697362753e-05, 'tol': 2.155177977131341e-05, 'validation_fraction': 0.39701574812252083}
observation time 0.000004, current best 2907.986924 at iter 8
Failure in optimizer suggest. Falling back to random search.
name 'activ' is not defined
Traceback (most recent call last):
  File "/home/ryedida/.local/lib/python3.9/site-packages/bayesmark/experiment.py", line 126, in run_study
    next_points = optimizer.suggest(n_suggestions)
  File "/home/ryedida/bbo_challenge_starter_kit/example_submissions/smoothness/optimizer.py", line 105, in suggest
    betas = [self._get_smoothness_reg(guess) for guess in guesses]
  File "/home/ryedida/bbo_challenge_starter_kit/example_submissions/smoothness/optimizer.py", line 105, in <listcomp>
    betas = [self._get_smoothness_reg(guess) for guess in guesses]
  File "/home/ryedida/bbo_challenge_starter_kit/example_submissions/smoothness/optimizer.py", line 48, in _get_smoothness_reg
    if activ > Kz:
NameError: name 'activ' is not defined
suggestion time taken 0.328254 iter 9 next_points [{'alpha': 1.5600179969977952, 'batch_size': 98, 'beta_1': 0.9364486795022798, 'beta_2': 0.9981513783546155, 'epsilon': 8.327537777615818e-08, 'hidden_layer_sizes': 186, 'learning_rate_init': 0.0001369409349808346, 'tol': 0.0010629988264461085, 'validation_fraction': 0.8478334810249564}]
/home/ryedida/.local/lib/python3.9/site-packages/sklearn/neural_network/_multilayer_perceptron.py:605: UserWarning: Got `batch_size` less than 1 or larger than sample size. It is going to be clipped
  warnings.warn(

function_evaluation time 0.056825 value 29089.438653 suggestion {'alpha': 1.5600179969977952, 'batch_size': 98, 'beta_1': 0.9364486795022798, 'beta_2': 0.9981513783546155, 'epsilon': 8.327537777615818e-08, 'hidden_layer_sizes': 186, 'learning_rate_init': 0.0001369409349808346, 'tol': 0.0010629988264461085, 'validation_fraction': 0.8478334810249564}
observation time 0.000011, current best 2907.986924 at iter 9
Failure in optimizer suggest. Falling back to random search.
name 'activ' is not defined
Traceback (most recent call last):
  File "/home/ryedida/.local/lib/python3.9/site-packages/bayesmark/experiment.py", line 126, in run_study
    next_points = optimizer.suggest(n_suggestions)
  File "/home/ryedida/bbo_challenge_starter_kit/example_submissions/smoothness/optimizer.py", line 105, in suggest
    betas = [self._get_smoothness_reg(guess) for guess in guesses]
  File "/home/ryedida/bbo_challenge_starter_kit/example_submissions/smoothness/optimizer.py", line 105, in <listcomp>
    betas = [self._get_smoothness_reg(guess) for guess in guesses]
  File "/home/ryedida/bbo_challenge_starter_kit/example_submissions/smoothness/optimizer.py", line 48, in _get_smoothness_reg
    if activ > Kz:
NameError: name 'activ' is not defined
suggestion time taken 0.320806 iter 10 next_points [{'alpha': 9.735119071728868e-05, 'batch_size': 69, 'beta_1': 0.8995748274440037, 'beta_2': 0.993632152911515, 'epsilon': 5.458716880925646e-07, 'hidden_layer_sizes': 66, 'learning_rate_init': 8.990015481919795e-05, 'tol': 0.0324976998283201, 'validation_fraction': 0.44101379414028974}]
function_evaluation time 0.056112 value 29128.540500 suggestion {'alpha': 9.735119071728868e-05, 'batch_size': 69, 'beta_1': 0.8995748274440037, 'beta_2': 0.993632152911515, 'epsilon': 5.458716880925646e-07, 'hidden_layer_sizes': 66, 'learning_rate_init': 8.990015481919795e-05, 'tol': 0.0324976998283201, 'validation_fraction': 0.44101379414028974}
observation time 0.000006, current best 2907.986924 at iter 10
Failure in optimizer suggest. Falling back to random search.
name 'activ' is not defined
Traceback (most recent call last):
  File "/home/ryedida/.local/lib/python3.9/site-packages/bayesmark/experiment.py", line 126, in run_study
    next_points = optimizer.suggest(n_suggestions)
  File "/home/ryedida/bbo_challenge_starter_kit/example_submissions/smoothness/optimizer.py", line 105, in suggest
    betas = [self._get_smoothness_reg(guess) for guess in guesses]
  File "/home/ryedida/bbo_challenge_starter_kit/example_submissions/smoothness/optimizer.py", line 105, in <listcomp>
    betas = [self._get_smoothness_reg(guess) for guess in guesses]
  File "/home/ryedida/bbo_challenge_starter_kit/example_submissions/smoothness/optimizer.py", line 48, in _get_smoothness_reg
    if activ > Kz:
NameError: name 'activ' is not defined
suggestion time taken 0.323951 iter 11 next_points [{'alpha': 0.0007963565809638786, 'batch_size': 66, 'beta_1': 0.9897317093623239, 'beta_2': 0.9999826444581793, 'epsilon': 9.279023886103333e-07, 'hidden_layer_sizes': 97, 'learning_rate_init': 2.8307943392240905e-05, 'tol': 0.02819767261482432, 'validation_fraction': 0.14232387073319056}]
function_evaluation time 0.065912 value 29060.620370 suggestion {'alpha': 0.0007963565809638786, 'batch_size': 66, 'beta_1': 0.9897317093623239, 'beta_2': 0.9999826444581793, 'epsilon': 9.279023886103333e-07, 'hidden_layer_sizes': 97, 'learning_rate_init': 2.8307943392240905e-05, 'tol': 0.02819767261482432, 'validation_fraction': 0.14232387073319056}
observation time 0.000005, current best 2907.986924 at iter 11
Failure in optimizer suggest. Falling back to random search.
name 'activ' is not defined
Traceback (most recent call last):
  File "/home/ryedida/.local/lib/python3.9/site-packages/bayesmark/experiment.py", line 126, in run_study
    next_points = optimizer.suggest(n_suggestions)
  File "/home/ryedida/bbo_challenge_starter_kit/example_submissions/smoothness/optimizer.py", line 105, in suggest
    betas = [self._get_smoothness_reg(guess) for guess in guesses]
  File "/home/ryedida/bbo_challenge_starter_kit/example_submissions/smoothness/optimizer.py", line 105, in <listcomp>
    betas = [self._get_smoothness_reg(guess) for guess in guesses]
  File "/home/ryedida/bbo_challenge_starter_kit/example_submissions/smoothness/optimizer.py", line 48, in _get_smoothness_reg
    if activ > Kz:
NameError: name 'activ' is not defined
suggestion time taken 0.326719 iter 12 next_points [{'alpha': 7.5139673355213645, 'batch_size': 157, 'beta_1': 0.8068595067043243, 'beta_2': 0.9999816775315973, 'epsilon': 4.401146921564973e-09, 'hidden_layer_sizes': 55, 'learning_rate_init': 0.08955915118699022, 'tol': 0.009275909802157105, 'validation_fraction': 0.8512723995095799}]
/home/ryedida/.local/lib/python3.9/site-packages/sklearn/neural_network/_multilayer_perceptron.py:605: UserWarning: Got `batch_size` less than 1 or larger than sample size. It is going to be clipped
  warnings.warn(

function_evaluation time 0.126438 value 3769.891090 suggestion {'alpha': 7.5139673355213645, 'batch_size': 157, 'beta_1': 0.8068595067043243, 'beta_2': 0.9999816775315973, 'epsilon': 4.401146921564973e-09, 'hidden_layer_sizes': 55, 'learning_rate_init': 0.08955915118699022, 'tol': 0.009275909802157105, 'validation_fraction': 0.8512723995095799}
observation time 0.000005, current best 2907.986924 at iter 12
Failure in optimizer suggest. Falling back to random search.
name 'activ' is not defined
Traceback (most recent call last):
  File "/home/ryedida/.local/lib/python3.9/site-packages/bayesmark/experiment.py", line 126, in run_study
    next_points = optimizer.suggest(n_suggestions)
  File "/home/ryedida/bbo_challenge_starter_kit/example_submissions/smoothness/optimizer.py", line 105, in suggest
    betas = [self._get_smoothness_reg(guess) for guess in guesses]
  File "/home/ryedida/bbo_challenge_starter_kit/example_submissions/smoothness/optimizer.py", line 105, in <listcomp>
    betas = [self._get_smoothness_reg(guess) for guess in guesses]
  File "/home/ryedida/bbo_challenge_starter_kit/example_submissions/smoothness/optimizer.py", line 48, in _get_smoothness_reg
    if activ > Kz:
NameError: name 'activ' is not defined
suggestion time taken 0.325334 iter 13 next_points [{'alpha': 0.9694380950118799, 'batch_size': 225, 'beta_1': 0.9638439253340714, 'beta_2': 0.9969401960919456, 'epsilon': 2.3429454604554553e-09, 'hidden_layer_sizes': 103, 'learning_rate_init': 0.04187594287702871, 'tol': 0.03814413575114012, 'validation_fraction': 0.7344481161167244}]
/home/ryedida/.local/lib/python3.9/site-packages/sklearn/neural_network/_multilayer_perceptron.py:605: UserWarning: Got `batch_size` less than 1 or larger than sample size. It is going to be clipped
  warnings.warn(

function_evaluation time 0.190892 value 4086.709566 suggestion {'alpha': 0.9694380950118799, 'batch_size': 225, 'beta_1': 0.9638439253340714, 'beta_2': 0.9969401960919456, 'epsilon': 2.3429454604554553e-09, 'hidden_layer_sizes': 103, 'learning_rate_init': 0.04187594287702871, 'tol': 0.03814413575114012, 'validation_fraction': 0.7344481161167244}
observation time 0.000005, current best 2907.986924 at iter 13
Failure in optimizer suggest. Falling back to random search.
name 'activ' is not defined
Traceback (most recent call last):
  File "/home/ryedida/.local/lib/python3.9/site-packages/bayesmark/experiment.py", line 126, in run_study
    next_points = optimizer.suggest(n_suggestions)
  File "/home/ryedida/bbo_challenge_starter_kit/example_submissions/smoothness/optimizer.py", line 105, in suggest
    betas = [self._get_smoothness_reg(guess) for guess in guesses]
  File "/home/ryedida/bbo_challenge_starter_kit/example_submissions/smoothness/optimizer.py", line 105, in <listcomp>
    betas = [self._get_smoothness_reg(guess) for guess in guesses]
  File "/home/ryedida/bbo_challenge_starter_kit/example_submissions/smoothness/optimizer.py", line 48, in _get_smoothness_reg
    if activ > Kz:
NameError: name 'activ' is not defined
suggestion time taken 0.327718 iter 14 next_points [{'alpha': 8.324539998868598e-05, 'batch_size': 105, 'beta_1': 0.652047462803194, 'beta_2': 0.999998503468882, 'epsilon': 1.474052001830067e-09, 'hidden_layer_sizes': 121, 'learning_rate_init': 0.0017627102111582897, 'tol': 0.037363847387903056, 'validation_fraction': 0.7117746712483638}]
/home/ryedida/.local/lib/python3.9/site-packages/sklearn/neural_network/_multilayer_perceptron.py:605: UserWarning: Got `batch_size` less than 1 or larger than sample size. It is going to be clipped
  warnings.warn(

function_evaluation time 0.054093 value 29012.283166 suggestion {'alpha': 8.324539998868598e-05, 'batch_size': 105, 'beta_1': 0.652047462803194, 'beta_2': 0.999998503468882, 'epsilon': 1.474052001830067e-09, 'hidden_layer_sizes': 121, 'learning_rate_init': 0.0017627102111582897, 'tol': 0.037363847387903056, 'validation_fraction': 0.7117746712483638}
observation time 0.000006, current best 2907.986924 at iter 14
saving meta data: {'args': {'--uuid': '1e6fbac40c4f54bea96a0f0c9b370019', '-db-root': '/home/ryedida/bbo_challenge_starter_kit/output', '--opt-root': '/home/ryedida/bbo_challenge_starter_kit/example_submissions', '--data-root': None, '--db': 'run_20230425_034200', '--opt': 'smoothness', '--data': 'diabetes', '--classifier': 'MLP-adam', '--metric': 'mse', '--calls': 15, '--suggestions': 1, '--jobs-file': None, '--verbose': False, 'dry_run': False, 'rev': 'a376313', 'opt_rev': 'x.x.x'}, 'signature': ([{'alpha': 0.019628224813442792, 'batch_size': 182, 'beta_1': 0.9410202200271762, 'beta_2': 0.9998021557676793, 'epsilon': 1.8662266976518e-08, 'hidden_layer_sizes': 147, 'learning_rate_init': 0.0005627932047415167, 'tol': 0.03690557729213761, 'validation_fraction': 0.8846827852548593}, {'alpha': 0.0019982467392329444, 'batch_size': 200, 'beta_1': 0.919111482530466, 'beta_2': 0.9998488260436156, 'epsilon': 5.981221901152555e-07, 'hidden_layer_sizes': 61, 'learning_rate_init': 2.2310905607443014e-05, 'tol': 1.2046852412030316e-05, 'validation_fraction': 0.8117896445826539}, {'alpha': 0.46659545670218433, 'batch_size': 219, 'beta_1': 0.9889789783750891, 'beta_2': 0.9999896868093284, 'epsilon': 2.4234724484675948e-08, 'hidden_layer_sizes': 167, 'learning_rate_init': 2.972334644335654e-05, 'tol': 0.0036281404040243792, 'validation_fraction': 0.17260651658522078}, {'alpha': 4.656005689076002, 'batch_size': 135, 'beta_1': 0.870503881627747, 'beta_2': 0.9948873266941017, 'epsilon': 2.1023308743480125e-07, 'hidden_layer_sizes': 118, 'learning_rate_init': 0.0018781738757161913, 'tol': 1.1889379831773004e-05, 'validation_fraction': 0.6264327093752792}, {'alpha': 0.04705159350400542, 'batch_size': 158, 'beta_1': 0.9870884262730957, 'beta_2': 0.9999596874382349, 'epsilon': 1.1981845126013875e-08, 'hidden_layer_sizes': 116, 'learning_rate_init': 0.00617340520407431, 'tol': 1.741413418158619e-05, 'validation_fraction': 0.6754299026638921}], [29083.993548572587, 29062.423277324073, 29075.78987471409, 24626.32866834337, 9584.226858493177])}
saving results
saving timing
saving suggest log
done
