running: {'--uuid': '1f9952e72d8e50d892670eaaa3d66c86', '-db-root': '/home/ryedida/bbo_challenge_starter_kit/output', '--opt-root': '/home/ryedida/bbo_challenge_starter_kit/example_submissions', '--data-root': None, '--db': 'run_20230425_034200', '--opt': 'smoothness', '--data': 'diabetes', '--classifier': 'MLP-adam', '--metric': 'mse', '--calls': 15, '--suggestions': 1, '--jobs-file': None, '--verbose': False, 'dry_run': False, 'rev': 'a376313', 'opt_rev': 'x.x.x'}
cmd: python smoothness/optimizer.py -c MLP-adam -d diabetes -o smoothness -u 1f9952e72d8e50d892670eaaa3d66c86 -m mse -n 15 -p 1 -dir /home/ryedida/bbo_challenge_starter_kit/output -b run_20230425_034200
/home/ryedida/.local/lib/python3.9/site-packages/sklearn/neural_network/_multilayer_perceptron.py:605: UserWarning: Got `batch_size` less than 1 or larger than sample size. It is going to be clipped
  warnings.warn(

/home/ryedida/.local/lib/python3.9/site-packages/sklearn/neural_network/_multilayer_perceptron.py:605: UserWarning: Got `batch_size` less than 1 or larger than sample size. It is going to be clipped
  warnings.warn(

/home/ryedida/.local/lib/python3.9/site-packages/sklearn/neural_network/_multilayer_perceptron.py:605: UserWarning: Got `batch_size` less than 1 or larger than sample size. It is going to be clipped
  warnings.warn(

/home/ryedida/.local/lib/python3.9/site-packages/sklearn/neural_network/_multilayer_perceptron.py:686: ConvergenceWarning: Stochastic Optimizer: Maximum iterations (200) reached and the optimization hasn't converged yet.
  warnings.warn(

/home/ryedida/.local/lib/python3.9/site-packages/sklearn/neural_network/_multilayer_perceptron.py:605: UserWarning: Got `batch_size` less than 1 or larger than sample size. It is going to be clipped
  warnings.warn(

/home/ryedida/.local/lib/python3.9/site-packages/sklearn/neural_network/_multilayer_perceptron.py:686: ConvergenceWarning: Stochastic Optimizer: Maximum iterations (200) reached and the optimization hasn't converged yet.
  warnings.warn(

computed signature: ([{'alpha': 0.019628224813442792, 'batch_size': 182, 'beta_1': 0.9410202200271762, 'beta_2': 0.9998021557676793, 'epsilon': 1.8662266976518e-08, 'hidden_layer_sizes': 147, 'learning_rate_init': 0.0005627932047415167, 'tol': 0.03690557729213761, 'validation_fraction': 0.8846827852548593}, {'alpha': 0.0019982467392329444, 'batch_size': 200, 'beta_1': 0.919111482530466, 'beta_2': 0.9998488260436156, 'epsilon': 5.981221901152555e-07, 'hidden_layer_sizes': 61, 'learning_rate_init': 2.2310905607443014e-05, 'tol': 1.2046852412030316e-05, 'validation_fraction': 0.8117896445826539}, {'alpha': 0.46659545670218433, 'batch_size': 219, 'beta_1': 0.9889789783750891, 'beta_2': 0.9999896868093284, 'epsilon': 2.4234724484675948e-08, 'hidden_layer_sizes': 167, 'learning_rate_init': 2.972334644335654e-05, 'tol': 0.0036281404040243792, 'validation_fraction': 0.17260651658522078}, {'alpha': 4.656005689076002, 'batch_size': 135, 'beta_1': 0.870503881627747, 'beta_2': 0.9948873266941017, 'epsilon': 2.1023308743480125e-07, 'hidden_layer_sizes': 118, 'learning_rate_init': 0.0018781738757161913, 'tol': 1.1889379831773004e-05, 'validation_fraction': 0.6264327093752792}, {'alpha': 0.04705159350400542, 'batch_size': 158, 'beta_1': 0.9870884262730957, 'beta_2': 0.9999596874382349, 'epsilon': 1.1981845126013875e-08, 'hidden_layer_sizes': 116, 'learning_rate_init': 0.00617340520407431, 'tol': 1.741413418158619e-05, 'validation_fraction': 0.6754299026638921}], [29083.993548572587, 29062.423277324073, 29075.78987471409, 24626.32866834337, 9584.226858493177])
Signature errors:
                              0         1         2         3         4       max
MLP-adam_diabetes_mse  0.000007  0.000008  0.000003  0.003558  0.004952  0.004952
max                    0.000007  0.000008  0.000003  0.003558  0.004952  0.004952
starting sklearn study smoothness MLP-adam diabetes mse 15 1
with data root: None
Failure in optimizer suggest. Falling back to random search.
name 'activ' is not defined
Traceback (most recent call last):
  File "/home/ryedida/.local/lib/python3.9/site-packages/bayesmark/experiment.py", line 126, in run_study
    next_points = optimizer.suggest(n_suggestions)
  File "/home/ryedida/bbo_challenge_starter_kit/example_submissions/smoothness/optimizer.py", line 105, in suggest
    betas = [self._get_smoothness_reg(guess) for guess in guesses]
  File "/home/ryedida/bbo_challenge_starter_kit/example_submissions/smoothness/optimizer.py", line 105, in <listcomp>
    betas = [self._get_smoothness_reg(guess) for guess in guesses]
  File "/home/ryedida/bbo_challenge_starter_kit/example_submissions/smoothness/optimizer.py", line 48, in _get_smoothness_reg
    if activ > Kz:
NameError: name 'activ' is not defined
suggestion time taken 0.495748 iter 0 next_points [{'alpha': 2.804792928473437, 'batch_size': 151, 'beta_1': 0.9758639504772872, 'beta_2': 0.9997362889043062, 'epsilon': 1.4097333851474164e-07, 'hidden_layer_sizes': 72, 'learning_rate_init': 0.004186942107982458, 'tol': 0.04558351638619532, 'validation_fraction': 0.8743442674632792}]
/home/ryedida/.local/lib/python3.9/site-packages/sklearn/neural_network/_multilayer_perceptron.py:605: UserWarning: Got `batch_size` less than 1 or larger than sample size. It is going to be clipped
  warnings.warn(

function_evaluation time 0.044780 value 28958.580565 suggestion {'alpha': 2.804792928473437, 'batch_size': 151, 'beta_1': 0.9758639504772872, 'beta_2': 0.9997362889043062, 'epsilon': 1.4097333851474164e-07, 'hidden_layer_sizes': 72, 'learning_rate_init': 0.004186942107982458, 'tol': 0.04558351638619532, 'validation_fraction': 0.8743442674632792}
observation time 0.000006, current best 28958.580565 at iter 0
Failure in optimizer suggest. Falling back to random search.
name 'activ' is not defined
Traceback (most recent call last):
  File "/home/ryedida/.local/lib/python3.9/site-packages/bayesmark/experiment.py", line 126, in run_study
    next_points = optimizer.suggest(n_suggestions)
  File "/home/ryedida/bbo_challenge_starter_kit/example_submissions/smoothness/optimizer.py", line 105, in suggest
    betas = [self._get_smoothness_reg(guess) for guess in guesses]
  File "/home/ryedida/bbo_challenge_starter_kit/example_submissions/smoothness/optimizer.py", line 105, in <listcomp>
    betas = [self._get_smoothness_reg(guess) for guess in guesses]
  File "/home/ryedida/bbo_challenge_starter_kit/example_submissions/smoothness/optimizer.py", line 48, in _get_smoothness_reg
    if activ > Kz:
NameError: name 'activ' is not defined
suggestion time taken 0.333468 iter 1 next_points [{'alpha': 0.020549517295497893, 'batch_size': 164, 'beta_1': 0.966365352706307, 'beta_2': 0.9923369600868809, 'epsilon': 3.811676137173917e-09, 'hidden_layer_sizes': 84, 'learning_rate_init': 0.0015937769846631883, 'tol': 0.012748076618606906, 'validation_fraction': 0.23585783875421198}]
function_evaluation time 0.067302 value 28975.133447 suggestion {'alpha': 0.020549517295497893, 'batch_size': 164, 'beta_1': 0.966365352706307, 'beta_2': 0.9923369600868809, 'epsilon': 3.811676137173917e-09, 'hidden_layer_sizes': 84, 'learning_rate_init': 0.0015937769846631883, 'tol': 0.012748076618606906, 'validation_fraction': 0.23585783875421198}
observation time 0.000005, current best 28958.580565 at iter 1
Failure in optimizer suggest. Falling back to random search.
name 'activ' is not defined
Traceback (most recent call last):
  File "/home/ryedida/.local/lib/python3.9/site-packages/bayesmark/experiment.py", line 126, in run_study
    next_points = optimizer.suggest(n_suggestions)
  File "/home/ryedida/bbo_challenge_starter_kit/example_submissions/smoothness/optimizer.py", line 105, in suggest
    betas = [self._get_smoothness_reg(guess) for guess in guesses]
  File "/home/ryedida/bbo_challenge_starter_kit/example_submissions/smoothness/optimizer.py", line 105, in <listcomp>
    betas = [self._get_smoothness_reg(guess) for guess in guesses]
  File "/home/ryedida/bbo_challenge_starter_kit/example_submissions/smoothness/optimizer.py", line 48, in _get_smoothness_reg
    if activ > Kz:
NameError: name 'activ' is not defined
suggestion time taken 0.334351 iter 2 next_points [{'alpha': 0.00031543981522066125, 'batch_size': 34, 'beta_1': 0.9785203233441334, 'beta_2': 0.999998881888393, 'epsilon': 9.833372941796132e-09, 'hidden_layer_sizes': 108, 'learning_rate_init': 0.011115370767724984, 'tol': 0.05020724605297708, 'validation_fraction': 0.4340578638201792}]
function_evaluation time 0.322660 value 4238.853793 suggestion {'alpha': 0.00031543981522066125, 'batch_size': 34, 'beta_1': 0.9785203233441334, 'beta_2': 0.999998881888393, 'epsilon': 9.833372941796132e-09, 'hidden_layer_sizes': 108, 'learning_rate_init': 0.011115370767724984, 'tol': 0.05020724605297708, 'validation_fraction': 0.4340578638201792}
observation time 0.000005, current best 4238.853793 at iter 2
Failure in optimizer suggest. Falling back to random search.
name 'activ' is not defined
Traceback (most recent call last):
  File "/home/ryedida/.local/lib/python3.9/site-packages/bayesmark/experiment.py", line 126, in run_study
    next_points = optimizer.suggest(n_suggestions)
  File "/home/ryedida/bbo_challenge_starter_kit/example_submissions/smoothness/optimizer.py", line 105, in suggest
    betas = [self._get_smoothness_reg(guess) for guess in guesses]
  File "/home/ryedida/bbo_challenge_starter_kit/example_submissions/smoothness/optimizer.py", line 105, in <listcomp>
    betas = [self._get_smoothness_reg(guess) for guess in guesses]
  File "/home/ryedida/bbo_challenge_starter_kit/example_submissions/smoothness/optimizer.py", line 48, in _get_smoothness_reg
    if activ > Kz:
NameError: name 'activ' is not defined
suggestion time taken 0.326135 iter 3 next_points [{'alpha': 4.155474635207992, 'batch_size': 28, 'beta_1': 0.8824854421391356, 'beta_2': 0.9668542479543283, 'epsilon': 2.1625201961573375e-07, 'hidden_layer_sizes': 64, 'learning_rate_init': 0.04974113298966818, 'tol': 0.0006463300428945936, 'validation_fraction': 0.1995684060036051}]
function_evaluation time 0.413941 value 3053.044696 suggestion {'alpha': 4.155474635207992, 'batch_size': 28, 'beta_1': 0.8824854421391356, 'beta_2': 0.9668542479543283, 'epsilon': 2.1625201961573375e-07, 'hidden_layer_sizes': 64, 'learning_rate_init': 0.04974113298966818, 'tol': 0.0006463300428945936, 'validation_fraction': 0.1995684060036051}
observation time 0.000005, current best 3053.044696 at iter 3
Failure in optimizer suggest. Falling back to random search.
name 'activ' is not defined
Traceback (most recent call last):
  File "/home/ryedida/.local/lib/python3.9/site-packages/bayesmark/experiment.py", line 126, in run_study
    next_points = optimizer.suggest(n_suggestions)
  File "/home/ryedida/bbo_challenge_starter_kit/example_submissions/smoothness/optimizer.py", line 105, in suggest
    betas = [self._get_smoothness_reg(guess) for guess in guesses]
  File "/home/ryedida/bbo_challenge_starter_kit/example_submissions/smoothness/optimizer.py", line 105, in <listcomp>
    betas = [self._get_smoothness_reg(guess) for guess in guesses]
  File "/home/ryedida/bbo_challenge_starter_kit/example_submissions/smoothness/optimizer.py", line 48, in _get_smoothness_reg
    if activ > Kz:
NameError: name 'activ' is not defined
suggestion time taken 0.333337 iter 4 next_points [{'alpha': 7.659577708077509e-05, 'batch_size': 87, 'beta_1': 0.9871615362288619, 'beta_2': 0.9995156712308857, 'epsilon': 6.906143922008676e-09, 'hidden_layer_sizes': 118, 'learning_rate_init': 0.00011784015476459724, 'tol': 0.023695191275136036, 'validation_fraction': 0.44938968429740095}]
function_evaluation time 0.071684 value 29059.654181 suggestion {'alpha': 7.659577708077509e-05, 'batch_size': 87, 'beta_1': 0.9871615362288619, 'beta_2': 0.9995156712308857, 'epsilon': 6.906143922008676e-09, 'hidden_layer_sizes': 118, 'learning_rate_init': 0.00011784015476459724, 'tol': 0.023695191275136036, 'validation_fraction': 0.44938968429740095}
observation time 0.000004, current best 3053.044696 at iter 4
Failure in optimizer suggest. Falling back to random search.
name 'activ' is not defined
Traceback (most recent call last):
  File "/home/ryedida/.local/lib/python3.9/site-packages/bayesmark/experiment.py", line 126, in run_study
    next_points = optimizer.suggest(n_suggestions)
  File "/home/ryedida/bbo_challenge_starter_kit/example_submissions/smoothness/optimizer.py", line 105, in suggest
    betas = [self._get_smoothness_reg(guess) for guess in guesses]
  File "/home/ryedida/bbo_challenge_starter_kit/example_submissions/smoothness/optimizer.py", line 105, in <listcomp>
    betas = [self._get_smoothness_reg(guess) for guess in guesses]
  File "/home/ryedida/bbo_challenge_starter_kit/example_submissions/smoothness/optimizer.py", line 48, in _get_smoothness_reg
    if activ > Kz:
NameError: name 'activ' is not defined
suggestion time taken 0.329887 iter 5 next_points [{'alpha': 1.3112598139388763e-05, 'batch_size': 45, 'beta_1': 0.988323321945837, 'beta_2': 0.9003716910313376, 'epsilon': 1.009615844149946e-07, 'hidden_layer_sizes': 92, 'learning_rate_init': 0.020326632419311715, 'tol': 1.2533670601500515e-05, 'validation_fraction': 0.2799102131494021}]
function_evaluation time 0.182628 value 4392.569861 suggestion {'alpha': 1.3112598139388763e-05, 'batch_size': 45, 'beta_1': 0.988323321945837, 'beta_2': 0.9003716910313376, 'epsilon': 1.009615844149946e-07, 'hidden_layer_sizes': 92, 'learning_rate_init': 0.020326632419311715, 'tol': 1.2533670601500515e-05, 'validation_fraction': 0.2799102131494021}
observation time 0.000005, current best 3053.044696 at iter 5
Failure in optimizer suggest. Falling back to random search.
name 'activ' is not defined
Traceback (most recent call last):
  File "/home/ryedida/.local/lib/python3.9/site-packages/bayesmark/experiment.py", line 126, in run_study
    next_points = optimizer.suggest(n_suggestions)
  File "/home/ryedida/bbo_challenge_starter_kit/example_submissions/smoothness/optimizer.py", line 105, in suggest
    betas = [self._get_smoothness_reg(guess) for guess in guesses]
  File "/home/ryedida/bbo_challenge_starter_kit/example_submissions/smoothness/optimizer.py", line 105, in <listcomp>
    betas = [self._get_smoothness_reg(guess) for guess in guesses]
  File "/home/ryedida/bbo_challenge_starter_kit/example_submissions/smoothness/optimizer.py", line 48, in _get_smoothness_reg
    if activ > Kz:
NameError: name 'activ' is not defined
suggestion time taken 0.336530 iter 6 next_points [{'alpha': 3.720418113019368e-05, 'batch_size': 73, 'beta_1': 0.5003650439629895, 'beta_2': 0.9741201709068743, 'epsilon': 7.19450433707986e-08, 'hidden_layer_sizes': 160, 'learning_rate_init': 0.00011545403521215578, 'tol': 1.0414361556645314e-05, 'validation_fraction': 0.4167280381747441}]
/home/ryedida/.local/lib/python3.9/site-packages/sklearn/neural_network/_multilayer_perceptron.py:686: ConvergenceWarning: Stochastic Optimizer: Maximum iterations (200) reached and the optimization hasn't converged yet.
  warnings.warn(

function_evaluation time 1.394482 value 28727.969293 suggestion {'alpha': 3.720418113019368e-05, 'batch_size': 73, 'beta_1': 0.5003650439629895, 'beta_2': 0.9741201709068743, 'epsilon': 7.19450433707986e-08, 'hidden_layer_sizes': 160, 'learning_rate_init': 0.00011545403521215578, 'tol': 1.0414361556645314e-05, 'validation_fraction': 0.4167280381747441}
observation time 0.000004, current best 3053.044696 at iter 6
Failure in optimizer suggest. Falling back to random search.
name 'activ' is not defined
Traceback (most recent call last):
  File "/home/ryedida/.local/lib/python3.9/site-packages/bayesmark/experiment.py", line 126, in run_study
    next_points = optimizer.suggest(n_suggestions)
  File "/home/ryedida/bbo_challenge_starter_kit/example_submissions/smoothness/optimizer.py", line 105, in suggest
    betas = [self._get_smoothness_reg(guess) for guess in guesses]
  File "/home/ryedida/bbo_challenge_starter_kit/example_submissions/smoothness/optimizer.py", line 105, in <listcomp>
    betas = [self._get_smoothness_reg(guess) for guess in guesses]
  File "/home/ryedida/bbo_challenge_starter_kit/example_submissions/smoothness/optimizer.py", line 48, in _get_smoothness_reg
    if activ > Kz:
NameError: name 'activ' is not defined
suggestion time taken 0.459243 iter 7 next_points [{'alpha': 0.002344495432569626, 'batch_size': 101, 'beta_1': 0.9142487815511189, 'beta_2': 0.9999986035030615, 'epsilon': 1.2905417649079195e-07, 'hidden_layer_sizes': 148, 'learning_rate_init': 1.542421354805702e-05, 'tol': 0.0002024157901218396, 'validation_fraction': 0.7470741922355651}]
/home/ryedida/.local/lib/python3.9/site-packages/sklearn/neural_network/_multilayer_perceptron.py:605: UserWarning: Got `batch_size` less than 1 or larger than sample size. It is going to be clipped
  warnings.warn(

function_evaluation time 0.056236 value 29105.687546 suggestion {'alpha': 0.002344495432569626, 'batch_size': 101, 'beta_1': 0.9142487815511189, 'beta_2': 0.9999986035030615, 'epsilon': 1.2905417649079195e-07, 'hidden_layer_sizes': 148, 'learning_rate_init': 1.542421354805702e-05, 'tol': 0.0002024157901218396, 'validation_fraction': 0.7470741922355651}
observation time 0.000015, current best 3053.044696 at iter 7
Failure in optimizer suggest. Falling back to random search.
name 'activ' is not defined
Traceback (most recent call last):
  File "/home/ryedida/.local/lib/python3.9/site-packages/bayesmark/experiment.py", line 126, in run_study
    next_points = optimizer.suggest(n_suggestions)
  File "/home/ryedida/bbo_challenge_starter_kit/example_submissions/smoothness/optimizer.py", line 105, in suggest
    betas = [self._get_smoothness_reg(guess) for guess in guesses]
  File "/home/ryedida/bbo_challenge_starter_kit/example_submissions/smoothness/optimizer.py", line 105, in <listcomp>
    betas = [self._get_smoothness_reg(guess) for guess in guesses]
  File "/home/ryedida/bbo_challenge_starter_kit/example_submissions/smoothness/optimizer.py", line 48, in _get_smoothness_reg
    if activ > Kz:
NameError: name 'activ' is not defined
suggestion time taken 0.329897 iter 8 next_points [{'alpha': 0.019181743796741674, 'batch_size': 21, 'beta_1': 0.9394212220839566, 'beta_2': 0.9999813885853187, 'epsilon': 6.205287056098464e-09, 'hidden_layer_sizes': 195, 'learning_rate_init': 0.0016207260919368282, 'tol': 0.00853882288457033, 'validation_fraction': 0.3680978531850292}]
function_evaluation time 1.111730 value 4050.347674 suggestion {'alpha': 0.019181743796741674, 'batch_size': 21, 'beta_1': 0.9394212220839566, 'beta_2': 0.9999813885853187, 'epsilon': 6.205287056098464e-09, 'hidden_layer_sizes': 195, 'learning_rate_init': 0.0016207260919368282, 'tol': 0.00853882288457033, 'validation_fraction': 0.3680978531850292}
observation time 0.000005, current best 3053.044696 at iter 8
Failure in optimizer suggest. Falling back to random search.
name 'activ' is not defined
Traceback (most recent call last):
  File "/home/ryedida/.local/lib/python3.9/site-packages/bayesmark/experiment.py", line 126, in run_study
    next_points = optimizer.suggest(n_suggestions)
  File "/home/ryedida/bbo_challenge_starter_kit/example_submissions/smoothness/optimizer.py", line 105, in suggest
    betas = [self._get_smoothness_reg(guess) for guess in guesses]
  File "/home/ryedida/bbo_challenge_starter_kit/example_submissions/smoothness/optimizer.py", line 105, in <listcomp>
    betas = [self._get_smoothness_reg(guess) for guess in guesses]
  File "/home/ryedida/bbo_challenge_starter_kit/example_submissions/smoothness/optimizer.py", line 48, in _get_smoothness_reg
    if activ > Kz:
NameError: name 'activ' is not defined
suggestion time taken 0.319413 iter 9 next_points [{'alpha': 0.051982599298883395, 'batch_size': 227, 'beta_1': 0.9717284335717601, 'beta_2': 0.9996476653099524, 'epsilon': 1.1333358092502773e-09, 'hidden_layer_sizes': 156, 'learning_rate_init': 3.0666320869532476e-05, 'tol': 0.003857451944084653, 'validation_fraction': 0.23895422910503006}]
function_evaluation time 0.074812 value 29078.137870 suggestion {'alpha': 0.051982599298883395, 'batch_size': 227, 'beta_1': 0.9717284335717601, 'beta_2': 0.9996476653099524, 'epsilon': 1.1333358092502773e-09, 'hidden_layer_sizes': 156, 'learning_rate_init': 3.0666320869532476e-05, 'tol': 0.003857451944084653, 'validation_fraction': 0.23895422910503006}
observation time 0.000005, current best 3053.044696 at iter 9
Failure in optimizer suggest. Falling back to random search.
name 'activ' is not defined
Traceback (most recent call last):
  File "/home/ryedida/.local/lib/python3.9/site-packages/bayesmark/experiment.py", line 126, in run_study
    next_points = optimizer.suggest(n_suggestions)
  File "/home/ryedida/bbo_challenge_starter_kit/example_submissions/smoothness/optimizer.py", line 105, in suggest
    betas = [self._get_smoothness_reg(guess) for guess in guesses]
  File "/home/ryedida/bbo_challenge_starter_kit/example_submissions/smoothness/optimizer.py", line 105, in <listcomp>
    betas = [self._get_smoothness_reg(guess) for guess in guesses]
  File "/home/ryedida/bbo_challenge_starter_kit/example_submissions/smoothness/optimizer.py", line 48, in _get_smoothness_reg
    if activ > Kz:
NameError: name 'activ' is not defined
suggestion time taken 0.319357 iter 10 next_points [{'alpha': 5.359759012135324e-05, 'batch_size': 188, 'beta_1': 0.7658317600626483, 'beta_2': 0.9999548430258999, 'epsilon': 9.335565368758546e-08, 'hidden_layer_sizes': 115, 'learning_rate_init': 0.06690553655550191, 'tol': 1.5142529332614951e-05, 'validation_fraction': 0.19298682870164857}]
function_evaluation time 0.376853 value 2882.377204 suggestion {'alpha': 5.359759012135324e-05, 'batch_size': 188, 'beta_1': 0.7658317600626483, 'beta_2': 0.9999548430258999, 'epsilon': 9.335565368758546e-08, 'hidden_layer_sizes': 115, 'learning_rate_init': 0.06690553655550191, 'tol': 1.5142529332614951e-05, 'validation_fraction': 0.19298682870164857}
observation time 0.000004, current best 2882.377204 at iter 10
Failure in optimizer suggest. Falling back to random search.
name 'activ' is not defined
Traceback (most recent call last):
  File "/home/ryedida/.local/lib/python3.9/site-packages/bayesmark/experiment.py", line 126, in run_study
    next_points = optimizer.suggest(n_suggestions)
  File "/home/ryedida/bbo_challenge_starter_kit/example_submissions/smoothness/optimizer.py", line 105, in suggest
    betas = [self._get_smoothness_reg(guess) for guess in guesses]
  File "/home/ryedida/bbo_challenge_starter_kit/example_submissions/smoothness/optimizer.py", line 105, in <listcomp>
    betas = [self._get_smoothness_reg(guess) for guess in guesses]
  File "/home/ryedida/bbo_challenge_starter_kit/example_submissions/smoothness/optimizer.py", line 48, in _get_smoothness_reg
    if activ > Kz:
NameError: name 'activ' is not defined
suggestion time taken 0.336558 iter 11 next_points [{'alpha': 6.953296954516252, 'batch_size': 142, 'beta_1': 0.7145374313615745, 'beta_2': 0.9958268777335432, 'epsilon': 1.0944184771965723e-09, 'hidden_layer_sizes': 50, 'learning_rate_init': 0.025463595816497042, 'tol': 1.4155593380317142e-05, 'validation_fraction': 0.45753152310679984}]
function_evaluation time 0.425199 value 3401.686733 suggestion {'alpha': 6.953296954516252, 'batch_size': 142, 'beta_1': 0.7145374313615745, 'beta_2': 0.9958268777335432, 'epsilon': 1.0944184771965723e-09, 'hidden_layer_sizes': 50, 'learning_rate_init': 0.025463595816497042, 'tol': 1.4155593380317142e-05, 'validation_fraction': 0.45753152310679984}
observation time 0.000005, current best 2882.377204 at iter 11
Failure in optimizer suggest. Falling back to random search.
name 'activ' is not defined
Traceback (most recent call last):
  File "/home/ryedida/.local/lib/python3.9/site-packages/bayesmark/experiment.py", line 126, in run_study
    next_points = optimizer.suggest(n_suggestions)
  File "/home/ryedida/bbo_challenge_starter_kit/example_submissions/smoothness/optimizer.py", line 105, in suggest
    betas = [self._get_smoothness_reg(guess) for guess in guesses]
  File "/home/ryedida/bbo_challenge_starter_kit/example_submissions/smoothness/optimizer.py", line 105, in <listcomp>
    betas = [self._get_smoothness_reg(guess) for guess in guesses]
  File "/home/ryedida/bbo_challenge_starter_kit/example_submissions/smoothness/optimizer.py", line 48, in _get_smoothness_reg
    if activ > Kz:
NameError: name 'activ' is not defined
suggestion time taken 0.316418 iter 12 next_points [{'alpha': 0.007599921549374045, 'batch_size': 200, 'beta_1': 0.9792584390081666, 'beta_2': 0.9997614427727101, 'epsilon': 2.0680831873471418e-07, 'hidden_layer_sizes': 135, 'learning_rate_init': 0.00018340162358025316, 'tol': 0.05577679890911198, 'validation_fraction': 0.5456700760908505}]
/home/ryedida/.local/lib/python3.9/site-packages/sklearn/neural_network/_multilayer_perceptron.py:605: UserWarning: Got `batch_size` less than 1 or larger than sample size. It is going to be clipped
  warnings.warn(

function_evaluation time 0.065590 value 29095.794086 suggestion {'alpha': 0.007599921549374045, 'batch_size': 200, 'beta_1': 0.9792584390081666, 'beta_2': 0.9997614427727101, 'epsilon': 2.0680831873471418e-07, 'hidden_layer_sizes': 135, 'learning_rate_init': 0.00018340162358025316, 'tol': 0.05577679890911198, 'validation_fraction': 0.5456700760908505}
observation time 0.000005, current best 2882.377204 at iter 12
Failure in optimizer suggest. Falling back to random search.
name 'activ' is not defined
Traceback (most recent call last):
  File "/home/ryedida/.local/lib/python3.9/site-packages/bayesmark/experiment.py", line 126, in run_study
    next_points = optimizer.suggest(n_suggestions)
  File "/home/ryedida/bbo_challenge_starter_kit/example_submissions/smoothness/optimizer.py", line 105, in suggest
    betas = [self._get_smoothness_reg(guess) for guess in guesses]
  File "/home/ryedida/bbo_challenge_starter_kit/example_submissions/smoothness/optimizer.py", line 105, in <listcomp>
    betas = [self._get_smoothness_reg(guess) for guess in guesses]
  File "/home/ryedida/bbo_challenge_starter_kit/example_submissions/smoothness/optimizer.py", line 48, in _get_smoothness_reg
    if activ > Kz:
NameError: name 'activ' is not defined
suggestion time taken 0.319341 iter 13 next_points [{'alpha': 5.7828155286491324e-05, 'batch_size': 43, 'beta_1': 0.9593800150611421, 'beta_2': 0.9999989404396963, 'epsilon': 4.275625402344581e-08, 'hidden_layer_sizes': 85, 'learning_rate_init': 0.0007042509911351346, 'tol': 0.0020684521267687376, 'validation_fraction': 0.640536492314105}]
function_evaluation time 0.073819 value 29054.244042 suggestion {'alpha': 5.7828155286491324e-05, 'batch_size': 43, 'beta_1': 0.9593800150611421, 'beta_2': 0.9999989404396963, 'epsilon': 4.275625402344581e-08, 'hidden_layer_sizes': 85, 'learning_rate_init': 0.0007042509911351346, 'tol': 0.0020684521267687376, 'validation_fraction': 0.640536492314105}
observation time 0.000005, current best 2882.377204 at iter 13
Failure in optimizer suggest. Falling back to random search.
name 'activ' is not defined
Traceback (most recent call last):
  File "/home/ryedida/.local/lib/python3.9/site-packages/bayesmark/experiment.py", line 126, in run_study
    next_points = optimizer.suggest(n_suggestions)
  File "/home/ryedida/bbo_challenge_starter_kit/example_submissions/smoothness/optimizer.py", line 105, in suggest
    betas = [self._get_smoothness_reg(guess) for guess in guesses]
  File "/home/ryedida/bbo_challenge_starter_kit/example_submissions/smoothness/optimizer.py", line 105, in <listcomp>
    betas = [self._get_smoothness_reg(guess) for guess in guesses]
  File "/home/ryedida/bbo_challenge_starter_kit/example_submissions/smoothness/optimizer.py", line 48, in _get_smoothness_reg
    if activ > Kz:
NameError: name 'activ' is not defined
suggestion time taken 0.326550 iter 14 next_points [{'alpha': 1.046223964341584, 'batch_size': 18, 'beta_1': 0.956163823139293, 'beta_2': 0.9999345639901777, 'epsilon': 2.636950875688849e-07, 'hidden_layer_sizes': 53, 'learning_rate_init': 0.0005830251620734374, 'tol': 2.4343854137426098e-05, 'validation_fraction': 0.5992857990864968}]
/home/ryedida/.local/lib/python3.9/site-packages/sklearn/neural_network/_multilayer_perceptron.py:686: ConvergenceWarning: Stochastic Optimizer: Maximum iterations (200) reached and the optimization hasn't converged yet.
  warnings.warn(

function_evaluation time 1.350076 value 18656.287566 suggestion {'alpha': 1.046223964341584, 'batch_size': 18, 'beta_1': 0.956163823139293, 'beta_2': 0.9999345639901777, 'epsilon': 2.636950875688849e-07, 'hidden_layer_sizes': 53, 'learning_rate_init': 0.0005830251620734374, 'tol': 2.4343854137426098e-05, 'validation_fraction': 0.5992857990864968}
observation time 0.000005, current best 2882.377204 at iter 14
saving meta data: {'args': {'--uuid': '1f9952e72d8e50d892670eaaa3d66c86', '-db-root': '/home/ryedida/bbo_challenge_starter_kit/output', '--opt-root': '/home/ryedida/bbo_challenge_starter_kit/example_submissions', '--data-root': None, '--db': 'run_20230425_034200', '--opt': 'smoothness', '--data': 'diabetes', '--classifier': 'MLP-adam', '--metric': 'mse', '--calls': 15, '--suggestions': 1, '--jobs-file': None, '--verbose': False, 'dry_run': False, 'rev': 'a376313', 'opt_rev': 'x.x.x'}, 'signature': ([{'alpha': 0.019628224813442792, 'batch_size': 182, 'beta_1': 0.9410202200271762, 'beta_2': 0.9998021557676793, 'epsilon': 1.8662266976518e-08, 'hidden_layer_sizes': 147, 'learning_rate_init': 0.0005627932047415167, 'tol': 0.03690557729213761, 'validation_fraction': 0.8846827852548593}, {'alpha': 0.0019982467392329444, 'batch_size': 200, 'beta_1': 0.919111482530466, 'beta_2': 0.9998488260436156, 'epsilon': 5.981221901152555e-07, 'hidden_layer_sizes': 61, 'learning_rate_init': 2.2310905607443014e-05, 'tol': 1.2046852412030316e-05, 'validation_fraction': 0.8117896445826539}, {'alpha': 0.46659545670218433, 'batch_size': 219, 'beta_1': 0.9889789783750891, 'beta_2': 0.9999896868093284, 'epsilon': 2.4234724484675948e-08, 'hidden_layer_sizes': 167, 'learning_rate_init': 2.972334644335654e-05, 'tol': 0.0036281404040243792, 'validation_fraction': 0.17260651658522078}, {'alpha': 4.656005689076002, 'batch_size': 135, 'beta_1': 0.870503881627747, 'beta_2': 0.9948873266941017, 'epsilon': 2.1023308743480125e-07, 'hidden_layer_sizes': 118, 'learning_rate_init': 0.0018781738757161913, 'tol': 1.1889379831773004e-05, 'validation_fraction': 0.6264327093752792}, {'alpha': 0.04705159350400542, 'batch_size': 158, 'beta_1': 0.9870884262730957, 'beta_2': 0.9999596874382349, 'epsilon': 1.1981845126013875e-08, 'hidden_layer_sizes': 116, 'learning_rate_init': 0.00617340520407431, 'tol': 1.741413418158619e-05, 'validation_fraction': 0.6754299026638921}], [29083.993548572587, 29062.423277324073, 29075.78987471409, 24626.32866834337, 9584.226858493177])}
saving results
saving timing
saving suggest log
done
