running: {'--uuid': '2fd45f0122345740a6cd6fdf6e6849d2', '-db-root': '/home/ryedida/bbo_challenge_starter_kit/output', '--opt-root': '/home/ryedida/bbo_challenge_starter_kit/example_submissions', '--data-root': None, '--db': 'run_20230425_034200', '--opt': 'smoothness', '--data': 'diabetes', '--classifier': 'MLP-adam', '--metric': 'mse', '--calls': 15, '--suggestions': 1, '--jobs-file': None, '--verbose': False, 'dry_run': False, 'rev': 'a376313', 'opt_rev': 'x.x.x'}
cmd: python smoothness/optimizer.py -c MLP-adam -d diabetes -o smoothness -u 2fd45f0122345740a6cd6fdf6e6849d2 -m mse -n 15 -p 1 -dir /home/ryedida/bbo_challenge_starter_kit/output -b run_20230425_034200
/home/ryedida/.local/lib/python3.9/site-packages/sklearn/neural_network/_multilayer_perceptron.py:605: UserWarning: Got `batch_size` less than 1 or larger than sample size. It is going to be clipped
  warnings.warn(

/home/ryedida/.local/lib/python3.9/site-packages/sklearn/neural_network/_multilayer_perceptron.py:605: UserWarning: Got `batch_size` less than 1 or larger than sample size. It is going to be clipped
  warnings.warn(

/home/ryedida/.local/lib/python3.9/site-packages/sklearn/neural_network/_multilayer_perceptron.py:605: UserWarning: Got `batch_size` less than 1 or larger than sample size. It is going to be clipped
  warnings.warn(

/home/ryedida/.local/lib/python3.9/site-packages/sklearn/neural_network/_multilayer_perceptron.py:686: ConvergenceWarning: Stochastic Optimizer: Maximum iterations (200) reached and the optimization hasn't converged yet.
  warnings.warn(

/home/ryedida/.local/lib/python3.9/site-packages/sklearn/neural_network/_multilayer_perceptron.py:605: UserWarning: Got `batch_size` less than 1 or larger than sample size. It is going to be clipped
  warnings.warn(

/home/ryedida/.local/lib/python3.9/site-packages/sklearn/neural_network/_multilayer_perceptron.py:686: ConvergenceWarning: Stochastic Optimizer: Maximum iterations (200) reached and the optimization hasn't converged yet.
  warnings.warn(

computed signature: ([{'alpha': 0.019628224813442792, 'batch_size': 182, 'beta_1': 0.9410202200271762, 'beta_2': 0.9998021557676793, 'epsilon': 1.8662266976518e-08, 'hidden_layer_sizes': 147, 'learning_rate_init': 0.0005627932047415167, 'tol': 0.03690557729213761, 'validation_fraction': 0.8846827852548593}, {'alpha': 0.0019982467392329444, 'batch_size': 200, 'beta_1': 0.919111482530466, 'beta_2': 0.9998488260436156, 'epsilon': 5.981221901152555e-07, 'hidden_layer_sizes': 61, 'learning_rate_init': 2.2310905607443014e-05, 'tol': 1.2046852412030316e-05, 'validation_fraction': 0.8117896445826539}, {'alpha': 0.46659545670218433, 'batch_size': 219, 'beta_1': 0.9889789783750891, 'beta_2': 0.9999896868093284, 'epsilon': 2.4234724484675948e-08, 'hidden_layer_sizes': 167, 'learning_rate_init': 2.972334644335654e-05, 'tol': 0.0036281404040243792, 'validation_fraction': 0.17260651658522078}, {'alpha': 4.656005689076002, 'batch_size': 135, 'beta_1': 0.870503881627747, 'beta_2': 0.9948873266941017, 'epsilon': 2.1023308743480125e-07, 'hidden_layer_sizes': 118, 'learning_rate_init': 0.0018781738757161913, 'tol': 1.1889379831773004e-05, 'validation_fraction': 0.6264327093752792}, {'alpha': 0.04705159350400542, 'batch_size': 158, 'beta_1': 0.9870884262730957, 'beta_2': 0.9999596874382349, 'epsilon': 1.1981845126013875e-08, 'hidden_layer_sizes': 116, 'learning_rate_init': 0.00617340520407431, 'tol': 1.741413418158619e-05, 'validation_fraction': 0.6754299026638921}], [29083.993548572587, 29062.423277324073, 29075.78987471409, 24626.32866834337, 9584.226858493177])
Signature errors:
                              0         1         2         3         4       max
MLP-adam_diabetes_mse  0.000007  0.000008  0.000003  0.003558  0.004952  0.004952
max                    0.000007  0.000008  0.000003  0.003558  0.004952  0.004952
starting sklearn study smoothness MLP-adam diabetes mse 15 1
with data root: None
Failure in optimizer suggest. Falling back to random search.
name 'activ' is not defined
Traceback (most recent call last):
  File "/home/ryedida/.local/lib/python3.9/site-packages/bayesmark/experiment.py", line 126, in run_study
    next_points = optimizer.suggest(n_suggestions)
  File "/home/ryedida/bbo_challenge_starter_kit/example_submissions/smoothness/optimizer.py", line 105, in suggest
    betas = [self._get_smoothness_reg(guess) for guess in guesses]
  File "/home/ryedida/bbo_challenge_starter_kit/example_submissions/smoothness/optimizer.py", line 105, in <listcomp>
    betas = [self._get_smoothness_reg(guess) for guess in guesses]
  File "/home/ryedida/bbo_challenge_starter_kit/example_submissions/smoothness/optimizer.py", line 48, in _get_smoothness_reg
    if activ > Kz:
NameError: name 'activ' is not defined
suggestion time taken 0.493678 iter 0 next_points [{'alpha': 1.0525931379346443, 'batch_size': 132, 'beta_1': 0.7319194505989569, 'beta_2': 0.9609140406213827, 'epsilon': 4.8956491214512675e-08, 'hidden_layer_sizes': 174, 'learning_rate_init': 0.00017129199184760476, 'tol': 1.790271076162668e-05, 'validation_fraction': 0.6063680342461102}]
/home/ryedida/.local/lib/python3.9/site-packages/sklearn/neural_network/_multilayer_perceptron.py:686: ConvergenceWarning: Stochastic Optimizer: Maximum iterations (200) reached and the optimization hasn't converged yet.
  warnings.warn(

function_evaluation time 0.921629 value 28932.772991 suggestion {'alpha': 1.0525931379346443, 'batch_size': 132, 'beta_1': 0.7319194505989569, 'beta_2': 0.9609140406213827, 'epsilon': 4.8956491214512675e-08, 'hidden_layer_sizes': 174, 'learning_rate_init': 0.00017129199184760476, 'tol': 1.790271076162668e-05, 'validation_fraction': 0.6063680342461102}
observation time 0.000005, current best 28932.772991 at iter 0
Failure in optimizer suggest. Falling back to random search.
name 'activ' is not defined
Traceback (most recent call last):
  File "/home/ryedida/.local/lib/python3.9/site-packages/bayesmark/experiment.py", line 126, in run_study
    next_points = optimizer.suggest(n_suggestions)
  File "/home/ryedida/bbo_challenge_starter_kit/example_submissions/smoothness/optimizer.py", line 105, in suggest
    betas = [self._get_smoothness_reg(guess) for guess in guesses]
  File "/home/ryedida/bbo_challenge_starter_kit/example_submissions/smoothness/optimizer.py", line 105, in <listcomp>
    betas = [self._get_smoothness_reg(guess) for guess in guesses]
  File "/home/ryedida/bbo_challenge_starter_kit/example_submissions/smoothness/optimizer.py", line 48, in _get_smoothness_reg
    if activ > Kz:
NameError: name 'activ' is not defined
suggestion time taken 0.329183 iter 1 next_points [{'alpha': 0.002114959403835112, 'batch_size': 127, 'beta_1': 0.8445767874048591, 'beta_2': 0.9999970910305285, 'epsilon': 1.7958270019372244e-07, 'hidden_layer_sizes': 55, 'learning_rate_init': 0.003094165820081439, 'tol': 3.26312662662496e-05, 'validation_fraction': 0.7792705494940153}]
/home/ryedida/.local/lib/python3.9/site-packages/sklearn/neural_network/_multilayer_perceptron.py:605: UserWarning: Got `batch_size` less than 1 or larger than sample size. It is going to be clipped
  warnings.warn(

/home/ryedida/.local/lib/python3.9/site-packages/sklearn/neural_network/_multilayer_perceptron.py:686: ConvergenceWarning: Stochastic Optimizer: Maximum iterations (200) reached and the optimization hasn't converged yet.
  warnings.warn(

function_evaluation time 0.571291 value 22704.722118 suggestion {'alpha': 0.002114959403835112, 'batch_size': 127, 'beta_1': 0.8445767874048591, 'beta_2': 0.9999970910305285, 'epsilon': 1.7958270019372244e-07, 'hidden_layer_sizes': 55, 'learning_rate_init': 0.003094165820081439, 'tol': 3.26312662662496e-05, 'validation_fraction': 0.7792705494940153}
observation time 0.000005, current best 22704.722118 at iter 1
Failure in optimizer suggest. Falling back to random search.
name 'activ' is not defined
Traceback (most recent call last):
  File "/home/ryedida/.local/lib/python3.9/site-packages/bayesmark/experiment.py", line 126, in run_study
    next_points = optimizer.suggest(n_suggestions)
  File "/home/ryedida/bbo_challenge_starter_kit/example_submissions/smoothness/optimizer.py", line 105, in suggest
    betas = [self._get_smoothness_reg(guess) for guess in guesses]
  File "/home/ryedida/bbo_challenge_starter_kit/example_submissions/smoothness/optimizer.py", line 105, in <listcomp>
    betas = [self._get_smoothness_reg(guess) for guess in guesses]
  File "/home/ryedida/bbo_challenge_starter_kit/example_submissions/smoothness/optimizer.py", line 48, in _get_smoothness_reg
    if activ > Kz:
NameError: name 'activ' is not defined
suggestion time taken 0.323831 iter 2 next_points [{'alpha': 1.2641019535759271e-05, 'batch_size': 101, 'beta_1': 0.9655047277520306, 'beta_2': 0.9999497185522588, 'epsilon': 8.88089730077259e-07, 'hidden_layer_sizes': 75, 'learning_rate_init': 0.02844513349248078, 'tol': 0.0009505274339507724, 'validation_fraction': 0.8925030915863068}]
/home/ryedida/.local/lib/python3.9/site-packages/sklearn/neural_network/_multilayer_perceptron.py:605: UserWarning: Got `batch_size` less than 1 or larger than sample size. It is going to be clipped
  warnings.warn(

function_evaluation time 0.291378 value 4234.596584 suggestion {'alpha': 1.2641019535759271e-05, 'batch_size': 101, 'beta_1': 0.9655047277520306, 'beta_2': 0.9999497185522588, 'epsilon': 8.88089730077259e-07, 'hidden_layer_sizes': 75, 'learning_rate_init': 0.02844513349248078, 'tol': 0.0009505274339507724, 'validation_fraction': 0.8925030915863068}
observation time 0.000006, current best 4234.596584 at iter 2
Failure in optimizer suggest. Falling back to random search.
name 'activ' is not defined
Traceback (most recent call last):
  File "/home/ryedida/.local/lib/python3.9/site-packages/bayesmark/experiment.py", line 126, in run_study
    next_points = optimizer.suggest(n_suggestions)
  File "/home/ryedida/bbo_challenge_starter_kit/example_submissions/smoothness/optimizer.py", line 105, in suggest
    betas = [self._get_smoothness_reg(guess) for guess in guesses]
  File "/home/ryedida/bbo_challenge_starter_kit/example_submissions/smoothness/optimizer.py", line 105, in <listcomp>
    betas = [self._get_smoothness_reg(guess) for guess in guesses]
  File "/home/ryedida/bbo_challenge_starter_kit/example_submissions/smoothness/optimizer.py", line 48, in _get_smoothness_reg
    if activ > Kz:
NameError: name 'activ' is not defined
suggestion time taken 0.327217 iter 3 next_points [{'alpha': 6.268537730025614e-05, 'batch_size': 67, 'beta_1': 0.9406618463198241, 'beta_2': 0.995224381405304, 'epsilon': 1.2567662950585173e-07, 'hidden_layer_sizes': 142, 'learning_rate_init': 2.3901770948644585e-05, 'tol': 1.0581090995024081e-05, 'validation_fraction': 0.82065150226387}]
/home/ryedida/.local/lib/python3.9/site-packages/sklearn/neural_network/_multilayer_perceptron.py:605: UserWarning: Got `batch_size` less than 1 or larger than sample size. It is going to be clipped
  warnings.warn(

/home/ryedida/.local/lib/python3.9/site-packages/sklearn/neural_network/_multilayer_perceptron.py:686: ConvergenceWarning: Stochastic Optimizer: Maximum iterations (200) reached and the optimization hasn't converged yet.
  warnings.warn(

function_evaluation time 0.722703 value 29068.658810 suggestion {'alpha': 6.268537730025614e-05, 'batch_size': 67, 'beta_1': 0.9406618463198241, 'beta_2': 0.995224381405304, 'epsilon': 1.2567662950585173e-07, 'hidden_layer_sizes': 142, 'learning_rate_init': 2.3901770948644585e-05, 'tol': 1.0581090995024081e-05, 'validation_fraction': 0.82065150226387}
observation time 0.000005, current best 4234.596584 at iter 3
Failure in optimizer suggest. Falling back to random search.
name 'activ' is not defined
Traceback (most recent call last):
  File "/home/ryedida/.local/lib/python3.9/site-packages/bayesmark/experiment.py", line 126, in run_study
    next_points = optimizer.suggest(n_suggestions)
  File "/home/ryedida/bbo_challenge_starter_kit/example_submissions/smoothness/optimizer.py", line 105, in suggest
    betas = [self._get_smoothness_reg(guess) for guess in guesses]
  File "/home/ryedida/bbo_challenge_starter_kit/example_submissions/smoothness/optimizer.py", line 105, in <listcomp>
    betas = [self._get_smoothness_reg(guess) for guess in guesses]
  File "/home/ryedida/bbo_challenge_starter_kit/example_submissions/smoothness/optimizer.py", line 48, in _get_smoothness_reg
    if activ > Kz:
NameError: name 'activ' is not defined
suggestion time taken 0.325051 iter 4 next_points [{'alpha': 6.867395727529706, 'batch_size': 202, 'beta_1': 0.7465839354760325, 'beta_2': 0.9999937198242665, 'epsilon': 5.4191174986332354e-08, 'hidden_layer_sizes': 150, 'learning_rate_init': 5.284620491633933e-05, 'tol': 0.03509915975827208, 'validation_fraction': 0.5575886024273191}]
/home/ryedida/.local/lib/python3.9/site-packages/sklearn/neural_network/_multilayer_perceptron.py:605: UserWarning: Got `batch_size` less than 1 or larger than sample size. It is going to be clipped
  warnings.warn(

function_evaluation time 0.060532 value 29154.829254 suggestion {'alpha': 6.867395727529706, 'batch_size': 202, 'beta_1': 0.7465839354760325, 'beta_2': 0.9999937198242665, 'epsilon': 5.4191174986332354e-08, 'hidden_layer_sizes': 150, 'learning_rate_init': 5.284620491633933e-05, 'tol': 0.03509915975827208, 'validation_fraction': 0.5575886024273191}
observation time 0.000004, current best 4234.596584 at iter 4
Failure in optimizer suggest. Falling back to random search.
name 'activ' is not defined
Traceback (most recent call last):
  File "/home/ryedida/.local/lib/python3.9/site-packages/bayesmark/experiment.py", line 126, in run_study
    next_points = optimizer.suggest(n_suggestions)
  File "/home/ryedida/bbo_challenge_starter_kit/example_submissions/smoothness/optimizer.py", line 105, in suggest
    betas = [self._get_smoothness_reg(guess) for guess in guesses]
  File "/home/ryedida/bbo_challenge_starter_kit/example_submissions/smoothness/optimizer.py", line 105, in <listcomp>
    betas = [self._get_smoothness_reg(guess) for guess in guesses]
  File "/home/ryedida/bbo_challenge_starter_kit/example_submissions/smoothness/optimizer.py", line 48, in _get_smoothness_reg
    if activ > Kz:
NameError: name 'activ' is not defined
suggestion time taken 0.325226 iter 5 next_points [{'alpha': 0.0015662399905110678, 'batch_size': 68, 'beta_1': 0.758004414441847, 'beta_2': 0.9978275734905766, 'epsilon': 2.6843074307151105e-07, 'hidden_layer_sizes': 186, 'learning_rate_init': 0.08434969120666296, 'tol': 0.006206668994162464, 'validation_fraction': 0.5134894718747391}]
function_evaluation time 0.294985 value 3043.090663 suggestion {'alpha': 0.0015662399905110678, 'batch_size': 68, 'beta_1': 0.758004414441847, 'beta_2': 0.9978275734905766, 'epsilon': 2.6843074307151105e-07, 'hidden_layer_sizes': 186, 'learning_rate_init': 0.08434969120666296, 'tol': 0.006206668994162464, 'validation_fraction': 0.5134894718747391}
observation time 0.000005, current best 3043.090663 at iter 5
Failure in optimizer suggest. Falling back to random search.
name 'activ' is not defined
Traceback (most recent call last):
  File "/home/ryedida/.local/lib/python3.9/site-packages/bayesmark/experiment.py", line 126, in run_study
    next_points = optimizer.suggest(n_suggestions)
  File "/home/ryedida/bbo_challenge_starter_kit/example_submissions/smoothness/optimizer.py", line 105, in suggest
    betas = [self._get_smoothness_reg(guess) for guess in guesses]
  File "/home/ryedida/bbo_challenge_starter_kit/example_submissions/smoothness/optimizer.py", line 105, in <listcomp>
    betas = [self._get_smoothness_reg(guess) for guess in guesses]
  File "/home/ryedida/bbo_challenge_starter_kit/example_submissions/smoothness/optimizer.py", line 48, in _get_smoothness_reg
    if activ > Kz:
NameError: name 'activ' is not defined
suggestion time taken 0.328308 iter 6 next_points [{'alpha': 0.01661059548805123, 'batch_size': 233, 'beta_1': 0.829670215485993, 'beta_2': 0.9953126886148135, 'epsilon': 3.379409826050703e-09, 'hidden_layer_sizes': 198, 'learning_rate_init': 0.00010690604641199734, 'tol': 1.8271232000691046e-05, 'validation_fraction': 0.4086090320238565}]
/home/ryedida/.local/lib/python3.9/site-packages/sklearn/neural_network/_multilayer_perceptron.py:605: UserWarning: Got `batch_size` less than 1 or larger than sample size. It is going to be clipped
  warnings.warn(

/home/ryedida/.local/lib/python3.9/site-packages/sklearn/neural_network/_multilayer_perceptron.py:686: ConvergenceWarning: Stochastic Optimizer: Maximum iterations (200) reached and the optimization hasn't converged yet.
  warnings.warn(

function_evaluation time 1.043380 value 28985.485780 suggestion {'alpha': 0.01661059548805123, 'batch_size': 233, 'beta_1': 0.829670215485993, 'beta_2': 0.9953126886148135, 'epsilon': 3.379409826050703e-09, 'hidden_layer_sizes': 198, 'learning_rate_init': 0.00010690604641199734, 'tol': 1.8271232000691046e-05, 'validation_fraction': 0.4086090320238565}
observation time 0.000004, current best 3043.090663 at iter 6
Failure in optimizer suggest. Falling back to random search.
name 'activ' is not defined
Traceback (most recent call last):
  File "/home/ryedida/.local/lib/python3.9/site-packages/bayesmark/experiment.py", line 126, in run_study
    next_points = optimizer.suggest(n_suggestions)
  File "/home/ryedida/bbo_challenge_starter_kit/example_submissions/smoothness/optimizer.py", line 105, in suggest
    betas = [self._get_smoothness_reg(guess) for guess in guesses]
  File "/home/ryedida/bbo_challenge_starter_kit/example_submissions/smoothness/optimizer.py", line 105, in <listcomp>
    betas = [self._get_smoothness_reg(guess) for guess in guesses]
  File "/home/ryedida/bbo_challenge_starter_kit/example_submissions/smoothness/optimizer.py", line 48, in _get_smoothness_reg
    if activ > Kz:
NameError: name 'activ' is not defined
suggestion time taken 0.456593 iter 7 next_points [{'alpha': 0.007966629508724433, 'batch_size': 147, 'beta_1': 0.8130529966737647, 'beta_2': 0.9999988403273506, 'epsilon': 5.09930291807137e-07, 'hidden_layer_sizes': 159, 'learning_rate_init': 0.01750615817472032, 'tol': 0.0002644907760420865, 'validation_fraction': 0.803898525615493}]
/home/ryedida/.local/lib/python3.9/site-packages/sklearn/neural_network/_multilayer_perceptron.py:605: UserWarning: Got `batch_size` less than 1 or larger than sample size. It is going to be clipped
  warnings.warn(

function_evaluation time 0.714711 value 3191.930784 suggestion {'alpha': 0.007966629508724433, 'batch_size': 147, 'beta_1': 0.8130529966737647, 'beta_2': 0.9999988403273506, 'epsilon': 5.09930291807137e-07, 'hidden_layer_sizes': 159, 'learning_rate_init': 0.01750615817472032, 'tol': 0.0002644907760420865, 'validation_fraction': 0.803898525615493}
observation time 0.000004, current best 3043.090663 at iter 7
Failure in optimizer suggest. Falling back to random search.
name 'activ' is not defined
Traceback (most recent call last):
  File "/home/ryedida/.local/lib/python3.9/site-packages/bayesmark/experiment.py", line 126, in run_study
    next_points = optimizer.suggest(n_suggestions)
  File "/home/ryedida/bbo_challenge_starter_kit/example_submissions/smoothness/optimizer.py", line 105, in suggest
    betas = [self._get_smoothness_reg(guess) for guess in guesses]
  File "/home/ryedida/bbo_challenge_starter_kit/example_submissions/smoothness/optimizer.py", line 105, in <listcomp>
    betas = [self._get_smoothness_reg(guess) for guess in guesses]
  File "/home/ryedida/bbo_challenge_starter_kit/example_submissions/smoothness/optimizer.py", line 48, in _get_smoothness_reg
    if activ > Kz:
NameError: name 'activ' is not defined
suggestion time taken 0.320265 iter 8 next_points [{'alpha': 4.283680421221592e-05, 'batch_size': 112, 'beta_1': 0.8232691473359794, 'beta_2': 0.9865968650950162, 'epsilon': 2.78735319068809e-09, 'hidden_layer_sizes': 133, 'learning_rate_init': 3.030765601280236e-05, 'tol': 0.011302378373543429, 'validation_fraction': 0.14983890128743405}]
function_evaluation time 0.097302 value 29092.610118 suggestion {'alpha': 4.283680421221592e-05, 'batch_size': 112, 'beta_1': 0.8232691473359794, 'beta_2': 0.9865968650950162, 'epsilon': 2.78735319068809e-09, 'hidden_layer_sizes': 133, 'learning_rate_init': 3.030765601280236e-05, 'tol': 0.011302378373543429, 'validation_fraction': 0.14983890128743405}
observation time 0.000005, current best 3043.090663 at iter 8
Failure in optimizer suggest. Falling back to random search.
name 'activ' is not defined
Traceback (most recent call last):
  File "/home/ryedida/.local/lib/python3.9/site-packages/bayesmark/experiment.py", line 126, in run_study
    next_points = optimizer.suggest(n_suggestions)
  File "/home/ryedida/bbo_challenge_starter_kit/example_submissions/smoothness/optimizer.py", line 105, in suggest
    betas = [self._get_smoothness_reg(guess) for guess in guesses]
  File "/home/ryedida/bbo_challenge_starter_kit/example_submissions/smoothness/optimizer.py", line 105, in <listcomp>
    betas = [self._get_smoothness_reg(guess) for guess in guesses]
  File "/home/ryedida/bbo_challenge_starter_kit/example_submissions/smoothness/optimizer.py", line 48, in _get_smoothness_reg
    if activ > Kz:
NameError: name 'activ' is not defined
suggestion time taken 0.335971 iter 9 next_points [{'alpha': 0.008492924855018215, 'batch_size': 57, 'beta_1': 0.7980313599730078, 'beta_2': 0.9824550317202999, 'epsilon': 5.080298788066158e-07, 'hidden_layer_sizes': 128, 'learning_rate_init': 0.0007454868727713202, 'tol': 0.00961251435448033, 'validation_fraction': 0.1914763020092613}]
function_evaluation time 0.072488 value 28942.643436 suggestion {'alpha': 0.008492924855018215, 'batch_size': 57, 'beta_1': 0.7980313599730078, 'beta_2': 0.9824550317202999, 'epsilon': 5.080298788066158e-07, 'hidden_layer_sizes': 128, 'learning_rate_init': 0.0007454868727713202, 'tol': 0.00961251435448033, 'validation_fraction': 0.1914763020092613}
observation time 0.000005, current best 3043.090663 at iter 9
Failure in optimizer suggest. Falling back to random search.
name 'activ' is not defined
Traceback (most recent call last):
  File "/home/ryedida/.local/lib/python3.9/site-packages/bayesmark/experiment.py", line 126, in run_study
    next_points = optimizer.suggest(n_suggestions)
  File "/home/ryedida/bbo_challenge_starter_kit/example_submissions/smoothness/optimizer.py", line 105, in suggest
    betas = [self._get_smoothness_reg(guess) for guess in guesses]
  File "/home/ryedida/bbo_challenge_starter_kit/example_submissions/smoothness/optimizer.py", line 105, in <listcomp>
    betas = [self._get_smoothness_reg(guess) for guess in guesses]
  File "/home/ryedida/bbo_challenge_starter_kit/example_submissions/smoothness/optimizer.py", line 48, in _get_smoothness_reg
    if activ > Kz:
NameError: name 'activ' is not defined
suggestion time taken 0.320292 iter 10 next_points [{'alpha': 8.965040435301047, 'batch_size': 126, 'beta_1': 0.982634569950454, 'beta_2': 0.9833125511451808, 'epsilon': 3.154956609397276e-09, 'hidden_layer_sizes': 78, 'learning_rate_init': 0.0002307814945058659, 'tol': 3.739852917658374e-05, 'validation_fraction': 0.3549308787511317}]
/home/ryedida/.local/lib/python3.9/site-packages/sklearn/neural_network/_multilayer_perceptron.py:686: ConvergenceWarning: Stochastic Optimizer: Maximum iterations (200) reached and the optimization hasn't converged yet.
  warnings.warn(

function_evaluation time 0.891597 value 28727.363792 suggestion {'alpha': 8.965040435301047, 'batch_size': 126, 'beta_1': 0.982634569950454, 'beta_2': 0.9833125511451808, 'epsilon': 3.154956609397276e-09, 'hidden_layer_sizes': 78, 'learning_rate_init': 0.0002307814945058659, 'tol': 3.739852917658374e-05, 'validation_fraction': 0.3549308787511317}
observation time 0.000005, current best 3043.090663 at iter 10
Failure in optimizer suggest. Falling back to random search.
name 'activ' is not defined
Traceback (most recent call last):
  File "/home/ryedida/.local/lib/python3.9/site-packages/bayesmark/experiment.py", line 126, in run_study
    next_points = optimizer.suggest(n_suggestions)
  File "/home/ryedida/bbo_challenge_starter_kit/example_submissions/smoothness/optimizer.py", line 105, in suggest
    betas = [self._get_smoothness_reg(guess) for guess in guesses]
  File "/home/ryedida/bbo_challenge_starter_kit/example_submissions/smoothness/optimizer.py", line 105, in <listcomp>
    betas = [self._get_smoothness_reg(guess) for guess in guesses]
  File "/home/ryedida/bbo_challenge_starter_kit/example_submissions/smoothness/optimizer.py", line 48, in _get_smoothness_reg
    if activ > Kz:
NameError: name 'activ' is not defined
suggestion time taken 0.315967 iter 11 next_points [{'alpha': 0.017048254772589883, 'batch_size': 64, 'beta_1': 0.6508041679940924, 'beta_2': 0.9986926393299828, 'epsilon': 4.542791482779496e-08, 'hidden_layer_sizes': 176, 'learning_rate_init': 0.0065331316828228375, 'tol': 0.08560221923861218, 'validation_fraction': 0.6373001180353449}]
function_evaluation time 0.076676 value 27586.283035 suggestion {'alpha': 0.017048254772589883, 'batch_size': 64, 'beta_1': 0.6508041679940924, 'beta_2': 0.9986926393299828, 'epsilon': 4.542791482779496e-08, 'hidden_layer_sizes': 176, 'learning_rate_init': 0.0065331316828228375, 'tol': 0.08560221923861218, 'validation_fraction': 0.6373001180353449}
observation time 0.000005, current best 3043.090663 at iter 11
Failure in optimizer suggest. Falling back to random search.
name 'activ' is not defined
Traceback (most recent call last):
  File "/home/ryedida/.local/lib/python3.9/site-packages/bayesmark/experiment.py", line 126, in run_study
    next_points = optimizer.suggest(n_suggestions)
  File "/home/ryedida/bbo_challenge_starter_kit/example_submissions/smoothness/optimizer.py", line 105, in suggest
    betas = [self._get_smoothness_reg(guess) for guess in guesses]
  File "/home/ryedida/bbo_challenge_starter_kit/example_submissions/smoothness/optimizer.py", line 105, in <listcomp>
    betas = [self._get_smoothness_reg(guess) for guess in guesses]
  File "/home/ryedida/bbo_challenge_starter_kit/example_submissions/smoothness/optimizer.py", line 48, in _get_smoothness_reg
    if activ > Kz:
NameError: name 'activ' is not defined
suggestion time taken 0.327958 iter 12 next_points [{'alpha': 0.03817964874330652, 'batch_size': 184, 'beta_1': 0.9638934047451698, 'beta_2': 0.9941567507085556, 'epsilon': 8.81832438619612e-09, 'hidden_layer_sizes': 139, 'learning_rate_init': 0.0034856265421645796, 'tol': 0.005739917046824775, 'validation_fraction': 0.11999083751164583}]
function_evaluation time 0.666614 value 18330.650712 suggestion {'alpha': 0.03817964874330652, 'batch_size': 184, 'beta_1': 0.9638934047451698, 'beta_2': 0.9941567507085556, 'epsilon': 8.81832438619612e-09, 'hidden_layer_sizes': 139, 'learning_rate_init': 0.0034856265421645796, 'tol': 0.005739917046824775, 'validation_fraction': 0.11999083751164583}
observation time 0.000004, current best 3043.090663 at iter 12
Failure in optimizer suggest. Falling back to random search.
name 'activ' is not defined
Traceback (most recent call last):
  File "/home/ryedida/.local/lib/python3.9/site-packages/bayesmark/experiment.py", line 126, in run_study
    next_points = optimizer.suggest(n_suggestions)
  File "/home/ryedida/bbo_challenge_starter_kit/example_submissions/smoothness/optimizer.py", line 105, in suggest
    betas = [self._get_smoothness_reg(guess) for guess in guesses]
  File "/home/ryedida/bbo_challenge_starter_kit/example_submissions/smoothness/optimizer.py", line 105, in <listcomp>
    betas = [self._get_smoothness_reg(guess) for guess in guesses]
  File "/home/ryedida/bbo_challenge_starter_kit/example_submissions/smoothness/optimizer.py", line 48, in _get_smoothness_reg
    if activ > Kz:
NameError: name 'activ' is not defined
suggestion time taken 0.317923 iter 13 next_points [{'alpha': 0.0010935917944148695, 'batch_size': 130, 'beta_1': 0.791778466986383, 'beta_2': 0.9982034699541928, 'epsilon': 1.323127829350079e-08, 'hidden_layer_sizes': 161, 'learning_rate_init': 3.9933335074174846e-05, 'tol': 0.08465265429739356, 'validation_fraction': 0.1232878652597708}]
function_evaluation time 0.093758 value 29096.652398 suggestion {'alpha': 0.0010935917944148695, 'batch_size': 130, 'beta_1': 0.791778466986383, 'beta_2': 0.9982034699541928, 'epsilon': 1.323127829350079e-08, 'hidden_layer_sizes': 161, 'learning_rate_init': 3.9933335074174846e-05, 'tol': 0.08465265429739356, 'validation_fraction': 0.1232878652597708}
observation time 0.000005, current best 3043.090663 at iter 13
Failure in optimizer suggest. Falling back to random search.
name 'activ' is not defined
Traceback (most recent call last):
  File "/home/ryedida/.local/lib/python3.9/site-packages/bayesmark/experiment.py", line 126, in run_study
    next_points = optimizer.suggest(n_suggestions)
  File "/home/ryedida/bbo_challenge_starter_kit/example_submissions/smoothness/optimizer.py", line 105, in suggest
    betas = [self._get_smoothness_reg(guess) for guess in guesses]
  File "/home/ryedida/bbo_challenge_starter_kit/example_submissions/smoothness/optimizer.py", line 105, in <listcomp>
    betas = [self._get_smoothness_reg(guess) for guess in guesses]
  File "/home/ryedida/bbo_challenge_starter_kit/example_submissions/smoothness/optimizer.py", line 48, in _get_smoothness_reg
    if activ > Kz:
NameError: name 'activ' is not defined
suggestion time taken 0.321717 iter 14 next_points [{'alpha': 0.019350712937681484, 'batch_size': 212, 'beta_1': 0.7773426367875909, 'beta_2': 0.9971353964030212, 'epsilon': 1.995197558872997e-09, 'hidden_layer_sizes': 138, 'learning_rate_init': 3.469183091902958e-05, 'tol': 1.4757251328544125e-05, 'validation_fraction': 0.36545442948624296}]
/home/ryedida/.local/lib/python3.9/site-packages/sklearn/neural_network/_multilayer_perceptron.py:686: ConvergenceWarning: Stochastic Optimizer: Maximum iterations (200) reached and the optimization hasn't converged yet.
  warnings.warn(

function_evaluation time 0.941505 value 29101.128306 suggestion {'alpha': 0.019350712937681484, 'batch_size': 212, 'beta_1': 0.7773426367875909, 'beta_2': 0.9971353964030212, 'epsilon': 1.995197558872997e-09, 'hidden_layer_sizes': 138, 'learning_rate_init': 3.469183091902958e-05, 'tol': 1.4757251328544125e-05, 'validation_fraction': 0.36545442948624296}
observation time 0.000005, current best 3043.090663 at iter 14
saving meta data: {'args': {'--uuid': '2fd45f0122345740a6cd6fdf6e6849d2', '-db-root': '/home/ryedida/bbo_challenge_starter_kit/output', '--opt-root': '/home/ryedida/bbo_challenge_starter_kit/example_submissions', '--data-root': None, '--db': 'run_20230425_034200', '--opt': 'smoothness', '--data': 'diabetes', '--classifier': 'MLP-adam', '--metric': 'mse', '--calls': 15, '--suggestions': 1, '--jobs-file': None, '--verbose': False, 'dry_run': False, 'rev': 'a376313', 'opt_rev': 'x.x.x'}, 'signature': ([{'alpha': 0.019628224813442792, 'batch_size': 182, 'beta_1': 0.9410202200271762, 'beta_2': 0.9998021557676793, 'epsilon': 1.8662266976518e-08, 'hidden_layer_sizes': 147, 'learning_rate_init': 0.0005627932047415167, 'tol': 0.03690557729213761, 'validation_fraction': 0.8846827852548593}, {'alpha': 0.0019982467392329444, 'batch_size': 200, 'beta_1': 0.919111482530466, 'beta_2': 0.9998488260436156, 'epsilon': 5.981221901152555e-07, 'hidden_layer_sizes': 61, 'learning_rate_init': 2.2310905607443014e-05, 'tol': 1.2046852412030316e-05, 'validation_fraction': 0.8117896445826539}, {'alpha': 0.46659545670218433, 'batch_size': 219, 'beta_1': 0.9889789783750891, 'beta_2': 0.9999896868093284, 'epsilon': 2.4234724484675948e-08, 'hidden_layer_sizes': 167, 'learning_rate_init': 2.972334644335654e-05, 'tol': 0.0036281404040243792, 'validation_fraction': 0.17260651658522078}, {'alpha': 4.656005689076002, 'batch_size': 135, 'beta_1': 0.870503881627747, 'beta_2': 0.9948873266941017, 'epsilon': 2.1023308743480125e-07, 'hidden_layer_sizes': 118, 'learning_rate_init': 0.0018781738757161913, 'tol': 1.1889379831773004e-05, 'validation_fraction': 0.6264327093752792}, {'alpha': 0.04705159350400542, 'batch_size': 158, 'beta_1': 0.9870884262730957, 'beta_2': 0.9999596874382349, 'epsilon': 1.1981845126013875e-08, 'hidden_layer_sizes': 116, 'learning_rate_init': 0.00617340520407431, 'tol': 1.741413418158619e-05, 'validation_fraction': 0.6754299026638921}], [29083.993548572587, 29062.423277324073, 29075.78987471409, 24626.32866834337, 9584.226858493177])}
saving results
saving timing
saving suggest log
done
