running: {'--uuid': '3078c553429459ff84daf69053014d67', '-db-root': '/home/ryedida/bbo_challenge_starter_kit/output', '--opt-root': '/home/ryedida/bbo_challenge_starter_kit/example_submissions', '--data-root': None, '--db': 'run_20230425_034200', '--opt': 'smoothness', '--data': 'diabetes', '--classifier': 'MLP-adam', '--metric': 'mse', '--calls': 15, '--suggestions': 1, '--jobs-file': None, '--verbose': False, 'dry_run': False, 'rev': 'a376313', 'opt_rev': 'x.x.x'}
cmd: python smoothness/optimizer.py -c MLP-adam -d diabetes -o smoothness -u 3078c553429459ff84daf69053014d67 -m mse -n 15 -p 1 -dir /home/ryedida/bbo_challenge_starter_kit/output -b run_20230425_034200
/home/ryedida/.local/lib/python3.9/site-packages/sklearn/neural_network/_multilayer_perceptron.py:605: UserWarning: Got `batch_size` less than 1 or larger than sample size. It is going to be clipped
  warnings.warn(

/home/ryedida/.local/lib/python3.9/site-packages/sklearn/neural_network/_multilayer_perceptron.py:605: UserWarning: Got `batch_size` less than 1 or larger than sample size. It is going to be clipped
  warnings.warn(

/home/ryedida/.local/lib/python3.9/site-packages/sklearn/neural_network/_multilayer_perceptron.py:605: UserWarning: Got `batch_size` less than 1 or larger than sample size. It is going to be clipped
  warnings.warn(

/home/ryedida/.local/lib/python3.9/site-packages/sklearn/neural_network/_multilayer_perceptron.py:686: ConvergenceWarning: Stochastic Optimizer: Maximum iterations (200) reached and the optimization hasn't converged yet.
  warnings.warn(

/home/ryedida/.local/lib/python3.9/site-packages/sklearn/neural_network/_multilayer_perceptron.py:605: UserWarning: Got `batch_size` less than 1 or larger than sample size. It is going to be clipped
  warnings.warn(

/home/ryedida/.local/lib/python3.9/site-packages/sklearn/neural_network/_multilayer_perceptron.py:686: ConvergenceWarning: Stochastic Optimizer: Maximum iterations (200) reached and the optimization hasn't converged yet.
  warnings.warn(

computed signature: ([{'alpha': 0.019628224813442792, 'batch_size': 182, 'beta_1': 0.9410202200271762, 'beta_2': 0.9998021557676793, 'epsilon': 1.8662266976518e-08, 'hidden_layer_sizes': 147, 'learning_rate_init': 0.0005627932047415167, 'tol': 0.03690557729213761, 'validation_fraction': 0.8846827852548593}, {'alpha': 0.0019982467392329444, 'batch_size': 200, 'beta_1': 0.919111482530466, 'beta_2': 0.9998488260436156, 'epsilon': 5.981221901152555e-07, 'hidden_layer_sizes': 61, 'learning_rate_init': 2.2310905607443014e-05, 'tol': 1.2046852412030316e-05, 'validation_fraction': 0.8117896445826539}, {'alpha': 0.46659545670218433, 'batch_size': 219, 'beta_1': 0.9889789783750891, 'beta_2': 0.9999896868093284, 'epsilon': 2.4234724484675948e-08, 'hidden_layer_sizes': 167, 'learning_rate_init': 2.972334644335654e-05, 'tol': 0.0036281404040243792, 'validation_fraction': 0.17260651658522078}, {'alpha': 4.656005689076002, 'batch_size': 135, 'beta_1': 0.870503881627747, 'beta_2': 0.9948873266941017, 'epsilon': 2.1023308743480125e-07, 'hidden_layer_sizes': 118, 'learning_rate_init': 0.0018781738757161913, 'tol': 1.1889379831773004e-05, 'validation_fraction': 0.6264327093752792}, {'alpha': 0.04705159350400542, 'batch_size': 158, 'beta_1': 0.9870884262730957, 'beta_2': 0.9999596874382349, 'epsilon': 1.1981845126013875e-08, 'hidden_layer_sizes': 116, 'learning_rate_init': 0.00617340520407431, 'tol': 1.741413418158619e-05, 'validation_fraction': 0.6754299026638921}], [29083.993548572587, 29062.423277324073, 29075.78987471409, 24626.32866834337, 9584.226858493177])
Signature errors:
                              0         1         2         3         4       max
MLP-adam_diabetes_mse  0.000007  0.000008  0.000003  0.003558  0.004952  0.004952
max                    0.000007  0.000008  0.000003  0.003558  0.004952  0.004952
starting sklearn study smoothness MLP-adam diabetes mse 15 1
with data root: None
Failure in optimizer suggest. Falling back to random search.
name 'activ' is not defined
Traceback (most recent call last):
  File "/home/ryedida/.local/lib/python3.9/site-packages/bayesmark/experiment.py", line 126, in run_study
    next_points = optimizer.suggest(n_suggestions)
  File "/home/ryedida/bbo_challenge_starter_kit/example_submissions/smoothness/optimizer.py", line 105, in suggest
    betas = [self._get_smoothness_reg(guess) for guess in guesses]
  File "/home/ryedida/bbo_challenge_starter_kit/example_submissions/smoothness/optimizer.py", line 105, in <listcomp>
    betas = [self._get_smoothness_reg(guess) for guess in guesses]
  File "/home/ryedida/bbo_challenge_starter_kit/example_submissions/smoothness/optimizer.py", line 48, in _get_smoothness_reg
    if activ > Kz:
NameError: name 'activ' is not defined
suggestion time taken 0.507071 iter 0 next_points [{'alpha': 0.001406250459856293, 'batch_size': 171, 'beta_1': 0.9495192608147087, 'beta_2': 0.91480822741478, 'epsilon': 4.537923556586715e-09, 'hidden_layer_sizes': 142, 'learning_rate_init': 1.547189914887057e-05, 'tol': 0.018030723072858856, 'validation_fraction': 0.20793195800069883}]
function_evaluation time 0.082474 value 29106.201358 suggestion {'alpha': 0.001406250459856293, 'batch_size': 171, 'beta_1': 0.9495192608147087, 'beta_2': 0.91480822741478, 'epsilon': 4.537923556586715e-09, 'hidden_layer_sizes': 142, 'learning_rate_init': 1.547189914887057e-05, 'tol': 0.018030723072858856, 'validation_fraction': 0.20793195800069883}
observation time 0.000007, current best 29106.201358 at iter 0
Failure in optimizer suggest. Falling back to random search.
name 'activ' is not defined
Traceback (most recent call last):
  File "/home/ryedida/.local/lib/python3.9/site-packages/bayesmark/experiment.py", line 126, in run_study
    next_points = optimizer.suggest(n_suggestions)
  File "/home/ryedida/bbo_challenge_starter_kit/example_submissions/smoothness/optimizer.py", line 105, in suggest
    betas = [self._get_smoothness_reg(guess) for guess in guesses]
  File "/home/ryedida/bbo_challenge_starter_kit/example_submissions/smoothness/optimizer.py", line 105, in <listcomp>
    betas = [self._get_smoothness_reg(guess) for guess in guesses]
  File "/home/ryedida/bbo_challenge_starter_kit/example_submissions/smoothness/optimizer.py", line 48, in _get_smoothness_reg
    if activ > Kz:
NameError: name 'activ' is not defined
suggestion time taken 0.349649 iter 1 next_points [{'alpha': 4.683647765399172, 'batch_size': 115, 'beta_1': 0.7997869111931772, 'beta_2': 0.9945519600880336, 'epsilon': 2.4767943322670047e-08, 'hidden_layer_sizes': 71, 'learning_rate_init': 0.0010540972397350054, 'tol': 0.0005769605707547672, 'validation_fraction': 0.7598084832180519}]
/home/ryedida/.local/lib/python3.9/site-packages/sklearn/neural_network/_multilayer_perceptron.py:605: UserWarning: Got `batch_size` less than 1 or larger than sample size. It is going to be clipped
  warnings.warn(

/home/ryedida/.local/lib/python3.9/site-packages/sklearn/neural_network/_multilayer_perceptron.py:686: ConvergenceWarning: Stochastic Optimizer: Maximum iterations (200) reached and the optimization hasn't converged yet.
  warnings.warn(

function_evaluation time 0.334587 value 28577.128388 suggestion {'alpha': 4.683647765399172, 'batch_size': 115, 'beta_1': 0.7997869111931772, 'beta_2': 0.9945519600880336, 'epsilon': 2.4767943322670047e-08, 'hidden_layer_sizes': 71, 'learning_rate_init': 0.0010540972397350054, 'tol': 0.0005769605707547672, 'validation_fraction': 0.7598084832180519}
observation time 0.000005, current best 28577.128388 at iter 1
Failure in optimizer suggest. Falling back to random search.
name 'activ' is not defined
Traceback (most recent call last):
  File "/home/ryedida/.local/lib/python3.9/site-packages/bayesmark/experiment.py", line 126, in run_study
    next_points = optimizer.suggest(n_suggestions)
  File "/home/ryedida/bbo_challenge_starter_kit/example_submissions/smoothness/optimizer.py", line 105, in suggest
    betas = [self._get_smoothness_reg(guess) for guess in guesses]
  File "/home/ryedida/bbo_challenge_starter_kit/example_submissions/smoothness/optimizer.py", line 105, in <listcomp>
    betas = [self._get_smoothness_reg(guess) for guess in guesses]
  File "/home/ryedida/bbo_challenge_starter_kit/example_submissions/smoothness/optimizer.py", line 48, in _get_smoothness_reg
    if activ > Kz:
NameError: name 'activ' is not defined
suggestion time taken 0.330938 iter 2 next_points [{'alpha': 3.1527463962618367, 'batch_size': 144, 'beta_1': 0.9830377436587149, 'beta_2': 0.9999231822064055, 'epsilon': 2.5696766549923783e-08, 'hidden_layer_sizes': 56, 'learning_rate_init': 0.013096266146024299, 'tol': 0.002457878347241699, 'validation_fraction': 0.7714831106306632}]
/home/ryedida/.local/lib/python3.9/site-packages/sklearn/neural_network/_multilayer_perceptron.py:605: UserWarning: Got `batch_size` less than 1 or larger than sample size. It is going to be clipped
  warnings.warn(

/home/ryedida/.local/lib/python3.9/site-packages/sklearn/neural_network/_multilayer_perceptron.py:686: ConvergenceWarning: Stochastic Optimizer: Maximum iterations (200) reached and the optimization hasn't converged yet.
  warnings.warn(

function_evaluation time 0.562925 value 4035.100142 suggestion {'alpha': 3.1527463962618367, 'batch_size': 144, 'beta_1': 0.9830377436587149, 'beta_2': 0.9999231822064055, 'epsilon': 2.5696766549923783e-08, 'hidden_layer_sizes': 56, 'learning_rate_init': 0.013096266146024299, 'tol': 0.002457878347241699, 'validation_fraction': 0.7714831106306632}
observation time 0.000006, current best 4035.100142 at iter 2
Failure in optimizer suggest. Falling back to random search.
name 'activ' is not defined
Traceback (most recent call last):
  File "/home/ryedida/.local/lib/python3.9/site-packages/bayesmark/experiment.py", line 126, in run_study
    next_points = optimizer.suggest(n_suggestions)
  File "/home/ryedida/bbo_challenge_starter_kit/example_submissions/smoothness/optimizer.py", line 105, in suggest
    betas = [self._get_smoothness_reg(guess) for guess in guesses]
  File "/home/ryedida/bbo_challenge_starter_kit/example_submissions/smoothness/optimizer.py", line 105, in <listcomp>
    betas = [self._get_smoothness_reg(guess) for guess in guesses]
  File "/home/ryedida/bbo_challenge_starter_kit/example_submissions/smoothness/optimizer.py", line 48, in _get_smoothness_reg
    if activ > Kz:
NameError: name 'activ' is not defined
suggestion time taken 0.327673 iter 3 next_points [{'alpha': 0.00397462260691545, 'batch_size': 168, 'beta_1': 0.9619366173659644, 'beta_2': 0.95810579249993, 'epsilon': 2.8091346373429636e-07, 'hidden_layer_sizes': 192, 'learning_rate_init': 0.005906847053420125, 'tol': 0.002636080920588095, 'validation_fraction': 0.3618948435116669}]
function_evaluation time 0.888601 value 4174.991582 suggestion {'alpha': 0.00397462260691545, 'batch_size': 168, 'beta_1': 0.9619366173659644, 'beta_2': 0.95810579249993, 'epsilon': 2.8091346373429636e-07, 'hidden_layer_sizes': 192, 'learning_rate_init': 0.005906847053420125, 'tol': 0.002636080920588095, 'validation_fraction': 0.3618948435116669}
observation time 0.000005, current best 4035.100142 at iter 3
Failure in optimizer suggest. Falling back to random search.
name 'activ' is not defined
Traceback (most recent call last):
  File "/home/ryedida/.local/lib/python3.9/site-packages/bayesmark/experiment.py", line 126, in run_study
    next_points = optimizer.suggest(n_suggestions)
  File "/home/ryedida/bbo_challenge_starter_kit/example_submissions/smoothness/optimizer.py", line 105, in suggest
    betas = [self._get_smoothness_reg(guess) for guess in guesses]
  File "/home/ryedida/bbo_challenge_starter_kit/example_submissions/smoothness/optimizer.py", line 105, in <listcomp>
    betas = [self._get_smoothness_reg(guess) for guess in guesses]
  File "/home/ryedida/bbo_challenge_starter_kit/example_submissions/smoothness/optimizer.py", line 48, in _get_smoothness_reg
    if activ > Kz:
NameError: name 'activ' is not defined
suggestion time taken 0.328614 iter 4 next_points [{'alpha': 0.000948119843461056, 'batch_size': 139, 'beta_1': 0.7055061865239527, 'beta_2': 0.9999659234984604, 'epsilon': 2.539692658644231e-08, 'hidden_layer_sizes': 56, 'learning_rate_init': 0.007765303843953597, 'tol': 2.1638007731833472e-05, 'validation_fraction': 0.45390924837411323}]
/home/ryedida/.local/lib/python3.9/site-packages/sklearn/neural_network/_multilayer_perceptron.py:686: ConvergenceWarning: Stochastic Optimizer: Maximum iterations (200) reached and the optimization hasn't converged yet.
  warnings.warn(

function_evaluation time 0.559902 value 3634.288000 suggestion {'alpha': 0.000948119843461056, 'batch_size': 139, 'beta_1': 0.7055061865239527, 'beta_2': 0.9999659234984604, 'epsilon': 2.539692658644231e-08, 'hidden_layer_sizes': 56, 'learning_rate_init': 0.007765303843953597, 'tol': 2.1638007731833472e-05, 'validation_fraction': 0.45390924837411323}
observation time 0.000006, current best 3634.288000 at iter 4
Failure in optimizer suggest. Falling back to random search.
name 'activ' is not defined
Traceback (most recent call last):
  File "/home/ryedida/.local/lib/python3.9/site-packages/bayesmark/experiment.py", line 126, in run_study
    next_points = optimizer.suggest(n_suggestions)
  File "/home/ryedida/bbo_challenge_starter_kit/example_submissions/smoothness/optimizer.py", line 105, in suggest
    betas = [self._get_smoothness_reg(guess) for guess in guesses]
  File "/home/ryedida/bbo_challenge_starter_kit/example_submissions/smoothness/optimizer.py", line 105, in <listcomp>
    betas = [self._get_smoothness_reg(guess) for guess in guesses]
  File "/home/ryedida/bbo_challenge_starter_kit/example_submissions/smoothness/optimizer.py", line 48, in _get_smoothness_reg
    if activ > Kz:
NameError: name 'activ' is not defined
suggestion time taken 0.324528 iter 5 next_points [{'alpha': 0.07590343877030041, 'batch_size': 214, 'beta_1': 0.8826391858806437, 'beta_2': 0.9998844242704734, 'epsilon': 1.50388436604912e-08, 'hidden_layer_sizes': 81, 'learning_rate_init': 0.00044776147540672616, 'tol': 7.205075078221669e-05, 'validation_fraction': 0.696717353795792}]
/home/ryedida/.local/lib/python3.9/site-packages/sklearn/neural_network/_multilayer_perceptron.py:605: UserWarning: Got `batch_size` less than 1 or larger than sample size. It is going to be clipped
  warnings.warn(

/home/ryedida/.local/lib/python3.9/site-packages/sklearn/neural_network/_multilayer_perceptron.py:686: ConvergenceWarning: Stochastic Optimizer: Maximum iterations (200) reached and the optimization hasn't converged yet.
  warnings.warn(

function_evaluation time 0.650329 value 28739.622207 suggestion {'alpha': 0.07590343877030041, 'batch_size': 214, 'beta_1': 0.8826391858806437, 'beta_2': 0.9998844242704734, 'epsilon': 1.50388436604912e-08, 'hidden_layer_sizes': 81, 'learning_rate_init': 0.00044776147540672616, 'tol': 7.205075078221669e-05, 'validation_fraction': 0.696717353795792}
observation time 0.000005, current best 3634.288000 at iter 5
Failure in optimizer suggest. Falling back to random search.
name 'activ' is not defined
Traceback (most recent call last):
  File "/home/ryedida/.local/lib/python3.9/site-packages/bayesmark/experiment.py", line 126, in run_study
    next_points = optimizer.suggest(n_suggestions)
  File "/home/ryedida/bbo_challenge_starter_kit/example_submissions/smoothness/optimizer.py", line 105, in suggest
    betas = [self._get_smoothness_reg(guess) for guess in guesses]
  File "/home/ryedida/bbo_challenge_starter_kit/example_submissions/smoothness/optimizer.py", line 105, in <listcomp>
    betas = [self._get_smoothness_reg(guess) for guess in guesses]
  File "/home/ryedida/bbo_challenge_starter_kit/example_submissions/smoothness/optimizer.py", line 48, in _get_smoothness_reg
    if activ > Kz:
NameError: name 'activ' is not defined
suggestion time taken 0.327281 iter 6 next_points [{'alpha': 0.0005688636048865516, 'batch_size': 244, 'beta_1': 0.971640419850774, 'beta_2': 0.9939654757894747, 'epsilon': 5.298888393212323e-09, 'hidden_layer_sizes': 195, 'learning_rate_init': 0.0013977753730874947, 'tol': 0.0036887701985885554, 'validation_fraction': 0.10368709591502935}]
function_evaluation time 0.099324 value 28893.914360 suggestion {'alpha': 0.0005688636048865516, 'batch_size': 244, 'beta_1': 0.971640419850774, 'beta_2': 0.9939654757894747, 'epsilon': 5.298888393212323e-09, 'hidden_layer_sizes': 195, 'learning_rate_init': 0.0013977753730874947, 'tol': 0.0036887701985885554, 'validation_fraction': 0.10368709591502935}
observation time 0.000005, current best 3634.288000 at iter 6
Failure in optimizer suggest. Falling back to random search.
name 'activ' is not defined
Traceback (most recent call last):
  File "/home/ryedida/.local/lib/python3.9/site-packages/bayesmark/experiment.py", line 126, in run_study
    next_points = optimizer.suggest(n_suggestions)
  File "/home/ryedida/bbo_challenge_starter_kit/example_submissions/smoothness/optimizer.py", line 105, in suggest
    betas = [self._get_smoothness_reg(guess) for guess in guesses]
  File "/home/ryedida/bbo_challenge_starter_kit/example_submissions/smoothness/optimizer.py", line 105, in <listcomp>
    betas = [self._get_smoothness_reg(guess) for guess in guesses]
  File "/home/ryedida/bbo_challenge_starter_kit/example_submissions/smoothness/optimizer.py", line 48, in _get_smoothness_reg
    if activ > Kz:
NameError: name 'activ' is not defined
suggestion time taken 0.460318 iter 7 next_points [{'alpha': 0.003057049762101258, 'batch_size': 84, 'beta_1': 0.8439688341297713, 'beta_2': 0.9999851058039487, 'epsilon': 1.3690910054808428e-08, 'hidden_layer_sizes': 195, 'learning_rate_init': 0.0005122780755943271, 'tol': 1.2375265187318986e-05, 'validation_fraction': 0.5949389296667908}]
/home/ryedida/.local/lib/python3.9/site-packages/sklearn/neural_network/_multilayer_perceptron.py:686: ConvergenceWarning: Stochastic Optimizer: Maximum iterations (200) reached and the optimization hasn't converged yet.
  warnings.warn(

function_evaluation time 1.189137 value 26166.604209 suggestion {'alpha': 0.003057049762101258, 'batch_size': 84, 'beta_1': 0.8439688341297713, 'beta_2': 0.9999851058039487, 'epsilon': 1.3690910054808428e-08, 'hidden_layer_sizes': 195, 'learning_rate_init': 0.0005122780755943271, 'tol': 1.2375265187318986e-05, 'validation_fraction': 0.5949389296667908}
observation time 0.000006, current best 3634.288000 at iter 7
Failure in optimizer suggest. Falling back to random search.
name 'activ' is not defined
Traceback (most recent call last):
  File "/home/ryedida/.local/lib/python3.9/site-packages/bayesmark/experiment.py", line 126, in run_study
    next_points = optimizer.suggest(n_suggestions)
  File "/home/ryedida/bbo_challenge_starter_kit/example_submissions/smoothness/optimizer.py", line 105, in suggest
    betas = [self._get_smoothness_reg(guess) for guess in guesses]
  File "/home/ryedida/bbo_challenge_starter_kit/example_submissions/smoothness/optimizer.py", line 105, in <listcomp>
    betas = [self._get_smoothness_reg(guess) for guess in guesses]
  File "/home/ryedida/bbo_challenge_starter_kit/example_submissions/smoothness/optimizer.py", line 48, in _get_smoothness_reg
    if activ > Kz:
NameError: name 'activ' is not defined
suggestion time taken 0.330663 iter 8 next_points [{'alpha': 1.1167444282072003, 'batch_size': 184, 'beta_1': 0.9784171857735876, 'beta_2': 0.999960162475541, 'epsilon': 7.519210473008084e-09, 'hidden_layer_sizes': 170, 'learning_rate_init': 2.6290712820164224e-05, 'tol': 0.018421148585050662, 'validation_fraction': 0.7659482916385199}]
/home/ryedida/.local/lib/python3.9/site-packages/sklearn/neural_network/_multilayer_perceptron.py:605: UserWarning: Got `batch_size` less than 1 or larger than sample size. It is going to be clipped
  warnings.warn(

function_evaluation time 0.058535 value 29102.086155 suggestion {'alpha': 1.1167444282072003, 'batch_size': 184, 'beta_1': 0.9784171857735876, 'beta_2': 0.999960162475541, 'epsilon': 7.519210473008084e-09, 'hidden_layer_sizes': 170, 'learning_rate_init': 2.6290712820164224e-05, 'tol': 0.018421148585050662, 'validation_fraction': 0.7659482916385199}
observation time 0.000006, current best 3634.288000 at iter 8
Failure in optimizer suggest. Falling back to random search.
name 'activ' is not defined
Traceback (most recent call last):
  File "/home/ryedida/.local/lib/python3.9/site-packages/bayesmark/experiment.py", line 126, in run_study
    next_points = optimizer.suggest(n_suggestions)
  File "/home/ryedida/bbo_challenge_starter_kit/example_submissions/smoothness/optimizer.py", line 105, in suggest
    betas = [self._get_smoothness_reg(guess) for guess in guesses]
  File "/home/ryedida/bbo_challenge_starter_kit/example_submissions/smoothness/optimizer.py", line 105, in <listcomp>
    betas = [self._get_smoothness_reg(guess) for guess in guesses]
  File "/home/ryedida/bbo_challenge_starter_kit/example_submissions/smoothness/optimizer.py", line 48, in _get_smoothness_reg
    if activ > Kz:
NameError: name 'activ' is not defined
suggestion time taken 0.323595 iter 9 next_points [{'alpha': 0.00016087085735693642, 'batch_size': 204, 'beta_1': 0.9865442724514394, 'beta_2': 0.9921483506874192, 'epsilon': 6.15713776055236e-07, 'hidden_layer_sizes': 112, 'learning_rate_init': 0.0004908794413873611, 'tol': 0.06689344452166356, 'validation_fraction': 0.5485700577218622}]
/home/ryedida/.local/lib/python3.9/site-packages/sklearn/neural_network/_multilayer_perceptron.py:605: UserWarning: Got `batch_size` less than 1 or larger than sample size. It is going to be clipped
  warnings.warn(

function_evaluation time 0.055376 value 29087.618546 suggestion {'alpha': 0.00016087085735693642, 'batch_size': 204, 'beta_1': 0.9865442724514394, 'beta_2': 0.9921483506874192, 'epsilon': 6.15713776055236e-07, 'hidden_layer_sizes': 112, 'learning_rate_init': 0.0004908794413873611, 'tol': 0.06689344452166356, 'validation_fraction': 0.5485700577218622}
observation time 0.000006, current best 3634.288000 at iter 9
Failure in optimizer suggest. Falling back to random search.
name 'activ' is not defined
Traceback (most recent call last):
  File "/home/ryedida/.local/lib/python3.9/site-packages/bayesmark/experiment.py", line 126, in run_study
    next_points = optimizer.suggest(n_suggestions)
  File "/home/ryedida/bbo_challenge_starter_kit/example_submissions/smoothness/optimizer.py", line 105, in suggest
    betas = [self._get_smoothness_reg(guess) for guess in guesses]
  File "/home/ryedida/bbo_challenge_starter_kit/example_submissions/smoothness/optimizer.py", line 105, in <listcomp>
    betas = [self._get_smoothness_reg(guess) for guess in guesses]
  File "/home/ryedida/bbo_challenge_starter_kit/example_submissions/smoothness/optimizer.py", line 48, in _get_smoothness_reg
    if activ > Kz:
NameError: name 'activ' is not defined
suggestion time taken 0.322322 iter 10 next_points [{'alpha': 3.537177596719743, 'batch_size': 104, 'beta_1': 0.6630727432938067, 'beta_2': 0.9995710320697287, 'epsilon': 1.4253894817416644e-07, 'hidden_layer_sizes': 157, 'learning_rate_init': 1.153883813591987e-05, 'tol': 0.00713971928942815, 'validation_fraction': 0.12970814260512553}]
function_evaluation time 0.101333 value 29149.287661 suggestion {'alpha': 3.537177596719743, 'batch_size': 104, 'beta_1': 0.6630727432938067, 'beta_2': 0.9995710320697287, 'epsilon': 1.4253894817416644e-07, 'hidden_layer_sizes': 157, 'learning_rate_init': 1.153883813591987e-05, 'tol': 0.00713971928942815, 'validation_fraction': 0.12970814260512553}
observation time 0.000006, current best 3634.288000 at iter 10
Failure in optimizer suggest. Falling back to random search.
name 'activ' is not defined
Traceback (most recent call last):
  File "/home/ryedida/.local/lib/python3.9/site-packages/bayesmark/experiment.py", line 126, in run_study
    next_points = optimizer.suggest(n_suggestions)
  File "/home/ryedida/bbo_challenge_starter_kit/example_submissions/smoothness/optimizer.py", line 105, in suggest
    betas = [self._get_smoothness_reg(guess) for guess in guesses]
  File "/home/ryedida/bbo_challenge_starter_kit/example_submissions/smoothness/optimizer.py", line 105, in <listcomp>
    betas = [self._get_smoothness_reg(guess) for guess in guesses]
  File "/home/ryedida/bbo_challenge_starter_kit/example_submissions/smoothness/optimizer.py", line 48, in _get_smoothness_reg
    if activ > Kz:
NameError: name 'activ' is not defined
suggestion time taken 0.323037 iter 11 next_points [{'alpha': 0.5905464703327941, 'batch_size': 42, 'beta_1': 0.9166845975891136, 'beta_2': 0.9998927521444383, 'epsilon': 1.893995095235917e-09, 'hidden_layer_sizes': 162, 'learning_rate_init': 0.0004104439083051855, 'tol': 0.0005024534562861849, 'validation_fraction': 0.18703144005572353}]
/home/ryedida/.local/lib/python3.9/site-packages/sklearn/neural_network/_multilayer_perceptron.py:686: ConvergenceWarning: Stochastic Optimizer: Maximum iterations (200) reached and the optimization hasn't converged yet.
  warnings.warn(

function_evaluation time 1.631540 value 17335.025765 suggestion {'alpha': 0.5905464703327941, 'batch_size': 42, 'beta_1': 0.9166845975891136, 'beta_2': 0.9998927521444383, 'epsilon': 1.893995095235917e-09, 'hidden_layer_sizes': 162, 'learning_rate_init': 0.0004104439083051855, 'tol': 0.0005024534562861849, 'validation_fraction': 0.18703144005572353}
observation time 0.000006, current best 3634.288000 at iter 11
Failure in optimizer suggest. Falling back to random search.
name 'activ' is not defined
Traceback (most recent call last):
  File "/home/ryedida/.local/lib/python3.9/site-packages/bayesmark/experiment.py", line 126, in run_study
    next_points = optimizer.suggest(n_suggestions)
  File "/home/ryedida/bbo_challenge_starter_kit/example_submissions/smoothness/optimizer.py", line 105, in suggest
    betas = [self._get_smoothness_reg(guess) for guess in guesses]
  File "/home/ryedida/bbo_challenge_starter_kit/example_submissions/smoothness/optimizer.py", line 105, in <listcomp>
    betas = [self._get_smoothness_reg(guess) for guess in guesses]
  File "/home/ryedida/bbo_challenge_starter_kit/example_submissions/smoothness/optimizer.py", line 48, in _get_smoothness_reg
    if activ > Kz:
NameError: name 'activ' is not defined
suggestion time taken 0.328026 iter 12 next_points [{'alpha': 0.49123354378233425, 'batch_size': 204, 'beta_1': 0.5310536572950793, 'beta_2': 0.9950540644781329, 'epsilon': 6.16625948918958e-07, 'hidden_layer_sizes': 114, 'learning_rate_init': 0.0018234327650884909, 'tol': 0.001469649320374216, 'validation_fraction': 0.7800211146866923}]
/home/ryedida/.local/lib/python3.9/site-packages/sklearn/neural_network/_multilayer_perceptron.py:605: UserWarning: Got `batch_size` less than 1 or larger than sample size. It is going to be clipped
  warnings.warn(

function_evaluation time 0.262076 value 26936.438005 suggestion {'alpha': 0.49123354378233425, 'batch_size': 204, 'beta_1': 0.5310536572950793, 'beta_2': 0.9950540644781329, 'epsilon': 6.16625948918958e-07, 'hidden_layer_sizes': 114, 'learning_rate_init': 0.0018234327650884909, 'tol': 0.001469649320374216, 'validation_fraction': 0.7800211146866923}
observation time 0.000005, current best 3634.288000 at iter 12
Failure in optimizer suggest. Falling back to random search.
name 'activ' is not defined
Traceback (most recent call last):
  File "/home/ryedida/.local/lib/python3.9/site-packages/bayesmark/experiment.py", line 126, in run_study
    next_points = optimizer.suggest(n_suggestions)
  File "/home/ryedida/bbo_challenge_starter_kit/example_submissions/smoothness/optimizer.py", line 105, in suggest
    betas = [self._get_smoothness_reg(guess) for guess in guesses]
  File "/home/ryedida/bbo_challenge_starter_kit/example_submissions/smoothness/optimizer.py", line 105, in <listcomp>
    betas = [self._get_smoothness_reg(guess) for guess in guesses]
  File "/home/ryedida/bbo_challenge_starter_kit/example_submissions/smoothness/optimizer.py", line 48, in _get_smoothness_reg
    if activ > Kz:
NameError: name 'activ' is not defined
suggestion time taken 0.317337 iter 13 next_points [{'alpha': 0.00021464683905075585, 'batch_size': 152, 'beta_1': 0.9887086636844041, 'beta_2': 0.9999988113987855, 'epsilon': 7.424654145595898e-07, 'hidden_layer_sizes': 51, 'learning_rate_init': 0.00013010152364483293, 'tol': 0.034094704517608924, 'validation_fraction': 0.8475580475957801}]
/home/ryedida/.local/lib/python3.9/site-packages/sklearn/neural_network/_multilayer_perceptron.py:605: UserWarning: Got `batch_size` less than 1 or larger than sample size. It is going to be clipped
  warnings.warn(

function_evaluation time 0.044282 value 29132.527231 suggestion {'alpha': 0.00021464683905075585, 'batch_size': 152, 'beta_1': 0.9887086636844041, 'beta_2': 0.9999988113987855, 'epsilon': 7.424654145595898e-07, 'hidden_layer_sizes': 51, 'learning_rate_init': 0.00013010152364483293, 'tol': 0.034094704517608924, 'validation_fraction': 0.8475580475957801}
observation time 0.000006, current best 3634.288000 at iter 13
Failure in optimizer suggest. Falling back to random search.
name 'activ' is not defined
Traceback (most recent call last):
  File "/home/ryedida/.local/lib/python3.9/site-packages/bayesmark/experiment.py", line 126, in run_study
    next_points = optimizer.suggest(n_suggestions)
  File "/home/ryedida/bbo_challenge_starter_kit/example_submissions/smoothness/optimizer.py", line 105, in suggest
    betas = [self._get_smoothness_reg(guess) for guess in guesses]
  File "/home/ryedida/bbo_challenge_starter_kit/example_submissions/smoothness/optimizer.py", line 105, in <listcomp>
    betas = [self._get_smoothness_reg(guess) for guess in guesses]
  File "/home/ryedida/bbo_challenge_starter_kit/example_submissions/smoothness/optimizer.py", line 48, in _get_smoothness_reg
    if activ > Kz:
NameError: name 'activ' is not defined
suggestion time taken 0.322241 iter 14 next_points [{'alpha': 0.004361271954604354, 'batch_size': 180, 'beta_1': 0.8597918440637411, 'beta_2': 0.9744736978437666, 'epsilon': 5.914981481560716e-07, 'hidden_layer_sizes': 148, 'learning_rate_init': 0.00018123259878975777, 'tol': 0.039276442703928154, 'validation_fraction': 0.820526209180666}]
/home/ryedida/.local/lib/python3.9/site-packages/sklearn/neural_network/_multilayer_perceptron.py:605: UserWarning: Got `batch_size` less than 1 or larger than sample size. It is going to be clipped
  warnings.warn(

function_evaluation time 0.053505 value 29075.352108 suggestion {'alpha': 0.004361271954604354, 'batch_size': 180, 'beta_1': 0.8597918440637411, 'beta_2': 0.9744736978437666, 'epsilon': 5.914981481560716e-07, 'hidden_layer_sizes': 148, 'learning_rate_init': 0.00018123259878975777, 'tol': 0.039276442703928154, 'validation_fraction': 0.820526209180666}
observation time 0.000005, current best 3634.288000 at iter 14
saving meta data: {'args': {'--uuid': '3078c553429459ff84daf69053014d67', '-db-root': '/home/ryedida/bbo_challenge_starter_kit/output', '--opt-root': '/home/ryedida/bbo_challenge_starter_kit/example_submissions', '--data-root': None, '--db': 'run_20230425_034200', '--opt': 'smoothness', '--data': 'diabetes', '--classifier': 'MLP-adam', '--metric': 'mse', '--calls': 15, '--suggestions': 1, '--jobs-file': None, '--verbose': False, 'dry_run': False, 'rev': 'a376313', 'opt_rev': 'x.x.x'}, 'signature': ([{'alpha': 0.019628224813442792, 'batch_size': 182, 'beta_1': 0.9410202200271762, 'beta_2': 0.9998021557676793, 'epsilon': 1.8662266976518e-08, 'hidden_layer_sizes': 147, 'learning_rate_init': 0.0005627932047415167, 'tol': 0.03690557729213761, 'validation_fraction': 0.8846827852548593}, {'alpha': 0.0019982467392329444, 'batch_size': 200, 'beta_1': 0.919111482530466, 'beta_2': 0.9998488260436156, 'epsilon': 5.981221901152555e-07, 'hidden_layer_sizes': 61, 'learning_rate_init': 2.2310905607443014e-05, 'tol': 1.2046852412030316e-05, 'validation_fraction': 0.8117896445826539}, {'alpha': 0.46659545670218433, 'batch_size': 219, 'beta_1': 0.9889789783750891, 'beta_2': 0.9999896868093284, 'epsilon': 2.4234724484675948e-08, 'hidden_layer_sizes': 167, 'learning_rate_init': 2.972334644335654e-05, 'tol': 0.0036281404040243792, 'validation_fraction': 0.17260651658522078}, {'alpha': 4.656005689076002, 'batch_size': 135, 'beta_1': 0.870503881627747, 'beta_2': 0.9948873266941017, 'epsilon': 2.1023308743480125e-07, 'hidden_layer_sizes': 118, 'learning_rate_init': 0.0018781738757161913, 'tol': 1.1889379831773004e-05, 'validation_fraction': 0.6264327093752792}, {'alpha': 0.04705159350400542, 'batch_size': 158, 'beta_1': 0.9870884262730957, 'beta_2': 0.9999596874382349, 'epsilon': 1.1981845126013875e-08, 'hidden_layer_sizes': 116, 'learning_rate_init': 0.00617340520407431, 'tol': 1.741413418158619e-05, 'validation_fraction': 0.6754299026638921}], [29083.993548572587, 29062.423277324073, 29075.78987471409, 24626.32866834337, 9584.226858493177])}
saving results
saving timing
saving suggest log
done
