running: {'--uuid': '359c9460692357de9c0b24a40fca54db', '-db-root': '/home/ryedida/bbo_challenge_starter_kit/output', '--opt-root': '/home/ryedida/bbo_challenge_starter_kit/example_submissions', '--data-root': None, '--db': 'run_20230425_034200', '--opt': 'smoothness', '--data': 'diabetes', '--classifier': 'MLP-adam', '--metric': 'mae', '--calls': 15, '--suggestions': 1, '--jobs-file': None, '--verbose': False, 'dry_run': False, 'rev': 'a376313', 'opt_rev': 'x.x.x'}
cmd: python smoothness/optimizer.py -c MLP-adam -d diabetes -o smoothness -u 359c9460692357de9c0b24a40fca54db -m mae -n 15 -p 1 -dir /home/ryedida/bbo_challenge_starter_kit/output -b run_20230425_034200
/home/ryedida/.local/lib/python3.9/site-packages/sklearn/neural_network/_multilayer_perceptron.py:605: UserWarning: Got `batch_size` less than 1 or larger than sample size. It is going to be clipped
  warnings.warn(

/home/ryedida/.local/lib/python3.9/site-packages/sklearn/neural_network/_multilayer_perceptron.py:605: UserWarning: Got `batch_size` less than 1 or larger than sample size. It is going to be clipped
  warnings.warn(

/home/ryedida/.local/lib/python3.9/site-packages/sklearn/neural_network/_multilayer_perceptron.py:605: UserWarning: Got `batch_size` less than 1 or larger than sample size. It is going to be clipped
  warnings.warn(

/home/ryedida/.local/lib/python3.9/site-packages/sklearn/neural_network/_multilayer_perceptron.py:686: ConvergenceWarning: Stochastic Optimizer: Maximum iterations (200) reached and the optimization hasn't converged yet.
  warnings.warn(

/home/ryedida/.local/lib/python3.9/site-packages/sklearn/neural_network/_multilayer_perceptron.py:605: UserWarning: Got `batch_size` less than 1 or larger than sample size. It is going to be clipped
  warnings.warn(

/home/ryedida/.local/lib/python3.9/site-packages/sklearn/neural_network/_multilayer_perceptron.py:686: ConvergenceWarning: Stochastic Optimizer: Maximum iterations (200) reached and the optimization hasn't converged yet.
  warnings.warn(

computed signature: ([{'alpha': 0.019628224813442792, 'batch_size': 182, 'beta_1': 0.9410202200271762, 'beta_2': 0.9998021557676793, 'epsilon': 1.8662266976518e-08, 'hidden_layer_sizes': 147, 'learning_rate_init': 0.0005627932047415167, 'tol': 0.03690557729213761, 'validation_fraction': 0.8846827852548593}, {'alpha': 0.0019982467392329444, 'batch_size': 200, 'beta_1': 0.919111482530466, 'beta_2': 0.9998488260436156, 'epsilon': 5.981221901152555e-07, 'hidden_layer_sizes': 61, 'learning_rate_init': 2.2310905607443014e-05, 'tol': 1.2046852412030316e-05, 'validation_fraction': 0.8117896445826539}, {'alpha': 0.46659545670218433, 'batch_size': 219, 'beta_1': 0.9889789783750891, 'beta_2': 0.9999896868093284, 'epsilon': 2.4234724484675948e-08, 'hidden_layer_sizes': 167, 'learning_rate_init': 2.972334644335654e-05, 'tol': 0.0036281404040243792, 'validation_fraction': 0.17260651658522078}, {'alpha': 4.656005689076002, 'batch_size': 135, 'beta_1': 0.870503881627747, 'beta_2': 0.9948873266941017, 'epsilon': 2.1023308743480125e-07, 'hidden_layer_sizes': 118, 'learning_rate_init': 0.0018781738757161913, 'tol': 1.1889379831773004e-05, 'validation_fraction': 0.6264327093752792}, {'alpha': 0.04705159350400542, 'batch_size': 158, 'beta_1': 0.9870884262730957, 'beta_2': 0.9999596874382349, 'epsilon': 1.1981845126013875e-08, 'hidden_layer_sizes': 116, 'learning_rate_init': 0.00617340520407431, 'tol': 1.741413418158619e-05, 'validation_fraction': 0.6754299026638921}], [151.4971925380264, 151.42763539278994, 151.47026299046811, 136.86202504264318, 75.2055865763391])
Signature errors:
                                  0             1             2         3         4       max
MLP-adam_diabetes_mae  1.919244e-08  6.198704e-08  7.624578e-09  0.000007  0.000034  0.000034
max                    1.919244e-08  6.198704e-08  7.624578e-09  0.000007  0.000034  0.000034
starting sklearn study smoothness MLP-adam diabetes mae 15 1
with data root: None
Failure in optimizer suggest. Falling back to random search.
name 'activ' is not defined
Traceback (most recent call last):
  File "/home/ryedida/.local/lib/python3.9/site-packages/bayesmark/experiment.py", line 126, in run_study
    next_points = optimizer.suggest(n_suggestions)
  File "/home/ryedida/bbo_challenge_starter_kit/example_submissions/smoothness/optimizer.py", line 105, in suggest
    betas = [self._get_smoothness_reg(guess) for guess in guesses]
  File "/home/ryedida/bbo_challenge_starter_kit/example_submissions/smoothness/optimizer.py", line 105, in <listcomp>
    betas = [self._get_smoothness_reg(guess) for guess in guesses]
  File "/home/ryedida/bbo_challenge_starter_kit/example_submissions/smoothness/optimizer.py", line 48, in _get_smoothness_reg
    if activ > Kz:
NameError: name 'activ' is not defined
suggestion time taken 0.496977 iter 0 next_points [{'alpha': 0.0003637255984273427, 'batch_size': 153, 'beta_1': 0.9554651811333905, 'beta_2': 0.9999975952582204, 'epsilon': 1.92164148681175e-07, 'hidden_layer_sizes': 121, 'learning_rate_init': 3.13606437052352e-05, 'tol': 0.039140885790279654, 'validation_fraction': 0.6736142067301557}]
/home/ryedida/.local/lib/python3.9/site-packages/sklearn/neural_network/_multilayer_perceptron.py:605: UserWarning: Got `batch_size` less than 1 or larger than sample size. It is going to be clipped
  warnings.warn(

function_evaluation time 0.054311 value 151.727402 suggestion {'alpha': 0.0003637255984273427, 'batch_size': 153, 'beta_1': 0.9554651811333905, 'beta_2': 0.9999975952582204, 'epsilon': 1.92164148681175e-07, 'hidden_layer_sizes': 121, 'learning_rate_init': 3.13606437052352e-05, 'tol': 0.039140885790279654, 'validation_fraction': 0.6736142067301557}
observation time 0.000006, current best 151.727402 at iter 0
Failure in optimizer suggest. Falling back to random search.
name 'activ' is not defined
Traceback (most recent call last):
  File "/home/ryedida/.local/lib/python3.9/site-packages/bayesmark/experiment.py", line 126, in run_study
    next_points = optimizer.suggest(n_suggestions)
  File "/home/ryedida/bbo_challenge_starter_kit/example_submissions/smoothness/optimizer.py", line 105, in suggest
    betas = [self._get_smoothness_reg(guess) for guess in guesses]
  File "/home/ryedida/bbo_challenge_starter_kit/example_submissions/smoothness/optimizer.py", line 105, in <listcomp>
    betas = [self._get_smoothness_reg(guess) for guess in guesses]
  File "/home/ryedida/bbo_challenge_starter_kit/example_submissions/smoothness/optimizer.py", line 48, in _get_smoothness_reg
    if activ > Kz:
NameError: name 'activ' is not defined
suggestion time taken 0.328554 iter 1 next_points [{'alpha': 0.00831291767141162, 'batch_size': 182, 'beta_1': 0.9543488400725486, 'beta_2': 0.999620981903281, 'epsilon': 6.1820881397053406e-09, 'hidden_layer_sizes': 140, 'learning_rate_init': 0.0009343594647306861, 'tol': 1.0192937867232255e-05, 'validation_fraction': 0.7533980130362942}]
/home/ryedida/.local/lib/python3.9/site-packages/sklearn/neural_network/_multilayer_perceptron.py:605: UserWarning: Got `batch_size` less than 1 or larger than sample size. It is going to be clipped
  warnings.warn(

/home/ryedida/.local/lib/python3.9/site-packages/sklearn/neural_network/_multilayer_perceptron.py:686: ConvergenceWarning: Stochastic Optimizer: Maximum iterations (200) reached and the optimization hasn't converged yet.
  warnings.warn(

function_evaluation time 0.753507 value 146.970765 suggestion {'alpha': 0.00831291767141162, 'batch_size': 182, 'beta_1': 0.9543488400725486, 'beta_2': 0.999620981903281, 'epsilon': 6.1820881397053406e-09, 'hidden_layer_sizes': 140, 'learning_rate_init': 0.0009343594647306861, 'tol': 1.0192937867232255e-05, 'validation_fraction': 0.7533980130362942}
observation time 0.000004, current best 146.970765 at iter 1
Failure in optimizer suggest. Falling back to random search.
name 'activ' is not defined
Traceback (most recent call last):
  File "/home/ryedida/.local/lib/python3.9/site-packages/bayesmark/experiment.py", line 126, in run_study
    next_points = optimizer.suggest(n_suggestions)
  File "/home/ryedida/bbo_challenge_starter_kit/example_submissions/smoothness/optimizer.py", line 105, in suggest
    betas = [self._get_smoothness_reg(guess) for guess in guesses]
  File "/home/ryedida/bbo_challenge_starter_kit/example_submissions/smoothness/optimizer.py", line 105, in <listcomp>
    betas = [self._get_smoothness_reg(guess) for guess in guesses]
  File "/home/ryedida/bbo_challenge_starter_kit/example_submissions/smoothness/optimizer.py", line 48, in _get_smoothness_reg
    if activ > Kz:
NameError: name 'activ' is not defined
suggestion time taken 0.335238 iter 2 next_points [{'alpha': 0.0006048821940436286, 'batch_size': 20, 'beta_1': 0.8381129240090499, 'beta_2': 0.9999509002286204, 'epsilon': 5.832885946017081e-09, 'hidden_layer_sizes': 130, 'learning_rate_init': 0.004474407599366335, 'tol': 0.0005941737381238563, 'validation_fraction': 0.1166770318949446}]
function_evaluation time 1.256583 value 44.388151 suggestion {'alpha': 0.0006048821940436286, 'batch_size': 20, 'beta_1': 0.8381129240090499, 'beta_2': 0.9999509002286204, 'epsilon': 5.832885946017081e-09, 'hidden_layer_sizes': 130, 'learning_rate_init': 0.004474407599366335, 'tol': 0.0005941737381238563, 'validation_fraction': 0.1166770318949446}
observation time 0.000005, current best 44.388151 at iter 2
Failure in optimizer suggest. Falling back to random search.
name 'activ' is not defined
Traceback (most recent call last):
  File "/home/ryedida/.local/lib/python3.9/site-packages/bayesmark/experiment.py", line 126, in run_study
    next_points = optimizer.suggest(n_suggestions)
  File "/home/ryedida/bbo_challenge_starter_kit/example_submissions/smoothness/optimizer.py", line 105, in suggest
    betas = [self._get_smoothness_reg(guess) for guess in guesses]
  File "/home/ryedida/bbo_challenge_starter_kit/example_submissions/smoothness/optimizer.py", line 105, in <listcomp>
    betas = [self._get_smoothness_reg(guess) for guess in guesses]
  File "/home/ryedida/bbo_challenge_starter_kit/example_submissions/smoothness/optimizer.py", line 48, in _get_smoothness_reg
    if activ > Kz:
NameError: name 'activ' is not defined
suggestion time taken 0.334350 iter 3 next_points [{'alpha': 0.012742588629834038, 'batch_size': 134, 'beta_1': 0.9106371710324714, 'beta_2': 0.9975744423107948, 'epsilon': 4.854578187236947e-09, 'hidden_layer_sizes': 87, 'learning_rate_init': 0.023421681050222066, 'tol': 6.494617298990746e-05, 'validation_fraction': 0.20387167763067734}]
function_evaluation time 0.488889 value 50.547196 suggestion {'alpha': 0.012742588629834038, 'batch_size': 134, 'beta_1': 0.9106371710324714, 'beta_2': 0.9975744423107948, 'epsilon': 4.854578187236947e-09, 'hidden_layer_sizes': 87, 'learning_rate_init': 0.023421681050222066, 'tol': 6.494617298990746e-05, 'validation_fraction': 0.20387167763067734}
observation time 0.000005, current best 44.388151 at iter 3
Failure in optimizer suggest. Falling back to random search.
name 'activ' is not defined
Traceback (most recent call last):
  File "/home/ryedida/.local/lib/python3.9/site-packages/bayesmark/experiment.py", line 126, in run_study
    next_points = optimizer.suggest(n_suggestions)
  File "/home/ryedida/bbo_challenge_starter_kit/example_submissions/smoothness/optimizer.py", line 105, in suggest
    betas = [self._get_smoothness_reg(guess) for guess in guesses]
  File "/home/ryedida/bbo_challenge_starter_kit/example_submissions/smoothness/optimizer.py", line 105, in <listcomp>
    betas = [self._get_smoothness_reg(guess) for guess in guesses]
  File "/home/ryedida/bbo_challenge_starter_kit/example_submissions/smoothness/optimizer.py", line 48, in _get_smoothness_reg
    if activ > Kz:
NameError: name 'activ' is not defined
suggestion time taken 0.325703 iter 4 next_points [{'alpha': 1.5417564692212367, 'batch_size': 133, 'beta_1': 0.934403547978372, 'beta_2': 0.9999959751305164, 'epsilon': 9.15479947301563e-07, 'hidden_layer_sizes': 164, 'learning_rate_init': 0.0004845394255059645, 'tol': 0.0016810854519876076, 'validation_fraction': 0.30928781974411035}]
function_evaluation time 0.085278 value 151.307074 suggestion {'alpha': 1.5417564692212367, 'batch_size': 133, 'beta_1': 0.934403547978372, 'beta_2': 0.9999959751305164, 'epsilon': 9.15479947301563e-07, 'hidden_layer_sizes': 164, 'learning_rate_init': 0.0004845394255059645, 'tol': 0.0016810854519876076, 'validation_fraction': 0.30928781974411035}
observation time 0.000005, current best 44.388151 at iter 4
Failure in optimizer suggest. Falling back to random search.
name 'activ' is not defined
Traceback (most recent call last):
  File "/home/ryedida/.local/lib/python3.9/site-packages/bayesmark/experiment.py", line 126, in run_study
    next_points = optimizer.suggest(n_suggestions)
  File "/home/ryedida/bbo_challenge_starter_kit/example_submissions/smoothness/optimizer.py", line 105, in suggest
    betas = [self._get_smoothness_reg(guess) for guess in guesses]
  File "/home/ryedida/bbo_challenge_starter_kit/example_submissions/smoothness/optimizer.py", line 105, in <listcomp>
    betas = [self._get_smoothness_reg(guess) for guess in guesses]
  File "/home/ryedida/bbo_challenge_starter_kit/example_submissions/smoothness/optimizer.py", line 48, in _get_smoothness_reg
    if activ > Kz:
NameError: name 'activ' is not defined
suggestion time taken 0.327300 iter 5 next_points [{'alpha': 1.546860939523545e-05, 'batch_size': 175, 'beta_1': 0.9386332572022905, 'beta_2': 0.999997908219181, 'epsilon': 1.307992973951589e-07, 'hidden_layer_sizes': 60, 'learning_rate_init': 0.00010169198053316496, 'tol': 0.005452233917998895, 'validation_fraction': 0.28248348517766986}]
function_evaluation time 0.060565 value 151.671940 suggestion {'alpha': 1.546860939523545e-05, 'batch_size': 175, 'beta_1': 0.9386332572022905, 'beta_2': 0.999997908219181, 'epsilon': 1.307992973951589e-07, 'hidden_layer_sizes': 60, 'learning_rate_init': 0.00010169198053316496, 'tol': 0.005452233917998895, 'validation_fraction': 0.28248348517766986}
observation time 0.000006, current best 44.388151 at iter 5
Failure in optimizer suggest. Falling back to random search.
name 'activ' is not defined
Traceback (most recent call last):
  File "/home/ryedida/.local/lib/python3.9/site-packages/bayesmark/experiment.py", line 126, in run_study
    next_points = optimizer.suggest(n_suggestions)
  File "/home/ryedida/bbo_challenge_starter_kit/example_submissions/smoothness/optimizer.py", line 105, in suggest
    betas = [self._get_smoothness_reg(guess) for guess in guesses]
  File "/home/ryedida/bbo_challenge_starter_kit/example_submissions/smoothness/optimizer.py", line 105, in <listcomp>
    betas = [self._get_smoothness_reg(guess) for guess in guesses]
  File "/home/ryedida/bbo_challenge_starter_kit/example_submissions/smoothness/optimizer.py", line 48, in _get_smoothness_reg
    if activ > Kz:
NameError: name 'activ' is not defined
suggestion time taken 0.326876 iter 6 next_points [{'alpha': 0.0011662371099230438, 'batch_size': 104, 'beta_1': 0.9744532597640491, 'beta_2': 0.9999408158875428, 'epsilon': 3.7824096134695075e-07, 'hidden_layer_sizes': 109, 'learning_rate_init': 0.0030420445862781686, 'tol': 0.029903663355099017, 'validation_fraction': 0.6348589931805634}]
function_evaluation time 0.055572 value 150.991675 suggestion {'alpha': 0.0011662371099230438, 'batch_size': 104, 'beta_1': 0.9744532597640491, 'beta_2': 0.9999408158875428, 'epsilon': 3.7824096134695075e-07, 'hidden_layer_sizes': 109, 'learning_rate_init': 0.0030420445862781686, 'tol': 0.029903663355099017, 'validation_fraction': 0.6348589931805634}
observation time 0.000003, current best 44.388151 at iter 6
Failure in optimizer suggest. Falling back to random search.
name 'activ' is not defined
Traceback (most recent call last):
  File "/home/ryedida/.local/lib/python3.9/site-packages/bayesmark/experiment.py", line 126, in run_study
    next_points = optimizer.suggest(n_suggestions)
  File "/home/ryedida/bbo_challenge_starter_kit/example_submissions/smoothness/optimizer.py", line 105, in suggest
    betas = [self._get_smoothness_reg(guess) for guess in guesses]
  File "/home/ryedida/bbo_challenge_starter_kit/example_submissions/smoothness/optimizer.py", line 105, in <listcomp>
    betas = [self._get_smoothness_reg(guess) for guess in guesses]
  File "/home/ryedida/bbo_challenge_starter_kit/example_submissions/smoothness/optimizer.py", line 48, in _get_smoothness_reg
    if activ > Kz:
NameError: name 'activ' is not defined
suggestion time taken 0.478987 iter 7 next_points [{'alpha': 0.046500833469027655, 'batch_size': 178, 'beta_1': 0.877237250474151, 'beta_2': 0.9998098898415392, 'epsilon': 6.28619394969576e-08, 'hidden_layer_sizes': 97, 'learning_rate_init': 0.007553206808011487, 'tol': 4.116743783091913e-05, 'validation_fraction': 0.2684804953121448}]
/home/ryedida/.local/lib/python3.9/site-packages/sklearn/neural_network/_multilayer_perceptron.py:686: ConvergenceWarning: Stochastic Optimizer: Maximum iterations (200) reached and the optimization hasn't converged yet.
  warnings.warn(

function_evaluation time 1.051943 value 47.914832 suggestion {'alpha': 0.046500833469027655, 'batch_size': 178, 'beta_1': 0.877237250474151, 'beta_2': 0.9998098898415392, 'epsilon': 6.28619394969576e-08, 'hidden_layer_sizes': 97, 'learning_rate_init': 0.007553206808011487, 'tol': 4.116743783091913e-05, 'validation_fraction': 0.2684804953121448}
observation time 0.000005, current best 44.388151 at iter 7
Failure in optimizer suggest. Falling back to random search.
name 'activ' is not defined
Traceback (most recent call last):
  File "/home/ryedida/.local/lib/python3.9/site-packages/bayesmark/experiment.py", line 126, in run_study
    next_points = optimizer.suggest(n_suggestions)
  File "/home/ryedida/bbo_challenge_starter_kit/example_submissions/smoothness/optimizer.py", line 105, in suggest
    betas = [self._get_smoothness_reg(guess) for guess in guesses]
  File "/home/ryedida/bbo_challenge_starter_kit/example_submissions/smoothness/optimizer.py", line 105, in <listcomp>
    betas = [self._get_smoothness_reg(guess) for guess in guesses]
  File "/home/ryedida/bbo_challenge_starter_kit/example_submissions/smoothness/optimizer.py", line 48, in _get_smoothness_reg
    if activ > Kz:
NameError: name 'activ' is not defined
suggestion time taken 0.324442 iter 8 next_points [{'alpha': 0.03390456683951357, 'batch_size': 54, 'beta_1': 0.5414440161758091, 'beta_2': 0.9998308148135472, 'epsilon': 1.885725885468395e-09, 'hidden_layer_sizes': 115, 'learning_rate_init': 0.0009183592956511651, 'tol': 0.06663940115512094, 'validation_fraction': 0.34157620066261773}]
function_evaluation time 0.094758 value 150.994711 suggestion {'alpha': 0.03390456683951357, 'batch_size': 54, 'beta_1': 0.5414440161758091, 'beta_2': 0.9998308148135472, 'epsilon': 1.885725885468395e-09, 'hidden_layer_sizes': 115, 'learning_rate_init': 0.0009183592956511651, 'tol': 0.06663940115512094, 'validation_fraction': 0.34157620066261773}
observation time 0.000005, current best 44.388151 at iter 8
Failure in optimizer suggest. Falling back to random search.
name 'activ' is not defined
Traceback (most recent call last):
  File "/home/ryedida/.local/lib/python3.9/site-packages/bayesmark/experiment.py", line 126, in run_study
    next_points = optimizer.suggest(n_suggestions)
  File "/home/ryedida/bbo_challenge_starter_kit/example_submissions/smoothness/optimizer.py", line 105, in suggest
    betas = [self._get_smoothness_reg(guess) for guess in guesses]
  File "/home/ryedida/bbo_challenge_starter_kit/example_submissions/smoothness/optimizer.py", line 105, in <listcomp>
    betas = [self._get_smoothness_reg(guess) for guess in guesses]
  File "/home/ryedida/bbo_challenge_starter_kit/example_submissions/smoothness/optimizer.py", line 48, in _get_smoothness_reg
    if activ > Kz:
NameError: name 'activ' is not defined
suggestion time taken 0.321154 iter 9 next_points [{'alpha': 1.0673770631743863e-05, 'batch_size': 240, 'beta_1': 0.8867973014941916, 'beta_2': 0.9850549803518147, 'epsilon': 7.517840846527747e-09, 'hidden_layer_sizes': 131, 'learning_rate_init': 0.004662730678076255, 'tol': 0.0016206672579323431, 'validation_fraction': 0.720076346223472}]
/home/ryedida/.local/lib/python3.9/site-packages/sklearn/neural_network/_multilayer_perceptron.py:605: UserWarning: Got `batch_size` less than 1 or larger than sample size. It is going to be clipped
  warnings.warn(

/home/ryedida/.local/lib/python3.9/site-packages/sklearn/neural_network/_multilayer_perceptron.py:686: ConvergenceWarning: Stochastic Optimizer: Maximum iterations (200) reached and the optimization hasn't converged yet.
  warnings.warn(

function_evaluation time 0.755821 value 79.267708 suggestion {'alpha': 1.0673770631743863e-05, 'batch_size': 240, 'beta_1': 0.8867973014941916, 'beta_2': 0.9850549803518147, 'epsilon': 7.517840846527747e-09, 'hidden_layer_sizes': 131, 'learning_rate_init': 0.004662730678076255, 'tol': 0.0016206672579323431, 'validation_fraction': 0.720076346223472}
observation time 0.000005, current best 44.388151 at iter 9
Failure in optimizer suggest. Falling back to random search.
name 'activ' is not defined
Traceback (most recent call last):
  File "/home/ryedida/.local/lib/python3.9/site-packages/bayesmark/experiment.py", line 126, in run_study
    next_points = optimizer.suggest(n_suggestions)
  File "/home/ryedida/bbo_challenge_starter_kit/example_submissions/smoothness/optimizer.py", line 105, in suggest
    betas = [self._get_smoothness_reg(guess) for guess in guesses]
  File "/home/ryedida/bbo_challenge_starter_kit/example_submissions/smoothness/optimizer.py", line 105, in <listcomp>
    betas = [self._get_smoothness_reg(guess) for guess in guesses]
  File "/home/ryedida/bbo_challenge_starter_kit/example_submissions/smoothness/optimizer.py", line 48, in _get_smoothness_reg
    if activ > Kz:
NameError: name 'activ' is not defined
suggestion time taken 0.318351 iter 10 next_points [{'alpha': 0.00026663252041387756, 'batch_size': 74, 'beta_1': 0.7239906592748727, 'beta_2': 0.9996030871648003, 'epsilon': 2.9269044862883283e-09, 'hidden_layer_sizes': 178, 'learning_rate_init': 3.7424489129202215e-05, 'tol': 5.071395856280924e-05, 'validation_fraction': 0.37269464634907834}]
/home/ryedida/.local/lib/python3.9/site-packages/sklearn/neural_network/_multilayer_perceptron.py:686: ConvergenceWarning: Stochastic Optimizer: Maximum iterations (200) reached and the optimization hasn't converged yet.
  warnings.warn(

function_evaluation time 1.486152 value 151.161137 suggestion {'alpha': 0.00026663252041387756, 'batch_size': 74, 'beta_1': 0.7239906592748727, 'beta_2': 0.9996030871648003, 'epsilon': 2.9269044862883283e-09, 'hidden_layer_sizes': 178, 'learning_rate_init': 3.7424489129202215e-05, 'tol': 5.071395856280924e-05, 'validation_fraction': 0.37269464634907834}
observation time 0.000005, current best 44.388151 at iter 10
Failure in optimizer suggest. Falling back to random search.
name 'activ' is not defined
Traceback (most recent call last):
  File "/home/ryedida/.local/lib/python3.9/site-packages/bayesmark/experiment.py", line 126, in run_study
    next_points = optimizer.suggest(n_suggestions)
  File "/home/ryedida/bbo_challenge_starter_kit/example_submissions/smoothness/optimizer.py", line 105, in suggest
    betas = [self._get_smoothness_reg(guess) for guess in guesses]
  File "/home/ryedida/bbo_challenge_starter_kit/example_submissions/smoothness/optimizer.py", line 105, in <listcomp>
    betas = [self._get_smoothness_reg(guess) for guess in guesses]
  File "/home/ryedida/bbo_challenge_starter_kit/example_submissions/smoothness/optimizer.py", line 48, in _get_smoothness_reg
    if activ > Kz:
NameError: name 'activ' is not defined
suggestion time taken 0.321877 iter 11 next_points [{'alpha': 0.001420712195471289, 'batch_size': 175, 'beta_1': 0.758813537775236, 'beta_2': 0.9999930851670517, 'epsilon': 1.2020005340806905e-08, 'hidden_layer_sizes': 88, 'learning_rate_init': 0.05794526162872127, 'tol': 0.0012695815005300919, 'validation_fraction': 0.8896565569106415}]
/home/ryedida/.local/lib/python3.9/site-packages/sklearn/neural_network/_multilayer_perceptron.py:605: UserWarning: Got `batch_size` less than 1 or larger than sample size. It is going to be clipped
  warnings.warn(

function_evaluation time 0.214582 value 48.930577 suggestion {'alpha': 0.001420712195471289, 'batch_size': 175, 'beta_1': 0.758813537775236, 'beta_2': 0.9999930851670517, 'epsilon': 1.2020005340806905e-08, 'hidden_layer_sizes': 88, 'learning_rate_init': 0.05794526162872127, 'tol': 0.0012695815005300919, 'validation_fraction': 0.8896565569106415}
observation time 0.000005, current best 44.388151 at iter 11
Failure in optimizer suggest. Falling back to random search.
name 'activ' is not defined
Traceback (most recent call last):
  File "/home/ryedida/.local/lib/python3.9/site-packages/bayesmark/experiment.py", line 126, in run_study
    next_points = optimizer.suggest(n_suggestions)
  File "/home/ryedida/bbo_challenge_starter_kit/example_submissions/smoothness/optimizer.py", line 105, in suggest
    betas = [self._get_smoothness_reg(guess) for guess in guesses]
  File "/home/ryedida/bbo_challenge_starter_kit/example_submissions/smoothness/optimizer.py", line 105, in <listcomp>
    betas = [self._get_smoothness_reg(guess) for guess in guesses]
  File "/home/ryedida/bbo_challenge_starter_kit/example_submissions/smoothness/optimizer.py", line 48, in _get_smoothness_reg
    if activ > Kz:
NameError: name 'activ' is not defined
suggestion time taken 0.321448 iter 12 next_points [{'alpha': 0.5781775759101212, 'batch_size': 204, 'beta_1': 0.8034943001980396, 'beta_2': 0.9999896725511548, 'epsilon': 1.3404753550661016e-07, 'hidden_layer_sizes': 106, 'learning_rate_init': 0.002345022778286791, 'tol': 0.0009174679164428017, 'validation_fraction': 0.7549652155192894}]
/home/ryedida/.local/lib/python3.9/site-packages/sklearn/neural_network/_multilayer_perceptron.py:605: UserWarning: Got `batch_size` less than 1 or larger than sample size. It is going to be clipped
  warnings.warn(

/home/ryedida/.local/lib/python3.9/site-packages/sklearn/neural_network/_multilayer_perceptron.py:686: ConvergenceWarning: Stochastic Optimizer: Maximum iterations (200) reached and the optimization hasn't converged yet.
  warnings.warn(

function_evaluation time 0.746094 value 125.790301 suggestion {'alpha': 0.5781775759101212, 'batch_size': 204, 'beta_1': 0.8034943001980396, 'beta_2': 0.9999896725511548, 'epsilon': 1.3404753550661016e-07, 'hidden_layer_sizes': 106, 'learning_rate_init': 0.002345022778286791, 'tol': 0.0009174679164428017, 'validation_fraction': 0.7549652155192894}
observation time 0.000005, current best 44.388151 at iter 12
Failure in optimizer suggest. Falling back to random search.
name 'activ' is not defined
Traceback (most recent call last):
  File "/home/ryedida/.local/lib/python3.9/site-packages/bayesmark/experiment.py", line 126, in run_study
    next_points = optimizer.suggest(n_suggestions)
  File "/home/ryedida/bbo_challenge_starter_kit/example_submissions/smoothness/optimizer.py", line 105, in suggest
    betas = [self._get_smoothness_reg(guess) for guess in guesses]
  File "/home/ryedida/bbo_challenge_starter_kit/example_submissions/smoothness/optimizer.py", line 105, in <listcomp>
    betas = [self._get_smoothness_reg(guess) for guess in guesses]
  File "/home/ryedida/bbo_challenge_starter_kit/example_submissions/smoothness/optimizer.py", line 48, in _get_smoothness_reg
    if activ > Kz:
NameError: name 'activ' is not defined
suggestion time taken 0.320400 iter 13 next_points [{'alpha': 0.04442600000954376, 'batch_size': 71, 'beta_1': 0.7911891918179514, 'beta_2': 0.9292249424053569, 'epsilon': 1.7681998237323483e-09, 'hidden_layer_sizes': 75, 'learning_rate_init': 0.00011160312122709101, 'tol': 0.0007588823987274943, 'validation_fraction': 0.5716996142737965}]
function_evaluation time 0.070393 value 151.336292 suggestion {'alpha': 0.04442600000954376, 'batch_size': 71, 'beta_1': 0.7911891918179514, 'beta_2': 0.9292249424053569, 'epsilon': 1.7681998237323483e-09, 'hidden_layer_sizes': 75, 'learning_rate_init': 0.00011160312122709101, 'tol': 0.0007588823987274943, 'validation_fraction': 0.5716996142737965}
observation time 0.000006, current best 44.388151 at iter 13
Failure in optimizer suggest. Falling back to random search.
name 'activ' is not defined
Traceback (most recent call last):
  File "/home/ryedida/.local/lib/python3.9/site-packages/bayesmark/experiment.py", line 126, in run_study
    next_points = optimizer.suggest(n_suggestions)
  File "/home/ryedida/bbo_challenge_starter_kit/example_submissions/smoothness/optimizer.py", line 105, in suggest
    betas = [self._get_smoothness_reg(guess) for guess in guesses]
  File "/home/ryedida/bbo_challenge_starter_kit/example_submissions/smoothness/optimizer.py", line 105, in <listcomp>
    betas = [self._get_smoothness_reg(guess) for guess in guesses]
  File "/home/ryedida/bbo_challenge_starter_kit/example_submissions/smoothness/optimizer.py", line 48, in _get_smoothness_reg
    if activ > Kz:
NameError: name 'activ' is not defined
suggestion time taken 0.322000 iter 14 next_points [{'alpha': 0.021730659915333333, 'batch_size': 244, 'beta_1': 0.9735984103880175, 'beta_2': 0.9999039813092195, 'epsilon': 1.6552954661781848e-09, 'hidden_layer_sizes': 107, 'learning_rate_init': 4.488331855592143e-05, 'tol': 0.004173517645904271, 'validation_fraction': 0.7814354575893624}]
/home/ryedida/.local/lib/python3.9/site-packages/sklearn/neural_network/_multilayer_perceptron.py:605: UserWarning: Got `batch_size` less than 1 or larger than sample size. It is going to be clipped
  warnings.warn(

function_evaluation time 0.050683 value 151.520998 suggestion {'alpha': 0.021730659915333333, 'batch_size': 244, 'beta_1': 0.9735984103880175, 'beta_2': 0.9999039813092195, 'epsilon': 1.6552954661781848e-09, 'hidden_layer_sizes': 107, 'learning_rate_init': 4.488331855592143e-05, 'tol': 0.004173517645904271, 'validation_fraction': 0.7814354575893624}
observation time 0.000005, current best 44.388151 at iter 14
saving meta data: {'args': {'--uuid': '359c9460692357de9c0b24a40fca54db', '-db-root': '/home/ryedida/bbo_challenge_starter_kit/output', '--opt-root': '/home/ryedida/bbo_challenge_starter_kit/example_submissions', '--data-root': None, '--db': 'run_20230425_034200', '--opt': 'smoothness', '--data': 'diabetes', '--classifier': 'MLP-adam', '--metric': 'mae', '--calls': 15, '--suggestions': 1, '--jobs-file': None, '--verbose': False, 'dry_run': False, 'rev': 'a376313', 'opt_rev': 'x.x.x'}, 'signature': ([{'alpha': 0.019628224813442792, 'batch_size': 182, 'beta_1': 0.9410202200271762, 'beta_2': 0.9998021557676793, 'epsilon': 1.8662266976518e-08, 'hidden_layer_sizes': 147, 'learning_rate_init': 0.0005627932047415167, 'tol': 0.03690557729213761, 'validation_fraction': 0.8846827852548593}, {'alpha': 0.0019982467392329444, 'batch_size': 200, 'beta_1': 0.919111482530466, 'beta_2': 0.9998488260436156, 'epsilon': 5.981221901152555e-07, 'hidden_layer_sizes': 61, 'learning_rate_init': 2.2310905607443014e-05, 'tol': 1.2046852412030316e-05, 'validation_fraction': 0.8117896445826539}, {'alpha': 0.46659545670218433, 'batch_size': 219, 'beta_1': 0.9889789783750891, 'beta_2': 0.9999896868093284, 'epsilon': 2.4234724484675948e-08, 'hidden_layer_sizes': 167, 'learning_rate_init': 2.972334644335654e-05, 'tol': 0.0036281404040243792, 'validation_fraction': 0.17260651658522078}, {'alpha': 4.656005689076002, 'batch_size': 135, 'beta_1': 0.870503881627747, 'beta_2': 0.9948873266941017, 'epsilon': 2.1023308743480125e-07, 'hidden_layer_sizes': 118, 'learning_rate_init': 0.0018781738757161913, 'tol': 1.1889379831773004e-05, 'validation_fraction': 0.6264327093752792}, {'alpha': 0.04705159350400542, 'batch_size': 158, 'beta_1': 0.9870884262730957, 'beta_2': 0.9999596874382349, 'epsilon': 1.1981845126013875e-08, 'hidden_layer_sizes': 116, 'learning_rate_init': 0.00617340520407431, 'tol': 1.741413418158619e-05, 'validation_fraction': 0.6754299026638921}], [151.4971925380264, 151.42763539278994, 151.47026299046811, 136.86202504264318, 75.2055865763391])}
saving results
saving timing
saving suggest log
done
