running: {'--uuid': '360e126181c25fc495c19d8808ed9e5c', '-db-root': '/home/ryedida/bbo_challenge_starter_kit/output', '--opt-root': '/home/ryedida/bbo_challenge_starter_kit/example_submissions', '--data-root': None, '--db': 'run_20230425_034200', '--opt': 'smoothness', '--data': 'diabetes', '--classifier': 'MLP-adam', '--metric': 'mae', '--calls': 15, '--suggestions': 1, '--jobs-file': None, '--verbose': False, 'dry_run': False, 'rev': 'a376313', 'opt_rev': 'x.x.x'}
cmd: python smoothness/optimizer.py -c MLP-adam -d diabetes -o smoothness -u 360e126181c25fc495c19d8808ed9e5c -m mae -n 15 -p 1 -dir /home/ryedida/bbo_challenge_starter_kit/output -b run_20230425_034200
/home/ryedida/.local/lib/python3.9/site-packages/sklearn/neural_network/_multilayer_perceptron.py:605: UserWarning: Got `batch_size` less than 1 or larger than sample size. It is going to be clipped
  warnings.warn(

/home/ryedida/.local/lib/python3.9/site-packages/sklearn/neural_network/_multilayer_perceptron.py:605: UserWarning: Got `batch_size` less than 1 or larger than sample size. It is going to be clipped
  warnings.warn(

/home/ryedida/.local/lib/python3.9/site-packages/sklearn/neural_network/_multilayer_perceptron.py:605: UserWarning: Got `batch_size` less than 1 or larger than sample size. It is going to be clipped
  warnings.warn(

/home/ryedida/.local/lib/python3.9/site-packages/sklearn/neural_network/_multilayer_perceptron.py:686: ConvergenceWarning: Stochastic Optimizer: Maximum iterations (200) reached and the optimization hasn't converged yet.
  warnings.warn(

/home/ryedida/.local/lib/python3.9/site-packages/sklearn/neural_network/_multilayer_perceptron.py:605: UserWarning: Got `batch_size` less than 1 or larger than sample size. It is going to be clipped
  warnings.warn(

/home/ryedida/.local/lib/python3.9/site-packages/sklearn/neural_network/_multilayer_perceptron.py:686: ConvergenceWarning: Stochastic Optimizer: Maximum iterations (200) reached and the optimization hasn't converged yet.
  warnings.warn(

computed signature: ([{'alpha': 0.019628224813442792, 'batch_size': 182, 'beta_1': 0.9410202200271762, 'beta_2': 0.9998021557676793, 'epsilon': 1.8662266976518e-08, 'hidden_layer_sizes': 147, 'learning_rate_init': 0.0005627932047415167, 'tol': 0.03690557729213761, 'validation_fraction': 0.8846827852548593}, {'alpha': 0.0019982467392329444, 'batch_size': 200, 'beta_1': 0.919111482530466, 'beta_2': 0.9998488260436156, 'epsilon': 5.981221901152555e-07, 'hidden_layer_sizes': 61, 'learning_rate_init': 2.2310905607443014e-05, 'tol': 1.2046852412030316e-05, 'validation_fraction': 0.8117896445826539}, {'alpha': 0.46659545670218433, 'batch_size': 219, 'beta_1': 0.9889789783750891, 'beta_2': 0.9999896868093284, 'epsilon': 2.4234724484675948e-08, 'hidden_layer_sizes': 167, 'learning_rate_init': 2.972334644335654e-05, 'tol': 0.0036281404040243792, 'validation_fraction': 0.17260651658522078}, {'alpha': 4.656005689076002, 'batch_size': 135, 'beta_1': 0.870503881627747, 'beta_2': 0.9948873266941017, 'epsilon': 2.1023308743480125e-07, 'hidden_layer_sizes': 118, 'learning_rate_init': 0.0018781738757161913, 'tol': 1.1889379831773004e-05, 'validation_fraction': 0.6264327093752792}, {'alpha': 0.04705159350400542, 'batch_size': 158, 'beta_1': 0.9870884262730957, 'beta_2': 0.9999596874382349, 'epsilon': 1.1981845126013875e-08, 'hidden_layer_sizes': 116, 'learning_rate_init': 0.00617340520407431, 'tol': 1.741413418158619e-05, 'validation_fraction': 0.6754299026638921}], [151.4971925380264, 151.42763539278994, 151.47026299046811, 136.86202504264318, 75.2055865763391])
Signature errors:
                                  0             1             2         3         4       max
MLP-adam_diabetes_mae  1.919244e-08  6.198704e-08  7.624578e-09  0.000007  0.000034  0.000034
max                    1.919244e-08  6.198704e-08  7.624578e-09  0.000007  0.000034  0.000034
starting sklearn study smoothness MLP-adam diabetes mae 15 1
with data root: None
Failure in optimizer suggest. Falling back to random search.
name 'activ' is not defined
Traceback (most recent call last):
  File "/home/ryedida/.local/lib/python3.9/site-packages/bayesmark/experiment.py", line 126, in run_study
    next_points = optimizer.suggest(n_suggestions)
  File "/home/ryedida/bbo_challenge_starter_kit/example_submissions/smoothness/optimizer.py", line 105, in suggest
    betas = [self._get_smoothness_reg(guess) for guess in guesses]
  File "/home/ryedida/bbo_challenge_starter_kit/example_submissions/smoothness/optimizer.py", line 105, in <listcomp>
    betas = [self._get_smoothness_reg(guess) for guess in guesses]
  File "/home/ryedida/bbo_challenge_starter_kit/example_submissions/smoothness/optimizer.py", line 48, in _get_smoothness_reg
    if activ > Kz:
NameError: name 'activ' is not defined
suggestion time taken 0.494824 iter 0 next_points [{'alpha': 0.00024707493827199006, 'batch_size': 213, 'beta_1': 0.9008973345382688, 'beta_2': 0.9996339263025984, 'epsilon': 1.0914354665656477e-07, 'hidden_layer_sizes': 152, 'learning_rate_init': 0.0008322454238369002, 'tol': 1.256721983293964e-05, 'validation_fraction': 0.71203681108022}]
/home/ryedida/.local/lib/python3.9/site-packages/sklearn/neural_network/_multilayer_perceptron.py:605: UserWarning: Got `batch_size` less than 1 or larger than sample size. It is going to be clipped
  warnings.warn(

/home/ryedida/.local/lib/python3.9/site-packages/sklearn/neural_network/_multilayer_perceptron.py:686: ConvergenceWarning: Stochastic Optimizer: Maximum iterations (200) reached and the optimization hasn't converged yet.
  warnings.warn(

function_evaluation time 0.792460 value 146.751293 suggestion {'alpha': 0.00024707493827199006, 'batch_size': 213, 'beta_1': 0.9008973345382688, 'beta_2': 0.9996339263025984, 'epsilon': 1.0914354665656477e-07, 'hidden_layer_sizes': 152, 'learning_rate_init': 0.0008322454238369002, 'tol': 1.256721983293964e-05, 'validation_fraction': 0.71203681108022}
observation time 0.000006, current best 146.751293 at iter 0
Failure in optimizer suggest. Falling back to random search.
name 'activ' is not defined
Traceback (most recent call last):
  File "/home/ryedida/.local/lib/python3.9/site-packages/bayesmark/experiment.py", line 126, in run_study
    next_points = optimizer.suggest(n_suggestions)
  File "/home/ryedida/bbo_challenge_starter_kit/example_submissions/smoothness/optimizer.py", line 105, in suggest
    betas = [self._get_smoothness_reg(guess) for guess in guesses]
  File "/home/ryedida/bbo_challenge_starter_kit/example_submissions/smoothness/optimizer.py", line 105, in <listcomp>
    betas = [self._get_smoothness_reg(guess) for guess in guesses]
  File "/home/ryedida/bbo_challenge_starter_kit/example_submissions/smoothness/optimizer.py", line 48, in _get_smoothness_reg
    if activ > Kz:
NameError: name 'activ' is not defined
suggestion time taken 0.328970 iter 1 next_points [{'alpha': 1.3750766263790996e-05, 'batch_size': 205, 'beta_1': 0.5903836979605827, 'beta_2': 0.9579597840391264, 'epsilon': 1.1228286552751364e-09, 'hidden_layer_sizes': 138, 'learning_rate_init': 0.0007781346228157606, 'tol': 5.5274767895918794e-05, 'validation_fraction': 0.14110462248491984}]
/home/ryedida/.local/lib/python3.9/site-packages/sklearn/neural_network/_multilayer_perceptron.py:686: ConvergenceWarning: Stochastic Optimizer: Maximum iterations (200) reached and the optimization hasn't converged yet.
  warnings.warn(

function_evaluation time 1.227741 value 142.189679 suggestion {'alpha': 1.3750766263790996e-05, 'batch_size': 205, 'beta_1': 0.5903836979605827, 'beta_2': 0.9579597840391264, 'epsilon': 1.1228286552751364e-09, 'hidden_layer_sizes': 138, 'learning_rate_init': 0.0007781346228157606, 'tol': 5.5274767895918794e-05, 'validation_fraction': 0.14110462248491984}
observation time 0.000005, current best 142.189679 at iter 1
Failure in optimizer suggest. Falling back to random search.
name 'activ' is not defined
Traceback (most recent call last):
  File "/home/ryedida/.local/lib/python3.9/site-packages/bayesmark/experiment.py", line 126, in run_study
    next_points = optimizer.suggest(n_suggestions)
  File "/home/ryedida/bbo_challenge_starter_kit/example_submissions/smoothness/optimizer.py", line 105, in suggest
    betas = [self._get_smoothness_reg(guess) for guess in guesses]
  File "/home/ryedida/bbo_challenge_starter_kit/example_submissions/smoothness/optimizer.py", line 105, in <listcomp>
    betas = [self._get_smoothness_reg(guess) for guess in guesses]
  File "/home/ryedida/bbo_challenge_starter_kit/example_submissions/smoothness/optimizer.py", line 48, in _get_smoothness_reg
    if activ > Kz:
NameError: name 'activ' is not defined
suggestion time taken 0.330787 iter 2 next_points [{'alpha': 0.001960127568628805, 'batch_size': 208, 'beta_1': 0.8324009680050579, 'beta_2': 0.9998808528380003, 'epsilon': 1.7969496696200748e-08, 'hidden_layer_sizes': 157, 'learning_rate_init': 3.379226509383305e-05, 'tol': 1.7439791462986427e-05, 'validation_fraction': 0.1861760076729234}]
/home/ryedida/.local/lib/python3.9/site-packages/sklearn/neural_network/_multilayer_perceptron.py:686: ConvergenceWarning: Stochastic Optimizer: Maximum iterations (200) reached and the optimization hasn't converged yet.
  warnings.warn(

function_evaluation time 1.299000 value 151.331427 suggestion {'alpha': 0.001960127568628805, 'batch_size': 208, 'beta_1': 0.8324009680050579, 'beta_2': 0.9998808528380003, 'epsilon': 1.7969496696200748e-08, 'hidden_layer_sizes': 157, 'learning_rate_init': 3.379226509383305e-05, 'tol': 1.7439791462986427e-05, 'validation_fraction': 0.1861760076729234}
observation time 0.000006, current best 142.189679 at iter 2
Failure in optimizer suggest. Falling back to random search.
name 'activ' is not defined
Traceback (most recent call last):
  File "/home/ryedida/.local/lib/python3.9/site-packages/bayesmark/experiment.py", line 126, in run_study
    next_points = optimizer.suggest(n_suggestions)
  File "/home/ryedida/bbo_challenge_starter_kit/example_submissions/smoothness/optimizer.py", line 105, in suggest
    betas = [self._get_smoothness_reg(guess) for guess in guesses]
  File "/home/ryedida/bbo_challenge_starter_kit/example_submissions/smoothness/optimizer.py", line 105, in <listcomp>
    betas = [self._get_smoothness_reg(guess) for guess in guesses]
  File "/home/ryedida/bbo_challenge_starter_kit/example_submissions/smoothness/optimizer.py", line 48, in _get_smoothness_reg
    if activ > Kz:
NameError: name 'activ' is not defined
suggestion time taken 0.330223 iter 3 next_points [{'alpha': 1.4697194095411996, 'batch_size': 38, 'beta_1': 0.9852703510826261, 'beta_2': 0.9999952977326783, 'epsilon': 2.350804754531604e-08, 'hidden_layer_sizes': 195, 'learning_rate_init': 3.58077409878952e-05, 'tol': 0.00019237961491022225, 'validation_fraction': 0.8905047345965508}]
function_evaluation time 0.058432 value 151.592079 suggestion {'alpha': 1.4697194095411996, 'batch_size': 38, 'beta_1': 0.9852703510826261, 'beta_2': 0.9999952977326783, 'epsilon': 2.350804754531604e-08, 'hidden_layer_sizes': 195, 'learning_rate_init': 3.58077409878952e-05, 'tol': 0.00019237961491022225, 'validation_fraction': 0.8905047345965508}
observation time 0.000005, current best 142.189679 at iter 3
Failure in optimizer suggest. Falling back to random search.
name 'activ' is not defined
Traceback (most recent call last):
  File "/home/ryedida/.local/lib/python3.9/site-packages/bayesmark/experiment.py", line 126, in run_study
    next_points = optimizer.suggest(n_suggestions)
  File "/home/ryedida/bbo_challenge_starter_kit/example_submissions/smoothness/optimizer.py", line 105, in suggest
    betas = [self._get_smoothness_reg(guess) for guess in guesses]
  File "/home/ryedida/bbo_challenge_starter_kit/example_submissions/smoothness/optimizer.py", line 105, in <listcomp>
    betas = [self._get_smoothness_reg(guess) for guess in guesses]
  File "/home/ryedida/bbo_challenge_starter_kit/example_submissions/smoothness/optimizer.py", line 48, in _get_smoothness_reg
    if activ > Kz:
NameError: name 'activ' is not defined
suggestion time taken 0.329857 iter 4 next_points [{'alpha': 0.0013470843838520328, 'batch_size': 106, 'beta_1': 0.9854110192995269, 'beta_2': 0.9999974770139969, 'epsilon': 1.1505184002451884e-07, 'hidden_layer_sizes': 167, 'learning_rate_init': 0.0012831385659541215, 'tol': 0.000739973998085539, 'validation_fraction': 0.5141486985310367}]
/home/ryedida/.local/lib/python3.9/site-packages/sklearn/neural_network/_multilayer_perceptron.py:686: ConvergenceWarning: Stochastic Optimizer: Maximum iterations (200) reached and the optimization hasn't converged yet.
  warnings.warn(

function_evaluation time 1.147215 value 119.773557 suggestion {'alpha': 0.0013470843838520328, 'batch_size': 106, 'beta_1': 0.9854110192995269, 'beta_2': 0.9999974770139969, 'epsilon': 1.1505184002451884e-07, 'hidden_layer_sizes': 167, 'learning_rate_init': 0.0012831385659541215, 'tol': 0.000739973998085539, 'validation_fraction': 0.5141486985310367}
observation time 0.000005, current best 119.773557 at iter 4
Failure in optimizer suggest. Falling back to random search.
name 'activ' is not defined
Traceback (most recent call last):
  File "/home/ryedida/.local/lib/python3.9/site-packages/bayesmark/experiment.py", line 126, in run_study
    next_points = optimizer.suggest(n_suggestions)
  File "/home/ryedida/bbo_challenge_starter_kit/example_submissions/smoothness/optimizer.py", line 105, in suggest
    betas = [self._get_smoothness_reg(guess) for guess in guesses]
  File "/home/ryedida/bbo_challenge_starter_kit/example_submissions/smoothness/optimizer.py", line 105, in <listcomp>
    betas = [self._get_smoothness_reg(guess) for guess in guesses]
  File "/home/ryedida/bbo_challenge_starter_kit/example_submissions/smoothness/optimizer.py", line 48, in _get_smoothness_reg
    if activ > Kz:
NameError: name 'activ' is not defined
suggestion time taken 0.328795 iter 5 next_points [{'alpha': 0.0001302560991122725, 'batch_size': 167, 'beta_1': 0.9783495881667266, 'beta_2': 0.9999196478884754, 'epsilon': 6.608934854154809e-09, 'hidden_layer_sizes': 130, 'learning_rate_init': 0.00027154184600696173, 'tol': 0.08612592306846398, 'validation_fraction': 0.12986312134535893}]
function_evaluation time 0.082273 value 151.426610 suggestion {'alpha': 0.0001302560991122725, 'batch_size': 167, 'beta_1': 0.9783495881667266, 'beta_2': 0.9999196478884754, 'epsilon': 6.608934854154809e-09, 'hidden_layer_sizes': 130, 'learning_rate_init': 0.00027154184600696173, 'tol': 0.08612592306846398, 'validation_fraction': 0.12986312134535893}
observation time 0.000006, current best 119.773557 at iter 5
Failure in optimizer suggest. Falling back to random search.
name 'activ' is not defined
Traceback (most recent call last):
  File "/home/ryedida/.local/lib/python3.9/site-packages/bayesmark/experiment.py", line 126, in run_study
    next_points = optimizer.suggest(n_suggestions)
  File "/home/ryedida/bbo_challenge_starter_kit/example_submissions/smoothness/optimizer.py", line 105, in suggest
    betas = [self._get_smoothness_reg(guess) for guess in guesses]
  File "/home/ryedida/bbo_challenge_starter_kit/example_submissions/smoothness/optimizer.py", line 105, in <listcomp>
    betas = [self._get_smoothness_reg(guess) for guess in guesses]
  File "/home/ryedida/bbo_challenge_starter_kit/example_submissions/smoothness/optimizer.py", line 48, in _get_smoothness_reg
    if activ > Kz:
NameError: name 'activ' is not defined
suggestion time taken 0.332076 iter 6 next_points [{'alpha': 1.5050438504635743e-05, 'batch_size': 196, 'beta_1': 0.9499820299071177, 'beta_2': 0.923589369115917, 'epsilon': 7.579674627938192e-08, 'hidden_layer_sizes': 84, 'learning_rate_init': 0.00017661416239290426, 'tol': 0.00023911433675239644, 'validation_fraction': 0.11185357736266953}]
function_evaluation time 0.387020 value 151.219123 suggestion {'alpha': 1.5050438504635743e-05, 'batch_size': 196, 'beta_1': 0.9499820299071177, 'beta_2': 0.923589369115917, 'epsilon': 7.579674627938192e-08, 'hidden_layer_sizes': 84, 'learning_rate_init': 0.00017661416239290426, 'tol': 0.00023911433675239644, 'validation_fraction': 0.11185357736266953}
observation time 0.000011, current best 119.773557 at iter 6
Failure in optimizer suggest. Falling back to random search.
name 'activ' is not defined
Traceback (most recent call last):
  File "/home/ryedida/.local/lib/python3.9/site-packages/bayesmark/experiment.py", line 126, in run_study
    next_points = optimizer.suggest(n_suggestions)
  File "/home/ryedida/bbo_challenge_starter_kit/example_submissions/smoothness/optimizer.py", line 105, in suggest
    betas = [self._get_smoothness_reg(guess) for guess in guesses]
  File "/home/ryedida/bbo_challenge_starter_kit/example_submissions/smoothness/optimizer.py", line 105, in <listcomp>
    betas = [self._get_smoothness_reg(guess) for guess in guesses]
  File "/home/ryedida/bbo_challenge_starter_kit/example_submissions/smoothness/optimizer.py", line 48, in _get_smoothness_reg
    if activ > Kz:
NameError: name 'activ' is not defined
suggestion time taken 0.454964 iter 7 next_points [{'alpha': 0.0015927792814110747, 'batch_size': 118, 'beta_1': 0.7069744203467107, 'beta_2': 0.9999793229500858, 'epsilon': 1.2687166307607266e-07, 'hidden_layer_sizes': 112, 'learning_rate_init': 0.010063099650534577, 'tol': 0.09780681786555334, 'validation_fraction': 0.5697227213461679}]
function_evaluation time 0.068575 value 145.804819 suggestion {'alpha': 0.0015927792814110747, 'batch_size': 118, 'beta_1': 0.7069744203467107, 'beta_2': 0.9999793229500858, 'epsilon': 1.2687166307607266e-07, 'hidden_layer_sizes': 112, 'learning_rate_init': 0.010063099650534577, 'tol': 0.09780681786555334, 'validation_fraction': 0.5697227213461679}
observation time 0.000006, current best 119.773557 at iter 7
Failure in optimizer suggest. Falling back to random search.
name 'activ' is not defined
Traceback (most recent call last):
  File "/home/ryedida/.local/lib/python3.9/site-packages/bayesmark/experiment.py", line 126, in run_study
    next_points = optimizer.suggest(n_suggestions)
  File "/home/ryedida/bbo_challenge_starter_kit/example_submissions/smoothness/optimizer.py", line 105, in suggest
    betas = [self._get_smoothness_reg(guess) for guess in guesses]
  File "/home/ryedida/bbo_challenge_starter_kit/example_submissions/smoothness/optimizer.py", line 105, in <listcomp>
    betas = [self._get_smoothness_reg(guess) for guess in guesses]
  File "/home/ryedida/bbo_challenge_starter_kit/example_submissions/smoothness/optimizer.py", line 48, in _get_smoothness_reg
    if activ > Kz:
NameError: name 'activ' is not defined
suggestion time taken 0.329204 iter 8 next_points [{'alpha': 0.002556706963262768, 'batch_size': 101, 'beta_1': 0.9416506522799921, 'beta_2': 0.9921263076828594, 'epsilon': 3.6039595311877753e-07, 'hidden_layer_sizes': 181, 'learning_rate_init': 0.0019389960478738602, 'tol': 6.33953819867999e-05, 'validation_fraction': 0.34493580369399474}]
/home/ryedida/.local/lib/python3.9/site-packages/sklearn/neural_network/_multilayer_perceptron.py:686: ConvergenceWarning: Stochastic Optimizer: Maximum iterations (200) reached and the optimization hasn't converged yet.
  warnings.warn(

function_evaluation time 1.325151 value 79.020166 suggestion {'alpha': 0.002556706963262768, 'batch_size': 101, 'beta_1': 0.9416506522799921, 'beta_2': 0.9921263076828594, 'epsilon': 3.6039595311877753e-07, 'hidden_layer_sizes': 181, 'learning_rate_init': 0.0019389960478738602, 'tol': 6.33953819867999e-05, 'validation_fraction': 0.34493580369399474}
observation time 0.000005, current best 79.020166 at iter 8
Failure in optimizer suggest. Falling back to random search.
name 'activ' is not defined
Traceback (most recent call last):
  File "/home/ryedida/.local/lib/python3.9/site-packages/bayesmark/experiment.py", line 126, in run_study
    next_points = optimizer.suggest(n_suggestions)
  File "/home/ryedida/bbo_challenge_starter_kit/example_submissions/smoothness/optimizer.py", line 105, in suggest
    betas = [self._get_smoothness_reg(guess) for guess in guesses]
  File "/home/ryedida/bbo_challenge_starter_kit/example_submissions/smoothness/optimizer.py", line 105, in <listcomp>
    betas = [self._get_smoothness_reg(guess) for guess in guesses]
  File "/home/ryedida/bbo_challenge_starter_kit/example_submissions/smoothness/optimizer.py", line 48, in _get_smoothness_reg
    if activ > Kz:
NameError: name 'activ' is not defined
suggestion time taken 0.321840 iter 9 next_points [{'alpha': 0.02104710766662707, 'batch_size': 36, 'beta_1': 0.8816884585936284, 'beta_2': 0.9999771438616254, 'epsilon': 1.756091967296379e-07, 'hidden_layer_sizes': 188, 'learning_rate_init': 0.0033615611981684603, 'tol': 0.00010603853311141968, 'validation_fraction': 0.8915295598928009}]
/home/ryedida/.local/lib/python3.9/site-packages/sklearn/neural_network/_multilayer_perceptron.py:686: ConvergenceWarning: Stochastic Optimizer: Maximum iterations (200) reached and the optimization hasn't converged yet.
  warnings.warn(

function_evaluation time 0.790317 value 81.999344 suggestion {'alpha': 0.02104710766662707, 'batch_size': 36, 'beta_1': 0.8816884585936284, 'beta_2': 0.9999771438616254, 'epsilon': 1.756091967296379e-07, 'hidden_layer_sizes': 188, 'learning_rate_init': 0.0033615611981684603, 'tol': 0.00010603853311141968, 'validation_fraction': 0.8915295598928009}
observation time 0.000006, current best 79.020166 at iter 9
Failure in optimizer suggest. Falling back to random search.
name 'activ' is not defined
Traceback (most recent call last):
  File "/home/ryedida/.local/lib/python3.9/site-packages/bayesmark/experiment.py", line 126, in run_study
    next_points = optimizer.suggest(n_suggestions)
  File "/home/ryedida/bbo_challenge_starter_kit/example_submissions/smoothness/optimizer.py", line 105, in suggest
    betas = [self._get_smoothness_reg(guess) for guess in guesses]
  File "/home/ryedida/bbo_challenge_starter_kit/example_submissions/smoothness/optimizer.py", line 105, in <listcomp>
    betas = [self._get_smoothness_reg(guess) for guess in guesses]
  File "/home/ryedida/bbo_challenge_starter_kit/example_submissions/smoothness/optimizer.py", line 48, in _get_smoothness_reg
    if activ > Kz:
NameError: name 'activ' is not defined
suggestion time taken 0.346726 iter 10 next_points [{'alpha': 0.00011552308343901614, 'batch_size': 139, 'beta_1': 0.9642672378345823, 'beta_2': 0.9952805995357022, 'epsilon': 2.652671481680161e-08, 'hidden_layer_sizes': 76, 'learning_rate_init': 5.225834755180387e-05, 'tol': 3.229934919106696e-05, 'validation_fraction': 0.2899901618998071}]
/home/ryedida/.local/lib/python3.9/site-packages/sklearn/neural_network/_multilayer_perceptron.py:686: ConvergenceWarning: Stochastic Optimizer: Maximum iterations (200) reached and the optimization hasn't converged yet.
  warnings.warn(

function_evaluation time 0.907514 value 151.487710 suggestion {'alpha': 0.00011552308343901614, 'batch_size': 139, 'beta_1': 0.9642672378345823, 'beta_2': 0.9952805995357022, 'epsilon': 2.652671481680161e-08, 'hidden_layer_sizes': 76, 'learning_rate_init': 5.225834755180387e-05, 'tol': 3.229934919106696e-05, 'validation_fraction': 0.2899901618998071}
observation time 0.000005, current best 79.020166 at iter 10
Failure in optimizer suggest. Falling back to random search.
name 'activ' is not defined
Traceback (most recent call last):
  File "/home/ryedida/.local/lib/python3.9/site-packages/bayesmark/experiment.py", line 126, in run_study
    next_points = optimizer.suggest(n_suggestions)
  File "/home/ryedida/bbo_challenge_starter_kit/example_submissions/smoothness/optimizer.py", line 105, in suggest
    betas = [self._get_smoothness_reg(guess) for guess in guesses]
  File "/home/ryedida/bbo_challenge_starter_kit/example_submissions/smoothness/optimizer.py", line 105, in <listcomp>
    betas = [self._get_smoothness_reg(guess) for guess in guesses]
  File "/home/ryedida/bbo_challenge_starter_kit/example_submissions/smoothness/optimizer.py", line 48, in _get_smoothness_reg
    if activ > Kz:
NameError: name 'activ' is not defined
suggestion time taken 0.323527 iter 11 next_points [{'alpha': 0.16613532289363106, 'batch_size': 17, 'beta_1': 0.5179510182788029, 'beta_2': 0.966168952008124, 'epsilon': 6.1031001282373154e-09, 'hidden_layer_sizes': 161, 'learning_rate_init': 0.048404124954200635, 'tol': 5.9652846392464705e-05, 'validation_fraction': 0.6099485865594798}]
function_evaluation time 0.376967 value 44.645415 suggestion {'alpha': 0.16613532289363106, 'batch_size': 17, 'beta_1': 0.5179510182788029, 'beta_2': 0.966168952008124, 'epsilon': 6.1031001282373154e-09, 'hidden_layer_sizes': 161, 'learning_rate_init': 0.048404124954200635, 'tol': 5.9652846392464705e-05, 'validation_fraction': 0.6099485865594798}
observation time 0.000006, current best 44.645415 at iter 11
Failure in optimizer suggest. Falling back to random search.
name 'activ' is not defined
Traceback (most recent call last):
  File "/home/ryedida/.local/lib/python3.9/site-packages/bayesmark/experiment.py", line 126, in run_study
    next_points = optimizer.suggest(n_suggestions)
  File "/home/ryedida/bbo_challenge_starter_kit/example_submissions/smoothness/optimizer.py", line 105, in suggest
    betas = [self._get_smoothness_reg(guess) for guess in guesses]
  File "/home/ryedida/bbo_challenge_starter_kit/example_submissions/smoothness/optimizer.py", line 105, in <listcomp>
    betas = [self._get_smoothness_reg(guess) for guess in guesses]
  File "/home/ryedida/bbo_challenge_starter_kit/example_submissions/smoothness/optimizer.py", line 48, in _get_smoothness_reg
    if activ > Kz:
NameError: name 'activ' is not defined
suggestion time taken 0.323635 iter 12 next_points [{'alpha': 0.22154089960232137, 'batch_size': 39, 'beta_1': 0.8955884358765566, 'beta_2': 0.9965419966956345, 'epsilon': 1.348090589335523e-08, 'hidden_layer_sizes': 124, 'learning_rate_init': 0.051312598928384405, 'tol': 3.62345974548618e-05, 'validation_fraction': 0.1508809916971563}]
function_evaluation time 0.299095 value 44.193139 suggestion {'alpha': 0.22154089960232137, 'batch_size': 39, 'beta_1': 0.8955884358765566, 'beta_2': 0.9965419966956345, 'epsilon': 1.348090589335523e-08, 'hidden_layer_sizes': 124, 'learning_rate_init': 0.051312598928384405, 'tol': 3.62345974548618e-05, 'validation_fraction': 0.1508809916971563}
observation time 0.000005, current best 44.193139 at iter 12
Failure in optimizer suggest. Falling back to random search.
name 'activ' is not defined
Traceback (most recent call last):
  File "/home/ryedida/.local/lib/python3.9/site-packages/bayesmark/experiment.py", line 126, in run_study
    next_points = optimizer.suggest(n_suggestions)
  File "/home/ryedida/bbo_challenge_starter_kit/example_submissions/smoothness/optimizer.py", line 105, in suggest
    betas = [self._get_smoothness_reg(guess) for guess in guesses]
  File "/home/ryedida/bbo_challenge_starter_kit/example_submissions/smoothness/optimizer.py", line 105, in <listcomp>
    betas = [self._get_smoothness_reg(guess) for guess in guesses]
  File "/home/ryedida/bbo_challenge_starter_kit/example_submissions/smoothness/optimizer.py", line 48, in _get_smoothness_reg
    if activ > Kz:
NameError: name 'activ' is not defined
suggestion time taken 0.324759 iter 13 next_points [{'alpha': 3.327498952861013e-05, 'batch_size': 83, 'beta_1': 0.7064272137647003, 'beta_2': 0.9999431236913222, 'epsilon': 1.3332504117577042e-08, 'hidden_layer_sizes': 74, 'learning_rate_init': 0.027460281236388547, 'tol': 0.0002800193222960858, 'validation_fraction': 0.6709058906588383}]
function_evaluation time 0.543721 value 46.160913 suggestion {'alpha': 3.327498952861013e-05, 'batch_size': 83, 'beta_1': 0.7064272137647003, 'beta_2': 0.9999431236913222, 'epsilon': 1.3332504117577042e-08, 'hidden_layer_sizes': 74, 'learning_rate_init': 0.027460281236388547, 'tol': 0.0002800193222960858, 'validation_fraction': 0.6709058906588383}
observation time 0.000006, current best 44.193139 at iter 13
Failure in optimizer suggest. Falling back to random search.
name 'activ' is not defined
Traceback (most recent call last):
  File "/home/ryedida/.local/lib/python3.9/site-packages/bayesmark/experiment.py", line 126, in run_study
    next_points = optimizer.suggest(n_suggestions)
  File "/home/ryedida/bbo_challenge_starter_kit/example_submissions/smoothness/optimizer.py", line 105, in suggest
    betas = [self._get_smoothness_reg(guess) for guess in guesses]
  File "/home/ryedida/bbo_challenge_starter_kit/example_submissions/smoothness/optimizer.py", line 105, in <listcomp>
    betas = [self._get_smoothness_reg(guess) for guess in guesses]
  File "/home/ryedida/bbo_challenge_starter_kit/example_submissions/smoothness/optimizer.py", line 48, in _get_smoothness_reg
    if activ > Kz:
NameError: name 'activ' is not defined
suggestion time taken 0.335215 iter 14 next_points [{'alpha': 1.4826842174324813e-05, 'batch_size': 33, 'beta_1': 0.9056561577366968, 'beta_2': 0.9891839911516486, 'epsilon': 1.7368572581899048e-07, 'hidden_layer_sizes': 58, 'learning_rate_init': 0.0002368519417046739, 'tol': 0.0147366778461504, 'validation_fraction': 0.7884323141043109}]
function_evaluation time 0.058162 value 151.690521 suggestion {'alpha': 1.4826842174324813e-05, 'batch_size': 33, 'beta_1': 0.9056561577366968, 'beta_2': 0.9891839911516486, 'epsilon': 1.7368572581899048e-07, 'hidden_layer_sizes': 58, 'learning_rate_init': 0.0002368519417046739, 'tol': 0.0147366778461504, 'validation_fraction': 0.7884323141043109}
observation time 0.000005, current best 44.193139 at iter 14
saving meta data: {'args': {'--uuid': '360e126181c25fc495c19d8808ed9e5c', '-db-root': '/home/ryedida/bbo_challenge_starter_kit/output', '--opt-root': '/home/ryedida/bbo_challenge_starter_kit/example_submissions', '--data-root': None, '--db': 'run_20230425_034200', '--opt': 'smoothness', '--data': 'diabetes', '--classifier': 'MLP-adam', '--metric': 'mae', '--calls': 15, '--suggestions': 1, '--jobs-file': None, '--verbose': False, 'dry_run': False, 'rev': 'a376313', 'opt_rev': 'x.x.x'}, 'signature': ([{'alpha': 0.019628224813442792, 'batch_size': 182, 'beta_1': 0.9410202200271762, 'beta_2': 0.9998021557676793, 'epsilon': 1.8662266976518e-08, 'hidden_layer_sizes': 147, 'learning_rate_init': 0.0005627932047415167, 'tol': 0.03690557729213761, 'validation_fraction': 0.8846827852548593}, {'alpha': 0.0019982467392329444, 'batch_size': 200, 'beta_1': 0.919111482530466, 'beta_2': 0.9998488260436156, 'epsilon': 5.981221901152555e-07, 'hidden_layer_sizes': 61, 'learning_rate_init': 2.2310905607443014e-05, 'tol': 1.2046852412030316e-05, 'validation_fraction': 0.8117896445826539}, {'alpha': 0.46659545670218433, 'batch_size': 219, 'beta_1': 0.9889789783750891, 'beta_2': 0.9999896868093284, 'epsilon': 2.4234724484675948e-08, 'hidden_layer_sizes': 167, 'learning_rate_init': 2.972334644335654e-05, 'tol': 0.0036281404040243792, 'validation_fraction': 0.17260651658522078}, {'alpha': 4.656005689076002, 'batch_size': 135, 'beta_1': 0.870503881627747, 'beta_2': 0.9948873266941017, 'epsilon': 2.1023308743480125e-07, 'hidden_layer_sizes': 118, 'learning_rate_init': 0.0018781738757161913, 'tol': 1.1889379831773004e-05, 'validation_fraction': 0.6264327093752792}, {'alpha': 0.04705159350400542, 'batch_size': 158, 'beta_1': 0.9870884262730957, 'beta_2': 0.9999596874382349, 'epsilon': 1.1981845126013875e-08, 'hidden_layer_sizes': 116, 'learning_rate_init': 0.00617340520407431, 'tol': 1.741413418158619e-05, 'validation_fraction': 0.6754299026638921}], [151.4971925380264, 151.42763539278994, 151.47026299046811, 136.86202504264318, 75.2055865763391])}
saving results
saving timing
saving suggest log
done
