running: {'--uuid': '53ff8ae3e8ad5c69a1faff81d07f6728', '-db-root': '/home/ryedida/bbo_challenge_starter_kit/output', '--opt-root': '/home/ryedida/bbo_challenge_starter_kit/example_submissions', '--data-root': None, '--db': 'run_20230425_034200', '--opt': 'smoothness', '--data': 'diabetes', '--classifier': 'MLP-adam', '--metric': 'mse', '--calls': 15, '--suggestions': 1, '--jobs-file': None, '--verbose': False, 'dry_run': False, 'rev': 'a376313', 'opt_rev': 'x.x.x'}
cmd: python smoothness/optimizer.py -c MLP-adam -d diabetes -o smoothness -u 53ff8ae3e8ad5c69a1faff81d07f6728 -m mse -n 15 -p 1 -dir /home/ryedida/bbo_challenge_starter_kit/output -b run_20230425_034200
/home/ryedida/.local/lib/python3.9/site-packages/sklearn/neural_network/_multilayer_perceptron.py:605: UserWarning: Got `batch_size` less than 1 or larger than sample size. It is going to be clipped
  warnings.warn(

/home/ryedida/.local/lib/python3.9/site-packages/sklearn/neural_network/_multilayer_perceptron.py:605: UserWarning: Got `batch_size` less than 1 or larger than sample size. It is going to be clipped
  warnings.warn(

/home/ryedida/.local/lib/python3.9/site-packages/sklearn/neural_network/_multilayer_perceptron.py:605: UserWarning: Got `batch_size` less than 1 or larger than sample size. It is going to be clipped
  warnings.warn(

/home/ryedida/.local/lib/python3.9/site-packages/sklearn/neural_network/_multilayer_perceptron.py:686: ConvergenceWarning: Stochastic Optimizer: Maximum iterations (200) reached and the optimization hasn't converged yet.
  warnings.warn(

/home/ryedida/.local/lib/python3.9/site-packages/sklearn/neural_network/_multilayer_perceptron.py:605: UserWarning: Got `batch_size` less than 1 or larger than sample size. It is going to be clipped
  warnings.warn(

/home/ryedida/.local/lib/python3.9/site-packages/sklearn/neural_network/_multilayer_perceptron.py:686: ConvergenceWarning: Stochastic Optimizer: Maximum iterations (200) reached and the optimization hasn't converged yet.
  warnings.warn(

computed signature: ([{'alpha': 0.019628224813442792, 'batch_size': 182, 'beta_1': 0.9410202200271762, 'beta_2': 0.9998021557676793, 'epsilon': 1.8662266976518e-08, 'hidden_layer_sizes': 147, 'learning_rate_init': 0.0005627932047415167, 'tol': 0.03690557729213761, 'validation_fraction': 0.8846827852548593}, {'alpha': 0.0019982467392329444, 'batch_size': 200, 'beta_1': 0.919111482530466, 'beta_2': 0.9998488260436156, 'epsilon': 5.981221901152555e-07, 'hidden_layer_sizes': 61, 'learning_rate_init': 2.2310905607443014e-05, 'tol': 1.2046852412030316e-05, 'validation_fraction': 0.8117896445826539}, {'alpha': 0.46659545670218433, 'batch_size': 219, 'beta_1': 0.9889789783750891, 'beta_2': 0.9999896868093284, 'epsilon': 2.4234724484675948e-08, 'hidden_layer_sizes': 167, 'learning_rate_init': 2.972334644335654e-05, 'tol': 0.0036281404040243792, 'validation_fraction': 0.17260651658522078}, {'alpha': 4.656005689076002, 'batch_size': 135, 'beta_1': 0.870503881627747, 'beta_2': 0.9948873266941017, 'epsilon': 2.1023308743480125e-07, 'hidden_layer_sizes': 118, 'learning_rate_init': 0.0018781738757161913, 'tol': 1.1889379831773004e-05, 'validation_fraction': 0.6264327093752792}, {'alpha': 0.04705159350400542, 'batch_size': 158, 'beta_1': 0.9870884262730957, 'beta_2': 0.9999596874382349, 'epsilon': 1.1981845126013875e-08, 'hidden_layer_sizes': 116, 'learning_rate_init': 0.00617340520407431, 'tol': 1.741413418158619e-05, 'validation_fraction': 0.6754299026638921}], [29083.993548572587, 29062.423277324073, 29075.78987471409, 24626.32866834337, 9584.226858493177])
Signature errors:
                              0         1         2         3         4       max
MLP-adam_diabetes_mse  0.000007  0.000008  0.000003  0.003558  0.004952  0.004952
max                    0.000007  0.000008  0.000003  0.003558  0.004952  0.004952
starting sklearn study smoothness MLP-adam diabetes mse 15 1
with data root: None
Failure in optimizer suggest. Falling back to random search.
name 'activ' is not defined
Traceback (most recent call last):
  File "/home/ryedida/.local/lib/python3.9/site-packages/bayesmark/experiment.py", line 126, in run_study
    next_points = optimizer.suggest(n_suggestions)
  File "/home/ryedida/bbo_challenge_starter_kit/example_submissions/smoothness/optimizer.py", line 105, in suggest
    betas = [self._get_smoothness_reg(guess) for guess in guesses]
  File "/home/ryedida/bbo_challenge_starter_kit/example_submissions/smoothness/optimizer.py", line 105, in <listcomp>
    betas = [self._get_smoothness_reg(guess) for guess in guesses]
  File "/home/ryedida/bbo_challenge_starter_kit/example_submissions/smoothness/optimizer.py", line 48, in _get_smoothness_reg
    if activ > Kz:
NameError: name 'activ' is not defined
suggestion time taken 0.494653 iter 0 next_points [{'alpha': 0.15948838228957868, 'batch_size': 133, 'beta_1': 0.7698385789455024, 'beta_2': 0.9914384729751278, 'epsilon': 6.26275377859513e-07, 'hidden_layer_sizes': 71, 'learning_rate_init': 2.010413050381824e-05, 'tol': 0.003810794475050699, 'validation_fraction': 0.12432315764348029}]
function_evaluation time 0.068580 value 29165.386407 suggestion {'alpha': 0.15948838228957868, 'batch_size': 133, 'beta_1': 0.7698385789455024, 'beta_2': 0.9914384729751278, 'epsilon': 6.26275377859513e-07, 'hidden_layer_sizes': 71, 'learning_rate_init': 2.010413050381824e-05, 'tol': 0.003810794475050699, 'validation_fraction': 0.12432315764348029}
observation time 0.000006, current best 29165.386407 at iter 0
Failure in optimizer suggest. Falling back to random search.
name 'activ' is not defined
Traceback (most recent call last):
  File "/home/ryedida/.local/lib/python3.9/site-packages/bayesmark/experiment.py", line 126, in run_study
    next_points = optimizer.suggest(n_suggestions)
  File "/home/ryedida/bbo_challenge_starter_kit/example_submissions/smoothness/optimizer.py", line 105, in suggest
    betas = [self._get_smoothness_reg(guess) for guess in guesses]
  File "/home/ryedida/bbo_challenge_starter_kit/example_submissions/smoothness/optimizer.py", line 105, in <listcomp>
    betas = [self._get_smoothness_reg(guess) for guess in guesses]
  File "/home/ryedida/bbo_challenge_starter_kit/example_submissions/smoothness/optimizer.py", line 48, in _get_smoothness_reg
    if activ > Kz:
NameError: name 'activ' is not defined
suggestion time taken 0.335875 iter 1 next_points [{'alpha': 1.1580891083228873, 'batch_size': 87, 'beta_1': 0.9142610348479543, 'beta_2': 0.999997273342252, 'epsilon': 5.305275775330232e-09, 'hidden_layer_sizes': 122, 'learning_rate_init': 3.2333919504305396e-05, 'tol': 0.0025608054955883882, 'validation_fraction': 0.3777261335156634}]
function_evaluation time 0.083785 value 29141.651722 suggestion {'alpha': 1.1580891083228873, 'batch_size': 87, 'beta_1': 0.9142610348479543, 'beta_2': 0.999997273342252, 'epsilon': 5.305275775330232e-09, 'hidden_layer_sizes': 122, 'learning_rate_init': 3.2333919504305396e-05, 'tol': 0.0025608054955883882, 'validation_fraction': 0.3777261335156634}
observation time 0.000006, current best 29141.651722 at iter 1
Failure in optimizer suggest. Falling back to random search.
name 'activ' is not defined
Traceback (most recent call last):
  File "/home/ryedida/.local/lib/python3.9/site-packages/bayesmark/experiment.py", line 126, in run_study
    next_points = optimizer.suggest(n_suggestions)
  File "/home/ryedida/bbo_challenge_starter_kit/example_submissions/smoothness/optimizer.py", line 105, in suggest
    betas = [self._get_smoothness_reg(guess) for guess in guesses]
  File "/home/ryedida/bbo_challenge_starter_kit/example_submissions/smoothness/optimizer.py", line 105, in <listcomp>
    betas = [self._get_smoothness_reg(guess) for guess in guesses]
  File "/home/ryedida/bbo_challenge_starter_kit/example_submissions/smoothness/optimizer.py", line 48, in _get_smoothness_reg
    if activ > Kz:
NameError: name 'activ' is not defined
suggestion time taken 0.332442 iter 2 next_points [{'alpha': 0.1735796794866233, 'batch_size': 161, 'beta_1': 0.7817790143568939, 'beta_2': 0.9999952418243223, 'epsilon': 1.4013899962136173e-08, 'hidden_layer_sizes': 168, 'learning_rate_init': 0.0003452669483288006, 'tol': 0.00020555446535253295, 'validation_fraction': 0.3161888991769961}]
/home/ryedida/.local/lib/python3.9/site-packages/sklearn/neural_network/_multilayer_perceptron.py:686: ConvergenceWarning: Stochastic Optimizer: Maximum iterations (200) reached and the optimization hasn't converged yet.
  warnings.warn(

function_evaluation time 1.277538 value 27829.171821 suggestion {'alpha': 0.1735796794866233, 'batch_size': 161, 'beta_1': 0.7817790143568939, 'beta_2': 0.9999952418243223, 'epsilon': 1.4013899962136173e-08, 'hidden_layer_sizes': 168, 'learning_rate_init': 0.0003452669483288006, 'tol': 0.00020555446535253295, 'validation_fraction': 0.3161888991769961}
observation time 0.000007, current best 27829.171821 at iter 2
Failure in optimizer suggest. Falling back to random search.
name 'activ' is not defined
Traceback (most recent call last):
  File "/home/ryedida/.local/lib/python3.9/site-packages/bayesmark/experiment.py", line 126, in run_study
    next_points = optimizer.suggest(n_suggestions)
  File "/home/ryedida/bbo_challenge_starter_kit/example_submissions/smoothness/optimizer.py", line 105, in suggest
    betas = [self._get_smoothness_reg(guess) for guess in guesses]
  File "/home/ryedida/bbo_challenge_starter_kit/example_submissions/smoothness/optimizer.py", line 105, in <listcomp>
    betas = [self._get_smoothness_reg(guess) for guess in guesses]
  File "/home/ryedida/bbo_challenge_starter_kit/example_submissions/smoothness/optimizer.py", line 48, in _get_smoothness_reg
    if activ > Kz:
NameError: name 'activ' is not defined
suggestion time taken 0.329347 iter 3 next_points [{'alpha': 0.8819046853497594, 'batch_size': 189, 'beta_1': 0.7930942019257448, 'beta_2': 0.9993910145378377, 'epsilon': 4.793001565606503e-08, 'hidden_layer_sizes': 78, 'learning_rate_init': 0.00018385593513664688, 'tol': 0.00011813139123882222, 'validation_fraction': 0.8957106120014516}]
/home/ryedida/.local/lib/python3.9/site-packages/sklearn/neural_network/_multilayer_perceptron.py:605: UserWarning: Got `batch_size` less than 1 or larger than sample size. It is going to be clipped
  warnings.warn(

function_evaluation time 0.134118 value 29064.862702 suggestion {'alpha': 0.8819046853497594, 'batch_size': 189, 'beta_1': 0.7930942019257448, 'beta_2': 0.9993910145378377, 'epsilon': 4.793001565606503e-08, 'hidden_layer_sizes': 78, 'learning_rate_init': 0.00018385593513664688, 'tol': 0.00011813139123882222, 'validation_fraction': 0.8957106120014516}
observation time 0.000006, current best 27829.171821 at iter 3
Failure in optimizer suggest. Falling back to random search.
name 'activ' is not defined
Traceback (most recent call last):
  File "/home/ryedida/.local/lib/python3.9/site-packages/bayesmark/experiment.py", line 126, in run_study
    next_points = optimizer.suggest(n_suggestions)
  File "/home/ryedida/bbo_challenge_starter_kit/example_submissions/smoothness/optimizer.py", line 105, in suggest
    betas = [self._get_smoothness_reg(guess) for guess in guesses]
  File "/home/ryedida/bbo_challenge_starter_kit/example_submissions/smoothness/optimizer.py", line 105, in <listcomp>
    betas = [self._get_smoothness_reg(guess) for guess in guesses]
  File "/home/ryedida/bbo_challenge_starter_kit/example_submissions/smoothness/optimizer.py", line 48, in _get_smoothness_reg
    if activ > Kz:
NameError: name 'activ' is not defined
suggestion time taken 0.334988 iter 4 next_points [{'alpha': 0.001206588581441863, 'batch_size': 89, 'beta_1': 0.9753557580719838, 'beta_2': 0.9999924213370458, 'epsilon': 7.52211771044448e-09, 'hidden_layer_sizes': 190, 'learning_rate_init': 3.421149037394974e-05, 'tol': 1.9069563076479855e-05, 'validation_fraction': 0.8801015613183113}]
/home/ryedida/.local/lib/python3.9/site-packages/sklearn/neural_network/_multilayer_perceptron.py:605: UserWarning: Got `batch_size` less than 1 or larger than sample size. It is going to be clipped
  warnings.warn(

/home/ryedida/.local/lib/python3.9/site-packages/sklearn/neural_network/_multilayer_perceptron.py:686: ConvergenceWarning: Stochastic Optimizer: Maximum iterations (200) reached and the optimization hasn't converged yet.
  warnings.warn(

function_evaluation time 0.782081 value 29099.824834 suggestion {'alpha': 0.001206588581441863, 'batch_size': 89, 'beta_1': 0.9753557580719838, 'beta_2': 0.9999924213370458, 'epsilon': 7.52211771044448e-09, 'hidden_layer_sizes': 190, 'learning_rate_init': 3.421149037394974e-05, 'tol': 1.9069563076479855e-05, 'validation_fraction': 0.8801015613183113}
observation time 0.000006, current best 27829.171821 at iter 4
Failure in optimizer suggest. Falling back to random search.
name 'activ' is not defined
Traceback (most recent call last):
  File "/home/ryedida/.local/lib/python3.9/site-packages/bayesmark/experiment.py", line 126, in run_study
    next_points = optimizer.suggest(n_suggestions)
  File "/home/ryedida/bbo_challenge_starter_kit/example_submissions/smoothness/optimizer.py", line 105, in suggest
    betas = [self._get_smoothness_reg(guess) for guess in guesses]
  File "/home/ryedida/bbo_challenge_starter_kit/example_submissions/smoothness/optimizer.py", line 105, in <listcomp>
    betas = [self._get_smoothness_reg(guess) for guess in guesses]
  File "/home/ryedida/bbo_challenge_starter_kit/example_submissions/smoothness/optimizer.py", line 48, in _get_smoothness_reg
    if activ > Kz:
NameError: name 'activ' is not defined
suggestion time taken 0.336672 iter 5 next_points [{'alpha': 0.20517300451323534, 'batch_size': 41, 'beta_1': 0.7611376905307286, 'beta_2': 0.9999933180361449, 'epsilon': 3.9512562135051093e-07, 'hidden_layer_sizes': 93, 'learning_rate_init': 0.02478713719715654, 'tol': 7.199423883580521e-05, 'validation_fraction': 0.8188692044306184}]
function_evaluation time 0.549078 value 3341.942932 suggestion {'alpha': 0.20517300451323534, 'batch_size': 41, 'beta_1': 0.7611376905307286, 'beta_2': 0.9999933180361449, 'epsilon': 3.9512562135051093e-07, 'hidden_layer_sizes': 93, 'learning_rate_init': 0.02478713719715654, 'tol': 7.199423883580521e-05, 'validation_fraction': 0.8188692044306184}
observation time 0.000007, current best 3341.942932 at iter 5
Failure in optimizer suggest. Falling back to random search.
name 'activ' is not defined
Traceback (most recent call last):
  File "/home/ryedida/.local/lib/python3.9/site-packages/bayesmark/experiment.py", line 126, in run_study
    next_points = optimizer.suggest(n_suggestions)
  File "/home/ryedida/bbo_challenge_starter_kit/example_submissions/smoothness/optimizer.py", line 105, in suggest
    betas = [self._get_smoothness_reg(guess) for guess in guesses]
  File "/home/ryedida/bbo_challenge_starter_kit/example_submissions/smoothness/optimizer.py", line 105, in <listcomp>
    betas = [self._get_smoothness_reg(guess) for guess in guesses]
  File "/home/ryedida/bbo_challenge_starter_kit/example_submissions/smoothness/optimizer.py", line 48, in _get_smoothness_reg
    if activ > Kz:
NameError: name 'activ' is not defined
suggestion time taken 0.327825 iter 6 next_points [{'alpha': 0.0013285206290557137, 'batch_size': 105, 'beta_1': 0.7887926512562716, 'beta_2': 0.9999919252483497, 'epsilon': 4.2196511940220554e-07, 'hidden_layer_sizes': 175, 'learning_rate_init': 0.0005759538319106446, 'tol': 0.00011130911000497911, 'validation_fraction': 0.8876685492201312}]
/home/ryedida/.local/lib/python3.9/site-packages/sklearn/neural_network/_multilayer_perceptron.py:605: UserWarning: Got `batch_size` less than 1 or larger than sample size. It is going to be clipped
  warnings.warn(

/home/ryedida/.local/lib/python3.9/site-packages/sklearn/neural_network/_multilayer_perceptron.py:686: ConvergenceWarning: Stochastic Optimizer: Maximum iterations (200) reached and the optimization hasn't converged yet.
  warnings.warn(

function_evaluation time 0.746080 value 28060.592024 suggestion {'alpha': 0.0013285206290557137, 'batch_size': 105, 'beta_1': 0.7887926512562716, 'beta_2': 0.9999919252483497, 'epsilon': 4.2196511940220554e-07, 'hidden_layer_sizes': 175, 'learning_rate_init': 0.0005759538319106446, 'tol': 0.00011130911000497911, 'validation_fraction': 0.8876685492201312}
observation time 0.000006, current best 3341.942932 at iter 6
Failure in optimizer suggest. Falling back to random search.
name 'activ' is not defined
Traceback (most recent call last):
  File "/home/ryedida/.local/lib/python3.9/site-packages/bayesmark/experiment.py", line 126, in run_study
    next_points = optimizer.suggest(n_suggestions)
  File "/home/ryedida/bbo_challenge_starter_kit/example_submissions/smoothness/optimizer.py", line 105, in suggest
    betas = [self._get_smoothness_reg(guess) for guess in guesses]
  File "/home/ryedida/bbo_challenge_starter_kit/example_submissions/smoothness/optimizer.py", line 105, in <listcomp>
    betas = [self._get_smoothness_reg(guess) for guess in guesses]
  File "/home/ryedida/bbo_challenge_starter_kit/example_submissions/smoothness/optimizer.py", line 48, in _get_smoothness_reg
    if activ > Kz:
NameError: name 'activ' is not defined
suggestion time taken 0.457627 iter 7 next_points [{'alpha': 0.00631971016004439, 'batch_size': 80, 'beta_1': 0.8369211036329441, 'beta_2': 0.9989880332878455, 'epsilon': 1.336603241342936e-08, 'hidden_layer_sizes': 121, 'learning_rate_init': 1.252821721790339e-05, 'tol': 3.374722485482632e-05, 'validation_fraction': 0.5546911386685215}]
function_evaluation time 0.072851 value 29142.365243 suggestion {'alpha': 0.00631971016004439, 'batch_size': 80, 'beta_1': 0.8369211036329441, 'beta_2': 0.9989880332878455, 'epsilon': 1.336603241342936e-08, 'hidden_layer_sizes': 121, 'learning_rate_init': 1.252821721790339e-05, 'tol': 3.374722485482632e-05, 'validation_fraction': 0.5546911386685215}
observation time 0.000005, current best 3341.942932 at iter 7
Failure in optimizer suggest. Falling back to random search.
name 'activ' is not defined
Traceback (most recent call last):
  File "/home/ryedida/.local/lib/python3.9/site-packages/bayesmark/experiment.py", line 126, in run_study
    next_points = optimizer.suggest(n_suggestions)
  File "/home/ryedida/bbo_challenge_starter_kit/example_submissions/smoothness/optimizer.py", line 105, in suggest
    betas = [self._get_smoothness_reg(guess) for guess in guesses]
  File "/home/ryedida/bbo_challenge_starter_kit/example_submissions/smoothness/optimizer.py", line 105, in <listcomp>
    betas = [self._get_smoothness_reg(guess) for guess in guesses]
  File "/home/ryedida/bbo_challenge_starter_kit/example_submissions/smoothness/optimizer.py", line 48, in _get_smoothness_reg
    if activ > Kz:
NameError: name 'activ' is not defined
suggestion time taken 0.322193 iter 8 next_points [{'alpha': 0.003195950657311699, 'batch_size': 91, 'beta_1': 0.6922119019444996, 'beta_2': 0.9999960420371862, 'epsilon': 2.6452800013932945e-08, 'hidden_layer_sizes': 112, 'learning_rate_init': 0.04050628784041664, 'tol': 0.00861888579565235, 'validation_fraction': 0.7755415282367901}]
/home/ryedida/.local/lib/python3.9/site-packages/sklearn/neural_network/_multilayer_perceptron.py:605: UserWarning: Got `batch_size` less than 1 or larger than sample size. It is going to be clipped
  warnings.warn(

function_evaluation time 0.183333 value 3824.076715 suggestion {'alpha': 0.003195950657311699, 'batch_size': 91, 'beta_1': 0.6922119019444996, 'beta_2': 0.9999960420371862, 'epsilon': 2.6452800013932945e-08, 'hidden_layer_sizes': 112, 'learning_rate_init': 0.04050628784041664, 'tol': 0.00861888579565235, 'validation_fraction': 0.7755415282367901}
observation time 0.000006, current best 3341.942932 at iter 8
Failure in optimizer suggest. Falling back to random search.
name 'activ' is not defined
Traceback (most recent call last):
  File "/home/ryedida/.local/lib/python3.9/site-packages/bayesmark/experiment.py", line 126, in run_study
    next_points = optimizer.suggest(n_suggestions)
  File "/home/ryedida/bbo_challenge_starter_kit/example_submissions/smoothness/optimizer.py", line 105, in suggest
    betas = [self._get_smoothness_reg(guess) for guess in guesses]
  File "/home/ryedida/bbo_challenge_starter_kit/example_submissions/smoothness/optimizer.py", line 105, in <listcomp>
    betas = [self._get_smoothness_reg(guess) for guess in guesses]
  File "/home/ryedida/bbo_challenge_starter_kit/example_submissions/smoothness/optimizer.py", line 48, in _get_smoothness_reg
    if activ > Kz:
NameError: name 'activ' is not defined
suggestion time taken 0.331964 iter 9 next_points [{'alpha': 0.19191700879025003, 'batch_size': 107, 'beta_1': 0.7085464577162773, 'beta_2': 0.9943990785489211, 'epsilon': 1.9911519266395842e-07, 'hidden_layer_sizes': 165, 'learning_rate_init': 0.00030297840127368314, 'tol': 0.0010376751757536348, 'validation_fraction': 0.7992851242239422}]
/home/ryedida/.local/lib/python3.9/site-packages/sklearn/neural_network/_multilayer_perceptron.py:605: UserWarning: Got `batch_size` less than 1 or larger than sample size. It is going to be clipped
  warnings.warn(

function_evaluation time 0.060856 value 29094.673975 suggestion {'alpha': 0.19191700879025003, 'batch_size': 107, 'beta_1': 0.7085464577162773, 'beta_2': 0.9943990785489211, 'epsilon': 1.9911519266395842e-07, 'hidden_layer_sizes': 165, 'learning_rate_init': 0.00030297840127368314, 'tol': 0.0010376751757536348, 'validation_fraction': 0.7992851242239422}
observation time 0.000006, current best 3341.942932 at iter 9
Failure in optimizer suggest. Falling back to random search.
name 'activ' is not defined
Traceback (most recent call last):
  File "/home/ryedida/.local/lib/python3.9/site-packages/bayesmark/experiment.py", line 126, in run_study
    next_points = optimizer.suggest(n_suggestions)
  File "/home/ryedida/bbo_challenge_starter_kit/example_submissions/smoothness/optimizer.py", line 105, in suggest
    betas = [self._get_smoothness_reg(guess) for guess in guesses]
  File "/home/ryedida/bbo_challenge_starter_kit/example_submissions/smoothness/optimizer.py", line 105, in <listcomp>
    betas = [self._get_smoothness_reg(guess) for guess in guesses]
  File "/home/ryedida/bbo_challenge_starter_kit/example_submissions/smoothness/optimizer.py", line 48, in _get_smoothness_reg
    if activ > Kz:
NameError: name 'activ' is not defined
suggestion time taken 0.321333 iter 10 next_points [{'alpha': 0.023426213159352432, 'batch_size': 76, 'beta_1': 0.6487653404700868, 'beta_2': 0.9991669907851323, 'epsilon': 1.4235519017976524e-09, 'hidden_layer_sizes': 178, 'learning_rate_init': 0.004183294565477747, 'tol': 3.4101423459675e-05, 'validation_fraction': 0.3902888140861838}]
/home/ryedida/.local/lib/python3.9/site-packages/sklearn/neural_network/_multilayer_perceptron.py:686: ConvergenceWarning: Stochastic Optimizer: Maximum iterations (200) reached and the optimization hasn't converged yet.
  warnings.warn(

function_evaluation time 1.479412 value 3261.635988 suggestion {'alpha': 0.023426213159352432, 'batch_size': 76, 'beta_1': 0.6487653404700868, 'beta_2': 0.9991669907851323, 'epsilon': 1.4235519017976524e-09, 'hidden_layer_sizes': 178, 'learning_rate_init': 0.004183294565477747, 'tol': 3.4101423459675e-05, 'validation_fraction': 0.3902888140861838}
observation time 0.000007, current best 3261.635988 at iter 10
Failure in optimizer suggest. Falling back to random search.
name 'activ' is not defined
Traceback (most recent call last):
  File "/home/ryedida/.local/lib/python3.9/site-packages/bayesmark/experiment.py", line 126, in run_study
    next_points = optimizer.suggest(n_suggestions)
  File "/home/ryedida/bbo_challenge_starter_kit/example_submissions/smoothness/optimizer.py", line 105, in suggest
    betas = [self._get_smoothness_reg(guess) for guess in guesses]
  File "/home/ryedida/bbo_challenge_starter_kit/example_submissions/smoothness/optimizer.py", line 105, in <listcomp>
    betas = [self._get_smoothness_reg(guess) for guess in guesses]
  File "/home/ryedida/bbo_challenge_starter_kit/example_submissions/smoothness/optimizer.py", line 48, in _get_smoothness_reg
    if activ > Kz:
NameError: name 'activ' is not defined
suggestion time taken 0.323122 iter 11 next_points [{'alpha': 2.1540930808812447e-05, 'batch_size': 72, 'beta_1': 0.9649357761033305, 'beta_2': 0.999923460431662, 'epsilon': 1.255299183084177e-07, 'hidden_layer_sizes': 77, 'learning_rate_init': 1.187323865534241e-05, 'tol': 1.1069773168727594e-05, 'validation_fraction': 0.18298451086160647}]
/home/ryedida/.local/lib/python3.9/site-packages/sklearn/neural_network/_multilayer_perceptron.py:686: ConvergenceWarning: Stochastic Optimizer: Maximum iterations (200) reached and the optimization hasn't converged yet.
  warnings.warn(

function_evaluation time 0.926506 value 29078.289586 suggestion {'alpha': 2.1540930808812447e-05, 'batch_size': 72, 'beta_1': 0.9649357761033305, 'beta_2': 0.999923460431662, 'epsilon': 1.255299183084177e-07, 'hidden_layer_sizes': 77, 'learning_rate_init': 1.187323865534241e-05, 'tol': 1.1069773168727594e-05, 'validation_fraction': 0.18298451086160647}
observation time 0.000006, current best 3261.635988 at iter 11
Failure in optimizer suggest. Falling back to random search.
name 'activ' is not defined
Traceback (most recent call last):
  File "/home/ryedida/.local/lib/python3.9/site-packages/bayesmark/experiment.py", line 126, in run_study
    next_points = optimizer.suggest(n_suggestions)
  File "/home/ryedida/bbo_challenge_starter_kit/example_submissions/smoothness/optimizer.py", line 105, in suggest
    betas = [self._get_smoothness_reg(guess) for guess in guesses]
  File "/home/ryedida/bbo_challenge_starter_kit/example_submissions/smoothness/optimizer.py", line 105, in <listcomp>
    betas = [self._get_smoothness_reg(guess) for guess in guesses]
  File "/home/ryedida/bbo_challenge_starter_kit/example_submissions/smoothness/optimizer.py", line 48, in _get_smoothness_reg
    if activ > Kz:
NameError: name 'activ' is not defined
suggestion time taken 0.321022 iter 12 next_points [{'alpha': 0.029262859987634633, 'batch_size': 78, 'beta_1': 0.5287349687961231, 'beta_2': 0.999994337158215, 'epsilon': 1.3051060184045415e-07, 'hidden_layer_sizes': 132, 'learning_rate_init': 0.008160009292881716, 'tol': 0.017620820514840447, 'validation_fraction': 0.6119199428282586}]
function_evaluation time 0.421437 value 4135.937375 suggestion {'alpha': 0.029262859987634633, 'batch_size': 78, 'beta_1': 0.5287349687961231, 'beta_2': 0.999994337158215, 'epsilon': 1.3051060184045415e-07, 'hidden_layer_sizes': 132, 'learning_rate_init': 0.008160009292881716, 'tol': 0.017620820514840447, 'validation_fraction': 0.6119199428282586}
observation time 0.000005, current best 3261.635988 at iter 12
Failure in optimizer suggest. Falling back to random search.
name 'activ' is not defined
Traceback (most recent call last):
  File "/home/ryedida/.local/lib/python3.9/site-packages/bayesmark/experiment.py", line 126, in run_study
    next_points = optimizer.suggest(n_suggestions)
  File "/home/ryedida/bbo_challenge_starter_kit/example_submissions/smoothness/optimizer.py", line 105, in suggest
    betas = [self._get_smoothness_reg(guess) for guess in guesses]
  File "/home/ryedida/bbo_challenge_starter_kit/example_submissions/smoothness/optimizer.py", line 105, in <listcomp>
    betas = [self._get_smoothness_reg(guess) for guess in guesses]
  File "/home/ryedida/bbo_challenge_starter_kit/example_submissions/smoothness/optimizer.py", line 48, in _get_smoothness_reg
    if activ > Kz:
NameError: name 'activ' is not defined
suggestion time taken 0.321256 iter 13 next_points [{'alpha': 4.641001334978186e-05, 'batch_size': 182, 'beta_1': 0.928449805696309, 'beta_2': 0.9999829683534087, 'epsilon': 2.9092307522340876e-09, 'hidden_layer_sizes': 82, 'learning_rate_init': 9.278680528013404e-05, 'tol': 0.005903391182743771, 'validation_fraction': 0.868106469576949}]
/home/ryedida/.local/lib/python3.9/site-packages/sklearn/neural_network/_multilayer_perceptron.py:605: UserWarning: Got `batch_size` less than 1 or larger than sample size. It is going to be clipped
  warnings.warn(

function_evaluation time 0.048023 value 29097.339599 suggestion {'alpha': 4.641001334978186e-05, 'batch_size': 182, 'beta_1': 0.928449805696309, 'beta_2': 0.9999829683534087, 'epsilon': 2.9092307522340876e-09, 'hidden_layer_sizes': 82, 'learning_rate_init': 9.278680528013404e-05, 'tol': 0.005903391182743771, 'validation_fraction': 0.868106469576949}
observation time 0.000006, current best 3261.635988 at iter 13
Failure in optimizer suggest. Falling back to random search.
name 'activ' is not defined
Traceback (most recent call last):
  File "/home/ryedida/.local/lib/python3.9/site-packages/bayesmark/experiment.py", line 126, in run_study
    next_points = optimizer.suggest(n_suggestions)
  File "/home/ryedida/bbo_challenge_starter_kit/example_submissions/smoothness/optimizer.py", line 105, in suggest
    betas = [self._get_smoothness_reg(guess) for guess in guesses]
  File "/home/ryedida/bbo_challenge_starter_kit/example_submissions/smoothness/optimizer.py", line 105, in <listcomp>
    betas = [self._get_smoothness_reg(guess) for guess in guesses]
  File "/home/ryedida/bbo_challenge_starter_kit/example_submissions/smoothness/optimizer.py", line 48, in _get_smoothness_reg
    if activ > Kz:
NameError: name 'activ' is not defined
suggestion time taken 0.322710 iter 14 next_points [{'alpha': 0.025953386857505905, 'batch_size': 248, 'beta_1': 0.8952300784488598, 'beta_2': 0.9790695462938681, 'epsilon': 4.378836999074019e-09, 'hidden_layer_sizes': 85, 'learning_rate_init': 2.3948852730526292e-05, 'tol': 0.0021691290661693674, 'validation_fraction': 0.1183119741605724}]
function_evaluation time 0.067480 value 29095.742761 suggestion {'alpha': 0.025953386857505905, 'batch_size': 248, 'beta_1': 0.8952300784488598, 'beta_2': 0.9790695462938681, 'epsilon': 4.378836999074019e-09, 'hidden_layer_sizes': 85, 'learning_rate_init': 2.3948852730526292e-05, 'tol': 0.0021691290661693674, 'validation_fraction': 0.1183119741605724}
observation time 0.000004, current best 3261.635988 at iter 14
saving meta data: {'args': {'--uuid': '53ff8ae3e8ad5c69a1faff81d07f6728', '-db-root': '/home/ryedida/bbo_challenge_starter_kit/output', '--opt-root': '/home/ryedida/bbo_challenge_starter_kit/example_submissions', '--data-root': None, '--db': 'run_20230425_034200', '--opt': 'smoothness', '--data': 'diabetes', '--classifier': 'MLP-adam', '--metric': 'mse', '--calls': 15, '--suggestions': 1, '--jobs-file': None, '--verbose': False, 'dry_run': False, 'rev': 'a376313', 'opt_rev': 'x.x.x'}, 'signature': ([{'alpha': 0.019628224813442792, 'batch_size': 182, 'beta_1': 0.9410202200271762, 'beta_2': 0.9998021557676793, 'epsilon': 1.8662266976518e-08, 'hidden_layer_sizes': 147, 'learning_rate_init': 0.0005627932047415167, 'tol': 0.03690557729213761, 'validation_fraction': 0.8846827852548593}, {'alpha': 0.0019982467392329444, 'batch_size': 200, 'beta_1': 0.919111482530466, 'beta_2': 0.9998488260436156, 'epsilon': 5.981221901152555e-07, 'hidden_layer_sizes': 61, 'learning_rate_init': 2.2310905607443014e-05, 'tol': 1.2046852412030316e-05, 'validation_fraction': 0.8117896445826539}, {'alpha': 0.46659545670218433, 'batch_size': 219, 'beta_1': 0.9889789783750891, 'beta_2': 0.9999896868093284, 'epsilon': 2.4234724484675948e-08, 'hidden_layer_sizes': 167, 'learning_rate_init': 2.972334644335654e-05, 'tol': 0.0036281404040243792, 'validation_fraction': 0.17260651658522078}, {'alpha': 4.656005689076002, 'batch_size': 135, 'beta_1': 0.870503881627747, 'beta_2': 0.9948873266941017, 'epsilon': 2.1023308743480125e-07, 'hidden_layer_sizes': 118, 'learning_rate_init': 0.0018781738757161913, 'tol': 1.1889379831773004e-05, 'validation_fraction': 0.6264327093752792}, {'alpha': 0.04705159350400542, 'batch_size': 158, 'beta_1': 0.9870884262730957, 'beta_2': 0.9999596874382349, 'epsilon': 1.1981845126013875e-08, 'hidden_layer_sizes': 116, 'learning_rate_init': 0.00617340520407431, 'tol': 1.741413418158619e-05, 'validation_fraction': 0.6754299026638921}], [29083.993548572587, 29062.423277324073, 29075.78987471409, 24626.32866834337, 9584.226858493177])}
saving results
saving timing
saving suggest log
done
