running: {'--uuid': '5bab04f80b9859e9b6505f86b0fda84f', '-db-root': '/home/ryedida/bbo_challenge_starter_kit/output', '--opt-root': '/home/ryedida/bbo_challenge_starter_kit/example_submissions', '--data-root': None, '--db': 'run_20230425_034200', '--opt': 'smoothness', '--data': 'diabetes', '--classifier': 'MLP-adam', '--metric': 'mae', '--calls': 15, '--suggestions': 1, '--jobs-file': None, '--verbose': False, 'dry_run': False, 'rev': 'a376313', 'opt_rev': 'x.x.x'}
cmd: python smoothness/optimizer.py -c MLP-adam -d diabetes -o smoothness -u 5bab04f80b9859e9b6505f86b0fda84f -m mae -n 15 -p 1 -dir /home/ryedida/bbo_challenge_starter_kit/output -b run_20230425_034200
/home/ryedida/.local/lib/python3.9/site-packages/sklearn/neural_network/_multilayer_perceptron.py:605: UserWarning: Got `batch_size` less than 1 or larger than sample size. It is going to be clipped
  warnings.warn(

/home/ryedida/.local/lib/python3.9/site-packages/sklearn/neural_network/_multilayer_perceptron.py:605: UserWarning: Got `batch_size` less than 1 or larger than sample size. It is going to be clipped
  warnings.warn(

/home/ryedida/.local/lib/python3.9/site-packages/sklearn/neural_network/_multilayer_perceptron.py:605: UserWarning: Got `batch_size` less than 1 or larger than sample size. It is going to be clipped
  warnings.warn(

/home/ryedida/.local/lib/python3.9/site-packages/sklearn/neural_network/_multilayer_perceptron.py:686: ConvergenceWarning: Stochastic Optimizer: Maximum iterations (200) reached and the optimization hasn't converged yet.
  warnings.warn(

/home/ryedida/.local/lib/python3.9/site-packages/sklearn/neural_network/_multilayer_perceptron.py:605: UserWarning: Got `batch_size` less than 1 or larger than sample size. It is going to be clipped
  warnings.warn(

/home/ryedida/.local/lib/python3.9/site-packages/sklearn/neural_network/_multilayer_perceptron.py:686: ConvergenceWarning: Stochastic Optimizer: Maximum iterations (200) reached and the optimization hasn't converged yet.
  warnings.warn(

computed signature: ([{'alpha': 0.019628224813442792, 'batch_size': 182, 'beta_1': 0.9410202200271762, 'beta_2': 0.9998021557676793, 'epsilon': 1.8662266976518e-08, 'hidden_layer_sizes': 147, 'learning_rate_init': 0.0005627932047415167, 'tol': 0.03690557729213761, 'validation_fraction': 0.8846827852548593}, {'alpha': 0.0019982467392329444, 'batch_size': 200, 'beta_1': 0.919111482530466, 'beta_2': 0.9998488260436156, 'epsilon': 5.981221901152555e-07, 'hidden_layer_sizes': 61, 'learning_rate_init': 2.2310905607443014e-05, 'tol': 1.2046852412030316e-05, 'validation_fraction': 0.8117896445826539}, {'alpha': 0.46659545670218433, 'batch_size': 219, 'beta_1': 0.9889789783750891, 'beta_2': 0.9999896868093284, 'epsilon': 2.4234724484675948e-08, 'hidden_layer_sizes': 167, 'learning_rate_init': 2.972334644335654e-05, 'tol': 0.0036281404040243792, 'validation_fraction': 0.17260651658522078}, {'alpha': 4.656005689076002, 'batch_size': 135, 'beta_1': 0.870503881627747, 'beta_2': 0.9948873266941017, 'epsilon': 2.1023308743480125e-07, 'hidden_layer_sizes': 118, 'learning_rate_init': 0.0018781738757161913, 'tol': 1.1889379831773004e-05, 'validation_fraction': 0.6264327093752792}, {'alpha': 0.04705159350400542, 'batch_size': 158, 'beta_1': 0.9870884262730957, 'beta_2': 0.9999596874382349, 'epsilon': 1.1981845126013875e-08, 'hidden_layer_sizes': 116, 'learning_rate_init': 0.00617340520407431, 'tol': 1.741413418158619e-05, 'validation_fraction': 0.6754299026638921}], [151.4971925380264, 151.42763539278994, 151.47026299046811, 136.86202504264318, 75.2055865763391])
Signature errors:
                                  0             1             2         3         4       max
MLP-adam_diabetes_mae  1.919244e-08  6.198704e-08  7.624578e-09  0.000007  0.000034  0.000034
max                    1.919244e-08  6.198704e-08  7.624578e-09  0.000007  0.000034  0.000034
starting sklearn study smoothness MLP-adam diabetes mae 15 1
with data root: None
Failure in optimizer suggest. Falling back to random search.
name 'activ' is not defined
Traceback (most recent call last):
  File "/home/ryedida/.local/lib/python3.9/site-packages/bayesmark/experiment.py", line 126, in run_study
    next_points = optimizer.suggest(n_suggestions)
  File "/home/ryedida/bbo_challenge_starter_kit/example_submissions/smoothness/optimizer.py", line 105, in suggest
    betas = [self._get_smoothness_reg(guess) for guess in guesses]
  File "/home/ryedida/bbo_challenge_starter_kit/example_submissions/smoothness/optimizer.py", line 105, in <listcomp>
    betas = [self._get_smoothness_reg(guess) for guess in guesses]
  File "/home/ryedida/bbo_challenge_starter_kit/example_submissions/smoothness/optimizer.py", line 48, in _get_smoothness_reg
    if activ > Kz:
NameError: name 'activ' is not defined
suggestion time taken 0.494102 iter 0 next_points [{'alpha': 0.00024416678550584936, 'batch_size': 241, 'beta_1': 0.9451509041943427, 'beta_2': 0.9983840764501068, 'epsilon': 5.762125136309142e-08, 'hidden_layer_sizes': 154, 'learning_rate_init': 0.014087267342669163, 'tol': 5.660615838196952e-05, 'validation_fraction': 0.8892759765105924}]
/home/ryedida/.local/lib/python3.9/site-packages/sklearn/neural_network/_multilayer_perceptron.py:605: UserWarning: Got `batch_size` less than 1 or larger than sample size. It is going to be clipped
  warnings.warn(

function_evaluation time 0.511984 value 53.439247 suggestion {'alpha': 0.00024416678550584936, 'batch_size': 241, 'beta_1': 0.9451509041943427, 'beta_2': 0.9983840764501068, 'epsilon': 5.762125136309142e-08, 'hidden_layer_sizes': 154, 'learning_rate_init': 0.014087267342669163, 'tol': 5.660615838196952e-05, 'validation_fraction': 0.8892759765105924}
observation time 0.000007, current best 53.439247 at iter 0
Failure in optimizer suggest. Falling back to random search.
name 'activ' is not defined
Traceback (most recent call last):
  File "/home/ryedida/.local/lib/python3.9/site-packages/bayesmark/experiment.py", line 126, in run_study
    next_points = optimizer.suggest(n_suggestions)
  File "/home/ryedida/bbo_challenge_starter_kit/example_submissions/smoothness/optimizer.py", line 105, in suggest
    betas = [self._get_smoothness_reg(guess) for guess in guesses]
  File "/home/ryedida/bbo_challenge_starter_kit/example_submissions/smoothness/optimizer.py", line 105, in <listcomp>
    betas = [self._get_smoothness_reg(guess) for guess in guesses]
  File "/home/ryedida/bbo_challenge_starter_kit/example_submissions/smoothness/optimizer.py", line 48, in _get_smoothness_reg
    if activ > Kz:
NameError: name 'activ' is not defined
suggestion time taken 0.333915 iter 1 next_points [{'alpha': 1.50798045936768, 'batch_size': 80, 'beta_1': 0.9673758408492322, 'beta_2': 0.9999972967763497, 'epsilon': 2.0399101128172438e-07, 'hidden_layer_sizes': 146, 'learning_rate_init': 0.008431065185028933, 'tol': 0.000457426670657937, 'validation_fraction': 0.14597360634214548}]
function_evaluation time 0.979735 value 51.503095 suggestion {'alpha': 1.50798045936768, 'batch_size': 80, 'beta_1': 0.9673758408492322, 'beta_2': 0.9999972967763497, 'epsilon': 2.0399101128172438e-07, 'hidden_layer_sizes': 146, 'learning_rate_init': 0.008431065185028933, 'tol': 0.000457426670657937, 'validation_fraction': 0.14597360634214548}
observation time 0.000006, current best 51.503095 at iter 1
Failure in optimizer suggest. Falling back to random search.
name 'activ' is not defined
Traceback (most recent call last):
  File "/home/ryedida/.local/lib/python3.9/site-packages/bayesmark/experiment.py", line 126, in run_study
    next_points = optimizer.suggest(n_suggestions)
  File "/home/ryedida/bbo_challenge_starter_kit/example_submissions/smoothness/optimizer.py", line 105, in suggest
    betas = [self._get_smoothness_reg(guess) for guess in guesses]
  File "/home/ryedida/bbo_challenge_starter_kit/example_submissions/smoothness/optimizer.py", line 105, in <listcomp>
    betas = [self._get_smoothness_reg(guess) for guess in guesses]
  File "/home/ryedida/bbo_challenge_starter_kit/example_submissions/smoothness/optimizer.py", line 48, in _get_smoothness_reg
    if activ > Kz:
NameError: name 'activ' is not defined
suggestion time taken 0.327075 iter 2 next_points [{'alpha': 0.013812667126496554, 'batch_size': 201, 'beta_1': 0.9607593594588443, 'beta_2': 0.9999517307148447, 'epsilon': 9.293354025050623e-07, 'hidden_layer_sizes': 90, 'learning_rate_init': 0.0013782009879818665, 'tol': 0.07004854995940843, 'validation_fraction': 0.5657738313901924}]
/home/ryedida/.local/lib/python3.9/site-packages/sklearn/neural_network/_multilayer_perceptron.py:605: UserWarning: Got `batch_size` less than 1 or larger than sample size. It is going to be clipped
  warnings.warn(

function_evaluation time 0.051036 value 151.404206 suggestion {'alpha': 0.013812667126496554, 'batch_size': 201, 'beta_1': 0.9607593594588443, 'beta_2': 0.9999517307148447, 'epsilon': 9.293354025050623e-07, 'hidden_layer_sizes': 90, 'learning_rate_init': 0.0013782009879818665, 'tol': 0.07004854995940843, 'validation_fraction': 0.5657738313901924}
observation time 0.000005, current best 51.503095 at iter 2
Failure in optimizer suggest. Falling back to random search.
name 'activ' is not defined
Traceback (most recent call last):
  File "/home/ryedida/.local/lib/python3.9/site-packages/bayesmark/experiment.py", line 126, in run_study
    next_points = optimizer.suggest(n_suggestions)
  File "/home/ryedida/bbo_challenge_starter_kit/example_submissions/smoothness/optimizer.py", line 105, in suggest
    betas = [self._get_smoothness_reg(guess) for guess in guesses]
  File "/home/ryedida/bbo_challenge_starter_kit/example_submissions/smoothness/optimizer.py", line 105, in <listcomp>
    betas = [self._get_smoothness_reg(guess) for guess in guesses]
  File "/home/ryedida/bbo_challenge_starter_kit/example_submissions/smoothness/optimizer.py", line 48, in _get_smoothness_reg
    if activ > Kz:
NameError: name 'activ' is not defined
suggestion time taken 0.326812 iter 3 next_points [{'alpha': 1.1570028629202285e-05, 'batch_size': 194, 'beta_1': 0.8287308453232356, 'beta_2': 0.9999987284803736, 'epsilon': 4.347073430165495e-08, 'hidden_layer_sizes': 127, 'learning_rate_init': 1.3664769993283887e-05, 'tol': 2.3967541547449177e-05, 'validation_fraction': 0.1067383814597375}]
/home/ryedida/.local/lib/python3.9/site-packages/sklearn/neural_network/_multilayer_perceptron.py:686: ConvergenceWarning: Stochastic Optimizer: Maximum iterations (200) reached and the optimization hasn't converged yet.
  warnings.warn(

function_evaluation time 0.479213 value 151.693890 suggestion {'alpha': 1.1570028629202285e-05, 'batch_size': 194, 'beta_1': 0.8287308453232356, 'beta_2': 0.9999987284803736, 'epsilon': 4.347073430165495e-08, 'hidden_layer_sizes': 127, 'learning_rate_init': 1.3664769993283887e-05, 'tol': 2.3967541547449177e-05, 'validation_fraction': 0.1067383814597375}
observation time 0.000005, current best 51.503095 at iter 3
Failure in optimizer suggest. Falling back to random search.
name 'activ' is not defined
Traceback (most recent call last):
  File "/home/ryedida/.local/lib/python3.9/site-packages/bayesmark/experiment.py", line 126, in run_study
    next_points = optimizer.suggest(n_suggestions)
  File "/home/ryedida/bbo_challenge_starter_kit/example_submissions/smoothness/optimizer.py", line 105, in suggest
    betas = [self._get_smoothness_reg(guess) for guess in guesses]
  File "/home/ryedida/bbo_challenge_starter_kit/example_submissions/smoothness/optimizer.py", line 105, in <listcomp>
    betas = [self._get_smoothness_reg(guess) for guess in guesses]
  File "/home/ryedida/bbo_challenge_starter_kit/example_submissions/smoothness/optimizer.py", line 48, in _get_smoothness_reg
    if activ > Kz:
NameError: name 'activ' is not defined
suggestion time taken 0.330178 iter 4 next_points [{'alpha': 0.0007565075859255969, 'batch_size': 103, 'beta_1': 0.9870523461784512, 'beta_2': 0.9999858850132456, 'epsilon': 7.739170076678377e-09, 'hidden_layer_sizes': 53, 'learning_rate_init': 7.959580757628404e-05, 'tol': 1.8472091369249378e-05, 'validation_fraction': 0.18614007411950978}]
/home/ryedida/.local/lib/python3.9/site-packages/sklearn/neural_network/_multilayer_perceptron.py:686: ConvergenceWarning: Stochastic Optimizer: Maximum iterations (200) reached and the optimization hasn't converged yet.
  warnings.warn(

function_evaluation time 0.717795 value 151.167603 suggestion {'alpha': 0.0007565075859255969, 'batch_size': 103, 'beta_1': 0.9870523461784512, 'beta_2': 0.9999858850132456, 'epsilon': 7.739170076678377e-09, 'hidden_layer_sizes': 53, 'learning_rate_init': 7.959580757628404e-05, 'tol': 1.8472091369249378e-05, 'validation_fraction': 0.18614007411950978}
observation time 0.000006, current best 51.503095 at iter 4
Failure in optimizer suggest. Falling back to random search.
name 'activ' is not defined
Traceback (most recent call last):
  File "/home/ryedida/.local/lib/python3.9/site-packages/bayesmark/experiment.py", line 126, in run_study
    next_points = optimizer.suggest(n_suggestions)
  File "/home/ryedida/bbo_challenge_starter_kit/example_submissions/smoothness/optimizer.py", line 105, in suggest
    betas = [self._get_smoothness_reg(guess) for guess in guesses]
  File "/home/ryedida/bbo_challenge_starter_kit/example_submissions/smoothness/optimizer.py", line 105, in <listcomp>
    betas = [self._get_smoothness_reg(guess) for guess in guesses]
  File "/home/ryedida/bbo_challenge_starter_kit/example_submissions/smoothness/optimizer.py", line 48, in _get_smoothness_reg
    if activ > Kz:
NameError: name 'activ' is not defined
suggestion time taken 0.337306 iter 5 next_points [{'alpha': 1.6199710783605124, 'batch_size': 223, 'beta_1': 0.7184013005300641, 'beta_2': 0.9996664252431656, 'epsilon': 5.950506061551412e-09, 'hidden_layer_sizes': 197, 'learning_rate_init': 0.008941914653025766, 'tol': 0.0002826764260089406, 'validation_fraction': 0.24004614071597244}]
/home/ryedida/.local/lib/python3.9/site-packages/sklearn/neural_network/_multilayer_perceptron.py:686: ConvergenceWarning: Stochastic Optimizer: Maximum iterations (200) reached and the optimization hasn't converged yet.
  warnings.warn(

function_evaluation time 1.081100 value 48.662099 suggestion {'alpha': 1.6199710783605124, 'batch_size': 223, 'beta_1': 0.7184013005300641, 'beta_2': 0.9996664252431656, 'epsilon': 5.950506061551412e-09, 'hidden_layer_sizes': 197, 'learning_rate_init': 0.008941914653025766, 'tol': 0.0002826764260089406, 'validation_fraction': 0.24004614071597244}
observation time 0.000005, current best 48.662099 at iter 5
Failure in optimizer suggest. Falling back to random search.
name 'activ' is not defined
Traceback (most recent call last):
  File "/home/ryedida/.local/lib/python3.9/site-packages/bayesmark/experiment.py", line 126, in run_study
    next_points = optimizer.suggest(n_suggestions)
  File "/home/ryedida/bbo_challenge_starter_kit/example_submissions/smoothness/optimizer.py", line 105, in suggest
    betas = [self._get_smoothness_reg(guess) for guess in guesses]
  File "/home/ryedida/bbo_challenge_starter_kit/example_submissions/smoothness/optimizer.py", line 105, in <listcomp>
    betas = [self._get_smoothness_reg(guess) for guess in guesses]
  File "/home/ryedida/bbo_challenge_starter_kit/example_submissions/smoothness/optimizer.py", line 48, in _get_smoothness_reg
    if activ > Kz:
NameError: name 'activ' is not defined
suggestion time taken 0.325853 iter 6 next_points [{'alpha': 0.09574573725615443, 'batch_size': 16, 'beta_1': 0.7525889530751683, 'beta_2': 0.9873212594499403, 'epsilon': 1.639282472026553e-08, 'hidden_layer_sizes': 187, 'learning_rate_init': 4.6395463730260706e-05, 'tol': 3.839528666783803e-05, 'validation_fraction': 0.5861426262258267}]
/home/ryedida/.local/lib/python3.9/site-packages/sklearn/neural_network/_multilayer_perceptron.py:686: ConvergenceWarning: Stochastic Optimizer: Maximum iterations (200) reached and the optimization hasn't converged yet.
  warnings.warn(

function_evaluation time 2.571737 value 150.359487 suggestion {'alpha': 0.09574573725615443, 'batch_size': 16, 'beta_1': 0.7525889530751683, 'beta_2': 0.9873212594499403, 'epsilon': 1.639282472026553e-08, 'hidden_layer_sizes': 187, 'learning_rate_init': 4.6395463730260706e-05, 'tol': 3.839528666783803e-05, 'validation_fraction': 0.5861426262258267}
observation time 0.000006, current best 48.662099 at iter 6
Failure in optimizer suggest. Falling back to random search.
name 'activ' is not defined
Traceback (most recent call last):
  File "/home/ryedida/.local/lib/python3.9/site-packages/bayesmark/experiment.py", line 126, in run_study
    next_points = optimizer.suggest(n_suggestions)
  File "/home/ryedida/bbo_challenge_starter_kit/example_submissions/smoothness/optimizer.py", line 105, in suggest
    betas = [self._get_smoothness_reg(guess) for guess in guesses]
  File "/home/ryedida/bbo_challenge_starter_kit/example_submissions/smoothness/optimizer.py", line 105, in <listcomp>
    betas = [self._get_smoothness_reg(guess) for guess in guesses]
  File "/home/ryedida/bbo_challenge_starter_kit/example_submissions/smoothness/optimizer.py", line 48, in _get_smoothness_reg
    if activ > Kz:
NameError: name 'activ' is not defined
suggestion time taken 0.460169 iter 7 next_points [{'alpha': 7.041409803951746e-05, 'batch_size': 119, 'beta_1': 0.7984872639141517, 'beta_2': 0.9999953922711686, 'epsilon': 1.6265404813829934e-08, 'hidden_layer_sizes': 138, 'learning_rate_init': 6.265922582468164e-05, 'tol': 0.00030374193941925653, 'validation_fraction': 0.22375380430023017}]
function_evaluation time 0.084427 value 151.404916 suggestion {'alpha': 7.041409803951746e-05, 'batch_size': 119, 'beta_1': 0.7984872639141517, 'beta_2': 0.9999953922711686, 'epsilon': 1.6265404813829934e-08, 'hidden_layer_sizes': 138, 'learning_rate_init': 6.265922582468164e-05, 'tol': 0.00030374193941925653, 'validation_fraction': 0.22375380430023017}
observation time 0.000006, current best 48.662099 at iter 7
Failure in optimizer suggest. Falling back to random search.
name 'activ' is not defined
Traceback (most recent call last):
  File "/home/ryedida/.local/lib/python3.9/site-packages/bayesmark/experiment.py", line 126, in run_study
    next_points = optimizer.suggest(n_suggestions)
  File "/home/ryedida/bbo_challenge_starter_kit/example_submissions/smoothness/optimizer.py", line 105, in suggest
    betas = [self._get_smoothness_reg(guess) for guess in guesses]
  File "/home/ryedida/bbo_challenge_starter_kit/example_submissions/smoothness/optimizer.py", line 105, in <listcomp>
    betas = [self._get_smoothness_reg(guess) for guess in guesses]
  File "/home/ryedida/bbo_challenge_starter_kit/example_submissions/smoothness/optimizer.py", line 48, in _get_smoothness_reg
    if activ > Kz:
NameError: name 'activ' is not defined
suggestion time taken 0.327402 iter 8 next_points [{'alpha': 0.0022019635110859335, 'batch_size': 105, 'beta_1': 0.9422758564006983, 'beta_2': 0.9970060445420348, 'epsilon': 8.660674964308343e-07, 'hidden_layer_sizes': 199, 'learning_rate_init': 4.01920300152282e-05, 'tol': 0.0021111375151411267, 'validation_fraction': 0.20570707880476757}]
function_evaluation time 0.109610 value 151.531927 suggestion {'alpha': 0.0022019635110859335, 'batch_size': 105, 'beta_1': 0.9422758564006983, 'beta_2': 0.9970060445420348, 'epsilon': 8.660674964308343e-07, 'hidden_layer_sizes': 199, 'learning_rate_init': 4.01920300152282e-05, 'tol': 0.0021111375151411267, 'validation_fraction': 0.20570707880476757}
observation time 0.000006, current best 48.662099 at iter 8
Failure in optimizer suggest. Falling back to random search.
name 'activ' is not defined
Traceback (most recent call last):
  File "/home/ryedida/.local/lib/python3.9/site-packages/bayesmark/experiment.py", line 126, in run_study
    next_points = optimizer.suggest(n_suggestions)
  File "/home/ryedida/bbo_challenge_starter_kit/example_submissions/smoothness/optimizer.py", line 105, in suggest
    betas = [self._get_smoothness_reg(guess) for guess in guesses]
  File "/home/ryedida/bbo_challenge_starter_kit/example_submissions/smoothness/optimizer.py", line 105, in <listcomp>
    betas = [self._get_smoothness_reg(guess) for guess in guesses]
  File "/home/ryedida/bbo_challenge_starter_kit/example_submissions/smoothness/optimizer.py", line 48, in _get_smoothness_reg
    if activ > Kz:
NameError: name 'activ' is not defined
suggestion time taken 0.323708 iter 9 next_points [{'alpha': 0.0017576905630370767, 'batch_size': 207, 'beta_1': 0.9840897930189372, 'beta_2': 0.9556730670038436, 'epsilon': 9.35615253417492e-08, 'hidden_layer_sizes': 168, 'learning_rate_init': 6.808686159778576e-05, 'tol': 4.3630936439324054e-05, 'validation_fraction': 0.3107825582156034}]
/home/ryedida/.local/lib/python3.9/site-packages/sklearn/neural_network/_multilayer_perceptron.py:686: ConvergenceWarning: Stochastic Optimizer: Maximum iterations (200) reached and the optimization hasn't converged yet.
  warnings.warn(

function_evaluation time 1.094207 value 151.382560 suggestion {'alpha': 0.0017576905630370767, 'batch_size': 207, 'beta_1': 0.9840897930189372, 'beta_2': 0.9556730670038436, 'epsilon': 9.35615253417492e-08, 'hidden_layer_sizes': 168, 'learning_rate_init': 6.808686159778576e-05, 'tol': 4.3630936439324054e-05, 'validation_fraction': 0.3107825582156034}
observation time 0.000005, current best 48.662099 at iter 9
Failure in optimizer suggest. Falling back to random search.
name 'activ' is not defined
Traceback (most recent call last):
  File "/home/ryedida/.local/lib/python3.9/site-packages/bayesmark/experiment.py", line 126, in run_study
    next_points = optimizer.suggest(n_suggestions)
  File "/home/ryedida/bbo_challenge_starter_kit/example_submissions/smoothness/optimizer.py", line 105, in suggest
    betas = [self._get_smoothness_reg(guess) for guess in guesses]
  File "/home/ryedida/bbo_challenge_starter_kit/example_submissions/smoothness/optimizer.py", line 105, in <listcomp>
    betas = [self._get_smoothness_reg(guess) for guess in guesses]
  File "/home/ryedida/bbo_challenge_starter_kit/example_submissions/smoothness/optimizer.py", line 48, in _get_smoothness_reg
    if activ > Kz:
NameError: name 'activ' is not defined
suggestion time taken 0.321002 iter 10 next_points [{'alpha': 0.003607596427422134, 'batch_size': 89, 'beta_1': 0.8646784179125585, 'beta_2': 0.9999902492560531, 'epsilon': 6.971254858740608e-09, 'hidden_layer_sizes': 91, 'learning_rate_init': 0.0006850085547283819, 'tol': 0.00451325506371436, 'validation_fraction': 0.20430897729260608}]
function_evaluation time 0.057770 value 151.381553 suggestion {'alpha': 0.003607596427422134, 'batch_size': 89, 'beta_1': 0.8646784179125585, 'beta_2': 0.9999902492560531, 'epsilon': 6.971254858740608e-09, 'hidden_layer_sizes': 91, 'learning_rate_init': 0.0006850085547283819, 'tol': 0.00451325506371436, 'validation_fraction': 0.20430897729260608}
observation time 0.000006, current best 48.662099 at iter 10
Failure in optimizer suggest. Falling back to random search.
name 'activ' is not defined
Traceback (most recent call last):
  File "/home/ryedida/.local/lib/python3.9/site-packages/bayesmark/experiment.py", line 126, in run_study
    next_points = optimizer.suggest(n_suggestions)
  File "/home/ryedida/bbo_challenge_starter_kit/example_submissions/smoothness/optimizer.py", line 105, in suggest
    betas = [self._get_smoothness_reg(guess) for guess in guesses]
  File "/home/ryedida/bbo_challenge_starter_kit/example_submissions/smoothness/optimizer.py", line 105, in <listcomp>
    betas = [self._get_smoothness_reg(guess) for guess in guesses]
  File "/home/ryedida/bbo_challenge_starter_kit/example_submissions/smoothness/optimizer.py", line 48, in _get_smoothness_reg
    if activ > Kz:
NameError: name 'activ' is not defined
suggestion time taken 0.325241 iter 11 next_points [{'alpha': 4.6234992176846614e-05, 'batch_size': 44, 'beta_1': 0.8731516025182778, 'beta_2': 0.9670373417091985, 'epsilon': 1.6904041503974846e-08, 'hidden_layer_sizes': 88, 'learning_rate_init': 0.009910548629780724, 'tol': 0.04915199212661745, 'validation_fraction': 0.12097739665354054}]
function_evaluation time 0.243629 value 53.247542 suggestion {'alpha': 4.6234992176846614e-05, 'batch_size': 44, 'beta_1': 0.8731516025182778, 'beta_2': 0.9670373417091985, 'epsilon': 1.6904041503974846e-08, 'hidden_layer_sizes': 88, 'learning_rate_init': 0.009910548629780724, 'tol': 0.04915199212661745, 'validation_fraction': 0.12097739665354054}
observation time 0.000006, current best 48.662099 at iter 11
Failure in optimizer suggest. Falling back to random search.
name 'activ' is not defined
Traceback (most recent call last):
  File "/home/ryedida/.local/lib/python3.9/site-packages/bayesmark/experiment.py", line 126, in run_study
    next_points = optimizer.suggest(n_suggestions)
  File "/home/ryedida/bbo_challenge_starter_kit/example_submissions/smoothness/optimizer.py", line 105, in suggest
    betas = [self._get_smoothness_reg(guess) for guess in guesses]
  File "/home/ryedida/bbo_challenge_starter_kit/example_submissions/smoothness/optimizer.py", line 105, in <listcomp>
    betas = [self._get_smoothness_reg(guess) for guess in guesses]
  File "/home/ryedida/bbo_challenge_starter_kit/example_submissions/smoothness/optimizer.py", line 48, in _get_smoothness_reg
    if activ > Kz:
NameError: name 'activ' is not defined
suggestion time taken 0.318882 iter 12 next_points [{'alpha': 0.00010036593070634446, 'batch_size': 61, 'beta_1': 0.9569670449725436, 'beta_2': 0.9385519180056704, 'epsilon': 8.116273252753993e-07, 'hidden_layer_sizes': 128, 'learning_rate_init': 0.03338280041914661, 'tol': 0.01449080030901554, 'validation_fraction': 0.1490803150222104}]
function_evaluation time 0.218367 value 45.577952 suggestion {'alpha': 0.00010036593070634446, 'batch_size': 61, 'beta_1': 0.9569670449725436, 'beta_2': 0.9385519180056704, 'epsilon': 8.116273252753993e-07, 'hidden_layer_sizes': 128, 'learning_rate_init': 0.03338280041914661, 'tol': 0.01449080030901554, 'validation_fraction': 0.1490803150222104}
observation time 0.000006, current best 45.577952 at iter 12
Failure in optimizer suggest. Falling back to random search.
name 'activ' is not defined
Traceback (most recent call last):
  File "/home/ryedida/.local/lib/python3.9/site-packages/bayesmark/experiment.py", line 126, in run_study
    next_points = optimizer.suggest(n_suggestions)
  File "/home/ryedida/bbo_challenge_starter_kit/example_submissions/smoothness/optimizer.py", line 105, in suggest
    betas = [self._get_smoothness_reg(guess) for guess in guesses]
  File "/home/ryedida/bbo_challenge_starter_kit/example_submissions/smoothness/optimizer.py", line 105, in <listcomp>
    betas = [self._get_smoothness_reg(guess) for guess in guesses]
  File "/home/ryedida/bbo_challenge_starter_kit/example_submissions/smoothness/optimizer.py", line 48, in _get_smoothness_reg
    if activ > Kz:
NameError: name 'activ' is not defined
suggestion time taken 0.319185 iter 13 next_points [{'alpha': 2.7417867932702213, 'batch_size': 242, 'beta_1': 0.9582925374995928, 'beta_2': 0.9996650921872656, 'epsilon': 1.4988805953346528e-09, 'hidden_layer_sizes': 132, 'learning_rate_init': 0.008365300284525973, 'tol': 0.004257672358606939, 'validation_fraction': 0.8709310250719869}]
/home/ryedida/.local/lib/python3.9/site-packages/sklearn/neural_network/_multilayer_perceptron.py:605: UserWarning: Got `batch_size` less than 1 or larger than sample size. It is going to be clipped
  warnings.warn(

function_evaluation time 0.647434 value 54.545442 suggestion {'alpha': 2.7417867932702213, 'batch_size': 242, 'beta_1': 0.9582925374995928, 'beta_2': 0.9996650921872656, 'epsilon': 1.4988805953346528e-09, 'hidden_layer_sizes': 132, 'learning_rate_init': 0.008365300284525973, 'tol': 0.004257672358606939, 'validation_fraction': 0.8709310250719869}
observation time 0.000006, current best 45.577952 at iter 13
Failure in optimizer suggest. Falling back to random search.
name 'activ' is not defined
Traceback (most recent call last):
  File "/home/ryedida/.local/lib/python3.9/site-packages/bayesmark/experiment.py", line 126, in run_study
    next_points = optimizer.suggest(n_suggestions)
  File "/home/ryedida/bbo_challenge_starter_kit/example_submissions/smoothness/optimizer.py", line 105, in suggest
    betas = [self._get_smoothness_reg(guess) for guess in guesses]
  File "/home/ryedida/bbo_challenge_starter_kit/example_submissions/smoothness/optimizer.py", line 105, in <listcomp>
    betas = [self._get_smoothness_reg(guess) for guess in guesses]
  File "/home/ryedida/bbo_challenge_starter_kit/example_submissions/smoothness/optimizer.py", line 48, in _get_smoothness_reg
    if activ > Kz:
NameError: name 'activ' is not defined
suggestion time taken 0.319207 iter 14 next_points [{'alpha': 0.0014187686368324203, 'batch_size': 73, 'beta_1': 0.9061159107189078, 'beta_2': 0.9999867191667282, 'epsilon': 1.4780459406411555e-09, 'hidden_layer_sizes': 162, 'learning_rate_init': 0.04520000837990192, 'tol': 0.0013450745117755617, 'validation_fraction': 0.3046355006386473}]
function_evaluation time 0.412878 value 44.596485 suggestion {'alpha': 0.0014187686368324203, 'batch_size': 73, 'beta_1': 0.9061159107189078, 'beta_2': 0.9999867191667282, 'epsilon': 1.4780459406411555e-09, 'hidden_layer_sizes': 162, 'learning_rate_init': 0.04520000837990192, 'tol': 0.0013450745117755617, 'validation_fraction': 0.3046355006386473}
observation time 0.000006, current best 44.596485 at iter 14
saving meta data: {'args': {'--uuid': '5bab04f80b9859e9b6505f86b0fda84f', '-db-root': '/home/ryedida/bbo_challenge_starter_kit/output', '--opt-root': '/home/ryedida/bbo_challenge_starter_kit/example_submissions', '--data-root': None, '--db': 'run_20230425_034200', '--opt': 'smoothness', '--data': 'diabetes', '--classifier': 'MLP-adam', '--metric': 'mae', '--calls': 15, '--suggestions': 1, '--jobs-file': None, '--verbose': False, 'dry_run': False, 'rev': 'a376313', 'opt_rev': 'x.x.x'}, 'signature': ([{'alpha': 0.019628224813442792, 'batch_size': 182, 'beta_1': 0.9410202200271762, 'beta_2': 0.9998021557676793, 'epsilon': 1.8662266976518e-08, 'hidden_layer_sizes': 147, 'learning_rate_init': 0.0005627932047415167, 'tol': 0.03690557729213761, 'validation_fraction': 0.8846827852548593}, {'alpha': 0.0019982467392329444, 'batch_size': 200, 'beta_1': 0.919111482530466, 'beta_2': 0.9998488260436156, 'epsilon': 5.981221901152555e-07, 'hidden_layer_sizes': 61, 'learning_rate_init': 2.2310905607443014e-05, 'tol': 1.2046852412030316e-05, 'validation_fraction': 0.8117896445826539}, {'alpha': 0.46659545670218433, 'batch_size': 219, 'beta_1': 0.9889789783750891, 'beta_2': 0.9999896868093284, 'epsilon': 2.4234724484675948e-08, 'hidden_layer_sizes': 167, 'learning_rate_init': 2.972334644335654e-05, 'tol': 0.0036281404040243792, 'validation_fraction': 0.17260651658522078}, {'alpha': 4.656005689076002, 'batch_size': 135, 'beta_1': 0.870503881627747, 'beta_2': 0.9948873266941017, 'epsilon': 2.1023308743480125e-07, 'hidden_layer_sizes': 118, 'learning_rate_init': 0.0018781738757161913, 'tol': 1.1889379831773004e-05, 'validation_fraction': 0.6264327093752792}, {'alpha': 0.04705159350400542, 'batch_size': 158, 'beta_1': 0.9870884262730957, 'beta_2': 0.9999596874382349, 'epsilon': 1.1981845126013875e-08, 'hidden_layer_sizes': 116, 'learning_rate_init': 0.00617340520407431, 'tol': 1.741413418158619e-05, 'validation_fraction': 0.6754299026638921}], [151.4971925380264, 151.42763539278994, 151.47026299046811, 136.86202504264318, 75.2055865763391])}
saving results
saving timing
saving suggest log
done
