running: {'--uuid': '61a0d2a52af35b868bbc8a70275dc779', '-db-root': '/home/ryedida/bbo_challenge_starter_kit/output', '--opt-root': '/home/ryedida/bbo_challenge_starter_kit/example_submissions', '--data-root': None, '--db': 'run_20230425_034200', '--opt': 'smoothness', '--data': 'diabetes', '--classifier': 'MLP-adam', '--metric': 'mae', '--calls': 15, '--suggestions': 1, '--jobs-file': None, '--verbose': False, 'dry_run': False, 'rev': 'a376313', 'opt_rev': 'x.x.x'}
cmd: python smoothness/optimizer.py -c MLP-adam -d diabetes -o smoothness -u 61a0d2a52af35b868bbc8a70275dc779 -m mae -n 15 -p 1 -dir /home/ryedida/bbo_challenge_starter_kit/output -b run_20230425_034200
/home/ryedida/.local/lib/python3.9/site-packages/sklearn/neural_network/_multilayer_perceptron.py:605: UserWarning: Got `batch_size` less than 1 or larger than sample size. It is going to be clipped
  warnings.warn(

/home/ryedida/.local/lib/python3.9/site-packages/sklearn/neural_network/_multilayer_perceptron.py:605: UserWarning: Got `batch_size` less than 1 or larger than sample size. It is going to be clipped
  warnings.warn(

/home/ryedida/.local/lib/python3.9/site-packages/sklearn/neural_network/_multilayer_perceptron.py:605: UserWarning: Got `batch_size` less than 1 or larger than sample size. It is going to be clipped
  warnings.warn(

/home/ryedida/.local/lib/python3.9/site-packages/sklearn/neural_network/_multilayer_perceptron.py:686: ConvergenceWarning: Stochastic Optimizer: Maximum iterations (200) reached and the optimization hasn't converged yet.
  warnings.warn(

/home/ryedida/.local/lib/python3.9/site-packages/sklearn/neural_network/_multilayer_perceptron.py:605: UserWarning: Got `batch_size` less than 1 or larger than sample size. It is going to be clipped
  warnings.warn(

/home/ryedida/.local/lib/python3.9/site-packages/sklearn/neural_network/_multilayer_perceptron.py:686: ConvergenceWarning: Stochastic Optimizer: Maximum iterations (200) reached and the optimization hasn't converged yet.
  warnings.warn(

computed signature: ([{'alpha': 0.019628224813442792, 'batch_size': 182, 'beta_1': 0.9410202200271762, 'beta_2': 0.9998021557676793, 'epsilon': 1.8662266976518e-08, 'hidden_layer_sizes': 147, 'learning_rate_init': 0.0005627932047415167, 'tol': 0.03690557729213761, 'validation_fraction': 0.8846827852548593}, {'alpha': 0.0019982467392329444, 'batch_size': 200, 'beta_1': 0.919111482530466, 'beta_2': 0.9998488260436156, 'epsilon': 5.981221901152555e-07, 'hidden_layer_sizes': 61, 'learning_rate_init': 2.2310905607443014e-05, 'tol': 1.2046852412030316e-05, 'validation_fraction': 0.8117896445826539}, {'alpha': 0.46659545670218433, 'batch_size': 219, 'beta_1': 0.9889789783750891, 'beta_2': 0.9999896868093284, 'epsilon': 2.4234724484675948e-08, 'hidden_layer_sizes': 167, 'learning_rate_init': 2.972334644335654e-05, 'tol': 0.0036281404040243792, 'validation_fraction': 0.17260651658522078}, {'alpha': 4.656005689076002, 'batch_size': 135, 'beta_1': 0.870503881627747, 'beta_2': 0.9948873266941017, 'epsilon': 2.1023308743480125e-07, 'hidden_layer_sizes': 118, 'learning_rate_init': 0.0018781738757161913, 'tol': 1.1889379831773004e-05, 'validation_fraction': 0.6264327093752792}, {'alpha': 0.04705159350400542, 'batch_size': 158, 'beta_1': 0.9870884262730957, 'beta_2': 0.9999596874382349, 'epsilon': 1.1981845126013875e-08, 'hidden_layer_sizes': 116, 'learning_rate_init': 0.00617340520407431, 'tol': 1.741413418158619e-05, 'validation_fraction': 0.6754299026638921}], [151.4971925380264, 151.42763539278994, 151.47026299046811, 136.86202504264318, 75.2055865763391])
Signature errors:
                                  0             1             2         3         4       max
MLP-adam_diabetes_mae  1.919244e-08  6.198704e-08  7.624578e-09  0.000007  0.000034  0.000034
max                    1.919244e-08  6.198704e-08  7.624578e-09  0.000007  0.000034  0.000034
starting sklearn study smoothness MLP-adam diabetes mae 15 1
with data root: None
Failure in optimizer suggest. Falling back to random search.
name 'activ' is not defined
Traceback (most recent call last):
  File "/home/ryedida/.local/lib/python3.9/site-packages/bayesmark/experiment.py", line 126, in run_study
    next_points = optimizer.suggest(n_suggestions)
  File "/home/ryedida/bbo_challenge_starter_kit/example_submissions/smoothness/optimizer.py", line 105, in suggest
    betas = [self._get_smoothness_reg(guess) for guess in guesses]
  File "/home/ryedida/bbo_challenge_starter_kit/example_submissions/smoothness/optimizer.py", line 105, in <listcomp>
    betas = [self._get_smoothness_reg(guess) for guess in guesses]
  File "/home/ryedida/bbo_challenge_starter_kit/example_submissions/smoothness/optimizer.py", line 48, in _get_smoothness_reg
    if activ > Kz:
NameError: name 'activ' is not defined
suggestion time taken 0.495874 iter 0 next_points [{'alpha': 9.458580607896942e-05, 'batch_size': 189, 'beta_1': 0.928956507046042, 'beta_2': 0.9990377114471136, 'epsilon': 1.879659742756879e-07, 'hidden_layer_sizes': 109, 'learning_rate_init': 0.0006214677854428078, 'tol': 0.005539256736796964, 'validation_fraction': 0.7456356627783257}]
/home/ryedida/.local/lib/python3.9/site-packages/sklearn/neural_network/_multilayer_perceptron.py:605: UserWarning: Got `batch_size` less than 1 or larger than sample size. It is going to be clipped
  warnings.warn(

function_evaluation time 0.050483 value 151.467239 suggestion {'alpha': 9.458580607896942e-05, 'batch_size': 189, 'beta_1': 0.928956507046042, 'beta_2': 0.9990377114471136, 'epsilon': 1.879659742756879e-07, 'hidden_layer_sizes': 109, 'learning_rate_init': 0.0006214677854428078, 'tol': 0.005539256736796964, 'validation_fraction': 0.7456356627783257}
observation time 0.000007, current best 151.467239 at iter 0
Failure in optimizer suggest. Falling back to random search.
name 'activ' is not defined
Traceback (most recent call last):
  File "/home/ryedida/.local/lib/python3.9/site-packages/bayesmark/experiment.py", line 126, in run_study
    next_points = optimizer.suggest(n_suggestions)
  File "/home/ryedida/bbo_challenge_starter_kit/example_submissions/smoothness/optimizer.py", line 105, in suggest
    betas = [self._get_smoothness_reg(guess) for guess in guesses]
  File "/home/ryedida/bbo_challenge_starter_kit/example_submissions/smoothness/optimizer.py", line 105, in <listcomp>
    betas = [self._get_smoothness_reg(guess) for guess in guesses]
  File "/home/ryedida/bbo_challenge_starter_kit/example_submissions/smoothness/optimizer.py", line 48, in _get_smoothness_reg
    if activ > Kz:
NameError: name 'activ' is not defined
suggestion time taken 0.332252 iter 1 next_points [{'alpha': 0.39550860270136046, 'batch_size': 173, 'beta_1': 0.950389232542022, 'beta_2': 0.9883579051969436, 'epsilon': 1.543710292996433e-08, 'hidden_layer_sizes': 183, 'learning_rate_init': 0.08264635158376946, 'tol': 0.0017417477315837427, 'validation_fraction': 0.44476260606660467}]
function_evaluation time 0.181022 value 55.919936 suggestion {'alpha': 0.39550860270136046, 'batch_size': 173, 'beta_1': 0.950389232542022, 'beta_2': 0.9883579051969436, 'epsilon': 1.543710292996433e-08, 'hidden_layer_sizes': 183, 'learning_rate_init': 0.08264635158376946, 'tol': 0.0017417477315837427, 'validation_fraction': 0.44476260606660467}
observation time 0.000010, current best 55.919936 at iter 1
Failure in optimizer suggest. Falling back to random search.
name 'activ' is not defined
Traceback (most recent call last):
  File "/home/ryedida/.local/lib/python3.9/site-packages/bayesmark/experiment.py", line 126, in run_study
    next_points = optimizer.suggest(n_suggestions)
  File "/home/ryedida/bbo_challenge_starter_kit/example_submissions/smoothness/optimizer.py", line 105, in suggest
    betas = [self._get_smoothness_reg(guess) for guess in guesses]
  File "/home/ryedida/bbo_challenge_starter_kit/example_submissions/smoothness/optimizer.py", line 105, in <listcomp>
    betas = [self._get_smoothness_reg(guess) for guess in guesses]
  File "/home/ryedida/bbo_challenge_starter_kit/example_submissions/smoothness/optimizer.py", line 48, in _get_smoothness_reg
    if activ > Kz:
NameError: name 'activ' is not defined
suggestion time taken 0.322785 iter 2 next_points [{'alpha': 0.7940122450360977, 'batch_size': 217, 'beta_1': 0.8723828850870103, 'beta_2': 0.98100853178608, 'epsilon': 1.3947376164582285e-09, 'hidden_layer_sizes': 123, 'learning_rate_init': 0.0002780170410411409, 'tol': 1.612064155007782e-05, 'validation_fraction': 0.17502030872247332}]
/home/ryedida/.local/lib/python3.9/site-packages/sklearn/neural_network/_multilayer_perceptron.py:686: ConvergenceWarning: Stochastic Optimizer: Maximum iterations (200) reached and the optimization hasn't converged yet.
  warnings.warn(

function_evaluation time 1.156000 value 149.574036 suggestion {'alpha': 0.7940122450360977, 'batch_size': 217, 'beta_1': 0.8723828850870103, 'beta_2': 0.98100853178608, 'epsilon': 1.3947376164582285e-09, 'hidden_layer_sizes': 123, 'learning_rate_init': 0.0002780170410411409, 'tol': 1.612064155007782e-05, 'validation_fraction': 0.17502030872247332}
observation time 0.000006, current best 55.919936 at iter 2
Failure in optimizer suggest. Falling back to random search.
name 'activ' is not defined
Traceback (most recent call last):
  File "/home/ryedida/.local/lib/python3.9/site-packages/bayesmark/experiment.py", line 126, in run_study
    next_points = optimizer.suggest(n_suggestions)
  File "/home/ryedida/bbo_challenge_starter_kit/example_submissions/smoothness/optimizer.py", line 105, in suggest
    betas = [self._get_smoothness_reg(guess) for guess in guesses]
  File "/home/ryedida/bbo_challenge_starter_kit/example_submissions/smoothness/optimizer.py", line 105, in <listcomp>
    betas = [self._get_smoothness_reg(guess) for guess in guesses]
  File "/home/ryedida/bbo_challenge_starter_kit/example_submissions/smoothness/optimizer.py", line 48, in _get_smoothness_reg
    if activ > Kz:
NameError: name 'activ' is not defined
suggestion time taken 0.326982 iter 3 next_points [{'alpha': 9.544096551437843e-05, 'batch_size': 51, 'beta_1': 0.8464605518539948, 'beta_2': 0.9213107601387642, 'epsilon': 4.4346216965829545e-08, 'hidden_layer_sizes': 125, 'learning_rate_init': 0.036746299294517816, 'tol': 0.00314745224465917, 'validation_fraction': 0.7171640109870441}]
function_evaluation time 0.325297 value 46.055977 suggestion {'alpha': 9.544096551437843e-05, 'batch_size': 51, 'beta_1': 0.8464605518539948, 'beta_2': 0.9213107601387642, 'epsilon': 4.4346216965829545e-08, 'hidden_layer_sizes': 125, 'learning_rate_init': 0.036746299294517816, 'tol': 0.00314745224465917, 'validation_fraction': 0.7171640109870441}
observation time 0.000006, current best 46.055977 at iter 3
Failure in optimizer suggest. Falling back to random search.
name 'activ' is not defined
Traceback (most recent call last):
  File "/home/ryedida/.local/lib/python3.9/site-packages/bayesmark/experiment.py", line 126, in run_study
    next_points = optimizer.suggest(n_suggestions)
  File "/home/ryedida/bbo_challenge_starter_kit/example_submissions/smoothness/optimizer.py", line 105, in suggest
    betas = [self._get_smoothness_reg(guess) for guess in guesses]
  File "/home/ryedida/bbo_challenge_starter_kit/example_submissions/smoothness/optimizer.py", line 105, in <listcomp>
    betas = [self._get_smoothness_reg(guess) for guess in guesses]
  File "/home/ryedida/bbo_challenge_starter_kit/example_submissions/smoothness/optimizer.py", line 48, in _get_smoothness_reg
    if activ > Kz:
NameError: name 'activ' is not defined
suggestion time taken 0.329037 iter 4 next_points [{'alpha': 0.0002232970966946739, 'batch_size': 98, 'beta_1': 0.5050358908582255, 'beta_2': 0.9969721045815967, 'epsilon': 2.2662613401278727e-08, 'hidden_layer_sizes': 170, 'learning_rate_init': 0.00922715280674959, 'tol': 0.04919409824389919, 'validation_fraction': 0.3204641532692975}]
function_evaluation time 0.360685 value 54.987717 suggestion {'alpha': 0.0002232970966946739, 'batch_size': 98, 'beta_1': 0.5050358908582255, 'beta_2': 0.9969721045815967, 'epsilon': 2.2662613401278727e-08, 'hidden_layer_sizes': 170, 'learning_rate_init': 0.00922715280674959, 'tol': 0.04919409824389919, 'validation_fraction': 0.3204641532692975}
observation time 0.000005, current best 46.055977 at iter 4
Failure in optimizer suggest. Falling back to random search.
name 'activ' is not defined
Traceback (most recent call last):
  File "/home/ryedida/.local/lib/python3.9/site-packages/bayesmark/experiment.py", line 126, in run_study
    next_points = optimizer.suggest(n_suggestions)
  File "/home/ryedida/bbo_challenge_starter_kit/example_submissions/smoothness/optimizer.py", line 105, in suggest
    betas = [self._get_smoothness_reg(guess) for guess in guesses]
  File "/home/ryedida/bbo_challenge_starter_kit/example_submissions/smoothness/optimizer.py", line 105, in <listcomp>
    betas = [self._get_smoothness_reg(guess) for guess in guesses]
  File "/home/ryedida/bbo_challenge_starter_kit/example_submissions/smoothness/optimizer.py", line 48, in _get_smoothness_reg
    if activ > Kz:
NameError: name 'activ' is not defined
suggestion time taken 0.330170 iter 5 next_points [{'alpha': 0.17369786769955467, 'batch_size': 191, 'beta_1': 0.6573916762217565, 'beta_2': 0.9999919419195451, 'epsilon': 3.25003535919037e-07, 'hidden_layer_sizes': 114, 'learning_rate_init': 0.00035480026630261836, 'tol': 6.384204770615107e-05, 'validation_fraction': 0.8313967419905541}]
/home/ryedida/.local/lib/python3.9/site-packages/sklearn/neural_network/_multilayer_perceptron.py:605: UserWarning: Got `batch_size` less than 1 or larger than sample size. It is going to be clipped
  warnings.warn(

/home/ryedida/.local/lib/python3.9/site-packages/sklearn/neural_network/_multilayer_perceptron.py:686: ConvergenceWarning: Stochastic Optimizer: Maximum iterations (200) reached and the optimization hasn't converged yet.
  warnings.warn(

function_evaluation time 0.688068 value 150.232114 suggestion {'alpha': 0.17369786769955467, 'batch_size': 191, 'beta_1': 0.6573916762217565, 'beta_2': 0.9999919419195451, 'epsilon': 3.25003535919037e-07, 'hidden_layer_sizes': 114, 'learning_rate_init': 0.00035480026630261836, 'tol': 6.384204770615107e-05, 'validation_fraction': 0.8313967419905541}
observation time 0.000005, current best 46.055977 at iter 5
Failure in optimizer suggest. Falling back to random search.
name 'activ' is not defined
Traceback (most recent call last):
  File "/home/ryedida/.local/lib/python3.9/site-packages/bayesmark/experiment.py", line 126, in run_study
    next_points = optimizer.suggest(n_suggestions)
  File "/home/ryedida/bbo_challenge_starter_kit/example_submissions/smoothness/optimizer.py", line 105, in suggest
    betas = [self._get_smoothness_reg(guess) for guess in guesses]
  File "/home/ryedida/bbo_challenge_starter_kit/example_submissions/smoothness/optimizer.py", line 105, in <listcomp>
    betas = [self._get_smoothness_reg(guess) for guess in guesses]
  File "/home/ryedida/bbo_challenge_starter_kit/example_submissions/smoothness/optimizer.py", line 48, in _get_smoothness_reg
    if activ > Kz:
NameError: name 'activ' is not defined
suggestion time taken 0.327527 iter 6 next_points [{'alpha': 0.48113021150086893, 'batch_size': 222, 'beta_1': 0.9042657524420527, 'beta_2': 0.9999949378863119, 'epsilon': 7.645489600590826e-09, 'hidden_layer_sizes': 118, 'learning_rate_init': 0.049871551567478474, 'tol': 0.0018841043758258962, 'validation_fraction': 0.19969631521748876}]
function_evaluation time 0.330329 value 48.454351 suggestion {'alpha': 0.48113021150086893, 'batch_size': 222, 'beta_1': 0.9042657524420527, 'beta_2': 0.9999949378863119, 'epsilon': 7.645489600590826e-09, 'hidden_layer_sizes': 118, 'learning_rate_init': 0.049871551567478474, 'tol': 0.0018841043758258962, 'validation_fraction': 0.19969631521748876}
observation time 0.000005, current best 46.055977 at iter 6
Failure in optimizer suggest. Falling back to random search.
name 'activ' is not defined
Traceback (most recent call last):
  File "/home/ryedida/.local/lib/python3.9/site-packages/bayesmark/experiment.py", line 126, in run_study
    next_points = optimizer.suggest(n_suggestions)
  File "/home/ryedida/bbo_challenge_starter_kit/example_submissions/smoothness/optimizer.py", line 105, in suggest
    betas = [self._get_smoothness_reg(guess) for guess in guesses]
  File "/home/ryedida/bbo_challenge_starter_kit/example_submissions/smoothness/optimizer.py", line 105, in <listcomp>
    betas = [self._get_smoothness_reg(guess) for guess in guesses]
  File "/home/ryedida/bbo_challenge_starter_kit/example_submissions/smoothness/optimizer.py", line 48, in _get_smoothness_reg
    if activ > Kz:
NameError: name 'activ' is not defined
suggestion time taken 0.459591 iter 7 next_points [{'alpha': 0.4555184514111924, 'batch_size': 181, 'beta_1': 0.9616371839469551, 'beta_2': 0.9952545641111182, 'epsilon': 2.1478256933900412e-08, 'hidden_layer_sizes': 65, 'learning_rate_init': 0.0001104474945254175, 'tol': 0.07621229924147506, 'validation_fraction': 0.13291896189962363}]
function_evaluation time 0.065342 value 151.356553 suggestion {'alpha': 0.4555184514111924, 'batch_size': 181, 'beta_1': 0.9616371839469551, 'beta_2': 0.9952545641111182, 'epsilon': 2.1478256933900412e-08, 'hidden_layer_sizes': 65, 'learning_rate_init': 0.0001104474945254175, 'tol': 0.07621229924147506, 'validation_fraction': 0.13291896189962363}
observation time 0.000005, current best 46.055977 at iter 7
Failure in optimizer suggest. Falling back to random search.
name 'activ' is not defined
Traceback (most recent call last):
  File "/home/ryedida/.local/lib/python3.9/site-packages/bayesmark/experiment.py", line 126, in run_study
    next_points = optimizer.suggest(n_suggestions)
  File "/home/ryedida/bbo_challenge_starter_kit/example_submissions/smoothness/optimizer.py", line 105, in suggest
    betas = [self._get_smoothness_reg(guess) for guess in guesses]
  File "/home/ryedida/bbo_challenge_starter_kit/example_submissions/smoothness/optimizer.py", line 105, in <listcomp>
    betas = [self._get_smoothness_reg(guess) for guess in guesses]
  File "/home/ryedida/bbo_challenge_starter_kit/example_submissions/smoothness/optimizer.py", line 48, in _get_smoothness_reg
    if activ > Kz:
NameError: name 'activ' is not defined
suggestion time taken 0.325158 iter 8 next_points [{'alpha': 0.0007007221935892633, 'batch_size': 96, 'beta_1': 0.6097608193205629, 'beta_2': 0.9964698251839301, 'epsilon': 6.527173104885856e-07, 'hidden_layer_sizes': 120, 'learning_rate_init': 3.812564355625028e-05, 'tol': 0.0015120623153042484, 'validation_fraction': 0.8230800093052026}]
/home/ryedida/.local/lib/python3.9/site-packages/sklearn/neural_network/_multilayer_perceptron.py:605: UserWarning: Got `batch_size` less than 1 or larger than sample size. It is going to be clipped
  warnings.warn(

function_evaluation time 0.051064 value 151.674372 suggestion {'alpha': 0.0007007221935892633, 'batch_size': 96, 'beta_1': 0.6097608193205629, 'beta_2': 0.9964698251839301, 'epsilon': 6.527173104885856e-07, 'hidden_layer_sizes': 120, 'learning_rate_init': 3.812564355625028e-05, 'tol': 0.0015120623153042484, 'validation_fraction': 0.8230800093052026}
observation time 0.000007, current best 46.055977 at iter 8
Failure in optimizer suggest. Falling back to random search.
name 'activ' is not defined
Traceback (most recent call last):
  File "/home/ryedida/.local/lib/python3.9/site-packages/bayesmark/experiment.py", line 126, in run_study
    next_points = optimizer.suggest(n_suggestions)
  File "/home/ryedida/bbo_challenge_starter_kit/example_submissions/smoothness/optimizer.py", line 105, in suggest
    betas = [self._get_smoothness_reg(guess) for guess in guesses]
  File "/home/ryedida/bbo_challenge_starter_kit/example_submissions/smoothness/optimizer.py", line 105, in <listcomp>
    betas = [self._get_smoothness_reg(guess) for guess in guesses]
  File "/home/ryedida/bbo_challenge_starter_kit/example_submissions/smoothness/optimizer.py", line 48, in _get_smoothness_reg
    if activ > Kz:
NameError: name 'activ' is not defined
suggestion time taken 0.331933 iter 9 next_points [{'alpha': 0.00020532579392114775, 'batch_size': 117, 'beta_1': 0.985034632617528, 'beta_2': 0.9686440409250826, 'epsilon': 9.252829273700281e-09, 'hidden_layer_sizes': 102, 'learning_rate_init': 0.0021269281061881574, 'tol': 0.0006269687407879044, 'validation_fraction': 0.7166485889702581}]
/home/ryedida/.local/lib/python3.9/site-packages/sklearn/neural_network/_multilayer_perceptron.py:605: UserWarning: Got `batch_size` less than 1 or larger than sample size. It is going to be clipped
  warnings.warn(

/home/ryedida/.local/lib/python3.9/site-packages/sklearn/neural_network/_multilayer_perceptron.py:686: ConvergenceWarning: Stochastic Optimizer: Maximum iterations (200) reached and the optimization hasn't converged yet.
  warnings.warn(

function_evaluation time 0.682045 value 142.408858 suggestion {'alpha': 0.00020532579392114775, 'batch_size': 117, 'beta_1': 0.985034632617528, 'beta_2': 0.9686440409250826, 'epsilon': 9.252829273700281e-09, 'hidden_layer_sizes': 102, 'learning_rate_init': 0.0021269281061881574, 'tol': 0.0006269687407879044, 'validation_fraction': 0.7166485889702581}
observation time 0.000006, current best 46.055977 at iter 9
Failure in optimizer suggest. Falling back to random search.
name 'activ' is not defined
Traceback (most recent call last):
  File "/home/ryedida/.local/lib/python3.9/site-packages/bayesmark/experiment.py", line 126, in run_study
    next_points = optimizer.suggest(n_suggestions)
  File "/home/ryedida/bbo_challenge_starter_kit/example_submissions/smoothness/optimizer.py", line 105, in suggest
    betas = [self._get_smoothness_reg(guess) for guess in guesses]
  File "/home/ryedida/bbo_challenge_starter_kit/example_submissions/smoothness/optimizer.py", line 105, in <listcomp>
    betas = [self._get_smoothness_reg(guess) for guess in guesses]
  File "/home/ryedida/bbo_challenge_starter_kit/example_submissions/smoothness/optimizer.py", line 48, in _get_smoothness_reg
    if activ > Kz:
NameError: name 'activ' is not defined
suggestion time taken 0.321754 iter 10 next_points [{'alpha': 0.00014912082870154945, 'batch_size': 135, 'beta_1': 0.9410527241656768, 'beta_2': 0.999377162303134, 'epsilon': 3.598154222683118e-08, 'hidden_layer_sizes': 167, 'learning_rate_init': 0.014696852809021985, 'tol': 2.029407693363845e-05, 'validation_fraction': 0.25387921725959967}]
function_evaluation time 0.538901 value 50.978999 suggestion {'alpha': 0.00014912082870154945, 'batch_size': 135, 'beta_1': 0.9410527241656768, 'beta_2': 0.999377162303134, 'epsilon': 3.598154222683118e-08, 'hidden_layer_sizes': 167, 'learning_rate_init': 0.014696852809021985, 'tol': 2.029407693363845e-05, 'validation_fraction': 0.25387921725959967}
observation time 0.000005, current best 46.055977 at iter 10
Failure in optimizer suggest. Falling back to random search.
name 'activ' is not defined
Traceback (most recent call last):
  File "/home/ryedida/.local/lib/python3.9/site-packages/bayesmark/experiment.py", line 126, in run_study
    next_points = optimizer.suggest(n_suggestions)
  File "/home/ryedida/bbo_challenge_starter_kit/example_submissions/smoothness/optimizer.py", line 105, in suggest
    betas = [self._get_smoothness_reg(guess) for guess in guesses]
  File "/home/ryedida/bbo_challenge_starter_kit/example_submissions/smoothness/optimizer.py", line 105, in <listcomp>
    betas = [self._get_smoothness_reg(guess) for guess in guesses]
  File "/home/ryedida/bbo_challenge_starter_kit/example_submissions/smoothness/optimizer.py", line 48, in _get_smoothness_reg
    if activ > Kz:
NameError: name 'activ' is not defined
suggestion time taken 0.320995 iter 11 next_points [{'alpha': 0.001291099725239681, 'batch_size': 211, 'beta_1': 0.989553013172851, 'beta_2': 0.9999673268209927, 'epsilon': 5.184987131672863e-08, 'hidden_layer_sizes': 94, 'learning_rate_init': 2.1796271206177e-05, 'tol': 3.494513420460595e-05, 'validation_fraction': 0.7585969139195099}]
/home/ryedida/.local/lib/python3.9/site-packages/sklearn/neural_network/_multilayer_perceptron.py:605: UserWarning: Got `batch_size` less than 1 or larger than sample size. It is going to be clipped
  warnings.warn(

function_evaluation time 0.046641 value 151.466334 suggestion {'alpha': 0.001291099725239681, 'batch_size': 211, 'beta_1': 0.989553013172851, 'beta_2': 0.9999673268209927, 'epsilon': 5.184987131672863e-08, 'hidden_layer_sizes': 94, 'learning_rate_init': 2.1796271206177e-05, 'tol': 3.494513420460595e-05, 'validation_fraction': 0.7585969139195099}
observation time 0.000006, current best 46.055977 at iter 11
Failure in optimizer suggest. Falling back to random search.
name 'activ' is not defined
Traceback (most recent call last):
  File "/home/ryedida/.local/lib/python3.9/site-packages/bayesmark/experiment.py", line 126, in run_study
    next_points = optimizer.suggest(n_suggestions)
  File "/home/ryedida/bbo_challenge_starter_kit/example_submissions/smoothness/optimizer.py", line 105, in suggest
    betas = [self._get_smoothness_reg(guess) for guess in guesses]
  File "/home/ryedida/bbo_challenge_starter_kit/example_submissions/smoothness/optimizer.py", line 105, in <listcomp>
    betas = [self._get_smoothness_reg(guess) for guess in guesses]
  File "/home/ryedida/bbo_challenge_starter_kit/example_submissions/smoothness/optimizer.py", line 48, in _get_smoothness_reg
    if activ > Kz:
NameError: name 'activ' is not defined
suggestion time taken 0.324607 iter 12 next_points [{'alpha': 0.0003412299972227602, 'batch_size': 193, 'beta_1': 0.9772068944145886, 'beta_2': 0.9271093958791689, 'epsilon': 1.8975263513303552e-07, 'hidden_layer_sizes': 144, 'learning_rate_init': 0.0012883760507297463, 'tol': 0.0072701543663973925, 'validation_fraction': 0.6660539222719383}]
/home/ryedida/.local/lib/python3.9/site-packages/sklearn/neural_network/_multilayer_perceptron.py:605: UserWarning: Got `batch_size` less than 1 or larger than sample size. It is going to be clipped
  warnings.warn(

function_evaluation time 0.057398 value 151.395956 suggestion {'alpha': 0.0003412299972227602, 'batch_size': 193, 'beta_1': 0.9772068944145886, 'beta_2': 0.9271093958791689, 'epsilon': 1.8975263513303552e-07, 'hidden_layer_sizes': 144, 'learning_rate_init': 0.0012883760507297463, 'tol': 0.0072701543663973925, 'validation_fraction': 0.6660539222719383}
observation time 0.000005, current best 46.055977 at iter 12
Failure in optimizer suggest. Falling back to random search.
name 'activ' is not defined
Traceback (most recent call last):
  File "/home/ryedida/.local/lib/python3.9/site-packages/bayesmark/experiment.py", line 126, in run_study
    next_points = optimizer.suggest(n_suggestions)
  File "/home/ryedida/bbo_challenge_starter_kit/example_submissions/smoothness/optimizer.py", line 105, in suggest
    betas = [self._get_smoothness_reg(guess) for guess in guesses]
  File "/home/ryedida/bbo_challenge_starter_kit/example_submissions/smoothness/optimizer.py", line 105, in <listcomp>
    betas = [self._get_smoothness_reg(guess) for guess in guesses]
  File "/home/ryedida/bbo_challenge_starter_kit/example_submissions/smoothness/optimizer.py", line 48, in _get_smoothness_reg
    if activ > Kz:
NameError: name 'activ' is not defined
suggestion time taken 0.326180 iter 13 next_points [{'alpha': 0.09697302058640274, 'batch_size': 141, 'beta_1': 0.9603560642309298, 'beta_2': 0.9999020235452745, 'epsilon': 5.115475407113476e-07, 'hidden_layer_sizes': 170, 'learning_rate_init': 6.48241926869518e-05, 'tol': 0.003568092374732308, 'validation_fraction': 0.6795540209593892}]
/home/ryedida/.local/lib/python3.9/site-packages/sklearn/neural_network/_multilayer_perceptron.py:605: UserWarning: Got `batch_size` less than 1 or larger than sample size. It is going to be clipped
  warnings.warn(

function_evaluation time 0.060599 value 151.576167 suggestion {'alpha': 0.09697302058640274, 'batch_size': 141, 'beta_1': 0.9603560642309298, 'beta_2': 0.9999020235452745, 'epsilon': 5.115475407113476e-07, 'hidden_layer_sizes': 170, 'learning_rate_init': 6.48241926869518e-05, 'tol': 0.003568092374732308, 'validation_fraction': 0.6795540209593892}
observation time 0.000005, current best 46.055977 at iter 13
Failure in optimizer suggest. Falling back to random search.
name 'activ' is not defined
Traceback (most recent call last):
  File "/home/ryedida/.local/lib/python3.9/site-packages/bayesmark/experiment.py", line 126, in run_study
    next_points = optimizer.suggest(n_suggestions)
  File "/home/ryedida/bbo_challenge_starter_kit/example_submissions/smoothness/optimizer.py", line 105, in suggest
    betas = [self._get_smoothness_reg(guess) for guess in guesses]
  File "/home/ryedida/bbo_challenge_starter_kit/example_submissions/smoothness/optimizer.py", line 105, in <listcomp>
    betas = [self._get_smoothness_reg(guess) for guess in guesses]
  File "/home/ryedida/bbo_challenge_starter_kit/example_submissions/smoothness/optimizer.py", line 48, in _get_smoothness_reg
    if activ > Kz:
NameError: name 'activ' is not defined
suggestion time taken 0.322373 iter 14 next_points [{'alpha': 1.7411428793024062, 'batch_size': 201, 'beta_1': 0.8868688626041445, 'beta_2': 0.9999911363421785, 'epsilon': 2.663575634771566e-07, 'hidden_layer_sizes': 88, 'learning_rate_init': 0.0004199844779226401, 'tol': 8.188334045925645e-05, 'validation_fraction': 0.14935097662103228}]
/home/ryedida/.local/lib/python3.9/site-packages/sklearn/neural_network/_multilayer_perceptron.py:686: ConvergenceWarning: Stochastic Optimizer: Maximum iterations (200) reached and the optimization hasn't converged yet.
  warnings.warn(

function_evaluation time 1.030948 value 148.183666 suggestion {'alpha': 1.7411428793024062, 'batch_size': 201, 'beta_1': 0.8868688626041445, 'beta_2': 0.9999911363421785, 'epsilon': 2.663575634771566e-07, 'hidden_layer_sizes': 88, 'learning_rate_init': 0.0004199844779226401, 'tol': 8.188334045925645e-05, 'validation_fraction': 0.14935097662103228}
observation time 0.000005, current best 46.055977 at iter 14
saving meta data: {'args': {'--uuid': '61a0d2a52af35b868bbc8a70275dc779', '-db-root': '/home/ryedida/bbo_challenge_starter_kit/output', '--opt-root': '/home/ryedida/bbo_challenge_starter_kit/example_submissions', '--data-root': None, '--db': 'run_20230425_034200', '--opt': 'smoothness', '--data': 'diabetes', '--classifier': 'MLP-adam', '--metric': 'mae', '--calls': 15, '--suggestions': 1, '--jobs-file': None, '--verbose': False, 'dry_run': False, 'rev': 'a376313', 'opt_rev': 'x.x.x'}, 'signature': ([{'alpha': 0.019628224813442792, 'batch_size': 182, 'beta_1': 0.9410202200271762, 'beta_2': 0.9998021557676793, 'epsilon': 1.8662266976518e-08, 'hidden_layer_sizes': 147, 'learning_rate_init': 0.0005627932047415167, 'tol': 0.03690557729213761, 'validation_fraction': 0.8846827852548593}, {'alpha': 0.0019982467392329444, 'batch_size': 200, 'beta_1': 0.919111482530466, 'beta_2': 0.9998488260436156, 'epsilon': 5.981221901152555e-07, 'hidden_layer_sizes': 61, 'learning_rate_init': 2.2310905607443014e-05, 'tol': 1.2046852412030316e-05, 'validation_fraction': 0.8117896445826539}, {'alpha': 0.46659545670218433, 'batch_size': 219, 'beta_1': 0.9889789783750891, 'beta_2': 0.9999896868093284, 'epsilon': 2.4234724484675948e-08, 'hidden_layer_sizes': 167, 'learning_rate_init': 2.972334644335654e-05, 'tol': 0.0036281404040243792, 'validation_fraction': 0.17260651658522078}, {'alpha': 4.656005689076002, 'batch_size': 135, 'beta_1': 0.870503881627747, 'beta_2': 0.9948873266941017, 'epsilon': 2.1023308743480125e-07, 'hidden_layer_sizes': 118, 'learning_rate_init': 0.0018781738757161913, 'tol': 1.1889379831773004e-05, 'validation_fraction': 0.6264327093752792}, {'alpha': 0.04705159350400542, 'batch_size': 158, 'beta_1': 0.9870884262730957, 'beta_2': 0.9999596874382349, 'epsilon': 1.1981845126013875e-08, 'hidden_layer_sizes': 116, 'learning_rate_init': 0.00617340520407431, 'tol': 1.741413418158619e-05, 'validation_fraction': 0.6754299026638921}], [151.4971925380264, 151.42763539278994, 151.47026299046811, 136.86202504264318, 75.2055865763391])}
saving results
saving timing
saving suggest log
done
