running: {'--uuid': '6f7935e4713e5239a15fb4aad24abde6', '-db-root': '/home/ryedida/bbo_challenge_starter_kit/output', '--opt-root': '/home/ryedida/bbo_challenge_starter_kit/example_submissions', '--data-root': None, '--db': 'run_20230425_034200', '--opt': 'smoothness', '--data': 'diabetes', '--classifier': 'MLP-adam', '--metric': 'mae', '--calls': 15, '--suggestions': 1, '--jobs-file': None, '--verbose': False, 'dry_run': False, 'rev': 'a376313', 'opt_rev': 'x.x.x'}
cmd: python smoothness/optimizer.py -c MLP-adam -d diabetes -o smoothness -u 6f7935e4713e5239a15fb4aad24abde6 -m mae -n 15 -p 1 -dir /home/ryedida/bbo_challenge_starter_kit/output -b run_20230425_034200
/home/ryedida/.local/lib/python3.9/site-packages/sklearn/neural_network/_multilayer_perceptron.py:605: UserWarning: Got `batch_size` less than 1 or larger than sample size. It is going to be clipped
  warnings.warn(

/home/ryedida/.local/lib/python3.9/site-packages/sklearn/neural_network/_multilayer_perceptron.py:605: UserWarning: Got `batch_size` less than 1 or larger than sample size. It is going to be clipped
  warnings.warn(

/home/ryedida/.local/lib/python3.9/site-packages/sklearn/neural_network/_multilayer_perceptron.py:605: UserWarning: Got `batch_size` less than 1 or larger than sample size. It is going to be clipped
  warnings.warn(

/home/ryedida/.local/lib/python3.9/site-packages/sklearn/neural_network/_multilayer_perceptron.py:686: ConvergenceWarning: Stochastic Optimizer: Maximum iterations (200) reached and the optimization hasn't converged yet.
  warnings.warn(

/home/ryedida/.local/lib/python3.9/site-packages/sklearn/neural_network/_multilayer_perceptron.py:605: UserWarning: Got `batch_size` less than 1 or larger than sample size. It is going to be clipped
  warnings.warn(

/home/ryedida/.local/lib/python3.9/site-packages/sklearn/neural_network/_multilayer_perceptron.py:686: ConvergenceWarning: Stochastic Optimizer: Maximum iterations (200) reached and the optimization hasn't converged yet.
  warnings.warn(

computed signature: ([{'alpha': 0.019628224813442792, 'batch_size': 182, 'beta_1': 0.9410202200271762, 'beta_2': 0.9998021557676793, 'epsilon': 1.8662266976518e-08, 'hidden_layer_sizes': 147, 'learning_rate_init': 0.0005627932047415167, 'tol': 0.03690557729213761, 'validation_fraction': 0.8846827852548593}, {'alpha': 0.0019982467392329444, 'batch_size': 200, 'beta_1': 0.919111482530466, 'beta_2': 0.9998488260436156, 'epsilon': 5.981221901152555e-07, 'hidden_layer_sizes': 61, 'learning_rate_init': 2.2310905607443014e-05, 'tol': 1.2046852412030316e-05, 'validation_fraction': 0.8117896445826539}, {'alpha': 0.46659545670218433, 'batch_size': 219, 'beta_1': 0.9889789783750891, 'beta_2': 0.9999896868093284, 'epsilon': 2.4234724484675948e-08, 'hidden_layer_sizes': 167, 'learning_rate_init': 2.972334644335654e-05, 'tol': 0.0036281404040243792, 'validation_fraction': 0.17260651658522078}, {'alpha': 4.656005689076002, 'batch_size': 135, 'beta_1': 0.870503881627747, 'beta_2': 0.9948873266941017, 'epsilon': 2.1023308743480125e-07, 'hidden_layer_sizes': 118, 'learning_rate_init': 0.0018781738757161913, 'tol': 1.1889379831773004e-05, 'validation_fraction': 0.6264327093752792}, {'alpha': 0.04705159350400542, 'batch_size': 158, 'beta_1': 0.9870884262730957, 'beta_2': 0.9999596874382349, 'epsilon': 1.1981845126013875e-08, 'hidden_layer_sizes': 116, 'learning_rate_init': 0.00617340520407431, 'tol': 1.741413418158619e-05, 'validation_fraction': 0.6754299026638921}], [151.4971925380264, 151.42763539278994, 151.47026299046811, 136.86202504264318, 75.2055865763391])
Signature errors:
                                  0             1             2         3         4       max
MLP-adam_diabetes_mae  1.919244e-08  6.198704e-08  7.624578e-09  0.000007  0.000034  0.000034
max                    1.919244e-08  6.198704e-08  7.624578e-09  0.000007  0.000034  0.000034
starting sklearn study smoothness MLP-adam diabetes mae 15 1
with data root: None
Failure in optimizer suggest. Falling back to random search.
name 'activ' is not defined
Traceback (most recent call last):
  File "/home/ryedida/.local/lib/python3.9/site-packages/bayesmark/experiment.py", line 126, in run_study
    next_points = optimizer.suggest(n_suggestions)
  File "/home/ryedida/bbo_challenge_starter_kit/example_submissions/smoothness/optimizer.py", line 105, in suggest
    betas = [self._get_smoothness_reg(guess) for guess in guesses]
  File "/home/ryedida/bbo_challenge_starter_kit/example_submissions/smoothness/optimizer.py", line 105, in <listcomp>
    betas = [self._get_smoothness_reg(guess) for guess in guesses]
  File "/home/ryedida/bbo_challenge_starter_kit/example_submissions/smoothness/optimizer.py", line 48, in _get_smoothness_reg
    if activ > Kz:
NameError: name 'activ' is not defined
suggestion time taken 0.500189 iter 0 next_points [{'alpha': 6.190159516604267e-05, 'batch_size': 35, 'beta_1': 0.987613077968983, 'beta_2': 0.9803441150733042, 'epsilon': 1.5127961415556198e-09, 'hidden_layer_sizes': 166, 'learning_rate_init': 0.0005791135388312622, 'tol': 3.938072757269282e-05, 'validation_fraction': 0.7420520766751526}]
/home/ryedida/.local/lib/python3.9/site-packages/sklearn/neural_network/_multilayer_perceptron.py:686: ConvergenceWarning: Stochastic Optimizer: Maximum iterations (200) reached and the optimization hasn't converged yet.
  warnings.warn(

function_evaluation time 1.279000 value 142.322812 suggestion {'alpha': 6.190159516604267e-05, 'batch_size': 35, 'beta_1': 0.987613077968983, 'beta_2': 0.9803441150733042, 'epsilon': 1.5127961415556198e-09, 'hidden_layer_sizes': 166, 'learning_rate_init': 0.0005791135388312622, 'tol': 3.938072757269282e-05, 'validation_fraction': 0.7420520766751526}
observation time 0.000006, current best 142.322812 at iter 0
Failure in optimizer suggest. Falling back to random search.
name 'activ' is not defined
Traceback (most recent call last):
  File "/home/ryedida/.local/lib/python3.9/site-packages/bayesmark/experiment.py", line 126, in run_study
    next_points = optimizer.suggest(n_suggestions)
  File "/home/ryedida/bbo_challenge_starter_kit/example_submissions/smoothness/optimizer.py", line 105, in suggest
    betas = [self._get_smoothness_reg(guess) for guess in guesses]
  File "/home/ryedida/bbo_challenge_starter_kit/example_submissions/smoothness/optimizer.py", line 105, in <listcomp>
    betas = [self._get_smoothness_reg(guess) for guess in guesses]
  File "/home/ryedida/bbo_challenge_starter_kit/example_submissions/smoothness/optimizer.py", line 48, in _get_smoothness_reg
    if activ > Kz:
NameError: name 'activ' is not defined
suggestion time taken 0.328547 iter 1 next_points [{'alpha': 1.202985813850779e-05, 'batch_size': 33, 'beta_1': 0.7353262178718221, 'beta_2': 0.9933328429715412, 'epsilon': 4.674457778040192e-08, 'hidden_layer_sizes': 122, 'learning_rate_init': 0.0008830032254200001, 'tol': 0.0035143154218459983, 'validation_fraction': 0.428183214163226}]
/home/ryedida/.local/lib/python3.9/site-packages/sklearn/neural_network/_multilayer_perceptron.py:686: ConvergenceWarning: Stochastic Optimizer: Maximum iterations (200) reached and the optimization hasn't converged yet.
  warnings.warn(

function_evaluation time 1.689022 value 87.710195 suggestion {'alpha': 1.202985813850779e-05, 'batch_size': 33, 'beta_1': 0.7353262178718221, 'beta_2': 0.9933328429715412, 'epsilon': 4.674457778040192e-08, 'hidden_layer_sizes': 122, 'learning_rate_init': 0.0008830032254200001, 'tol': 0.0035143154218459983, 'validation_fraction': 0.428183214163226}
observation time 0.000006, current best 87.710195 at iter 1
Failure in optimizer suggest. Falling back to random search.
name 'activ' is not defined
Traceback (most recent call last):
  File "/home/ryedida/.local/lib/python3.9/site-packages/bayesmark/experiment.py", line 126, in run_study
    next_points = optimizer.suggest(n_suggestions)
  File "/home/ryedida/bbo_challenge_starter_kit/example_submissions/smoothness/optimizer.py", line 105, in suggest
    betas = [self._get_smoothness_reg(guess) for guess in guesses]
  File "/home/ryedida/bbo_challenge_starter_kit/example_submissions/smoothness/optimizer.py", line 105, in <listcomp>
    betas = [self._get_smoothness_reg(guess) for guess in guesses]
  File "/home/ryedida/bbo_challenge_starter_kit/example_submissions/smoothness/optimizer.py", line 48, in _get_smoothness_reg
    if activ > Kz:
NameError: name 'activ' is not defined
suggestion time taken 0.329657 iter 2 next_points [{'alpha': 0.9916588928293141, 'batch_size': 169, 'beta_1': 0.9546363139152956, 'beta_2': 0.9678584657244668, 'epsilon': 1.1064402329266063e-07, 'hidden_layer_sizes': 129, 'learning_rate_init': 0.0005670738856273597, 'tol': 0.0008463289623094499, 'validation_fraction': 0.24007427231524237}]
/home/ryedida/.local/lib/python3.9/site-packages/sklearn/neural_network/_multilayer_perceptron.py:686: ConvergenceWarning: Stochastic Optimizer: Maximum iterations (200) reached and the optimization hasn't converged yet.
  warnings.warn(

function_evaluation time 1.003849 value 147.382963 suggestion {'alpha': 0.9916588928293141, 'batch_size': 169, 'beta_1': 0.9546363139152956, 'beta_2': 0.9678584657244668, 'epsilon': 1.1064402329266063e-07, 'hidden_layer_sizes': 129, 'learning_rate_init': 0.0005670738856273597, 'tol': 0.0008463289623094499, 'validation_fraction': 0.24007427231524237}
observation time 0.000005, current best 87.710195 at iter 2
Failure in optimizer suggest. Falling back to random search.
name 'activ' is not defined
Traceback (most recent call last):
  File "/home/ryedida/.local/lib/python3.9/site-packages/bayesmark/experiment.py", line 126, in run_study
    next_points = optimizer.suggest(n_suggestions)
  File "/home/ryedida/bbo_challenge_starter_kit/example_submissions/smoothness/optimizer.py", line 105, in suggest
    betas = [self._get_smoothness_reg(guess) for guess in guesses]
  File "/home/ryedida/bbo_challenge_starter_kit/example_submissions/smoothness/optimizer.py", line 105, in <listcomp>
    betas = [self._get_smoothness_reg(guess) for guess in guesses]
  File "/home/ryedida/bbo_challenge_starter_kit/example_submissions/smoothness/optimizer.py", line 48, in _get_smoothness_reg
    if activ > Kz:
NameError: name 'activ' is not defined
suggestion time taken 0.341460 iter 3 next_points [{'alpha': 1.0847079501389373e-05, 'batch_size': 117, 'beta_1': 0.9864684353741688, 'beta_2': 0.9898060969880533, 'epsilon': 5.443663670449003e-09, 'hidden_layer_sizes': 184, 'learning_rate_init': 0.0028719699547312895, 'tol': 0.0008106811838326475, 'validation_fraction': 0.17438018772941621}]
function_evaluation time 1.353807 value 64.454332 suggestion {'alpha': 1.0847079501389373e-05, 'batch_size': 117, 'beta_1': 0.9864684353741688, 'beta_2': 0.9898060969880533, 'epsilon': 5.443663670449003e-09, 'hidden_layer_sizes': 184, 'learning_rate_init': 0.0028719699547312895, 'tol': 0.0008106811838326475, 'validation_fraction': 0.17438018772941621}
observation time 0.000005, current best 64.454332 at iter 3
Failure in optimizer suggest. Falling back to random search.
name 'activ' is not defined
Traceback (most recent call last):
  File "/home/ryedida/.local/lib/python3.9/site-packages/bayesmark/experiment.py", line 126, in run_study
    next_points = optimizer.suggest(n_suggestions)
  File "/home/ryedida/bbo_challenge_starter_kit/example_submissions/smoothness/optimizer.py", line 105, in suggest
    betas = [self._get_smoothness_reg(guess) for guess in guesses]
  File "/home/ryedida/bbo_challenge_starter_kit/example_submissions/smoothness/optimizer.py", line 105, in <listcomp>
    betas = [self._get_smoothness_reg(guess) for guess in guesses]
  File "/home/ryedida/bbo_challenge_starter_kit/example_submissions/smoothness/optimizer.py", line 48, in _get_smoothness_reg
    if activ > Kz:
NameError: name 'activ' is not defined
suggestion time taken 0.330761 iter 4 next_points [{'alpha': 0.003537704597802814, 'batch_size': 21, 'beta_1': 0.7597049175186616, 'beta_2': 0.9999508130650071, 'epsilon': 2.72618045857987e-08, 'hidden_layer_sizes': 194, 'learning_rate_init': 0.0009392499916925246, 'tol': 4.933567327523452e-05, 'validation_fraction': 0.8806973778829785}]
/home/ryedida/.local/lib/python3.9/site-packages/sklearn/neural_network/_multilayer_perceptron.py:686: ConvergenceWarning: Stochastic Optimizer: Maximum iterations (200) reached and the optimization hasn't converged yet.
  warnings.warn(

function_evaluation time 1.040636 value 121.456506 suggestion {'alpha': 0.003537704597802814, 'batch_size': 21, 'beta_1': 0.7597049175186616, 'beta_2': 0.9999508130650071, 'epsilon': 2.72618045857987e-08, 'hidden_layer_sizes': 194, 'learning_rate_init': 0.0009392499916925246, 'tol': 4.933567327523452e-05, 'validation_fraction': 0.8806973778829785}
observation time 0.000006, current best 64.454332 at iter 4
Failure in optimizer suggest. Falling back to random search.
name 'activ' is not defined
Traceback (most recent call last):
  File "/home/ryedida/.local/lib/python3.9/site-packages/bayesmark/experiment.py", line 126, in run_study
    next_points = optimizer.suggest(n_suggestions)
  File "/home/ryedida/bbo_challenge_starter_kit/example_submissions/smoothness/optimizer.py", line 105, in suggest
    betas = [self._get_smoothness_reg(guess) for guess in guesses]
  File "/home/ryedida/bbo_challenge_starter_kit/example_submissions/smoothness/optimizer.py", line 105, in <listcomp>
    betas = [self._get_smoothness_reg(guess) for guess in guesses]
  File "/home/ryedida/bbo_challenge_starter_kit/example_submissions/smoothness/optimizer.py", line 48, in _get_smoothness_reg
    if activ > Kz:
NameError: name 'activ' is not defined
suggestion time taken 0.327985 iter 5 next_points [{'alpha': 0.4460041249205421, 'batch_size': 17, 'beta_1': 0.9118784864020257, 'beta_2': 0.9973805869739837, 'epsilon': 2.7700944342179213e-09, 'hidden_layer_sizes': 191, 'learning_rate_init': 8.807306258552668e-05, 'tol': 3.743001885045313e-05, 'validation_fraction': 0.25463701715944753}]
/home/ryedida/.local/lib/python3.9/site-packages/sklearn/neural_network/_multilayer_perceptron.py:686: ConvergenceWarning: Stochastic Optimizer: Maximum iterations (200) reached and the optimization hasn't converged yet.
  warnings.warn(

function_evaluation time 3.688987 value 143.529245 suggestion {'alpha': 0.4460041249205421, 'batch_size': 17, 'beta_1': 0.9118784864020257, 'beta_2': 0.9973805869739837, 'epsilon': 2.7700944342179213e-09, 'hidden_layer_sizes': 191, 'learning_rate_init': 8.807306258552668e-05, 'tol': 3.743001885045313e-05, 'validation_fraction': 0.25463701715944753}
observation time 0.000006, current best 64.454332 at iter 5
Failure in optimizer suggest. Falling back to random search.
name 'activ' is not defined
Traceback (most recent call last):
  File "/home/ryedida/.local/lib/python3.9/site-packages/bayesmark/experiment.py", line 126, in run_study
    next_points = optimizer.suggest(n_suggestions)
  File "/home/ryedida/bbo_challenge_starter_kit/example_submissions/smoothness/optimizer.py", line 105, in suggest
    betas = [self._get_smoothness_reg(guess) for guess in guesses]
  File "/home/ryedida/bbo_challenge_starter_kit/example_submissions/smoothness/optimizer.py", line 105, in <listcomp>
    betas = [self._get_smoothness_reg(guess) for guess in guesses]
  File "/home/ryedida/bbo_challenge_starter_kit/example_submissions/smoothness/optimizer.py", line 48, in _get_smoothness_reg
    if activ > Kz:
NameError: name 'activ' is not defined
suggestion time taken 0.330025 iter 6 next_points [{'alpha': 1.6354253581702192e-05, 'batch_size': 163, 'beta_1': 0.9757118446675528, 'beta_2': 0.9992995073448495, 'epsilon': 3.9563138291846984e-07, 'hidden_layer_sizes': 95, 'learning_rate_init': 1.9078065975723056e-05, 'tol': 0.0071070688081828854, 'validation_fraction': 0.3023039377700219}]
function_evaluation time 0.069264 value 151.685755 suggestion {'alpha': 1.6354253581702192e-05, 'batch_size': 163, 'beta_1': 0.9757118446675528, 'beta_2': 0.9992995073448495, 'epsilon': 3.9563138291846984e-07, 'hidden_layer_sizes': 95, 'learning_rate_init': 1.9078065975723056e-05, 'tol': 0.0071070688081828854, 'validation_fraction': 0.3023039377700219}
observation time 0.000005, current best 64.454332 at iter 6
Failure in optimizer suggest. Falling back to random search.
name 'activ' is not defined
Traceback (most recent call last):
  File "/home/ryedida/.local/lib/python3.9/site-packages/bayesmark/experiment.py", line 126, in run_study
    next_points = optimizer.suggest(n_suggestions)
  File "/home/ryedida/bbo_challenge_starter_kit/example_submissions/smoothness/optimizer.py", line 105, in suggest
    betas = [self._get_smoothness_reg(guess) for guess in guesses]
  File "/home/ryedida/bbo_challenge_starter_kit/example_submissions/smoothness/optimizer.py", line 105, in <listcomp>
    betas = [self._get_smoothness_reg(guess) for guess in guesses]
  File "/home/ryedida/bbo_challenge_starter_kit/example_submissions/smoothness/optimizer.py", line 48, in _get_smoothness_reg
    if activ > Kz:
NameError: name 'activ' is not defined
suggestion time taken 0.463135 iter 7 next_points [{'alpha': 0.0010562859024846013, 'batch_size': 244, 'beta_1': 0.6328167512959579, 'beta_2': 0.9632320939538918, 'epsilon': 1.234880934411335e-09, 'hidden_layer_sizes': 139, 'learning_rate_init': 0.0017832457443789384, 'tol': 0.0025729823245329107, 'validation_fraction': 0.29925457208681866}]
/home/ryedida/.local/lib/python3.9/site-packages/sklearn/neural_network/_multilayer_perceptron.py:686: ConvergenceWarning: Stochastic Optimizer: Maximum iterations (200) reached and the optimization hasn't converged yet.
  warnings.warn(

function_evaluation time 0.270907 value 151.327798 suggestion {'alpha': 0.0010562859024846013, 'batch_size': 244, 'beta_1': 0.6328167512959579, 'beta_2': 0.9632320939538918, 'epsilon': 1.234880934411335e-09, 'hidden_layer_sizes': 139, 'learning_rate_init': 0.0017832457443789384, 'tol': 0.0025729823245329107, 'validation_fraction': 0.29925457208681866}
observation time 0.000006, current best 64.454332 at iter 7
Failure in optimizer suggest. Falling back to random search.
name 'activ' is not defined
Traceback (most recent call last):
  File "/home/ryedida/.local/lib/python3.9/site-packages/bayesmark/experiment.py", line 126, in run_study
    next_points = optimizer.suggest(n_suggestions)
  File "/home/ryedida/bbo_challenge_starter_kit/example_submissions/smoothness/optimizer.py", line 105, in suggest
    betas = [self._get_smoothness_reg(guess) for guess in guesses]
  File "/home/ryedida/bbo_challenge_starter_kit/example_submissions/smoothness/optimizer.py", line 105, in <listcomp>
    betas = [self._get_smoothness_reg(guess) for guess in guesses]
  File "/home/ryedida/bbo_challenge_starter_kit/example_submissions/smoothness/optimizer.py", line 48, in _get_smoothness_reg
    if activ > Kz:
NameError: name 'activ' is not defined
suggestion time taken 0.326352 iter 8 next_points [{'alpha': 0.0006166862103637555, 'batch_size': 249, 'beta_1': 0.9525340070900413, 'beta_2': 0.9999298754973657, 'epsilon': 4.061609459321531e-07, 'hidden_layer_sizes': 166, 'learning_rate_init': 0.023610414798494784, 'tol': 0.004872053263837447, 'validation_fraction': 0.7239285600053246}]
/home/ryedida/.local/lib/python3.9/site-packages/sklearn/neural_network/_multilayer_perceptron.py:605: UserWarning: Got `batch_size` less than 1 or larger than sample size. It is going to be clipped
  warnings.warn(

function_evaluation time 0.298865 value 54.232712 suggestion {'alpha': 0.0006166862103637555, 'batch_size': 249, 'beta_1': 0.9525340070900413, 'beta_2': 0.9999298754973657, 'epsilon': 4.061609459321531e-07, 'hidden_layer_sizes': 166, 'learning_rate_init': 0.023610414798494784, 'tol': 0.004872053263837447, 'validation_fraction': 0.7239285600053246}
observation time 0.000005, current best 54.232712 at iter 8
Failure in optimizer suggest. Falling back to random search.
name 'activ' is not defined
Traceback (most recent call last):
  File "/home/ryedida/.local/lib/python3.9/site-packages/bayesmark/experiment.py", line 126, in run_study
    next_points = optimizer.suggest(n_suggestions)
  File "/home/ryedida/bbo_challenge_starter_kit/example_submissions/smoothness/optimizer.py", line 105, in suggest
    betas = [self._get_smoothness_reg(guess) for guess in guesses]
  File "/home/ryedida/bbo_challenge_starter_kit/example_submissions/smoothness/optimizer.py", line 105, in <listcomp>
    betas = [self._get_smoothness_reg(guess) for guess in guesses]
  File "/home/ryedida/bbo_challenge_starter_kit/example_submissions/smoothness/optimizer.py", line 48, in _get_smoothness_reg
    if activ > Kz:
NameError: name 'activ' is not defined
suggestion time taken 0.327733 iter 9 next_points [{'alpha': 0.23929762543587574, 'batch_size': 193, 'beta_1': 0.7805824072347599, 'beta_2': 0.9999415012731433, 'epsilon': 2.7400959268169792e-08, 'hidden_layer_sizes': 115, 'learning_rate_init': 0.0001228063902677604, 'tol': 4.4297803087579e-05, 'validation_fraction': 0.8527996345615841}]
/home/ryedida/.local/lib/python3.9/site-packages/sklearn/neural_network/_multilayer_perceptron.py:605: UserWarning: Got `batch_size` less than 1 or larger than sample size. It is going to be clipped
  warnings.warn(

/home/ryedida/.local/lib/python3.9/site-packages/sklearn/neural_network/_multilayer_perceptron.py:686: ConvergenceWarning: Stochastic Optimizer: Maximum iterations (200) reached and the optimization hasn't converged yet.
  warnings.warn(

function_evaluation time 0.683285 value 151.126600 suggestion {'alpha': 0.23929762543587574, 'batch_size': 193, 'beta_1': 0.7805824072347599, 'beta_2': 0.9999415012731433, 'epsilon': 2.7400959268169792e-08, 'hidden_layer_sizes': 115, 'learning_rate_init': 0.0001228063902677604, 'tol': 4.4297803087579e-05, 'validation_fraction': 0.8527996345615841}
observation time 0.000006, current best 54.232712 at iter 9
Failure in optimizer suggest. Falling back to random search.
name 'activ' is not defined
Traceback (most recent call last):
  File "/home/ryedida/.local/lib/python3.9/site-packages/bayesmark/experiment.py", line 126, in run_study
    next_points = optimizer.suggest(n_suggestions)
  File "/home/ryedida/bbo_challenge_starter_kit/example_submissions/smoothness/optimizer.py", line 105, in suggest
    betas = [self._get_smoothness_reg(guess) for guess in guesses]
  File "/home/ryedida/bbo_challenge_starter_kit/example_submissions/smoothness/optimizer.py", line 105, in <listcomp>
    betas = [self._get_smoothness_reg(guess) for guess in guesses]
  File "/home/ryedida/bbo_challenge_starter_kit/example_submissions/smoothness/optimizer.py", line 48, in _get_smoothness_reg
    if activ > Kz:
NameError: name 'activ' is not defined
suggestion time taken 0.324211 iter 10 next_points [{'alpha': 0.0005494461941760587, 'batch_size': 82, 'beta_1': 0.9877291457903924, 'beta_2': 0.999804356315851, 'epsilon': 9.51796138447403e-08, 'hidden_layer_sizes': 103, 'learning_rate_init': 9.603848600671791e-05, 'tol': 0.0038495151972049255, 'validation_fraction': 0.25330962247531913}]
function_evaluation time 0.066176 value 151.488826 suggestion {'alpha': 0.0005494461941760587, 'batch_size': 82, 'beta_1': 0.9877291457903924, 'beta_2': 0.999804356315851, 'epsilon': 9.51796138447403e-08, 'hidden_layer_sizes': 103, 'learning_rate_init': 9.603848600671791e-05, 'tol': 0.0038495151972049255, 'validation_fraction': 0.25330962247531913}
observation time 0.000005, current best 54.232712 at iter 10
Failure in optimizer suggest. Falling back to random search.
name 'activ' is not defined
Traceback (most recent call last):
  File "/home/ryedida/.local/lib/python3.9/site-packages/bayesmark/experiment.py", line 126, in run_study
    next_points = optimizer.suggest(n_suggestions)
  File "/home/ryedida/bbo_challenge_starter_kit/example_submissions/smoothness/optimizer.py", line 105, in suggest
    betas = [self._get_smoothness_reg(guess) for guess in guesses]
  File "/home/ryedida/bbo_challenge_starter_kit/example_submissions/smoothness/optimizer.py", line 105, in <listcomp>
    betas = [self._get_smoothness_reg(guess) for guess in guesses]
  File "/home/ryedida/bbo_challenge_starter_kit/example_submissions/smoothness/optimizer.py", line 48, in _get_smoothness_reg
    if activ > Kz:
NameError: name 'activ' is not defined
suggestion time taken 0.324063 iter 11 next_points [{'alpha': 0.0009583125643590616, 'batch_size': 109, 'beta_1': 0.8969289735222907, 'beta_2': 0.9999958241509694, 'epsilon': 8.799356003586011e-09, 'hidden_layer_sizes': 123, 'learning_rate_init': 0.09520619276690225, 'tol': 0.061238031615941255, 'validation_fraction': 0.15525652128872428}]
function_evaluation time 0.157821 value 45.815801 suggestion {'alpha': 0.0009583125643590616, 'batch_size': 109, 'beta_1': 0.8969289735222907, 'beta_2': 0.9999958241509694, 'epsilon': 8.799356003586011e-09, 'hidden_layer_sizes': 123, 'learning_rate_init': 0.09520619276690225, 'tol': 0.061238031615941255, 'validation_fraction': 0.15525652128872428}
observation time 0.000006, current best 45.815801 at iter 11
Failure in optimizer suggest. Falling back to random search.
name 'activ' is not defined
Traceback (most recent call last):
  File "/home/ryedida/.local/lib/python3.9/site-packages/bayesmark/experiment.py", line 126, in run_study
    next_points = optimizer.suggest(n_suggestions)
  File "/home/ryedida/bbo_challenge_starter_kit/example_submissions/smoothness/optimizer.py", line 105, in suggest
    betas = [self._get_smoothness_reg(guess) for guess in guesses]
  File "/home/ryedida/bbo_challenge_starter_kit/example_submissions/smoothness/optimizer.py", line 105, in <listcomp>
    betas = [self._get_smoothness_reg(guess) for guess in guesses]
  File "/home/ryedida/bbo_challenge_starter_kit/example_submissions/smoothness/optimizer.py", line 48, in _get_smoothness_reg
    if activ > Kz:
NameError: name 'activ' is not defined
suggestion time taken 0.325332 iter 12 next_points [{'alpha': 5.2245085481566086e-05, 'batch_size': 69, 'beta_1': 0.645837484087578, 'beta_2': 0.999967827197266, 'epsilon': 1.1582819110915491e-07, 'hidden_layer_sizes': 191, 'learning_rate_init': 0.002894099620299435, 'tol': 0.009607728261291035, 'validation_fraction': 0.49240284834044196}]
function_evaluation time 0.949434 value 55.850498 suggestion {'alpha': 5.2245085481566086e-05, 'batch_size': 69, 'beta_1': 0.645837484087578, 'beta_2': 0.999967827197266, 'epsilon': 1.1582819110915491e-07, 'hidden_layer_sizes': 191, 'learning_rate_init': 0.002894099620299435, 'tol': 0.009607728261291035, 'validation_fraction': 0.49240284834044196}
observation time 0.000006, current best 45.815801 at iter 12
Failure in optimizer suggest. Falling back to random search.
name 'activ' is not defined
Traceback (most recent call last):
  File "/home/ryedida/.local/lib/python3.9/site-packages/bayesmark/experiment.py", line 126, in run_study
    next_points = optimizer.suggest(n_suggestions)
  File "/home/ryedida/bbo_challenge_starter_kit/example_submissions/smoothness/optimizer.py", line 105, in suggest
    betas = [self._get_smoothness_reg(guess) for guess in guesses]
  File "/home/ryedida/bbo_challenge_starter_kit/example_submissions/smoothness/optimizer.py", line 105, in <listcomp>
    betas = [self._get_smoothness_reg(guess) for guess in guesses]
  File "/home/ryedida/bbo_challenge_starter_kit/example_submissions/smoothness/optimizer.py", line 48, in _get_smoothness_reg
    if activ > Kz:
NameError: name 'activ' is not defined
suggestion time taken 0.323401 iter 13 next_points [{'alpha': 1.5501299773060944e-05, 'batch_size': 128, 'beta_1': 0.983157347385675, 'beta_2': 0.9996245458947843, 'epsilon': 1.8851759443567487e-09, 'hidden_layer_sizes': 103, 'learning_rate_init': 0.011050598515621289, 'tol': 0.00032350913031366446, 'validation_fraction': 0.8424790397215294}]
/home/ryedida/.local/lib/python3.9/site-packages/sklearn/neural_network/_multilayer_perceptron.py:605: UserWarning: Got `batch_size` less than 1 or larger than sample size. It is going to be clipped
  warnings.warn(

function_evaluation time 0.597262 value 54.383745 suggestion {'alpha': 1.5501299773060944e-05, 'batch_size': 128, 'beta_1': 0.983157347385675, 'beta_2': 0.9996245458947843, 'epsilon': 1.8851759443567487e-09, 'hidden_layer_sizes': 103, 'learning_rate_init': 0.011050598515621289, 'tol': 0.00032350913031366446, 'validation_fraction': 0.8424790397215294}
observation time 0.000006, current best 45.815801 at iter 13
Failure in optimizer suggest. Falling back to random search.
name 'activ' is not defined
Traceback (most recent call last):
  File "/home/ryedida/.local/lib/python3.9/site-packages/bayesmark/experiment.py", line 126, in run_study
    next_points = optimizer.suggest(n_suggestions)
  File "/home/ryedida/bbo_challenge_starter_kit/example_submissions/smoothness/optimizer.py", line 105, in suggest
    betas = [self._get_smoothness_reg(guess) for guess in guesses]
  File "/home/ryedida/bbo_challenge_starter_kit/example_submissions/smoothness/optimizer.py", line 105, in <listcomp>
    betas = [self._get_smoothness_reg(guess) for guess in guesses]
  File "/home/ryedida/bbo_challenge_starter_kit/example_submissions/smoothness/optimizer.py", line 48, in _get_smoothness_reg
    if activ > Kz:
NameError: name 'activ' is not defined
suggestion time taken 0.347519 iter 14 next_points [{'alpha': 0.09271401449273607, 'batch_size': 159, 'beta_1': 0.9138835791860738, 'beta_2': 0.9999960607805459, 'epsilon': 2.3412608036649672e-07, 'hidden_layer_sizes': 130, 'learning_rate_init': 0.00019319808107474363, 'tol': 2.1323112395666154e-05, 'validation_fraction': 0.10301123408167547}]
/home/ryedida/.local/lib/python3.9/site-packages/sklearn/neural_network/_multilayer_perceptron.py:686: ConvergenceWarning: Stochastic Optimizer: Maximum iterations (200) reached and the optimization hasn't converged yet.
  warnings.warn(

function_evaluation time 1.252260 value 150.175629 suggestion {'alpha': 0.09271401449273607, 'batch_size': 159, 'beta_1': 0.9138835791860738, 'beta_2': 0.9999960607805459, 'epsilon': 2.3412608036649672e-07, 'hidden_layer_sizes': 130, 'learning_rate_init': 0.00019319808107474363, 'tol': 2.1323112395666154e-05, 'validation_fraction': 0.10301123408167547}
observation time 0.000006, current best 45.815801 at iter 14
saving meta data: {'args': {'--uuid': '6f7935e4713e5239a15fb4aad24abde6', '-db-root': '/home/ryedida/bbo_challenge_starter_kit/output', '--opt-root': '/home/ryedida/bbo_challenge_starter_kit/example_submissions', '--data-root': None, '--db': 'run_20230425_034200', '--opt': 'smoothness', '--data': 'diabetes', '--classifier': 'MLP-adam', '--metric': 'mae', '--calls': 15, '--suggestions': 1, '--jobs-file': None, '--verbose': False, 'dry_run': False, 'rev': 'a376313', 'opt_rev': 'x.x.x'}, 'signature': ([{'alpha': 0.019628224813442792, 'batch_size': 182, 'beta_1': 0.9410202200271762, 'beta_2': 0.9998021557676793, 'epsilon': 1.8662266976518e-08, 'hidden_layer_sizes': 147, 'learning_rate_init': 0.0005627932047415167, 'tol': 0.03690557729213761, 'validation_fraction': 0.8846827852548593}, {'alpha': 0.0019982467392329444, 'batch_size': 200, 'beta_1': 0.919111482530466, 'beta_2': 0.9998488260436156, 'epsilon': 5.981221901152555e-07, 'hidden_layer_sizes': 61, 'learning_rate_init': 2.2310905607443014e-05, 'tol': 1.2046852412030316e-05, 'validation_fraction': 0.8117896445826539}, {'alpha': 0.46659545670218433, 'batch_size': 219, 'beta_1': 0.9889789783750891, 'beta_2': 0.9999896868093284, 'epsilon': 2.4234724484675948e-08, 'hidden_layer_sizes': 167, 'learning_rate_init': 2.972334644335654e-05, 'tol': 0.0036281404040243792, 'validation_fraction': 0.17260651658522078}, {'alpha': 4.656005689076002, 'batch_size': 135, 'beta_1': 0.870503881627747, 'beta_2': 0.9948873266941017, 'epsilon': 2.1023308743480125e-07, 'hidden_layer_sizes': 118, 'learning_rate_init': 0.0018781738757161913, 'tol': 1.1889379831773004e-05, 'validation_fraction': 0.6264327093752792}, {'alpha': 0.04705159350400542, 'batch_size': 158, 'beta_1': 0.9870884262730957, 'beta_2': 0.9999596874382349, 'epsilon': 1.1981845126013875e-08, 'hidden_layer_sizes': 116, 'learning_rate_init': 0.00617340520407431, 'tol': 1.741413418158619e-05, 'validation_fraction': 0.6754299026638921}], [151.4971925380264, 151.42763539278994, 151.47026299046811, 136.86202504264318, 75.2055865763391])}
saving results
saving timing
saving suggest log
done
