running: {'--uuid': '76887490f6d25614a898d81964066857', '-db-root': '/home/ryedida/bbo_challenge_starter_kit/output', '--opt-root': '/home/ryedida/bbo_challenge_starter_kit/example_submissions', '--data-root': None, '--db': 'run_20230425_034200', '--opt': 'smoothness', '--data': 'diabetes', '--classifier': 'MLP-adam', '--metric': 'mae', '--calls': 15, '--suggestions': 1, '--jobs-file': None, '--verbose': False, 'dry_run': False, 'rev': 'a376313', 'opt_rev': 'x.x.x'}
cmd: python smoothness/optimizer.py -c MLP-adam -d diabetes -o smoothness -u 76887490f6d25614a898d81964066857 -m mae -n 15 -p 1 -dir /home/ryedida/bbo_challenge_starter_kit/output -b run_20230425_034200
/home/ryedida/.local/lib/python3.9/site-packages/sklearn/neural_network/_multilayer_perceptron.py:605: UserWarning: Got `batch_size` less than 1 or larger than sample size. It is going to be clipped
  warnings.warn(

/home/ryedida/.local/lib/python3.9/site-packages/sklearn/neural_network/_multilayer_perceptron.py:605: UserWarning: Got `batch_size` less than 1 or larger than sample size. It is going to be clipped
  warnings.warn(

/home/ryedida/.local/lib/python3.9/site-packages/sklearn/neural_network/_multilayer_perceptron.py:605: UserWarning: Got `batch_size` less than 1 or larger than sample size. It is going to be clipped
  warnings.warn(

/home/ryedida/.local/lib/python3.9/site-packages/sklearn/neural_network/_multilayer_perceptron.py:686: ConvergenceWarning: Stochastic Optimizer: Maximum iterations (200) reached and the optimization hasn't converged yet.
  warnings.warn(

/home/ryedida/.local/lib/python3.9/site-packages/sklearn/neural_network/_multilayer_perceptron.py:605: UserWarning: Got `batch_size` less than 1 or larger than sample size. It is going to be clipped
  warnings.warn(

/home/ryedida/.local/lib/python3.9/site-packages/sklearn/neural_network/_multilayer_perceptron.py:686: ConvergenceWarning: Stochastic Optimizer: Maximum iterations (200) reached and the optimization hasn't converged yet.
  warnings.warn(

computed signature: ([{'alpha': 0.019628224813442792, 'batch_size': 182, 'beta_1': 0.9410202200271762, 'beta_2': 0.9998021557676793, 'epsilon': 1.8662266976518e-08, 'hidden_layer_sizes': 147, 'learning_rate_init': 0.0005627932047415167, 'tol': 0.03690557729213761, 'validation_fraction': 0.8846827852548593}, {'alpha': 0.0019982467392329444, 'batch_size': 200, 'beta_1': 0.919111482530466, 'beta_2': 0.9998488260436156, 'epsilon': 5.981221901152555e-07, 'hidden_layer_sizes': 61, 'learning_rate_init': 2.2310905607443014e-05, 'tol': 1.2046852412030316e-05, 'validation_fraction': 0.8117896445826539}, {'alpha': 0.46659545670218433, 'batch_size': 219, 'beta_1': 0.9889789783750891, 'beta_2': 0.9999896868093284, 'epsilon': 2.4234724484675948e-08, 'hidden_layer_sizes': 167, 'learning_rate_init': 2.972334644335654e-05, 'tol': 0.0036281404040243792, 'validation_fraction': 0.17260651658522078}, {'alpha': 4.656005689076002, 'batch_size': 135, 'beta_1': 0.870503881627747, 'beta_2': 0.9948873266941017, 'epsilon': 2.1023308743480125e-07, 'hidden_layer_sizes': 118, 'learning_rate_init': 0.0018781738757161913, 'tol': 1.1889379831773004e-05, 'validation_fraction': 0.6264327093752792}, {'alpha': 0.04705159350400542, 'batch_size': 158, 'beta_1': 0.9870884262730957, 'beta_2': 0.9999596874382349, 'epsilon': 1.1981845126013875e-08, 'hidden_layer_sizes': 116, 'learning_rate_init': 0.00617340520407431, 'tol': 1.741413418158619e-05, 'validation_fraction': 0.6754299026638921}], [151.4971925380264, 151.42763539278994, 151.47026299046811, 136.86202504264318, 75.2055865763391])
Signature errors:
                                  0             1             2         3         4       max
MLP-adam_diabetes_mae  1.919244e-08  6.198704e-08  7.624578e-09  0.000007  0.000034  0.000034
max                    1.919244e-08  6.198704e-08  7.624578e-09  0.000007  0.000034  0.000034
starting sklearn study smoothness MLP-adam diabetes mae 15 1
with data root: None
Failure in optimizer suggest. Falling back to random search.
name 'activ' is not defined
Traceback (most recent call last):
  File "/home/ryedida/.local/lib/python3.9/site-packages/bayesmark/experiment.py", line 126, in run_study
    next_points = optimizer.suggest(n_suggestions)
  File "/home/ryedida/bbo_challenge_starter_kit/example_submissions/smoothness/optimizer.py", line 105, in suggest
    betas = [self._get_smoothness_reg(guess) for guess in guesses]
  File "/home/ryedida/bbo_challenge_starter_kit/example_submissions/smoothness/optimizer.py", line 105, in <listcomp>
    betas = [self._get_smoothness_reg(guess) for guess in guesses]
  File "/home/ryedida/bbo_challenge_starter_kit/example_submissions/smoothness/optimizer.py", line 48, in _get_smoothness_reg
    if activ > Kz:
NameError: name 'activ' is not defined
suggestion time taken 0.497219 iter 0 next_points [{'alpha': 0.015413965697056962, 'batch_size': 203, 'beta_1': 0.6709299266981452, 'beta_2': 0.9992671788390671, 'epsilon': 6.120941730841005e-07, 'hidden_layer_sizes': 84, 'learning_rate_init': 0.0020424911740534193, 'tol': 0.021332297251943907, 'validation_fraction': 0.11532580304465855}]
function_evaluation time 0.071434 value 150.906442 suggestion {'alpha': 0.015413965697056962, 'batch_size': 203, 'beta_1': 0.6709299266981452, 'beta_2': 0.9992671788390671, 'epsilon': 6.120941730841005e-07, 'hidden_layer_sizes': 84, 'learning_rate_init': 0.0020424911740534193, 'tol': 0.021332297251943907, 'validation_fraction': 0.11532580304465855}
observation time 0.000006, current best 150.906442 at iter 0
Failure in optimizer suggest. Falling back to random search.
name 'activ' is not defined
Traceback (most recent call last):
  File "/home/ryedida/.local/lib/python3.9/site-packages/bayesmark/experiment.py", line 126, in run_study
    next_points = optimizer.suggest(n_suggestions)
  File "/home/ryedida/bbo_challenge_starter_kit/example_submissions/smoothness/optimizer.py", line 105, in suggest
    betas = [self._get_smoothness_reg(guess) for guess in guesses]
  File "/home/ryedida/bbo_challenge_starter_kit/example_submissions/smoothness/optimizer.py", line 105, in <listcomp>
    betas = [self._get_smoothness_reg(guess) for guess in guesses]
  File "/home/ryedida/bbo_challenge_starter_kit/example_submissions/smoothness/optimizer.py", line 48, in _get_smoothness_reg
    if activ > Kz:
NameError: name 'activ' is not defined
suggestion time taken 0.329180 iter 1 next_points [{'alpha': 0.0002852276783785263, 'batch_size': 15, 'beta_1': 0.9187625573836391, 'beta_2': 0.9999661765014318, 'epsilon': 9.571962775484034e-09, 'hidden_layer_sizes': 155, 'learning_rate_init': 0.0023329501043056885, 'tol': 0.0004723181778075325, 'validation_fraction': 0.12220481325770854}]
function_evaluation time 2.432936 value 44.478791 suggestion {'alpha': 0.0002852276783785263, 'batch_size': 15, 'beta_1': 0.9187625573836391, 'beta_2': 0.9999661765014318, 'epsilon': 9.571962775484034e-09, 'hidden_layer_sizes': 155, 'learning_rate_init': 0.0023329501043056885, 'tol': 0.0004723181778075325, 'validation_fraction': 0.12220481325770854}
observation time 0.000005, current best 44.478791 at iter 1
Failure in optimizer suggest. Falling back to random search.
name 'activ' is not defined
Traceback (most recent call last):
  File "/home/ryedida/.local/lib/python3.9/site-packages/bayesmark/experiment.py", line 126, in run_study
    next_points = optimizer.suggest(n_suggestions)
  File "/home/ryedida/bbo_challenge_starter_kit/example_submissions/smoothness/optimizer.py", line 105, in suggest
    betas = [self._get_smoothness_reg(guess) for guess in guesses]
  File "/home/ryedida/bbo_challenge_starter_kit/example_submissions/smoothness/optimizer.py", line 105, in <listcomp>
    betas = [self._get_smoothness_reg(guess) for guess in guesses]
  File "/home/ryedida/bbo_challenge_starter_kit/example_submissions/smoothness/optimizer.py", line 48, in _get_smoothness_reg
    if activ > Kz:
NameError: name 'activ' is not defined
suggestion time taken 0.326340 iter 2 next_points [{'alpha': 0.01407206538029731, 'batch_size': 248, 'beta_1': 0.950285653709131, 'beta_2': 0.9819474587766843, 'epsilon': 1.7449506666303172e-07, 'hidden_layer_sizes': 82, 'learning_rate_init': 0.09106930184700153, 'tol': 0.00022730719670483823, 'validation_fraction': 0.8559576330311197}]
/home/ryedida/.local/lib/python3.9/site-packages/sklearn/neural_network/_multilayer_perceptron.py:605: UserWarning: Got `batch_size` less than 1 or larger than sample size. It is going to be clipped
  warnings.warn(

function_evaluation time 0.125983 value 53.930878 suggestion {'alpha': 0.01407206538029731, 'batch_size': 248, 'beta_1': 0.950285653709131, 'beta_2': 0.9819474587766843, 'epsilon': 1.7449506666303172e-07, 'hidden_layer_sizes': 82, 'learning_rate_init': 0.09106930184700153, 'tol': 0.00022730719670483823, 'validation_fraction': 0.8559576330311197}
observation time 0.000005, current best 44.478791 at iter 2
Failure in optimizer suggest. Falling back to random search.
name 'activ' is not defined
Traceback (most recent call last):
  File "/home/ryedida/.local/lib/python3.9/site-packages/bayesmark/experiment.py", line 126, in run_study
    next_points = optimizer.suggest(n_suggestions)
  File "/home/ryedida/bbo_challenge_starter_kit/example_submissions/smoothness/optimizer.py", line 105, in suggest
    betas = [self._get_smoothness_reg(guess) for guess in guesses]
  File "/home/ryedida/bbo_challenge_starter_kit/example_submissions/smoothness/optimizer.py", line 105, in <listcomp>
    betas = [self._get_smoothness_reg(guess) for guess in guesses]
  File "/home/ryedida/bbo_challenge_starter_kit/example_submissions/smoothness/optimizer.py", line 48, in _get_smoothness_reg
    if activ > Kz:
NameError: name 'activ' is not defined
suggestion time taken 0.327888 iter 3 next_points [{'alpha': 0.00017474828040998805, 'batch_size': 196, 'beta_1': 0.9369842425367765, 'beta_2': 0.9999980691051911, 'epsilon': 5.495301319560645e-07, 'hidden_layer_sizes': 156, 'learning_rate_init': 0.025346308199634092, 'tol': 0.0824650165608476, 'validation_fraction': 0.628627009315153}]
/home/ryedida/.local/lib/python3.9/site-packages/sklearn/neural_network/_multilayer_perceptron.py:605: UserWarning: Got `batch_size` less than 1 or larger than sample size. It is going to be clipped
  warnings.warn(

function_evaluation time 0.060461 value 143.559871 suggestion {'alpha': 0.00017474828040998805, 'batch_size': 196, 'beta_1': 0.9369842425367765, 'beta_2': 0.9999980691051911, 'epsilon': 5.495301319560645e-07, 'hidden_layer_sizes': 156, 'learning_rate_init': 0.025346308199634092, 'tol': 0.0824650165608476, 'validation_fraction': 0.628627009315153}
observation time 0.000005, current best 44.478791 at iter 3
Failure in optimizer suggest. Falling back to random search.
name 'activ' is not defined
Traceback (most recent call last):
  File "/home/ryedida/.local/lib/python3.9/site-packages/bayesmark/experiment.py", line 126, in run_study
    next_points = optimizer.suggest(n_suggestions)
  File "/home/ryedida/bbo_challenge_starter_kit/example_submissions/smoothness/optimizer.py", line 105, in suggest
    betas = [self._get_smoothness_reg(guess) for guess in guesses]
  File "/home/ryedida/bbo_challenge_starter_kit/example_submissions/smoothness/optimizer.py", line 105, in <listcomp>
    betas = [self._get_smoothness_reg(guess) for guess in guesses]
  File "/home/ryedida/bbo_challenge_starter_kit/example_submissions/smoothness/optimizer.py", line 48, in _get_smoothness_reg
    if activ > Kz:
NameError: name 'activ' is not defined
suggestion time taken 0.325009 iter 4 next_points [{'alpha': 1.8753079502027905, 'batch_size': 210, 'beta_1': 0.5980117328741987, 'beta_2': 0.9991486291709537, 'epsilon': 1.822574791087364e-08, 'hidden_layer_sizes': 135, 'learning_rate_init': 0.025013711832910655, 'tol': 0.011440269378379579, 'validation_fraction': 0.11567984045276201}]
function_evaluation time 0.237808 value 50.083786 suggestion {'alpha': 1.8753079502027905, 'batch_size': 210, 'beta_1': 0.5980117328741987, 'beta_2': 0.9991486291709537, 'epsilon': 1.822574791087364e-08, 'hidden_layer_sizes': 135, 'learning_rate_init': 0.025013711832910655, 'tol': 0.011440269378379579, 'validation_fraction': 0.11567984045276201}
observation time 0.000005, current best 44.478791 at iter 4
Failure in optimizer suggest. Falling back to random search.
name 'activ' is not defined
Traceback (most recent call last):
  File "/home/ryedida/.local/lib/python3.9/site-packages/bayesmark/experiment.py", line 126, in run_study
    next_points = optimizer.suggest(n_suggestions)
  File "/home/ryedida/bbo_challenge_starter_kit/example_submissions/smoothness/optimizer.py", line 105, in suggest
    betas = [self._get_smoothness_reg(guess) for guess in guesses]
  File "/home/ryedida/bbo_challenge_starter_kit/example_submissions/smoothness/optimizer.py", line 105, in <listcomp>
    betas = [self._get_smoothness_reg(guess) for guess in guesses]
  File "/home/ryedida/bbo_challenge_starter_kit/example_submissions/smoothness/optimizer.py", line 48, in _get_smoothness_reg
    if activ > Kz:
NameError: name 'activ' is not defined
suggestion time taken 0.324417 iter 5 next_points [{'alpha': 6.719847483219651, 'batch_size': 192, 'beta_1': 0.5666067110137399, 'beta_2': 0.9999612639024605, 'epsilon': 1.0650379571778228e-07, 'hidden_layer_sizes': 194, 'learning_rate_init': 0.04838061831671401, 'tol': 5.357880074853008e-05, 'validation_fraction': 0.27309685122140503}]
function_evaluation time 0.505768 value 45.833706 suggestion {'alpha': 6.719847483219651, 'batch_size': 192, 'beta_1': 0.5666067110137399, 'beta_2': 0.9999612639024605, 'epsilon': 1.0650379571778228e-07, 'hidden_layer_sizes': 194, 'learning_rate_init': 0.04838061831671401, 'tol': 5.357880074853008e-05, 'validation_fraction': 0.27309685122140503}
observation time 0.000006, current best 44.478791 at iter 5
Failure in optimizer suggest. Falling back to random search.
name 'activ' is not defined
Traceback (most recent call last):
  File "/home/ryedida/.local/lib/python3.9/site-packages/bayesmark/experiment.py", line 126, in run_study
    next_points = optimizer.suggest(n_suggestions)
  File "/home/ryedida/bbo_challenge_starter_kit/example_submissions/smoothness/optimizer.py", line 105, in suggest
    betas = [self._get_smoothness_reg(guess) for guess in guesses]
  File "/home/ryedida/bbo_challenge_starter_kit/example_submissions/smoothness/optimizer.py", line 105, in <listcomp>
    betas = [self._get_smoothness_reg(guess) for guess in guesses]
  File "/home/ryedida/bbo_challenge_starter_kit/example_submissions/smoothness/optimizer.py", line 48, in _get_smoothness_reg
    if activ > Kz:
NameError: name 'activ' is not defined
suggestion time taken 0.327581 iter 6 next_points [{'alpha': 6.357023379091352e-05, 'batch_size': 82, 'beta_1': 0.8610700494070463, 'beta_2': 0.9999824560280254, 'epsilon': 8.406670987581606e-08, 'hidden_layer_sizes': 128, 'learning_rate_init': 0.055253006395307266, 'tol': 0.018574750469901376, 'validation_fraction': 0.6574537722843592}]
function_evaluation time 0.161890 value 48.219123 suggestion {'alpha': 6.357023379091352e-05, 'batch_size': 82, 'beta_1': 0.8610700494070463, 'beta_2': 0.9999824560280254, 'epsilon': 8.406670987581606e-08, 'hidden_layer_sizes': 128, 'learning_rate_init': 0.055253006395307266, 'tol': 0.018574750469901376, 'validation_fraction': 0.6574537722843592}
observation time 0.000006, current best 44.478791 at iter 6
Failure in optimizer suggest. Falling back to random search.
name 'activ' is not defined
Traceback (most recent call last):
  File "/home/ryedida/.local/lib/python3.9/site-packages/bayesmark/experiment.py", line 126, in run_study
    next_points = optimizer.suggest(n_suggestions)
  File "/home/ryedida/bbo_challenge_starter_kit/example_submissions/smoothness/optimizer.py", line 105, in suggest
    betas = [self._get_smoothness_reg(guess) for guess in guesses]
  File "/home/ryedida/bbo_challenge_starter_kit/example_submissions/smoothness/optimizer.py", line 105, in <listcomp>
    betas = [self._get_smoothness_reg(guess) for guess in guesses]
  File "/home/ryedida/bbo_challenge_starter_kit/example_submissions/smoothness/optimizer.py", line 48, in _get_smoothness_reg
    if activ > Kz:
NameError: name 'activ' is not defined
suggestion time taken 0.459418 iter 7 next_points [{'alpha': 0.00019779108907490298, 'batch_size': 244, 'beta_1': 0.574533646944518, 'beta_2': 0.9970180123267148, 'epsilon': 1.205294248757912e-08, 'hidden_layer_sizes': 189, 'learning_rate_init': 0.003174332137430991, 'tol': 0.00024321863752072167, 'validation_fraction': 0.8944807710388408}]
/home/ryedida/.local/lib/python3.9/site-packages/sklearn/neural_network/_multilayer_perceptron.py:605: UserWarning: Got `batch_size` less than 1 or larger than sample size. It is going to be clipped
  warnings.warn(

/home/ryedida/.local/lib/python3.9/site-packages/sklearn/neural_network/_multilayer_perceptron.py:686: ConvergenceWarning: Stochastic Optimizer: Maximum iterations (200) reached and the optimization hasn't converged yet.
  warnings.warn(

function_evaluation time 0.766884 value 85.356863 suggestion {'alpha': 0.00019779108907490298, 'batch_size': 244, 'beta_1': 0.574533646944518, 'beta_2': 0.9970180123267148, 'epsilon': 1.205294248757912e-08, 'hidden_layer_sizes': 189, 'learning_rate_init': 0.003174332137430991, 'tol': 0.00024321863752072167, 'validation_fraction': 0.8944807710388408}
observation time 0.000006, current best 44.478791 at iter 7
Failure in optimizer suggest. Falling back to random search.
name 'activ' is not defined
Traceback (most recent call last):
  File "/home/ryedida/.local/lib/python3.9/site-packages/bayesmark/experiment.py", line 126, in run_study
    next_points = optimizer.suggest(n_suggestions)
  File "/home/ryedida/bbo_challenge_starter_kit/example_submissions/smoothness/optimizer.py", line 105, in suggest
    betas = [self._get_smoothness_reg(guess) for guess in guesses]
  File "/home/ryedida/bbo_challenge_starter_kit/example_submissions/smoothness/optimizer.py", line 105, in <listcomp>
    betas = [self._get_smoothness_reg(guess) for guess in guesses]
  File "/home/ryedida/bbo_challenge_starter_kit/example_submissions/smoothness/optimizer.py", line 48, in _get_smoothness_reg
    if activ > Kz:
NameError: name 'activ' is not defined
suggestion time taken 0.321957 iter 8 next_points [{'alpha': 3.468426849073258e-05, 'batch_size': 185, 'beta_1': 0.967261072048406, 'beta_2': 0.9113940015419274, 'epsilon': 1.2484298137917095e-09, 'hidden_layer_sizes': 118, 'learning_rate_init': 0.002974137467739675, 'tol': 0.06760247583892154, 'validation_fraction': 0.5220478079804072}]
/home/ryedida/.local/lib/python3.9/site-packages/sklearn/neural_network/_multilayer_perceptron.py:605: UserWarning: Got `batch_size` less than 1 or larger than sample size. It is going to be clipped
  warnings.warn(

function_evaluation time 0.057909 value 151.148068 suggestion {'alpha': 3.468426849073258e-05, 'batch_size': 185, 'beta_1': 0.967261072048406, 'beta_2': 0.9113940015419274, 'epsilon': 1.2484298137917095e-09, 'hidden_layer_sizes': 118, 'learning_rate_init': 0.002974137467739675, 'tol': 0.06760247583892154, 'validation_fraction': 0.5220478079804072}
observation time 0.000005, current best 44.478791 at iter 8
Failure in optimizer suggest. Falling back to random search.
name 'activ' is not defined
Traceback (most recent call last):
  File "/home/ryedida/.local/lib/python3.9/site-packages/bayesmark/experiment.py", line 126, in run_study
    next_points = optimizer.suggest(n_suggestions)
  File "/home/ryedida/bbo_challenge_starter_kit/example_submissions/smoothness/optimizer.py", line 105, in suggest
    betas = [self._get_smoothness_reg(guess) for guess in guesses]
  File "/home/ryedida/bbo_challenge_starter_kit/example_submissions/smoothness/optimizer.py", line 105, in <listcomp>
    betas = [self._get_smoothness_reg(guess) for guess in guesses]
  File "/home/ryedida/bbo_challenge_starter_kit/example_submissions/smoothness/optimizer.py", line 48, in _get_smoothness_reg
    if activ > Kz:
NameError: name 'activ' is not defined
suggestion time taken 0.318491 iter 9 next_points [{'alpha': 0.0004861420765874823, 'batch_size': 238, 'beta_1': 0.9305453308305083, 'beta_2': 0.9999903022571667, 'epsilon': 7.986365605796634e-08, 'hidden_layer_sizes': 158, 'learning_rate_init': 0.00010609195162514399, 'tol': 5.9298000466169875e-05, 'validation_fraction': 0.5748620645685545}]
/home/ryedida/.local/lib/python3.9/site-packages/sklearn/neural_network/_multilayer_perceptron.py:605: UserWarning: Got `batch_size` less than 1 or larger than sample size. It is going to be clipped
  warnings.warn(

/home/ryedida/.local/lib/python3.9/site-packages/sklearn/neural_network/_multilayer_perceptron.py:686: ConvergenceWarning: Stochastic Optimizer: Maximum iterations (200) reached and the optimization hasn't converged yet.
  warnings.warn(

function_evaluation time 0.863342 value 151.246196 suggestion {'alpha': 0.0004861420765874823, 'batch_size': 238, 'beta_1': 0.9305453308305083, 'beta_2': 0.9999903022571667, 'epsilon': 7.986365605796634e-08, 'hidden_layer_sizes': 158, 'learning_rate_init': 0.00010609195162514399, 'tol': 5.9298000466169875e-05, 'validation_fraction': 0.5748620645685545}
observation time 0.000005, current best 44.478791 at iter 9
Failure in optimizer suggest. Falling back to random search.
name 'activ' is not defined
Traceback (most recent call last):
  File "/home/ryedida/.local/lib/python3.9/site-packages/bayesmark/experiment.py", line 126, in run_study
    next_points = optimizer.suggest(n_suggestions)
  File "/home/ryedida/bbo_challenge_starter_kit/example_submissions/smoothness/optimizer.py", line 105, in suggest
    betas = [self._get_smoothness_reg(guess) for guess in guesses]
  File "/home/ryedida/bbo_challenge_starter_kit/example_submissions/smoothness/optimizer.py", line 105, in <listcomp>
    betas = [self._get_smoothness_reg(guess) for guess in guesses]
  File "/home/ryedida/bbo_challenge_starter_kit/example_submissions/smoothness/optimizer.py", line 48, in _get_smoothness_reg
    if activ > Kz:
NameError: name 'activ' is not defined
suggestion time taken 0.332324 iter 10 next_points [{'alpha': 0.0975998273706562, 'batch_size': 186, 'beta_1': 0.9289305636143484, 'beta_2': 0.9997548116094385, 'epsilon': 4.695449569796977e-07, 'hidden_layer_sizes': 146, 'learning_rate_init': 0.0007108255116874683, 'tol': 1.0339128832041539e-05, 'validation_fraction': 0.7861087884650227}]
/home/ryedida/.local/lib/python3.9/site-packages/sklearn/neural_network/_multilayer_perceptron.py:605: UserWarning: Got `batch_size` less than 1 or larger than sample size. It is going to be clipped
  warnings.warn(

/home/ryedida/.local/lib/python3.9/site-packages/sklearn/neural_network/_multilayer_perceptron.py:686: ConvergenceWarning: Stochastic Optimizer: Maximum iterations (200) reached and the optimization hasn't converged yet.
  warnings.warn(

function_evaluation time 0.741347 value 147.985479 suggestion {'alpha': 0.0975998273706562, 'batch_size': 186, 'beta_1': 0.9289305636143484, 'beta_2': 0.9997548116094385, 'epsilon': 4.695449569796977e-07, 'hidden_layer_sizes': 146, 'learning_rate_init': 0.0007108255116874683, 'tol': 1.0339128832041539e-05, 'validation_fraction': 0.7861087884650227}
observation time 0.000005, current best 44.478791 at iter 10
Failure in optimizer suggest. Falling back to random search.
name 'activ' is not defined
Traceback (most recent call last):
  File "/home/ryedida/.local/lib/python3.9/site-packages/bayesmark/experiment.py", line 126, in run_study
    next_points = optimizer.suggest(n_suggestions)
  File "/home/ryedida/bbo_challenge_starter_kit/example_submissions/smoothness/optimizer.py", line 105, in suggest
    betas = [self._get_smoothness_reg(guess) for guess in guesses]
  File "/home/ryedida/bbo_challenge_starter_kit/example_submissions/smoothness/optimizer.py", line 105, in <listcomp>
    betas = [self._get_smoothness_reg(guess) for guess in guesses]
  File "/home/ryedida/bbo_challenge_starter_kit/example_submissions/smoothness/optimizer.py", line 48, in _get_smoothness_reg
    if activ > Kz:
NameError: name 'activ' is not defined
suggestion time taken 0.317961 iter 11 next_points [{'alpha': 2.138250744647716, 'batch_size': 200, 'beta_1': 0.9855751537646129, 'beta_2': 0.999982065876427, 'epsilon': 5.675972746119259e-07, 'hidden_layer_sizes': 66, 'learning_rate_init': 0.04984779968107224, 'tol': 0.02582668833278649, 'validation_fraction': 0.4548662970955669}]
/home/ryedida/.local/lib/python3.9/site-packages/sklearn/neural_network/_multilayer_perceptron.py:605: UserWarning: Got `batch_size` less than 1 or larger than sample size. It is going to be clipped
  warnings.warn(

function_evaluation time 0.203542 value 54.914332 suggestion {'alpha': 2.138250744647716, 'batch_size': 200, 'beta_1': 0.9855751537646129, 'beta_2': 0.999982065876427, 'epsilon': 5.675972746119259e-07, 'hidden_layer_sizes': 66, 'learning_rate_init': 0.04984779968107224, 'tol': 0.02582668833278649, 'validation_fraction': 0.4548662970955669}
observation time 0.000005, current best 44.478791 at iter 11
Failure in optimizer suggest. Falling back to random search.
name 'activ' is not defined
Traceback (most recent call last):
  File "/home/ryedida/.local/lib/python3.9/site-packages/bayesmark/experiment.py", line 126, in run_study
    next_points = optimizer.suggest(n_suggestions)
  File "/home/ryedida/bbo_challenge_starter_kit/example_submissions/smoothness/optimizer.py", line 105, in suggest
    betas = [self._get_smoothness_reg(guess) for guess in guesses]
  File "/home/ryedida/bbo_challenge_starter_kit/example_submissions/smoothness/optimizer.py", line 105, in <listcomp>
    betas = [self._get_smoothness_reg(guess) for guess in guesses]
  File "/home/ryedida/bbo_challenge_starter_kit/example_submissions/smoothness/optimizer.py", line 48, in _get_smoothness_reg
    if activ > Kz:
NameError: name 'activ' is not defined
suggestion time taken 0.319499 iter 12 next_points [{'alpha': 3.7601404908992855, 'batch_size': 53, 'beta_1': 0.7090487163627749, 'beta_2': 0.9997556518363363, 'epsilon': 2.0655053798562967e-09, 'hidden_layer_sizes': 56, 'learning_rate_init': 0.02676446715871589, 'tol': 0.004268818161179695, 'validation_fraction': 0.7676080172554514}]
function_evaluation time 0.251309 value 52.549926 suggestion {'alpha': 3.7601404908992855, 'batch_size': 53, 'beta_1': 0.7090487163627749, 'beta_2': 0.9997556518363363, 'epsilon': 2.0655053798562967e-09, 'hidden_layer_sizes': 56, 'learning_rate_init': 0.02676446715871589, 'tol': 0.004268818161179695, 'validation_fraction': 0.7676080172554514}
observation time 0.000006, current best 44.478791 at iter 12
Failure in optimizer suggest. Falling back to random search.
name 'activ' is not defined
Traceback (most recent call last):
  File "/home/ryedida/.local/lib/python3.9/site-packages/bayesmark/experiment.py", line 126, in run_study
    next_points = optimizer.suggest(n_suggestions)
  File "/home/ryedida/bbo_challenge_starter_kit/example_submissions/smoothness/optimizer.py", line 105, in suggest
    betas = [self._get_smoothness_reg(guess) for guess in guesses]
  File "/home/ryedida/bbo_challenge_starter_kit/example_submissions/smoothness/optimizer.py", line 105, in <listcomp>
    betas = [self._get_smoothness_reg(guess) for guess in guesses]
  File "/home/ryedida/bbo_challenge_starter_kit/example_submissions/smoothness/optimizer.py", line 48, in _get_smoothness_reg
    if activ > Kz:
NameError: name 'activ' is not defined
suggestion time taken 0.317691 iter 13 next_points [{'alpha': 0.00879166815853927, 'batch_size': 52, 'beta_1': 0.9643509730633052, 'beta_2': 0.9927138285216633, 'epsilon': 9.782626811849715e-07, 'hidden_layer_sizes': 154, 'learning_rate_init': 0.002040684115812636, 'tol': 0.024660114360630536, 'validation_fraction': 0.5639281263117315}]
function_evaluation time 0.085387 value 150.383732 suggestion {'alpha': 0.00879166815853927, 'batch_size': 52, 'beta_1': 0.9643509730633052, 'beta_2': 0.9927138285216633, 'epsilon': 9.782626811849715e-07, 'hidden_layer_sizes': 154, 'learning_rate_init': 0.002040684115812636, 'tol': 0.024660114360630536, 'validation_fraction': 0.5639281263117315}
observation time 0.000010, current best 44.478791 at iter 13
Failure in optimizer suggest. Falling back to random search.
name 'activ' is not defined
Traceback (most recent call last):
  File "/home/ryedida/.local/lib/python3.9/site-packages/bayesmark/experiment.py", line 126, in run_study
    next_points = optimizer.suggest(n_suggestions)
  File "/home/ryedida/bbo_challenge_starter_kit/example_submissions/smoothness/optimizer.py", line 105, in suggest
    betas = [self._get_smoothness_reg(guess) for guess in guesses]
  File "/home/ryedida/bbo_challenge_starter_kit/example_submissions/smoothness/optimizer.py", line 105, in <listcomp>
    betas = [self._get_smoothness_reg(guess) for guess in guesses]
  File "/home/ryedida/bbo_challenge_starter_kit/example_submissions/smoothness/optimizer.py", line 48, in _get_smoothness_reg
    if activ > Kz:
NameError: name 'activ' is not defined
suggestion time taken 0.331056 iter 14 next_points [{'alpha': 1.7403251018196896e-05, 'batch_size': 68, 'beta_1': 0.843382467174933, 'beta_2': 0.9986456044718732, 'epsilon': 9.184113135558226e-09, 'hidden_layer_sizes': 86, 'learning_rate_init': 0.013285235390530368, 'tol': 0.0001467163541576201, 'validation_fraction': 0.2904439671851829}]
function_evaluation time 0.703418 value 45.361258 suggestion {'alpha': 1.7403251018196896e-05, 'batch_size': 68, 'beta_1': 0.843382467174933, 'beta_2': 0.9986456044718732, 'epsilon': 9.184113135558226e-09, 'hidden_layer_sizes': 86, 'learning_rate_init': 0.013285235390530368, 'tol': 0.0001467163541576201, 'validation_fraction': 0.2904439671851829}
observation time 0.000005, current best 44.478791 at iter 14
saving meta data: {'args': {'--uuid': '76887490f6d25614a898d81964066857', '-db-root': '/home/ryedida/bbo_challenge_starter_kit/output', '--opt-root': '/home/ryedida/bbo_challenge_starter_kit/example_submissions', '--data-root': None, '--db': 'run_20230425_034200', '--opt': 'smoothness', '--data': 'diabetes', '--classifier': 'MLP-adam', '--metric': 'mae', '--calls': 15, '--suggestions': 1, '--jobs-file': None, '--verbose': False, 'dry_run': False, 'rev': 'a376313', 'opt_rev': 'x.x.x'}, 'signature': ([{'alpha': 0.019628224813442792, 'batch_size': 182, 'beta_1': 0.9410202200271762, 'beta_2': 0.9998021557676793, 'epsilon': 1.8662266976518e-08, 'hidden_layer_sizes': 147, 'learning_rate_init': 0.0005627932047415167, 'tol': 0.03690557729213761, 'validation_fraction': 0.8846827852548593}, {'alpha': 0.0019982467392329444, 'batch_size': 200, 'beta_1': 0.919111482530466, 'beta_2': 0.9998488260436156, 'epsilon': 5.981221901152555e-07, 'hidden_layer_sizes': 61, 'learning_rate_init': 2.2310905607443014e-05, 'tol': 1.2046852412030316e-05, 'validation_fraction': 0.8117896445826539}, {'alpha': 0.46659545670218433, 'batch_size': 219, 'beta_1': 0.9889789783750891, 'beta_2': 0.9999896868093284, 'epsilon': 2.4234724484675948e-08, 'hidden_layer_sizes': 167, 'learning_rate_init': 2.972334644335654e-05, 'tol': 0.0036281404040243792, 'validation_fraction': 0.17260651658522078}, {'alpha': 4.656005689076002, 'batch_size': 135, 'beta_1': 0.870503881627747, 'beta_2': 0.9948873266941017, 'epsilon': 2.1023308743480125e-07, 'hidden_layer_sizes': 118, 'learning_rate_init': 0.0018781738757161913, 'tol': 1.1889379831773004e-05, 'validation_fraction': 0.6264327093752792}, {'alpha': 0.04705159350400542, 'batch_size': 158, 'beta_1': 0.9870884262730957, 'beta_2': 0.9999596874382349, 'epsilon': 1.1981845126013875e-08, 'hidden_layer_sizes': 116, 'learning_rate_init': 0.00617340520407431, 'tol': 1.741413418158619e-05, 'validation_fraction': 0.6754299026638921}], [151.4971925380264, 151.42763539278994, 151.47026299046811, 136.86202504264318, 75.2055865763391])}
saving results
saving timing
saving suggest log
done
