running: {'--uuid': '7b8382c97ff55a05afcd028571d7dd41', '-db-root': '/home/ryedida/bbo_challenge_starter_kit/output', '--opt-root': '/home/ryedida/bbo_challenge_starter_kit/example_submissions', '--data-root': None, '--db': 'run_20230425_034200', '--opt': 'smoothness', '--data': 'diabetes', '--classifier': 'MLP-adam', '--metric': 'mse', '--calls': 15, '--suggestions': 1, '--jobs-file': None, '--verbose': False, 'dry_run': False, 'rev': 'a376313', 'opt_rev': 'x.x.x'}
cmd: python smoothness/optimizer.py -c MLP-adam -d diabetes -o smoothness -u 7b8382c97ff55a05afcd028571d7dd41 -m mse -n 15 -p 1 -dir /home/ryedida/bbo_challenge_starter_kit/output -b run_20230425_034200
/home/ryedida/.local/lib/python3.9/site-packages/sklearn/neural_network/_multilayer_perceptron.py:605: UserWarning: Got `batch_size` less than 1 or larger than sample size. It is going to be clipped
  warnings.warn(

/home/ryedida/.local/lib/python3.9/site-packages/sklearn/neural_network/_multilayer_perceptron.py:605: UserWarning: Got `batch_size` less than 1 or larger than sample size. It is going to be clipped
  warnings.warn(

/home/ryedida/.local/lib/python3.9/site-packages/sklearn/neural_network/_multilayer_perceptron.py:605: UserWarning: Got `batch_size` less than 1 or larger than sample size. It is going to be clipped
  warnings.warn(

/home/ryedida/.local/lib/python3.9/site-packages/sklearn/neural_network/_multilayer_perceptron.py:686: ConvergenceWarning: Stochastic Optimizer: Maximum iterations (200) reached and the optimization hasn't converged yet.
  warnings.warn(

/home/ryedida/.local/lib/python3.9/site-packages/sklearn/neural_network/_multilayer_perceptron.py:605: UserWarning: Got `batch_size` less than 1 or larger than sample size. It is going to be clipped
  warnings.warn(

/home/ryedida/.local/lib/python3.9/site-packages/sklearn/neural_network/_multilayer_perceptron.py:686: ConvergenceWarning: Stochastic Optimizer: Maximum iterations (200) reached and the optimization hasn't converged yet.
  warnings.warn(

computed signature: ([{'alpha': 0.019628224813442792, 'batch_size': 182, 'beta_1': 0.9410202200271762, 'beta_2': 0.9998021557676793, 'epsilon': 1.8662266976518e-08, 'hidden_layer_sizes': 147, 'learning_rate_init': 0.0005627932047415167, 'tol': 0.03690557729213761, 'validation_fraction': 0.8846827852548593}, {'alpha': 0.0019982467392329444, 'batch_size': 200, 'beta_1': 0.919111482530466, 'beta_2': 0.9998488260436156, 'epsilon': 5.981221901152555e-07, 'hidden_layer_sizes': 61, 'learning_rate_init': 2.2310905607443014e-05, 'tol': 1.2046852412030316e-05, 'validation_fraction': 0.8117896445826539}, {'alpha': 0.46659545670218433, 'batch_size': 219, 'beta_1': 0.9889789783750891, 'beta_2': 0.9999896868093284, 'epsilon': 2.4234724484675948e-08, 'hidden_layer_sizes': 167, 'learning_rate_init': 2.972334644335654e-05, 'tol': 0.0036281404040243792, 'validation_fraction': 0.17260651658522078}, {'alpha': 4.656005689076002, 'batch_size': 135, 'beta_1': 0.870503881627747, 'beta_2': 0.9948873266941017, 'epsilon': 2.1023308743480125e-07, 'hidden_layer_sizes': 118, 'learning_rate_init': 0.0018781738757161913, 'tol': 1.1889379831773004e-05, 'validation_fraction': 0.6264327093752792}, {'alpha': 0.04705159350400542, 'batch_size': 158, 'beta_1': 0.9870884262730957, 'beta_2': 0.9999596874382349, 'epsilon': 1.1981845126013875e-08, 'hidden_layer_sizes': 116, 'learning_rate_init': 0.00617340520407431, 'tol': 1.741413418158619e-05, 'validation_fraction': 0.6754299026638921}], [29083.993548572587, 29062.423277324073, 29075.78987471409, 24626.32866834337, 9584.226858493177])
Signature errors:
                              0         1         2         3         4       max
MLP-adam_diabetes_mse  0.000007  0.000008  0.000003  0.003558  0.004952  0.004952
max                    0.000007  0.000008  0.000003  0.003558  0.004952  0.004952
starting sklearn study smoothness MLP-adam diabetes mse 15 1
with data root: None
Failure in optimizer suggest. Falling back to random search.
name 'activ' is not defined
Traceback (most recent call last):
  File "/home/ryedida/.local/lib/python3.9/site-packages/bayesmark/experiment.py", line 126, in run_study
    next_points = optimizer.suggest(n_suggestions)
  File "/home/ryedida/bbo_challenge_starter_kit/example_submissions/smoothness/optimizer.py", line 105, in suggest
    betas = [self._get_smoothness_reg(guess) for guess in guesses]
  File "/home/ryedida/bbo_challenge_starter_kit/example_submissions/smoothness/optimizer.py", line 105, in <listcomp>
    betas = [self._get_smoothness_reg(guess) for guess in guesses]
  File "/home/ryedida/bbo_challenge_starter_kit/example_submissions/smoothness/optimizer.py", line 48, in _get_smoothness_reg
    if activ > Kz:
NameError: name 'activ' is not defined
suggestion time taken 0.501436 iter 0 next_points [{'alpha': 0.0642133908160933, 'batch_size': 106, 'beta_1': 0.9117650073197834, 'beta_2': 0.9916117205659164, 'epsilon': 2.027721963078897e-08, 'hidden_layer_sizes': 119, 'learning_rate_init': 0.0007122525385664855, 'tol': 0.0003161281574622864, 'validation_fraction': 0.1486788811434565}]
/home/ryedida/.local/lib/python3.9/site-packages/sklearn/neural_network/_multilayer_perceptron.py:686: ConvergenceWarning: Stochastic Optimizer: Maximum iterations (200) reached and the optimization hasn't converged yet.
  warnings.warn(

function_evaluation time 1.364165 value 23573.550590 suggestion {'alpha': 0.0642133908160933, 'batch_size': 106, 'beta_1': 0.9117650073197834, 'beta_2': 0.9916117205659164, 'epsilon': 2.027721963078897e-08, 'hidden_layer_sizes': 119, 'learning_rate_init': 0.0007122525385664855, 'tol': 0.0003161281574622864, 'validation_fraction': 0.1486788811434565}
observation time 0.000006, current best 23573.550590 at iter 0
Failure in optimizer suggest. Falling back to random search.
name 'activ' is not defined
Traceback (most recent call last):
  File "/home/ryedida/.local/lib/python3.9/site-packages/bayesmark/experiment.py", line 126, in run_study
    next_points = optimizer.suggest(n_suggestions)
  File "/home/ryedida/bbo_challenge_starter_kit/example_submissions/smoothness/optimizer.py", line 105, in suggest
    betas = [self._get_smoothness_reg(guess) for guess in guesses]
  File "/home/ryedida/bbo_challenge_starter_kit/example_submissions/smoothness/optimizer.py", line 105, in <listcomp>
    betas = [self._get_smoothness_reg(guess) for guess in guesses]
  File "/home/ryedida/bbo_challenge_starter_kit/example_submissions/smoothness/optimizer.py", line 48, in _get_smoothness_reg
    if activ > Kz:
NameError: name 'activ' is not defined
suggestion time taken 0.331108 iter 1 next_points [{'alpha': 0.00013675265762453113, 'batch_size': 84, 'beta_1': 0.8277672616261783, 'beta_2': 0.9942650578906912, 'epsilon': 1.6200387389855648e-09, 'hidden_layer_sizes': 78, 'learning_rate_init': 0.0003511136870462988, 'tol': 0.010827008283240484, 'validation_fraction': 0.17268312205079983}]
function_evaluation time 0.055851 value 29040.408321 suggestion {'alpha': 0.00013675265762453113, 'batch_size': 84, 'beta_1': 0.8277672616261783, 'beta_2': 0.9942650578906912, 'epsilon': 1.6200387389855648e-09, 'hidden_layer_sizes': 78, 'learning_rate_init': 0.0003511136870462988, 'tol': 0.010827008283240484, 'validation_fraction': 0.17268312205079983}
observation time 0.000005, current best 23573.550590 at iter 1
Failure in optimizer suggest. Falling back to random search.
name 'activ' is not defined
Traceback (most recent call last):
  File "/home/ryedida/.local/lib/python3.9/site-packages/bayesmark/experiment.py", line 126, in run_study
    next_points = optimizer.suggest(n_suggestions)
  File "/home/ryedida/bbo_challenge_starter_kit/example_submissions/smoothness/optimizer.py", line 105, in suggest
    betas = [self._get_smoothness_reg(guess) for guess in guesses]
  File "/home/ryedida/bbo_challenge_starter_kit/example_submissions/smoothness/optimizer.py", line 105, in <listcomp>
    betas = [self._get_smoothness_reg(guess) for guess in guesses]
  File "/home/ryedida/bbo_challenge_starter_kit/example_submissions/smoothness/optimizer.py", line 48, in _get_smoothness_reg
    if activ > Kz:
NameError: name 'activ' is not defined
suggestion time taken 0.331522 iter 2 next_points [{'alpha': 7.430932157498025e-05, 'batch_size': 112, 'beta_1': 0.8841623079293017, 'beta_2': 0.9999970333557435, 'epsilon': 5.94130133065336e-09, 'hidden_layer_sizes': 109, 'learning_rate_init': 0.0011883520690442215, 'tol': 0.04747987211668712, 'validation_fraction': 0.24545609957592007}]
function_evaluation time 0.075360 value 28974.606501 suggestion {'alpha': 7.430932157498025e-05, 'batch_size': 112, 'beta_1': 0.8841623079293017, 'beta_2': 0.9999970333557435, 'epsilon': 5.94130133065336e-09, 'hidden_layer_sizes': 109, 'learning_rate_init': 0.0011883520690442215, 'tol': 0.04747987211668712, 'validation_fraction': 0.24545609957592007}
observation time 0.000005, current best 23573.550590 at iter 2
Failure in optimizer suggest. Falling back to random search.
name 'activ' is not defined
Traceback (most recent call last):
  File "/home/ryedida/.local/lib/python3.9/site-packages/bayesmark/experiment.py", line 126, in run_study
    next_points = optimizer.suggest(n_suggestions)
  File "/home/ryedida/bbo_challenge_starter_kit/example_submissions/smoothness/optimizer.py", line 105, in suggest
    betas = [self._get_smoothness_reg(guess) for guess in guesses]
  File "/home/ryedida/bbo_challenge_starter_kit/example_submissions/smoothness/optimizer.py", line 105, in <listcomp>
    betas = [self._get_smoothness_reg(guess) for guess in guesses]
  File "/home/ryedida/bbo_challenge_starter_kit/example_submissions/smoothness/optimizer.py", line 48, in _get_smoothness_reg
    if activ > Kz:
NameError: name 'activ' is not defined
suggestion time taken 0.327370 iter 3 next_points [{'alpha': 5.562528414458112, 'batch_size': 60, 'beta_1': 0.7977178027488799, 'beta_2': 0.9995624439620986, 'epsilon': 2.3232374978083032e-08, 'hidden_layer_sizes': 189, 'learning_rate_init': 0.0009880721676592784, 'tol': 0.025252122963534608, 'validation_fraction': 0.7743657486785746}]
function_evaluation time 0.073501 value 28983.407041 suggestion {'alpha': 5.562528414458112, 'batch_size': 60, 'beta_1': 0.7977178027488799, 'beta_2': 0.9995624439620986, 'epsilon': 2.3232374978083032e-08, 'hidden_layer_sizes': 189, 'learning_rate_init': 0.0009880721676592784, 'tol': 0.025252122963534608, 'validation_fraction': 0.7743657486785746}
observation time 0.000005, current best 23573.550590 at iter 3
Failure in optimizer suggest. Falling back to random search.
name 'activ' is not defined
Traceback (most recent call last):
  File "/home/ryedida/.local/lib/python3.9/site-packages/bayesmark/experiment.py", line 126, in run_study
    next_points = optimizer.suggest(n_suggestions)
  File "/home/ryedida/bbo_challenge_starter_kit/example_submissions/smoothness/optimizer.py", line 105, in suggest
    betas = [self._get_smoothness_reg(guess) for guess in guesses]
  File "/home/ryedida/bbo_challenge_starter_kit/example_submissions/smoothness/optimizer.py", line 105, in <listcomp>
    betas = [self._get_smoothness_reg(guess) for guess in guesses]
  File "/home/ryedida/bbo_challenge_starter_kit/example_submissions/smoothness/optimizer.py", line 48, in _get_smoothness_reg
    if activ > Kz:
NameError: name 'activ' is not defined
suggestion time taken 0.328987 iter 4 next_points [{'alpha': 0.027748328192384927, 'batch_size': 132, 'beta_1': 0.7331320553727309, 'beta_2': 0.9999987957228943, 'epsilon': 1.1537806903689824e-07, 'hidden_layer_sizes': 80, 'learning_rate_init': 0.00408702521504769, 'tol': 0.02619106965605371, 'validation_fraction': 0.6275436604657358}]
/home/ryedida/.local/lib/python3.9/site-packages/sklearn/neural_network/_multilayer_perceptron.py:605: UserWarning: Got `batch_size` less than 1 or larger than sample size. It is going to be clipped
  warnings.warn(

function_evaluation time 0.046658 value 28927.043849 suggestion {'alpha': 0.027748328192384927, 'batch_size': 132, 'beta_1': 0.7331320553727309, 'beta_2': 0.9999987957228943, 'epsilon': 1.1537806903689824e-07, 'hidden_layer_sizes': 80, 'learning_rate_init': 0.00408702521504769, 'tol': 0.02619106965605371, 'validation_fraction': 0.6275436604657358}
observation time 0.000006, current best 23573.550590 at iter 4
Failure in optimizer suggest. Falling back to random search.
name 'activ' is not defined
Traceback (most recent call last):
  File "/home/ryedida/.local/lib/python3.9/site-packages/bayesmark/experiment.py", line 126, in run_study
    next_points = optimizer.suggest(n_suggestions)
  File "/home/ryedida/bbo_challenge_starter_kit/example_submissions/smoothness/optimizer.py", line 105, in suggest
    betas = [self._get_smoothness_reg(guess) for guess in guesses]
  File "/home/ryedida/bbo_challenge_starter_kit/example_submissions/smoothness/optimizer.py", line 105, in <listcomp>
    betas = [self._get_smoothness_reg(guess) for guess in guesses]
  File "/home/ryedida/bbo_challenge_starter_kit/example_submissions/smoothness/optimizer.py", line 48, in _get_smoothness_reg
    if activ > Kz:
NameError: name 'activ' is not defined
suggestion time taken 0.328783 iter 5 next_points [{'alpha': 5.772870508500277, 'batch_size': 27, 'beta_1': 0.888639314861317, 'beta_2': 0.9976359371146204, 'epsilon': 2.129709002317667e-08, 'hidden_layer_sizes': 109, 'learning_rate_init': 2.2042540213444043e-05, 'tol': 3.2133135782194006e-05, 'validation_fraction': 0.20219554862717473}]
/home/ryedida/.local/lib/python3.9/site-packages/sklearn/neural_network/_multilayer_perceptron.py:686: ConvergenceWarning: Stochastic Optimizer: Maximum iterations (200) reached and the optimization hasn't converged yet.
  warnings.warn(

function_evaluation time 1.681980 value 28977.400624 suggestion {'alpha': 5.772870508500277, 'batch_size': 27, 'beta_1': 0.888639314861317, 'beta_2': 0.9976359371146204, 'epsilon': 2.129709002317667e-08, 'hidden_layer_sizes': 109, 'learning_rate_init': 2.2042540213444043e-05, 'tol': 3.2133135782194006e-05, 'validation_fraction': 0.20219554862717473}
observation time 0.000005, current best 23573.550590 at iter 5
Failure in optimizer suggest. Falling back to random search.
name 'activ' is not defined
Traceback (most recent call last):
  File "/home/ryedida/.local/lib/python3.9/site-packages/bayesmark/experiment.py", line 126, in run_study
    next_points = optimizer.suggest(n_suggestions)
  File "/home/ryedida/bbo_challenge_starter_kit/example_submissions/smoothness/optimizer.py", line 105, in suggest
    betas = [self._get_smoothness_reg(guess) for guess in guesses]
  File "/home/ryedida/bbo_challenge_starter_kit/example_submissions/smoothness/optimizer.py", line 105, in <listcomp>
    betas = [self._get_smoothness_reg(guess) for guess in guesses]
  File "/home/ryedida/bbo_challenge_starter_kit/example_submissions/smoothness/optimizer.py", line 48, in _get_smoothness_reg
    if activ > Kz:
NameError: name 'activ' is not defined
suggestion time taken 0.332693 iter 6 next_points [{'alpha': 1.7594888496448132e-05, 'batch_size': 199, 'beta_1': 0.978993913511551, 'beta_2': 0.9987619630843669, 'epsilon': 1.7997313485706976e-07, 'hidden_layer_sizes': 120, 'learning_rate_init': 0.0001307493561610903, 'tol': 0.000762609534723284, 'validation_fraction': 0.7200679162101883}]
/home/ryedida/.local/lib/python3.9/site-packages/sklearn/neural_network/_multilayer_perceptron.py:605: UserWarning: Got `batch_size` less than 1 or larger than sample size. It is going to be clipped
  warnings.warn(

function_evaluation time 0.050486 value 29078.683094 suggestion {'alpha': 1.7594888496448132e-05, 'batch_size': 199, 'beta_1': 0.978993913511551, 'beta_2': 0.9987619630843669, 'epsilon': 1.7997313485706976e-07, 'hidden_layer_sizes': 120, 'learning_rate_init': 0.0001307493561610903, 'tol': 0.000762609534723284, 'validation_fraction': 0.7200679162101883}
observation time 0.000006, current best 23573.550590 at iter 6
Failure in optimizer suggest. Falling back to random search.
name 'activ' is not defined
Traceback (most recent call last):
  File "/home/ryedida/.local/lib/python3.9/site-packages/bayesmark/experiment.py", line 126, in run_study
    next_points = optimizer.suggest(n_suggestions)
  File "/home/ryedida/bbo_challenge_starter_kit/example_submissions/smoothness/optimizer.py", line 105, in suggest
    betas = [self._get_smoothness_reg(guess) for guess in guesses]
  File "/home/ryedida/bbo_challenge_starter_kit/example_submissions/smoothness/optimizer.py", line 105, in <listcomp>
    betas = [self._get_smoothness_reg(guess) for guess in guesses]
  File "/home/ryedida/bbo_challenge_starter_kit/example_submissions/smoothness/optimizer.py", line 48, in _get_smoothness_reg
    if activ > Kz:
NameError: name 'activ' is not defined
suggestion time taken 0.463119 iter 7 next_points [{'alpha': 0.11851338055298134, 'batch_size': 223, 'beta_1': 0.9881658432189869, 'beta_2': 0.9999984809123593, 'epsilon': 2.4917448796388782e-08, 'hidden_layer_sizes': 164, 'learning_rate_init': 0.029129821232491124, 'tol': 0.0003309167953110666, 'validation_fraction': 0.8011419273115904}]
/home/ryedida/.local/lib/python3.9/site-packages/sklearn/neural_network/_multilayer_perceptron.py:605: UserWarning: Got `batch_size` less than 1 or larger than sample size. It is going to be clipped
  warnings.warn(

function_evaluation time 0.251465 value 4605.345221 suggestion {'alpha': 0.11851338055298134, 'batch_size': 223, 'beta_1': 0.9881658432189869, 'beta_2': 0.9999984809123593, 'epsilon': 2.4917448796388782e-08, 'hidden_layer_sizes': 164, 'learning_rate_init': 0.029129821232491124, 'tol': 0.0003309167953110666, 'validation_fraction': 0.8011419273115904}
observation time 0.000005, current best 4605.345221 at iter 7
Failure in optimizer suggest. Falling back to random search.
name 'activ' is not defined
Traceback (most recent call last):
  File "/home/ryedida/.local/lib/python3.9/site-packages/bayesmark/experiment.py", line 126, in run_study
    next_points = optimizer.suggest(n_suggestions)
  File "/home/ryedida/bbo_challenge_starter_kit/example_submissions/smoothness/optimizer.py", line 105, in suggest
    betas = [self._get_smoothness_reg(guess) for guess in guesses]
  File "/home/ryedida/bbo_challenge_starter_kit/example_submissions/smoothness/optimizer.py", line 105, in <listcomp>
    betas = [self._get_smoothness_reg(guess) for guess in guesses]
  File "/home/ryedida/bbo_challenge_starter_kit/example_submissions/smoothness/optimizer.py", line 48, in _get_smoothness_reg
    if activ > Kz:
NameError: name 'activ' is not defined
suggestion time taken 0.322567 iter 8 next_points [{'alpha': 3.295127983392724e-05, 'batch_size': 210, 'beta_1': 0.9627904899362788, 'beta_2': 0.9978827999900913, 'epsilon': 5.570873268268663e-07, 'hidden_layer_sizes': 83, 'learning_rate_init': 8.130194260313536e-05, 'tol': 3.028684933664023e-05, 'validation_fraction': 0.778637344789155}]
/home/ryedida/.local/lib/python3.9/site-packages/sklearn/neural_network/_multilayer_perceptron.py:605: UserWarning: Got `batch_size` less than 1 or larger than sample size. It is going to be clipped
  warnings.warn(

/home/ryedida/.local/lib/python3.9/site-packages/sklearn/neural_network/_multilayer_perceptron.py:686: ConvergenceWarning: Stochastic Optimizer: Maximum iterations (200) reached and the optimization hasn't converged yet.
  warnings.warn(

function_evaluation time 0.643088 value 29023.756255 suggestion {'alpha': 3.295127983392724e-05, 'batch_size': 210, 'beta_1': 0.9627904899362788, 'beta_2': 0.9978827999900913, 'epsilon': 5.570873268268663e-07, 'hidden_layer_sizes': 83, 'learning_rate_init': 8.130194260313536e-05, 'tol': 3.028684933664023e-05, 'validation_fraction': 0.778637344789155}
observation time 0.000005, current best 4605.345221 at iter 8
Failure in optimizer suggest. Falling back to random search.
name 'activ' is not defined
Traceback (most recent call last):
  File "/home/ryedida/.local/lib/python3.9/site-packages/bayesmark/experiment.py", line 126, in run_study
    next_points = optimizer.suggest(n_suggestions)
  File "/home/ryedida/bbo_challenge_starter_kit/example_submissions/smoothness/optimizer.py", line 105, in suggest
    betas = [self._get_smoothness_reg(guess) for guess in guesses]
  File "/home/ryedida/bbo_challenge_starter_kit/example_submissions/smoothness/optimizer.py", line 105, in <listcomp>
    betas = [self._get_smoothness_reg(guess) for guess in guesses]
  File "/home/ryedida/bbo_challenge_starter_kit/example_submissions/smoothness/optimizer.py", line 48, in _get_smoothness_reg
    if activ > Kz:
NameError: name 'activ' is not defined
suggestion time taken 0.324757 iter 9 next_points [{'alpha': 0.0013048852694043512, 'batch_size': 115, 'beta_1': 0.9522319177551511, 'beta_2': 0.9431378653742372, 'epsilon': 1.1651038159480779e-07, 'hidden_layer_sizes': 199, 'learning_rate_init': 0.002834513679671563, 'tol': 0.004278870434026126, 'validation_fraction': 0.8268749514509154}]
/home/ryedida/.local/lib/python3.9/site-packages/sklearn/neural_network/_multilayer_perceptron.py:605: UserWarning: Got `batch_size` less than 1 or larger than sample size. It is going to be clipped
  warnings.warn(

function_evaluation time 0.060142 value 28899.851658 suggestion {'alpha': 0.0013048852694043512, 'batch_size': 115, 'beta_1': 0.9522319177551511, 'beta_2': 0.9431378653742372, 'epsilon': 1.1651038159480779e-07, 'hidden_layer_sizes': 199, 'learning_rate_init': 0.002834513679671563, 'tol': 0.004278870434026126, 'validation_fraction': 0.8268749514509154}
observation time 0.000004, current best 4605.345221 at iter 9
Failure in optimizer suggest. Falling back to random search.
name 'activ' is not defined
Traceback (most recent call last):
  File "/home/ryedida/.local/lib/python3.9/site-packages/bayesmark/experiment.py", line 126, in run_study
    next_points = optimizer.suggest(n_suggestions)
  File "/home/ryedida/bbo_challenge_starter_kit/example_submissions/smoothness/optimizer.py", line 105, in suggest
    betas = [self._get_smoothness_reg(guess) for guess in guesses]
  File "/home/ryedida/bbo_challenge_starter_kit/example_submissions/smoothness/optimizer.py", line 105, in <listcomp>
    betas = [self._get_smoothness_reg(guess) for guess in guesses]
  File "/home/ryedida/bbo_challenge_starter_kit/example_submissions/smoothness/optimizer.py", line 48, in _get_smoothness_reg
    if activ > Kz:
NameError: name 'activ' is not defined
suggestion time taken 0.329690 iter 10 next_points [{'alpha': 0.004007420169077346, 'batch_size': 226, 'beta_1': 0.9301931587180927, 'beta_2': 0.9999740932015801, 'epsilon': 6.076621044545007e-09, 'hidden_layer_sizes': 103, 'learning_rate_init': 0.00031380261965399165, 'tol': 0.04577011070853619, 'validation_fraction': 0.7813472924521213}]
/home/ryedida/.local/lib/python3.9/site-packages/sklearn/neural_network/_multilayer_perceptron.py:605: UserWarning: Got `batch_size` less than 1 or larger than sample size. It is going to be clipped
  warnings.warn(

function_evaluation time 0.053513 value 29072.828345 suggestion {'alpha': 0.004007420169077346, 'batch_size': 226, 'beta_1': 0.9301931587180927, 'beta_2': 0.9999740932015801, 'epsilon': 6.076621044545007e-09, 'hidden_layer_sizes': 103, 'learning_rate_init': 0.00031380261965399165, 'tol': 0.04577011070853619, 'validation_fraction': 0.7813472924521213}
observation time 0.000005, current best 4605.345221 at iter 10
Failure in optimizer suggest. Falling back to random search.
name 'activ' is not defined
Traceback (most recent call last):
  File "/home/ryedida/.local/lib/python3.9/site-packages/bayesmark/experiment.py", line 126, in run_study
    next_points = optimizer.suggest(n_suggestions)
  File "/home/ryedida/bbo_challenge_starter_kit/example_submissions/smoothness/optimizer.py", line 105, in suggest
    betas = [self._get_smoothness_reg(guess) for guess in guesses]
  File "/home/ryedida/bbo_challenge_starter_kit/example_submissions/smoothness/optimizer.py", line 105, in <listcomp>
    betas = [self._get_smoothness_reg(guess) for guess in guesses]
  File "/home/ryedida/bbo_challenge_starter_kit/example_submissions/smoothness/optimizer.py", line 48, in _get_smoothness_reg
    if activ > Kz:
NameError: name 'activ' is not defined
suggestion time taken 0.323306 iter 11 next_points [{'alpha': 0.00011548720732426291, 'batch_size': 134, 'beta_1': 0.9804085599042064, 'beta_2': 0.9299992829543635, 'epsilon': 5.867292735181182e-07, 'hidden_layer_sizes': 51, 'learning_rate_init': 4.717847248400443e-05, 'tol': 0.004100901259572719, 'validation_fraction': 0.818392144207313}]
/home/ryedida/.local/lib/python3.9/site-packages/sklearn/neural_network/_multilayer_perceptron.py:605: UserWarning: Got `batch_size` less than 1 or larger than sample size. It is going to be clipped
  warnings.warn(

function_evaluation time 0.042080 value 29112.465582 suggestion {'alpha': 0.00011548720732426291, 'batch_size': 134, 'beta_1': 0.9804085599042064, 'beta_2': 0.9299992829543635, 'epsilon': 5.867292735181182e-07, 'hidden_layer_sizes': 51, 'learning_rate_init': 4.717847248400443e-05, 'tol': 0.004100901259572719, 'validation_fraction': 0.818392144207313}
observation time 0.000006, current best 4605.345221 at iter 11
Failure in optimizer suggest. Falling back to random search.
name 'activ' is not defined
Traceback (most recent call last):
  File "/home/ryedida/.local/lib/python3.9/site-packages/bayesmark/experiment.py", line 126, in run_study
    next_points = optimizer.suggest(n_suggestions)
  File "/home/ryedida/bbo_challenge_starter_kit/example_submissions/smoothness/optimizer.py", line 105, in suggest
    betas = [self._get_smoothness_reg(guess) for guess in guesses]
  File "/home/ryedida/bbo_challenge_starter_kit/example_submissions/smoothness/optimizer.py", line 105, in <listcomp>
    betas = [self._get_smoothness_reg(guess) for guess in guesses]
  File "/home/ryedida/bbo_challenge_starter_kit/example_submissions/smoothness/optimizer.py", line 48, in _get_smoothness_reg
    if activ > Kz:
NameError: name 'activ' is not defined
suggestion time taken 0.328916 iter 12 next_points [{'alpha': 1.193458798645332, 'batch_size': 172, 'beta_1': 0.8750090927475207, 'beta_2': 0.9878428234461385, 'epsilon': 3.896291283486742e-09, 'hidden_layer_sizes': 113, 'learning_rate_init': 0.006984982845932779, 'tol': 0.0010908248218988216, 'validation_fraction': 0.7985786847676046}]
/home/ryedida/.local/lib/python3.9/site-packages/sklearn/neural_network/_multilayer_perceptron.py:605: UserWarning: Got `batch_size` less than 1 or larger than sample size. It is going to be clipped
  warnings.warn(

/home/ryedida/.local/lib/python3.9/site-packages/sklearn/neural_network/_multilayer_perceptron.py:686: ConvergenceWarning: Stochastic Optimizer: Maximum iterations (200) reached and the optimization hasn't converged yet.
  warnings.warn(

function_evaluation time 0.687309 value 4308.343085 suggestion {'alpha': 1.193458798645332, 'batch_size': 172, 'beta_1': 0.8750090927475207, 'beta_2': 0.9878428234461385, 'epsilon': 3.896291283486742e-09, 'hidden_layer_sizes': 113, 'learning_rate_init': 0.006984982845932779, 'tol': 0.0010908248218988216, 'validation_fraction': 0.7985786847676046}
observation time 0.000005, current best 4308.343085 at iter 12
Failure in optimizer suggest. Falling back to random search.
name 'activ' is not defined
Traceback (most recent call last):
  File "/home/ryedida/.local/lib/python3.9/site-packages/bayesmark/experiment.py", line 126, in run_study
    next_points = optimizer.suggest(n_suggestions)
  File "/home/ryedida/bbo_challenge_starter_kit/example_submissions/smoothness/optimizer.py", line 105, in suggest
    betas = [self._get_smoothness_reg(guess) for guess in guesses]
  File "/home/ryedida/bbo_challenge_starter_kit/example_submissions/smoothness/optimizer.py", line 105, in <listcomp>
    betas = [self._get_smoothness_reg(guess) for guess in guesses]
  File "/home/ryedida/bbo_challenge_starter_kit/example_submissions/smoothness/optimizer.py", line 48, in _get_smoothness_reg
    if activ > Kz:
NameError: name 'activ' is not defined
suggestion time taken 0.323265 iter 13 next_points [{'alpha': 4.597184300411194e-05, 'batch_size': 60, 'beta_1': 0.9662790374151042, 'beta_2': 0.9905473816620071, 'epsilon': 1.937420954545524e-07, 'hidden_layer_sizes': 54, 'learning_rate_init': 9.6610228128405e-05, 'tol': 1.367495434288976e-05, 'validation_fraction': 0.1060291709924467}]
/home/ryedida/.local/lib/python3.9/site-packages/sklearn/neural_network/_multilayer_perceptron.py:686: ConvergenceWarning: Stochastic Optimizer: Maximum iterations (200) reached and the optimization hasn't converged yet.
  warnings.warn(

function_evaluation time 1.011328 value 28820.210093 suggestion {'alpha': 4.597184300411194e-05, 'batch_size': 60, 'beta_1': 0.9662790374151042, 'beta_2': 0.9905473816620071, 'epsilon': 1.937420954545524e-07, 'hidden_layer_sizes': 54, 'learning_rate_init': 9.6610228128405e-05, 'tol': 1.367495434288976e-05, 'validation_fraction': 0.1060291709924467}
observation time 0.000005, current best 4308.343085 at iter 13
Failure in optimizer suggest. Falling back to random search.
name 'activ' is not defined
Traceback (most recent call last):
  File "/home/ryedida/.local/lib/python3.9/site-packages/bayesmark/experiment.py", line 126, in run_study
    next_points = optimizer.suggest(n_suggestions)
  File "/home/ryedida/bbo_challenge_starter_kit/example_submissions/smoothness/optimizer.py", line 105, in suggest
    betas = [self._get_smoothness_reg(guess) for guess in guesses]
  File "/home/ryedida/bbo_challenge_starter_kit/example_submissions/smoothness/optimizer.py", line 105, in <listcomp>
    betas = [self._get_smoothness_reg(guess) for guess in guesses]
  File "/home/ryedida/bbo_challenge_starter_kit/example_submissions/smoothness/optimizer.py", line 48, in _get_smoothness_reg
    if activ > Kz:
NameError: name 'activ' is not defined
suggestion time taken 0.325051 iter 14 next_points [{'alpha': 2.6094873279709816, 'batch_size': 240, 'beta_1': 0.5742808774219675, 'beta_2': 0.9971223910488622, 'epsilon': 6.935511028929627e-09, 'hidden_layer_sizes': 55, 'learning_rate_init': 0.04896442821470621, 'tol': 0.0018938253057048603, 'validation_fraction': 0.4659977084506537}]
/home/ryedida/.local/lib/python3.9/site-packages/sklearn/neural_network/_multilayer_perceptron.py:605: UserWarning: Got `batch_size` less than 1 or larger than sample size. It is going to be clipped
  warnings.warn(

function_evaluation time 0.185379 value 3221.877524 suggestion {'alpha': 2.6094873279709816, 'batch_size': 240, 'beta_1': 0.5742808774219675, 'beta_2': 0.9971223910488622, 'epsilon': 6.935511028929627e-09, 'hidden_layer_sizes': 55, 'learning_rate_init': 0.04896442821470621, 'tol': 0.0018938253057048603, 'validation_fraction': 0.4659977084506537}
observation time 0.000005, current best 3221.877524 at iter 14
saving meta data: {'args': {'--uuid': '7b8382c97ff55a05afcd028571d7dd41', '-db-root': '/home/ryedida/bbo_challenge_starter_kit/output', '--opt-root': '/home/ryedida/bbo_challenge_starter_kit/example_submissions', '--data-root': None, '--db': 'run_20230425_034200', '--opt': 'smoothness', '--data': 'diabetes', '--classifier': 'MLP-adam', '--metric': 'mse', '--calls': 15, '--suggestions': 1, '--jobs-file': None, '--verbose': False, 'dry_run': False, 'rev': 'a376313', 'opt_rev': 'x.x.x'}, 'signature': ([{'alpha': 0.019628224813442792, 'batch_size': 182, 'beta_1': 0.9410202200271762, 'beta_2': 0.9998021557676793, 'epsilon': 1.8662266976518e-08, 'hidden_layer_sizes': 147, 'learning_rate_init': 0.0005627932047415167, 'tol': 0.03690557729213761, 'validation_fraction': 0.8846827852548593}, {'alpha': 0.0019982467392329444, 'batch_size': 200, 'beta_1': 0.919111482530466, 'beta_2': 0.9998488260436156, 'epsilon': 5.981221901152555e-07, 'hidden_layer_sizes': 61, 'learning_rate_init': 2.2310905607443014e-05, 'tol': 1.2046852412030316e-05, 'validation_fraction': 0.8117896445826539}, {'alpha': 0.46659545670218433, 'batch_size': 219, 'beta_1': 0.9889789783750891, 'beta_2': 0.9999896868093284, 'epsilon': 2.4234724484675948e-08, 'hidden_layer_sizes': 167, 'learning_rate_init': 2.972334644335654e-05, 'tol': 0.0036281404040243792, 'validation_fraction': 0.17260651658522078}, {'alpha': 4.656005689076002, 'batch_size': 135, 'beta_1': 0.870503881627747, 'beta_2': 0.9948873266941017, 'epsilon': 2.1023308743480125e-07, 'hidden_layer_sizes': 118, 'learning_rate_init': 0.0018781738757161913, 'tol': 1.1889379831773004e-05, 'validation_fraction': 0.6264327093752792}, {'alpha': 0.04705159350400542, 'batch_size': 158, 'beta_1': 0.9870884262730957, 'beta_2': 0.9999596874382349, 'epsilon': 1.1981845126013875e-08, 'hidden_layer_sizes': 116, 'learning_rate_init': 0.00617340520407431, 'tol': 1.741413418158619e-05, 'validation_fraction': 0.6754299026638921}], [29083.993548572587, 29062.423277324073, 29075.78987471409, 24626.32866834337, 9584.226858493177])}
saving results
saving timing
saving suggest log
done
