running: {'--uuid': '9725076505b85aa68edef05ad37d38aa', '-db-root': '/home/ryedida/bbo_challenge_starter_kit/output', '--opt-root': '/home/ryedida/bbo_challenge_starter_kit/example_submissions', '--data-root': None, '--db': 'run_20230425_034200', '--opt': 'smoothness', '--data': 'diabetes', '--classifier': 'MLP-adam', '--metric': 'mse', '--calls': 15, '--suggestions': 1, '--jobs-file': None, '--verbose': False, 'dry_run': False, 'rev': 'a376313', 'opt_rev': 'x.x.x'}
cmd: python smoothness/optimizer.py -c MLP-adam -d diabetes -o smoothness -u 9725076505b85aa68edef05ad37d38aa -m mse -n 15 -p 1 -dir /home/ryedida/bbo_challenge_starter_kit/output -b run_20230425_034200
/home/ryedida/.local/lib/python3.9/site-packages/sklearn/neural_network/_multilayer_perceptron.py:605: UserWarning: Got `batch_size` less than 1 or larger than sample size. It is going to be clipped
  warnings.warn(

/home/ryedida/.local/lib/python3.9/site-packages/sklearn/neural_network/_multilayer_perceptron.py:605: UserWarning: Got `batch_size` less than 1 or larger than sample size. It is going to be clipped
  warnings.warn(

/home/ryedida/.local/lib/python3.9/site-packages/sklearn/neural_network/_multilayer_perceptron.py:605: UserWarning: Got `batch_size` less than 1 or larger than sample size. It is going to be clipped
  warnings.warn(

/home/ryedida/.local/lib/python3.9/site-packages/sklearn/neural_network/_multilayer_perceptron.py:686: ConvergenceWarning: Stochastic Optimizer: Maximum iterations (200) reached and the optimization hasn't converged yet.
  warnings.warn(

/home/ryedida/.local/lib/python3.9/site-packages/sklearn/neural_network/_multilayer_perceptron.py:605: UserWarning: Got `batch_size` less than 1 or larger than sample size. It is going to be clipped
  warnings.warn(

/home/ryedida/.local/lib/python3.9/site-packages/sklearn/neural_network/_multilayer_perceptron.py:686: ConvergenceWarning: Stochastic Optimizer: Maximum iterations (200) reached and the optimization hasn't converged yet.
  warnings.warn(

computed signature: ([{'alpha': 0.019628224813442792, 'batch_size': 182, 'beta_1': 0.9410202200271762, 'beta_2': 0.9998021557676793, 'epsilon': 1.8662266976518e-08, 'hidden_layer_sizes': 147, 'learning_rate_init': 0.0005627932047415167, 'tol': 0.03690557729213761, 'validation_fraction': 0.8846827852548593}, {'alpha': 0.0019982467392329444, 'batch_size': 200, 'beta_1': 0.919111482530466, 'beta_2': 0.9998488260436156, 'epsilon': 5.981221901152555e-07, 'hidden_layer_sizes': 61, 'learning_rate_init': 2.2310905607443014e-05, 'tol': 1.2046852412030316e-05, 'validation_fraction': 0.8117896445826539}, {'alpha': 0.46659545670218433, 'batch_size': 219, 'beta_1': 0.9889789783750891, 'beta_2': 0.9999896868093284, 'epsilon': 2.4234724484675948e-08, 'hidden_layer_sizes': 167, 'learning_rate_init': 2.972334644335654e-05, 'tol': 0.0036281404040243792, 'validation_fraction': 0.17260651658522078}, {'alpha': 4.656005689076002, 'batch_size': 135, 'beta_1': 0.870503881627747, 'beta_2': 0.9948873266941017, 'epsilon': 2.1023308743480125e-07, 'hidden_layer_sizes': 118, 'learning_rate_init': 0.0018781738757161913, 'tol': 1.1889379831773004e-05, 'validation_fraction': 0.6264327093752792}, {'alpha': 0.04705159350400542, 'batch_size': 158, 'beta_1': 0.9870884262730957, 'beta_2': 0.9999596874382349, 'epsilon': 1.1981845126013875e-08, 'hidden_layer_sizes': 116, 'learning_rate_init': 0.00617340520407431, 'tol': 1.741413418158619e-05, 'validation_fraction': 0.6754299026638921}], [29083.993548572587, 29062.423277324073, 29075.78987471409, 24626.32866834337, 9584.226858493177])
Signature errors:
                              0         1         2         3         4       max
MLP-adam_diabetes_mse  0.000007  0.000008  0.000003  0.003558  0.004952  0.004952
max                    0.000007  0.000008  0.000003  0.003558  0.004952  0.004952
starting sklearn study smoothness MLP-adam diabetes mse 15 1
with data root: None
Failure in optimizer suggest. Falling back to random search.
name 'activ' is not defined
Traceback (most recent call last):
  File "/home/ryedida/.local/lib/python3.9/site-packages/bayesmark/experiment.py", line 126, in run_study
    next_points = optimizer.suggest(n_suggestions)
  File "/home/ryedida/bbo_challenge_starter_kit/example_submissions/smoothness/optimizer.py", line 105, in suggest
    betas = [self._get_smoothness_reg(guess) for guess in guesses]
  File "/home/ryedida/bbo_challenge_starter_kit/example_submissions/smoothness/optimizer.py", line 105, in <listcomp>
    betas = [self._get_smoothness_reg(guess) for guess in guesses]
  File "/home/ryedida/bbo_challenge_starter_kit/example_submissions/smoothness/optimizer.py", line 48, in _get_smoothness_reg
    if activ > Kz:
NameError: name 'activ' is not defined
suggestion time taken 0.491435 iter 0 next_points [{'alpha': 2.021234609182849, 'batch_size': 65, 'beta_1': 0.8164300471294724, 'beta_2': 0.9433580777657182, 'epsilon': 1.6417470837090676e-09, 'hidden_layer_sizes': 164, 'learning_rate_init': 0.00048662281615589897, 'tol': 0.04286066448523047, 'validation_fraction': 0.28430278536593595}]
function_evaluation time 0.111143 value 28960.776768 suggestion {'alpha': 2.021234609182849, 'batch_size': 65, 'beta_1': 0.8164300471294724, 'beta_2': 0.9433580777657182, 'epsilon': 1.6417470837090676e-09, 'hidden_layer_sizes': 164, 'learning_rate_init': 0.00048662281615589897, 'tol': 0.04286066448523047, 'validation_fraction': 0.28430278536593595}
observation time 0.000007, current best 28960.776768 at iter 0
Failure in optimizer suggest. Falling back to random search.
name 'activ' is not defined
Traceback (most recent call last):
  File "/home/ryedida/.local/lib/python3.9/site-packages/bayesmark/experiment.py", line 126, in run_study
    next_points = optimizer.suggest(n_suggestions)
  File "/home/ryedida/bbo_challenge_starter_kit/example_submissions/smoothness/optimizer.py", line 105, in suggest
    betas = [self._get_smoothness_reg(guess) for guess in guesses]
  File "/home/ryedida/bbo_challenge_starter_kit/example_submissions/smoothness/optimizer.py", line 105, in <listcomp>
    betas = [self._get_smoothness_reg(guess) for guess in guesses]
  File "/home/ryedida/bbo_challenge_starter_kit/example_submissions/smoothness/optimizer.py", line 48, in _get_smoothness_reg
    if activ > Kz:
NameError: name 'activ' is not defined
suggestion time taken 0.341192 iter 1 next_points [{'alpha': 1.1002523419851649, 'batch_size': 138, 'beta_1': 0.9820162767255947, 'beta_2': 0.9039345701422807, 'epsilon': 1.7408066230609206e-07, 'hidden_layer_sizes': 154, 'learning_rate_init': 6.272858249352396e-05, 'tol': 0.004286025354744338, 'validation_fraction': 0.44074990066957787}]
function_evaluation time 0.078722 value 29084.635994 suggestion {'alpha': 1.1002523419851649, 'batch_size': 138, 'beta_1': 0.9820162767255947, 'beta_2': 0.9039345701422807, 'epsilon': 1.7408066230609206e-07, 'hidden_layer_sizes': 154, 'learning_rate_init': 6.272858249352396e-05, 'tol': 0.004286025354744338, 'validation_fraction': 0.44074990066957787}
observation time 0.000005, current best 28960.776768 at iter 1
Failure in optimizer suggest. Falling back to random search.
name 'activ' is not defined
Traceback (most recent call last):
  File "/home/ryedida/.local/lib/python3.9/site-packages/bayesmark/experiment.py", line 126, in run_study
    next_points = optimizer.suggest(n_suggestions)
  File "/home/ryedida/bbo_challenge_starter_kit/example_submissions/smoothness/optimizer.py", line 105, in suggest
    betas = [self._get_smoothness_reg(guess) for guess in guesses]
  File "/home/ryedida/bbo_challenge_starter_kit/example_submissions/smoothness/optimizer.py", line 105, in <listcomp>
    betas = [self._get_smoothness_reg(guess) for guess in guesses]
  File "/home/ryedida/bbo_challenge_starter_kit/example_submissions/smoothness/optimizer.py", line 48, in _get_smoothness_reg
    if activ > Kz:
NameError: name 'activ' is not defined
suggestion time taken 0.328829 iter 2 next_points [{'alpha': 0.0022961865186033148, 'batch_size': 215, 'beta_1': 0.8643421390227084, 'beta_2': 0.9975515380661427, 'epsilon': 1.5178335851064406e-09, 'hidden_layer_sizes': 63, 'learning_rate_init': 0.0003354346459927578, 'tol': 6.638792676002358e-05, 'validation_fraction': 0.5580696521798215}]
/home/ryedida/.local/lib/python3.9/site-packages/sklearn/neural_network/_multilayer_perceptron.py:605: UserWarning: Got `batch_size` less than 1 or larger than sample size. It is going to be clipped
  warnings.warn(

/home/ryedida/.local/lib/python3.9/site-packages/sklearn/neural_network/_multilayer_perceptron.py:686: ConvergenceWarning: Stochastic Optimizer: Maximum iterations (200) reached and the optimization hasn't converged yet.
  warnings.warn(

function_evaluation time 0.609118 value 28863.821988 suggestion {'alpha': 0.0022961865186033148, 'batch_size': 215, 'beta_1': 0.8643421390227084, 'beta_2': 0.9975515380661427, 'epsilon': 1.5178335851064406e-09, 'hidden_layer_sizes': 63, 'learning_rate_init': 0.0003354346459927578, 'tol': 6.638792676002358e-05, 'validation_fraction': 0.5580696521798215}
observation time 0.000006, current best 28863.821988 at iter 2
Failure in optimizer suggest. Falling back to random search.
name 'activ' is not defined
Traceback (most recent call last):
  File "/home/ryedida/.local/lib/python3.9/site-packages/bayesmark/experiment.py", line 126, in run_study
    next_points = optimizer.suggest(n_suggestions)
  File "/home/ryedida/bbo_challenge_starter_kit/example_submissions/smoothness/optimizer.py", line 105, in suggest
    betas = [self._get_smoothness_reg(guess) for guess in guesses]
  File "/home/ryedida/bbo_challenge_starter_kit/example_submissions/smoothness/optimizer.py", line 105, in <listcomp>
    betas = [self._get_smoothness_reg(guess) for guess in guesses]
  File "/home/ryedida/bbo_challenge_starter_kit/example_submissions/smoothness/optimizer.py", line 48, in _get_smoothness_reg
    if activ > Kz:
NameError: name 'activ' is not defined
suggestion time taken 0.328617 iter 3 next_points [{'alpha': 0.07110432902742146, 'batch_size': 167, 'beta_1': 0.7595269435652239, 'beta_2': 0.9999525578837375, 'epsilon': 4.398291692970847e-09, 'hidden_layer_sizes': 127, 'learning_rate_init': 0.003545526347657161, 'tol': 0.00017075161053785475, 'validation_fraction': 0.7803394474687337}]
/home/ryedida/.local/lib/python3.9/site-packages/sklearn/neural_network/_multilayer_perceptron.py:605: UserWarning: Got `batch_size` less than 1 or larger than sample size. It is going to be clipped
  warnings.warn(

/home/ryedida/.local/lib/python3.9/site-packages/sklearn/neural_network/_multilayer_perceptron.py:686: ConvergenceWarning: Stochastic Optimizer: Maximum iterations (200) reached and the optimization hasn't converged yet.
  warnings.warn(

function_evaluation time 0.707415 value 12766.769477 suggestion {'alpha': 0.07110432902742146, 'batch_size': 167, 'beta_1': 0.7595269435652239, 'beta_2': 0.9999525578837375, 'epsilon': 4.398291692970847e-09, 'hidden_layer_sizes': 127, 'learning_rate_init': 0.003545526347657161, 'tol': 0.00017075161053785475, 'validation_fraction': 0.7803394474687337}
observation time 0.000005, current best 12766.769477 at iter 3
Failure in optimizer suggest. Falling back to random search.
name 'activ' is not defined
Traceback (most recent call last):
  File "/home/ryedida/.local/lib/python3.9/site-packages/bayesmark/experiment.py", line 126, in run_study
    next_points = optimizer.suggest(n_suggestions)
  File "/home/ryedida/bbo_challenge_starter_kit/example_submissions/smoothness/optimizer.py", line 105, in suggest
    betas = [self._get_smoothness_reg(guess) for guess in guesses]
  File "/home/ryedida/bbo_challenge_starter_kit/example_submissions/smoothness/optimizer.py", line 105, in <listcomp>
    betas = [self._get_smoothness_reg(guess) for guess in guesses]
  File "/home/ryedida/bbo_challenge_starter_kit/example_submissions/smoothness/optimizer.py", line 48, in _get_smoothness_reg
    if activ > Kz:
NameError: name 'activ' is not defined
suggestion time taken 0.343415 iter 4 next_points [{'alpha': 0.4254480287445301, 'batch_size': 196, 'beta_1': 0.8331713556185245, 'beta_2': 0.9164556266906791, 'epsilon': 1.538890352595701e-07, 'hidden_layer_sizes': 77, 'learning_rate_init': 0.0007255507262208352, 'tol': 6.222268898088011e-05, 'validation_fraction': 0.7519263883329538}]
/home/ryedida/.local/lib/python3.9/site-packages/sklearn/neural_network/_multilayer_perceptron.py:605: UserWarning: Got `batch_size` less than 1 or larger than sample size. It is going to be clipped
  warnings.warn(

/home/ryedida/.local/lib/python3.9/site-packages/sklearn/neural_network/_multilayer_perceptron.py:686: ConvergenceWarning: Stochastic Optimizer: Maximum iterations (200) reached and the optimization hasn't converged yet.
  warnings.warn(

function_evaluation time 0.628170 value 28550.095467 suggestion {'alpha': 0.4254480287445301, 'batch_size': 196, 'beta_1': 0.8331713556185245, 'beta_2': 0.9164556266906791, 'epsilon': 1.538890352595701e-07, 'hidden_layer_sizes': 77, 'learning_rate_init': 0.0007255507262208352, 'tol': 6.222268898088011e-05, 'validation_fraction': 0.7519263883329538}
observation time 0.000004, current best 12766.769477 at iter 4
Failure in optimizer suggest. Falling back to random search.
name 'activ' is not defined
Traceback (most recent call last):
  File "/home/ryedida/.local/lib/python3.9/site-packages/bayesmark/experiment.py", line 126, in run_study
    next_points = optimizer.suggest(n_suggestions)
  File "/home/ryedida/bbo_challenge_starter_kit/example_submissions/smoothness/optimizer.py", line 105, in suggest
    betas = [self._get_smoothness_reg(guess) for guess in guesses]
  File "/home/ryedida/bbo_challenge_starter_kit/example_submissions/smoothness/optimizer.py", line 105, in <listcomp>
    betas = [self._get_smoothness_reg(guess) for guess in guesses]
  File "/home/ryedida/bbo_challenge_starter_kit/example_submissions/smoothness/optimizer.py", line 48, in _get_smoothness_reg
    if activ > Kz:
NameError: name 'activ' is not defined
suggestion time taken 0.329256 iter 5 next_points [{'alpha': 0.0022205686021818834, 'batch_size': 198, 'beta_1': 0.8873782380621307, 'beta_2': 0.9183182479307703, 'epsilon': 4.5759228348000475e-08, 'hidden_layer_sizes': 191, 'learning_rate_init': 0.0010341111183112962, 'tol': 1.2437924921876979e-05, 'validation_fraction': 0.7708346341971535}]
/home/ryedida/.local/lib/python3.9/site-packages/sklearn/neural_network/_multilayer_perceptron.py:605: UserWarning: Got `batch_size` less than 1 or larger than sample size. It is going to be clipped
  warnings.warn(

/home/ryedida/.local/lib/python3.9/site-packages/sklearn/neural_network/_multilayer_perceptron.py:686: ConvergenceWarning: Stochastic Optimizer: Maximum iterations (200) reached and the optimization hasn't converged yet.
  warnings.warn(

function_evaluation time 0.817435 value 27435.085949 suggestion {'alpha': 0.0022205686021818834, 'batch_size': 198, 'beta_1': 0.8873782380621307, 'beta_2': 0.9183182479307703, 'epsilon': 4.5759228348000475e-08, 'hidden_layer_sizes': 191, 'learning_rate_init': 0.0010341111183112962, 'tol': 1.2437924921876979e-05, 'validation_fraction': 0.7708346341971535}
observation time 0.000005, current best 12766.769477 at iter 5
Failure in optimizer suggest. Falling back to random search.
name 'activ' is not defined
Traceback (most recent call last):
  File "/home/ryedida/.local/lib/python3.9/site-packages/bayesmark/experiment.py", line 126, in run_study
    next_points = optimizer.suggest(n_suggestions)
  File "/home/ryedida/bbo_challenge_starter_kit/example_submissions/smoothness/optimizer.py", line 105, in suggest
    betas = [self._get_smoothness_reg(guess) for guess in guesses]
  File "/home/ryedida/bbo_challenge_starter_kit/example_submissions/smoothness/optimizer.py", line 105, in <listcomp>
    betas = [self._get_smoothness_reg(guess) for guess in guesses]
  File "/home/ryedida/bbo_challenge_starter_kit/example_submissions/smoothness/optimizer.py", line 48, in _get_smoothness_reg
    if activ > Kz:
NameError: name 'activ' is not defined
suggestion time taken 0.328409 iter 6 next_points [{'alpha': 0.00162979960664614, 'batch_size': 82, 'beta_1': 0.9803868442988478, 'beta_2': 0.9990170672878449, 'epsilon': 2.4505777969809185e-08, 'hidden_layer_sizes': 180, 'learning_rate_init': 0.0073372369386560665, 'tol': 0.002139003956533097, 'validation_fraction': 0.3485058887796197}]
function_evaluation time 0.582620 value 4074.067926 suggestion {'alpha': 0.00162979960664614, 'batch_size': 82, 'beta_1': 0.9803868442988478, 'beta_2': 0.9990170672878449, 'epsilon': 2.4505777969809185e-08, 'hidden_layer_sizes': 180, 'learning_rate_init': 0.0073372369386560665, 'tol': 0.002139003956533097, 'validation_fraction': 0.3485058887796197}
observation time 0.000005, current best 4074.067926 at iter 6
Failure in optimizer suggest. Falling back to random search.
name 'activ' is not defined
Traceback (most recent call last):
  File "/home/ryedida/.local/lib/python3.9/site-packages/bayesmark/experiment.py", line 126, in run_study
    next_points = optimizer.suggest(n_suggestions)
  File "/home/ryedida/bbo_challenge_starter_kit/example_submissions/smoothness/optimizer.py", line 105, in suggest
    betas = [self._get_smoothness_reg(guess) for guess in guesses]
  File "/home/ryedida/bbo_challenge_starter_kit/example_submissions/smoothness/optimizer.py", line 105, in <listcomp>
    betas = [self._get_smoothness_reg(guess) for guess in guesses]
  File "/home/ryedida/bbo_challenge_starter_kit/example_submissions/smoothness/optimizer.py", line 48, in _get_smoothness_reg
    if activ > Kz:
NameError: name 'activ' is not defined
suggestion time taken 0.460098 iter 7 next_points [{'alpha': 0.00012843746678109375, 'batch_size': 25, 'beta_1': 0.7170392240391323, 'beta_2': 0.9684782291009081, 'epsilon': 3.752475880992539e-08, 'hidden_layer_sizes': 113, 'learning_rate_init': 0.002456543684888597, 'tol': 4.802185080959107e-05, 'validation_fraction': 0.545797765493664}]
/home/ryedida/.local/lib/python3.9/site-packages/sklearn/neural_network/_multilayer_perceptron.py:686: ConvergenceWarning: Stochastic Optimizer: Maximum iterations (200) reached and the optimization hasn't converged yet.
  warnings.warn(

function_evaluation time 1.681977 value 3644.952597 suggestion {'alpha': 0.00012843746678109375, 'batch_size': 25, 'beta_1': 0.7170392240391323, 'beta_2': 0.9684782291009081, 'epsilon': 3.752475880992539e-08, 'hidden_layer_sizes': 113, 'learning_rate_init': 0.002456543684888597, 'tol': 4.802185080959107e-05, 'validation_fraction': 0.545797765493664}
observation time 0.000006, current best 3644.952597 at iter 7
Failure in optimizer suggest. Falling back to random search.
name 'activ' is not defined
Traceback (most recent call last):
  File "/home/ryedida/.local/lib/python3.9/site-packages/bayesmark/experiment.py", line 126, in run_study
    next_points = optimizer.suggest(n_suggestions)
  File "/home/ryedida/bbo_challenge_starter_kit/example_submissions/smoothness/optimizer.py", line 105, in suggest
    betas = [self._get_smoothness_reg(guess) for guess in guesses]
  File "/home/ryedida/bbo_challenge_starter_kit/example_submissions/smoothness/optimizer.py", line 105, in <listcomp>
    betas = [self._get_smoothness_reg(guess) for guess in guesses]
  File "/home/ryedida/bbo_challenge_starter_kit/example_submissions/smoothness/optimizer.py", line 48, in _get_smoothness_reg
    if activ > Kz:
NameError: name 'activ' is not defined
suggestion time taken 0.322620 iter 8 next_points [{'alpha': 0.785464901870458, 'batch_size': 236, 'beta_1': 0.9806905348830641, 'beta_2': 0.9987212825707166, 'epsilon': 4.1068165463765356e-09, 'hidden_layer_sizes': 198, 'learning_rate_init': 2.427913822081474e-05, 'tol': 3.96189135029112e-05, 'validation_fraction': 0.7590885009293965}]
/home/ryedida/.local/lib/python3.9/site-packages/sklearn/neural_network/_multilayer_perceptron.py:605: UserWarning: Got `batch_size` less than 1 or larger than sample size. It is going to be clipped
  warnings.warn(

function_evaluation time 0.065868 value 29096.320741 suggestion {'alpha': 0.785464901870458, 'batch_size': 236, 'beta_1': 0.9806905348830641, 'beta_2': 0.9987212825707166, 'epsilon': 4.1068165463765356e-09, 'hidden_layer_sizes': 198, 'learning_rate_init': 2.427913822081474e-05, 'tol': 3.96189135029112e-05, 'validation_fraction': 0.7590885009293965}
observation time 0.000005, current best 3644.952597 at iter 8
Failure in optimizer suggest. Falling back to random search.
name 'activ' is not defined
Traceback (most recent call last):
  File "/home/ryedida/.local/lib/python3.9/site-packages/bayesmark/experiment.py", line 126, in run_study
    next_points = optimizer.suggest(n_suggestions)
  File "/home/ryedida/bbo_challenge_starter_kit/example_submissions/smoothness/optimizer.py", line 105, in suggest
    betas = [self._get_smoothness_reg(guess) for guess in guesses]
  File "/home/ryedida/bbo_challenge_starter_kit/example_submissions/smoothness/optimizer.py", line 105, in <listcomp>
    betas = [self._get_smoothness_reg(guess) for guess in guesses]
  File "/home/ryedida/bbo_challenge_starter_kit/example_submissions/smoothness/optimizer.py", line 48, in _get_smoothness_reg
    if activ > Kz:
NameError: name 'activ' is not defined
suggestion time taken 0.311349 iter 9 next_points [{'alpha': 0.005063661574233684, 'batch_size': 123, 'beta_1': 0.9659834966588813, 'beta_2': 0.9924747344905496, 'epsilon': 5.866861367779458e-07, 'hidden_layer_sizes': 88, 'learning_rate_init': 0.029836262832526883, 'tol': 4.817482545893248e-05, 'validation_fraction': 0.19571179295325167}]
function_evaluation time 0.209513 value 4436.948574 suggestion {'alpha': 0.005063661574233684, 'batch_size': 123, 'beta_1': 0.9659834966588813, 'beta_2': 0.9924747344905496, 'epsilon': 5.866861367779458e-07, 'hidden_layer_sizes': 88, 'learning_rate_init': 0.029836262832526883, 'tol': 4.817482545893248e-05, 'validation_fraction': 0.19571179295325167}
observation time 0.000006, current best 3644.952597 at iter 9
Failure in optimizer suggest. Falling back to random search.
name 'activ' is not defined
Traceback (most recent call last):
  File "/home/ryedida/.local/lib/python3.9/site-packages/bayesmark/experiment.py", line 126, in run_study
    next_points = optimizer.suggest(n_suggestions)
  File "/home/ryedida/bbo_challenge_starter_kit/example_submissions/smoothness/optimizer.py", line 105, in suggest
    betas = [self._get_smoothness_reg(guess) for guess in guesses]
  File "/home/ryedida/bbo_challenge_starter_kit/example_submissions/smoothness/optimizer.py", line 105, in <listcomp>
    betas = [self._get_smoothness_reg(guess) for guess in guesses]
  File "/home/ryedida/bbo_challenge_starter_kit/example_submissions/smoothness/optimizer.py", line 48, in _get_smoothness_reg
    if activ > Kz:
NameError: name 'activ' is not defined
suggestion time taken 0.318801 iter 10 next_points [{'alpha': 0.00011543398912518655, 'batch_size': 80, 'beta_1': 0.9352600407661561, 'beta_2': 0.9991695677629227, 'epsilon': 1.905717668652151e-08, 'hidden_layer_sizes': 183, 'learning_rate_init': 0.0007705213052641448, 'tol': 0.014790839405779051, 'validation_fraction': 0.1449619086468807}]
function_evaluation time 0.120692 value 28930.423334 suggestion {'alpha': 0.00011543398912518655, 'batch_size': 80, 'beta_1': 0.9352600407661561, 'beta_2': 0.9991695677629227, 'epsilon': 1.905717668652151e-08, 'hidden_layer_sizes': 183, 'learning_rate_init': 0.0007705213052641448, 'tol': 0.014790839405779051, 'validation_fraction': 0.1449619086468807}
observation time 0.000005, current best 3644.952597 at iter 10
Failure in optimizer suggest. Falling back to random search.
name 'activ' is not defined
Traceback (most recent call last):
  File "/home/ryedida/.local/lib/python3.9/site-packages/bayesmark/experiment.py", line 126, in run_study
    next_points = optimizer.suggest(n_suggestions)
  File "/home/ryedida/bbo_challenge_starter_kit/example_submissions/smoothness/optimizer.py", line 105, in suggest
    betas = [self._get_smoothness_reg(guess) for guess in guesses]
  File "/home/ryedida/bbo_challenge_starter_kit/example_submissions/smoothness/optimizer.py", line 105, in <listcomp>
    betas = [self._get_smoothness_reg(guess) for guess in guesses]
  File "/home/ryedida/bbo_challenge_starter_kit/example_submissions/smoothness/optimizer.py", line 48, in _get_smoothness_reg
    if activ > Kz:
NameError: name 'activ' is not defined
suggestion time taken 0.319265 iter 11 next_points [{'alpha': 0.016258971092696983, 'batch_size': 151, 'beta_1': 0.9848126164865783, 'beta_2': 0.9999134579348682, 'epsilon': 4.6499808564141695e-08, 'hidden_layer_sizes': 109, 'learning_rate_init': 0.000161631042037916, 'tol': 0.00034971690479905043, 'validation_fraction': 0.4267674148081648}]
function_evaluation time 0.071005 value 29143.694448 suggestion {'alpha': 0.016258971092696983, 'batch_size': 151, 'beta_1': 0.9848126164865783, 'beta_2': 0.9999134579348682, 'epsilon': 4.6499808564141695e-08, 'hidden_layer_sizes': 109, 'learning_rate_init': 0.000161631042037916, 'tol': 0.00034971690479905043, 'validation_fraction': 0.4267674148081648}
observation time 0.000005, current best 3644.952597 at iter 11
Failure in optimizer suggest. Falling back to random search.
name 'activ' is not defined
Traceback (most recent call last):
  File "/home/ryedida/.local/lib/python3.9/site-packages/bayesmark/experiment.py", line 126, in run_study
    next_points = optimizer.suggest(n_suggestions)
  File "/home/ryedida/bbo_challenge_starter_kit/example_submissions/smoothness/optimizer.py", line 105, in suggest
    betas = [self._get_smoothness_reg(guess) for guess in guesses]
  File "/home/ryedida/bbo_challenge_starter_kit/example_submissions/smoothness/optimizer.py", line 105, in <listcomp>
    betas = [self._get_smoothness_reg(guess) for guess in guesses]
  File "/home/ryedida/bbo_challenge_starter_kit/example_submissions/smoothness/optimizer.py", line 48, in _get_smoothness_reg
    if activ > Kz:
NameError: name 'activ' is not defined
suggestion time taken 0.324508 iter 12 next_points [{'alpha': 0.0050936760004917725, 'batch_size': 240, 'beta_1': 0.9493002217314219, 'beta_2': 0.9999988203076754, 'epsilon': 2.207198337032067e-09, 'hidden_layer_sizes': 125, 'learning_rate_init': 0.07246731248044884, 'tol': 0.001760309963218816, 'validation_fraction': 0.8464978704371516}]
/home/ryedida/.local/lib/python3.9/site-packages/sklearn/neural_network/_multilayer_perceptron.py:605: UserWarning: Got `batch_size` less than 1 or larger than sample size. It is going to be clipped
  warnings.warn(

function_evaluation time 0.135750 value 4147.277194 suggestion {'alpha': 0.0050936760004917725, 'batch_size': 240, 'beta_1': 0.9493002217314219, 'beta_2': 0.9999988203076754, 'epsilon': 2.207198337032067e-09, 'hidden_layer_sizes': 125, 'learning_rate_init': 0.07246731248044884, 'tol': 0.001760309963218816, 'validation_fraction': 0.8464978704371516}
observation time 0.000006, current best 3644.952597 at iter 12
Failure in optimizer suggest. Falling back to random search.
name 'activ' is not defined
Traceback (most recent call last):
  File "/home/ryedida/.local/lib/python3.9/site-packages/bayesmark/experiment.py", line 126, in run_study
    next_points = optimizer.suggest(n_suggestions)
  File "/home/ryedida/bbo_challenge_starter_kit/example_submissions/smoothness/optimizer.py", line 105, in suggest
    betas = [self._get_smoothness_reg(guess) for guess in guesses]
  File "/home/ryedida/bbo_challenge_starter_kit/example_submissions/smoothness/optimizer.py", line 105, in <listcomp>
    betas = [self._get_smoothness_reg(guess) for guess in guesses]
  File "/home/ryedida/bbo_challenge_starter_kit/example_submissions/smoothness/optimizer.py", line 48, in _get_smoothness_reg
    if activ > Kz:
NameError: name 'activ' is not defined
suggestion time taken 0.339659 iter 13 next_points [{'alpha': 0.012734301399595945, 'batch_size': 148, 'beta_1': 0.8212682575028746, 'beta_2': 0.9928471179005484, 'epsilon': 8.338624612704254e-08, 'hidden_layer_sizes': 180, 'learning_rate_init': 0.0061174384986161685, 'tol': 0.031952446065239073, 'validation_fraction': 0.2476597035664984}]
function_evaluation time 0.090024 value 27938.648008 suggestion {'alpha': 0.012734301399595945, 'batch_size': 148, 'beta_1': 0.8212682575028746, 'beta_2': 0.9928471179005484, 'epsilon': 8.338624612704254e-08, 'hidden_layer_sizes': 180, 'learning_rate_init': 0.0061174384986161685, 'tol': 0.031952446065239073, 'validation_fraction': 0.2476597035664984}
observation time 0.000005, current best 3644.952597 at iter 13
Failure in optimizer suggest. Falling back to random search.
name 'activ' is not defined
Traceback (most recent call last):
  File "/home/ryedida/.local/lib/python3.9/site-packages/bayesmark/experiment.py", line 126, in run_study
    next_points = optimizer.suggest(n_suggestions)
  File "/home/ryedida/bbo_challenge_starter_kit/example_submissions/smoothness/optimizer.py", line 105, in suggest
    betas = [self._get_smoothness_reg(guess) for guess in guesses]
  File "/home/ryedida/bbo_challenge_starter_kit/example_submissions/smoothness/optimizer.py", line 105, in <listcomp>
    betas = [self._get_smoothness_reg(guess) for guess in guesses]
  File "/home/ryedida/bbo_challenge_starter_kit/example_submissions/smoothness/optimizer.py", line 48, in _get_smoothness_reg
    if activ > Kz:
NameError: name 'activ' is not defined
suggestion time taken 0.325071 iter 14 next_points [{'alpha': 0.2649417888075463, 'batch_size': 120, 'beta_1': 0.9411556211539465, 'beta_2': 0.9473427590342177, 'epsilon': 1.7472318941072958e-07, 'hidden_layer_sizes': 166, 'learning_rate_init': 0.00018602519201787874, 'tol': 0.0002838926469494597, 'validation_fraction': 0.8282881405975091}]
/home/ryedida/.local/lib/python3.9/site-packages/sklearn/neural_network/_multilayer_perceptron.py:605: UserWarning: Got `batch_size` less than 1 or larger than sample size. It is going to be clipped
  warnings.warn(

function_evaluation time 0.055086 value 29098.478089 suggestion {'alpha': 0.2649417888075463, 'batch_size': 120, 'beta_1': 0.9411556211539465, 'beta_2': 0.9473427590342177, 'epsilon': 1.7472318941072958e-07, 'hidden_layer_sizes': 166, 'learning_rate_init': 0.00018602519201787874, 'tol': 0.0002838926469494597, 'validation_fraction': 0.8282881405975091}
observation time 0.000005, current best 3644.952597 at iter 14
saving meta data: {'args': {'--uuid': '9725076505b85aa68edef05ad37d38aa', '-db-root': '/home/ryedida/bbo_challenge_starter_kit/output', '--opt-root': '/home/ryedida/bbo_challenge_starter_kit/example_submissions', '--data-root': None, '--db': 'run_20230425_034200', '--opt': 'smoothness', '--data': 'diabetes', '--classifier': 'MLP-adam', '--metric': 'mse', '--calls': 15, '--suggestions': 1, '--jobs-file': None, '--verbose': False, 'dry_run': False, 'rev': 'a376313', 'opt_rev': 'x.x.x'}, 'signature': ([{'alpha': 0.019628224813442792, 'batch_size': 182, 'beta_1': 0.9410202200271762, 'beta_2': 0.9998021557676793, 'epsilon': 1.8662266976518e-08, 'hidden_layer_sizes': 147, 'learning_rate_init': 0.0005627932047415167, 'tol': 0.03690557729213761, 'validation_fraction': 0.8846827852548593}, {'alpha': 0.0019982467392329444, 'batch_size': 200, 'beta_1': 0.919111482530466, 'beta_2': 0.9998488260436156, 'epsilon': 5.981221901152555e-07, 'hidden_layer_sizes': 61, 'learning_rate_init': 2.2310905607443014e-05, 'tol': 1.2046852412030316e-05, 'validation_fraction': 0.8117896445826539}, {'alpha': 0.46659545670218433, 'batch_size': 219, 'beta_1': 0.9889789783750891, 'beta_2': 0.9999896868093284, 'epsilon': 2.4234724484675948e-08, 'hidden_layer_sizes': 167, 'learning_rate_init': 2.972334644335654e-05, 'tol': 0.0036281404040243792, 'validation_fraction': 0.17260651658522078}, {'alpha': 4.656005689076002, 'batch_size': 135, 'beta_1': 0.870503881627747, 'beta_2': 0.9948873266941017, 'epsilon': 2.1023308743480125e-07, 'hidden_layer_sizes': 118, 'learning_rate_init': 0.0018781738757161913, 'tol': 1.1889379831773004e-05, 'validation_fraction': 0.6264327093752792}, {'alpha': 0.04705159350400542, 'batch_size': 158, 'beta_1': 0.9870884262730957, 'beta_2': 0.9999596874382349, 'epsilon': 1.1981845126013875e-08, 'hidden_layer_sizes': 116, 'learning_rate_init': 0.00617340520407431, 'tol': 1.741413418158619e-05, 'validation_fraction': 0.6754299026638921}], [29083.993548572587, 29062.423277324073, 29075.78987471409, 24626.32866834337, 9584.226858493177])}
saving results
saving timing
saving suggest log
done
