running: {'--uuid': '97c3e113718d5883882ae3a5b8256f1b', '-db-root': '/home/ryedida/bbo_challenge_starter_kit/output', '--opt-root': '/home/ryedida/bbo_challenge_starter_kit/example_submissions', '--data-root': None, '--db': 'run_20230425_034200', '--opt': 'smoothness', '--data': 'diabetes', '--classifier': 'MLP-adam', '--metric': 'mae', '--calls': 15, '--suggestions': 1, '--jobs-file': None, '--verbose': False, 'dry_run': False, 'rev': 'a376313', 'opt_rev': 'x.x.x'}
cmd: python smoothness/optimizer.py -c MLP-adam -d diabetes -o smoothness -u 97c3e113718d5883882ae3a5b8256f1b -m mae -n 15 -p 1 -dir /home/ryedida/bbo_challenge_starter_kit/output -b run_20230425_034200
/home/ryedida/.local/lib/python3.9/site-packages/sklearn/neural_network/_multilayer_perceptron.py:605: UserWarning: Got `batch_size` less than 1 or larger than sample size. It is going to be clipped
  warnings.warn(

/home/ryedida/.local/lib/python3.9/site-packages/sklearn/neural_network/_multilayer_perceptron.py:605: UserWarning: Got `batch_size` less than 1 or larger than sample size. It is going to be clipped
  warnings.warn(

/home/ryedida/.local/lib/python3.9/site-packages/sklearn/neural_network/_multilayer_perceptron.py:605: UserWarning: Got `batch_size` less than 1 or larger than sample size. It is going to be clipped
  warnings.warn(

/home/ryedida/.local/lib/python3.9/site-packages/sklearn/neural_network/_multilayer_perceptron.py:686: ConvergenceWarning: Stochastic Optimizer: Maximum iterations (200) reached and the optimization hasn't converged yet.
  warnings.warn(

/home/ryedida/.local/lib/python3.9/site-packages/sklearn/neural_network/_multilayer_perceptron.py:605: UserWarning: Got `batch_size` less than 1 or larger than sample size. It is going to be clipped
  warnings.warn(

/home/ryedida/.local/lib/python3.9/site-packages/sklearn/neural_network/_multilayer_perceptron.py:686: ConvergenceWarning: Stochastic Optimizer: Maximum iterations (200) reached and the optimization hasn't converged yet.
  warnings.warn(

computed signature: ([{'alpha': 0.019628224813442792, 'batch_size': 182, 'beta_1': 0.9410202200271762, 'beta_2': 0.9998021557676793, 'epsilon': 1.8662266976518e-08, 'hidden_layer_sizes': 147, 'learning_rate_init': 0.0005627932047415167, 'tol': 0.03690557729213761, 'validation_fraction': 0.8846827852548593}, {'alpha': 0.0019982467392329444, 'batch_size': 200, 'beta_1': 0.919111482530466, 'beta_2': 0.9998488260436156, 'epsilon': 5.981221901152555e-07, 'hidden_layer_sizes': 61, 'learning_rate_init': 2.2310905607443014e-05, 'tol': 1.2046852412030316e-05, 'validation_fraction': 0.8117896445826539}, {'alpha': 0.46659545670218433, 'batch_size': 219, 'beta_1': 0.9889789783750891, 'beta_2': 0.9999896868093284, 'epsilon': 2.4234724484675948e-08, 'hidden_layer_sizes': 167, 'learning_rate_init': 2.972334644335654e-05, 'tol': 0.0036281404040243792, 'validation_fraction': 0.17260651658522078}, {'alpha': 4.656005689076002, 'batch_size': 135, 'beta_1': 0.870503881627747, 'beta_2': 0.9948873266941017, 'epsilon': 2.1023308743480125e-07, 'hidden_layer_sizes': 118, 'learning_rate_init': 0.0018781738757161913, 'tol': 1.1889379831773004e-05, 'validation_fraction': 0.6264327093752792}, {'alpha': 0.04705159350400542, 'batch_size': 158, 'beta_1': 0.9870884262730957, 'beta_2': 0.9999596874382349, 'epsilon': 1.1981845126013875e-08, 'hidden_layer_sizes': 116, 'learning_rate_init': 0.00617340520407431, 'tol': 1.741413418158619e-05, 'validation_fraction': 0.6754299026638921}], [151.4971925380264, 151.42763539278994, 151.47026299046811, 136.86202504264318, 75.2055865763391])
Signature errors:
                                  0             1             2         3         4       max
MLP-adam_diabetes_mae  1.919244e-08  6.198704e-08  7.624578e-09  0.000007  0.000034  0.000034
max                    1.919244e-08  6.198704e-08  7.624578e-09  0.000007  0.000034  0.000034
starting sklearn study smoothness MLP-adam diabetes mae 15 1
with data root: None
Failure in optimizer suggest. Falling back to random search.
name 'activ' is not defined
Traceback (most recent call last):
  File "/home/ryedida/.local/lib/python3.9/site-packages/bayesmark/experiment.py", line 126, in run_study
    next_points = optimizer.suggest(n_suggestions)
  File "/home/ryedida/bbo_challenge_starter_kit/example_submissions/smoothness/optimizer.py", line 105, in suggest
    betas = [self._get_smoothness_reg(guess) for guess in guesses]
  File "/home/ryedida/bbo_challenge_starter_kit/example_submissions/smoothness/optimizer.py", line 105, in <listcomp>
    betas = [self._get_smoothness_reg(guess) for guess in guesses]
  File "/home/ryedida/bbo_challenge_starter_kit/example_submissions/smoothness/optimizer.py", line 48, in _get_smoothness_reg
    if activ > Kz:
NameError: name 'activ' is not defined
suggestion time taken 0.499426 iter 0 next_points [{'alpha': 0.017987649928692492, 'batch_size': 47, 'beta_1': 0.9891881282354142, 'beta_2': 0.995414349487312, 'epsilon': 6.621383324811819e-08, 'hidden_layer_sizes': 199, 'learning_rate_init': 0.00033625287258689233, 'tol': 0.004804376099667869, 'validation_fraction': 0.2467929837415759}]
function_evaluation time 0.133307 value 151.147158 suggestion {'alpha': 0.017987649928692492, 'batch_size': 47, 'beta_1': 0.9891881282354142, 'beta_2': 0.995414349487312, 'epsilon': 6.621383324811819e-08, 'hidden_layer_sizes': 199, 'learning_rate_init': 0.00033625287258689233, 'tol': 0.004804376099667869, 'validation_fraction': 0.2467929837415759}
observation time 0.000006, current best 151.147158 at iter 0
Failure in optimizer suggest. Falling back to random search.
name 'activ' is not defined
Traceback (most recent call last):
  File "/home/ryedida/.local/lib/python3.9/site-packages/bayesmark/experiment.py", line 126, in run_study
    next_points = optimizer.suggest(n_suggestions)
  File "/home/ryedida/bbo_challenge_starter_kit/example_submissions/smoothness/optimizer.py", line 105, in suggest
    betas = [self._get_smoothness_reg(guess) for guess in guesses]
  File "/home/ryedida/bbo_challenge_starter_kit/example_submissions/smoothness/optimizer.py", line 105, in <listcomp>
    betas = [self._get_smoothness_reg(guess) for guess in guesses]
  File "/home/ryedida/bbo_challenge_starter_kit/example_submissions/smoothness/optimizer.py", line 48, in _get_smoothness_reg
    if activ > Kz:
NameError: name 'activ' is not defined
suggestion time taken 0.342375 iter 1 next_points [{'alpha': 0.0002640458866623285, 'batch_size': 173, 'beta_1': 0.8380599709370464, 'beta_2': 0.9999570780995147, 'epsilon': 1.3559419013973548e-08, 'hidden_layer_sizes': 82, 'learning_rate_init': 0.00736129465902234, 'tol': 0.08485030866676666, 'validation_fraction': 0.8262286737965218}]
/home/ryedida/.local/lib/python3.9/site-packages/sklearn/neural_network/_multilayer_perceptron.py:605: UserWarning: Got `batch_size` less than 1 or larger than sample size. It is going to be clipped
  warnings.warn(

function_evaluation time 0.046947 value 150.410468 suggestion {'alpha': 0.0002640458866623285, 'batch_size': 173, 'beta_1': 0.8380599709370464, 'beta_2': 0.9999570780995147, 'epsilon': 1.3559419013973548e-08, 'hidden_layer_sizes': 82, 'learning_rate_init': 0.00736129465902234, 'tol': 0.08485030866676666, 'validation_fraction': 0.8262286737965218}
observation time 0.000005, current best 150.410468 at iter 1
Failure in optimizer suggest. Falling back to random search.
name 'activ' is not defined
Traceback (most recent call last):
  File "/home/ryedida/.local/lib/python3.9/site-packages/bayesmark/experiment.py", line 126, in run_study
    next_points = optimizer.suggest(n_suggestions)
  File "/home/ryedida/bbo_challenge_starter_kit/example_submissions/smoothness/optimizer.py", line 105, in suggest
    betas = [self._get_smoothness_reg(guess) for guess in guesses]
  File "/home/ryedida/bbo_challenge_starter_kit/example_submissions/smoothness/optimizer.py", line 105, in <listcomp>
    betas = [self._get_smoothness_reg(guess) for guess in guesses]
  File "/home/ryedida/bbo_challenge_starter_kit/example_submissions/smoothness/optimizer.py", line 48, in _get_smoothness_reg
    if activ > Kz:
NameError: name 'activ' is not defined
suggestion time taken 0.325125 iter 2 next_points [{'alpha': 1.003477588172031, 'batch_size': 17, 'beta_1': 0.8478042767621897, 'beta_2': 0.9964386963686015, 'epsilon': 2.5572442936017498e-08, 'hidden_layer_sizes': 54, 'learning_rate_init': 0.005400199177501976, 'tol': 0.00015078916931494124, 'validation_fraction': 0.44532297933990217}]
/home/ryedida/.local/lib/python3.9/site-packages/sklearn/neural_network/_multilayer_perceptron.py:686: ConvergenceWarning: Stochastic Optimizer: Maximum iterations (200) reached and the optimization hasn't converged yet.
  warnings.warn(

function_evaluation time 1.463529 value 45.556834 suggestion {'alpha': 1.003477588172031, 'batch_size': 17, 'beta_1': 0.8478042767621897, 'beta_2': 0.9964386963686015, 'epsilon': 2.5572442936017498e-08, 'hidden_layer_sizes': 54, 'learning_rate_init': 0.005400199177501976, 'tol': 0.00015078916931494124, 'validation_fraction': 0.44532297933990217}
observation time 0.000005, current best 45.556834 at iter 2
Failure in optimizer suggest. Falling back to random search.
name 'activ' is not defined
Traceback (most recent call last):
  File "/home/ryedida/.local/lib/python3.9/site-packages/bayesmark/experiment.py", line 126, in run_study
    next_points = optimizer.suggest(n_suggestions)
  File "/home/ryedida/bbo_challenge_starter_kit/example_submissions/smoothness/optimizer.py", line 105, in suggest
    betas = [self._get_smoothness_reg(guess) for guess in guesses]
  File "/home/ryedida/bbo_challenge_starter_kit/example_submissions/smoothness/optimizer.py", line 105, in <listcomp>
    betas = [self._get_smoothness_reg(guess) for guess in guesses]
  File "/home/ryedida/bbo_challenge_starter_kit/example_submissions/smoothness/optimizer.py", line 48, in _get_smoothness_reg
    if activ > Kz:
NameError: name 'activ' is not defined
suggestion time taken 0.331923 iter 3 next_points [{'alpha': 0.0006767984409591344, 'batch_size': 234, 'beta_1': 0.9171627978767133, 'beta_2': 0.9831329002902873, 'epsilon': 1.798601243295427e-08, 'hidden_layer_sizes': 58, 'learning_rate_init': 1.922186019234289e-05, 'tol': 6.583643231347312e-05, 'validation_fraction': 0.2712086971028038}]
function_evaluation time 0.052126 value 151.401393 suggestion {'alpha': 0.0006767984409591344, 'batch_size': 234, 'beta_1': 0.9171627978767133, 'beta_2': 0.9831329002902873, 'epsilon': 1.798601243295427e-08, 'hidden_layer_sizes': 58, 'learning_rate_init': 1.922186019234289e-05, 'tol': 6.583643231347312e-05, 'validation_fraction': 0.2712086971028038}
observation time 0.000006, current best 45.556834 at iter 3
Failure in optimizer suggest. Falling back to random search.
name 'activ' is not defined
Traceback (most recent call last):
  File "/home/ryedida/.local/lib/python3.9/site-packages/bayesmark/experiment.py", line 126, in run_study
    next_points = optimizer.suggest(n_suggestions)
  File "/home/ryedida/bbo_challenge_starter_kit/example_submissions/smoothness/optimizer.py", line 105, in suggest
    betas = [self._get_smoothness_reg(guess) for guess in guesses]
  File "/home/ryedida/bbo_challenge_starter_kit/example_submissions/smoothness/optimizer.py", line 105, in <listcomp>
    betas = [self._get_smoothness_reg(guess) for guess in guesses]
  File "/home/ryedida/bbo_challenge_starter_kit/example_submissions/smoothness/optimizer.py", line 48, in _get_smoothness_reg
    if activ > Kz:
NameError: name 'activ' is not defined
suggestion time taken 0.330147 iter 4 next_points [{'alpha': 0.023085978926700366, 'batch_size': 18, 'beta_1': 0.880936917565825, 'beta_2': 0.9999982749724384, 'epsilon': 4.043906877697492e-09, 'hidden_layer_sizes': 89, 'learning_rate_init': 3.327744210274258e-05, 'tol': 0.0017420014745570434, 'validation_fraction': 0.3935583061313967}]
function_evaluation time 0.162451 value 151.548753 suggestion {'alpha': 0.023085978926700366, 'batch_size': 18, 'beta_1': 0.880936917565825, 'beta_2': 0.9999982749724384, 'epsilon': 4.043906877697492e-09, 'hidden_layer_sizes': 89, 'learning_rate_init': 3.327744210274258e-05, 'tol': 0.0017420014745570434, 'validation_fraction': 0.3935583061313967}
observation time 0.000005, current best 45.556834 at iter 4
Failure in optimizer suggest. Falling back to random search.
name 'activ' is not defined
Traceback (most recent call last):
  File "/home/ryedida/.local/lib/python3.9/site-packages/bayesmark/experiment.py", line 126, in run_study
    next_points = optimizer.suggest(n_suggestions)
  File "/home/ryedida/bbo_challenge_starter_kit/example_submissions/smoothness/optimizer.py", line 105, in suggest
    betas = [self._get_smoothness_reg(guess) for guess in guesses]
  File "/home/ryedida/bbo_challenge_starter_kit/example_submissions/smoothness/optimizer.py", line 105, in <listcomp>
    betas = [self._get_smoothness_reg(guess) for guess in guesses]
  File "/home/ryedida/bbo_challenge_starter_kit/example_submissions/smoothness/optimizer.py", line 48, in _get_smoothness_reg
    if activ > Kz:
NameError: name 'activ' is not defined
suggestion time taken 0.327726 iter 5 next_points [{'alpha': 1.0772378733715022, 'batch_size': 121, 'beta_1': 0.5153080879768831, 'beta_2': 0.9999214150272274, 'epsilon': 5.0267453836533456e-08, 'hidden_layer_sizes': 129, 'learning_rate_init': 6.931593807200103e-05, 'tol': 5.2915177451951236e-05, 'validation_fraction': 0.4059140861260356}]
/home/ryedida/.local/lib/python3.9/site-packages/sklearn/neural_network/_multilayer_perceptron.py:686: ConvergenceWarning: Stochastic Optimizer: Maximum iterations (200) reached and the optimization hasn't converged yet.
  warnings.warn(

function_evaluation time 1.093321 value 151.145763 suggestion {'alpha': 1.0772378733715022, 'batch_size': 121, 'beta_1': 0.5153080879768831, 'beta_2': 0.9999214150272274, 'epsilon': 5.0267453836533456e-08, 'hidden_layer_sizes': 129, 'learning_rate_init': 6.931593807200103e-05, 'tol': 5.2915177451951236e-05, 'validation_fraction': 0.4059140861260356}
observation time 0.000005, current best 45.556834 at iter 5
Failure in optimizer suggest. Falling back to random search.
name 'activ' is not defined
Traceback (most recent call last):
  File "/home/ryedida/.local/lib/python3.9/site-packages/bayesmark/experiment.py", line 126, in run_study
    next_points = optimizer.suggest(n_suggestions)
  File "/home/ryedida/bbo_challenge_starter_kit/example_submissions/smoothness/optimizer.py", line 105, in suggest
    betas = [self._get_smoothness_reg(guess) for guess in guesses]
  File "/home/ryedida/bbo_challenge_starter_kit/example_submissions/smoothness/optimizer.py", line 105, in <listcomp>
    betas = [self._get_smoothness_reg(guess) for guess in guesses]
  File "/home/ryedida/bbo_challenge_starter_kit/example_submissions/smoothness/optimizer.py", line 48, in _get_smoothness_reg
    if activ > Kz:
NameError: name 'activ' is not defined
suggestion time taken 0.327441 iter 6 next_points [{'alpha': 0.012440398093248943, 'batch_size': 117, 'beta_1': 0.6621260318968595, 'beta_2': 0.9986603168066233, 'epsilon': 2.146358290624685e-09, 'hidden_layer_sizes': 91, 'learning_rate_init': 6.516697096713919e-05, 'tol': 0.00032597969553465033, 'validation_fraction': 0.8818736135281504}]
/home/ryedida/.local/lib/python3.9/site-packages/sklearn/neural_network/_multilayer_perceptron.py:605: UserWarning: Got `batch_size` less than 1 or larger than sample size. It is going to be clipped
  warnings.warn(

function_evaluation time 0.047025 value 151.520124 suggestion {'alpha': 0.012440398093248943, 'batch_size': 117, 'beta_1': 0.6621260318968595, 'beta_2': 0.9986603168066233, 'epsilon': 2.146358290624685e-09, 'hidden_layer_sizes': 91, 'learning_rate_init': 6.516697096713919e-05, 'tol': 0.00032597969553465033, 'validation_fraction': 0.8818736135281504}
observation time 0.000005, current best 45.556834 at iter 6
Failure in optimizer suggest. Falling back to random search.
name 'activ' is not defined
Traceback (most recent call last):
  File "/home/ryedida/.local/lib/python3.9/site-packages/bayesmark/experiment.py", line 126, in run_study
    next_points = optimizer.suggest(n_suggestions)
  File "/home/ryedida/bbo_challenge_starter_kit/example_submissions/smoothness/optimizer.py", line 105, in suggest
    betas = [self._get_smoothness_reg(guess) for guess in guesses]
  File "/home/ryedida/bbo_challenge_starter_kit/example_submissions/smoothness/optimizer.py", line 105, in <listcomp>
    betas = [self._get_smoothness_reg(guess) for guess in guesses]
  File "/home/ryedida/bbo_challenge_starter_kit/example_submissions/smoothness/optimizer.py", line 48, in _get_smoothness_reg
    if activ > Kz:
NameError: name 'activ' is not defined
suggestion time taken 0.456273 iter 7 next_points [{'alpha': 2.228574172888877, 'batch_size': 86, 'beta_1': 0.9288509900990842, 'beta_2': 0.9995066146610285, 'epsilon': 1.0465813446185482e-07, 'hidden_layer_sizes': 187, 'learning_rate_init': 0.09047565119490115, 'tol': 0.0002721013443581389, 'validation_fraction': 0.8130029454346382}]
/home/ryedida/.local/lib/python3.9/site-packages/sklearn/neural_network/_multilayer_perceptron.py:605: UserWarning: Got `batch_size` less than 1 or larger than sample size. It is going to be clipped
  warnings.warn(

function_evaluation time 0.127461 value 55.263960 suggestion {'alpha': 2.228574172888877, 'batch_size': 86, 'beta_1': 0.9288509900990842, 'beta_2': 0.9995066146610285, 'epsilon': 1.0465813446185482e-07, 'hidden_layer_sizes': 187, 'learning_rate_init': 0.09047565119490115, 'tol': 0.0002721013443581389, 'validation_fraction': 0.8130029454346382}
observation time 0.000005, current best 45.556834 at iter 7
Failure in optimizer suggest. Falling back to random search.
name 'activ' is not defined
Traceback (most recent call last):
  File "/home/ryedida/.local/lib/python3.9/site-packages/bayesmark/experiment.py", line 126, in run_study
    next_points = optimizer.suggest(n_suggestions)
  File "/home/ryedida/bbo_challenge_starter_kit/example_submissions/smoothness/optimizer.py", line 105, in suggest
    betas = [self._get_smoothness_reg(guess) for guess in guesses]
  File "/home/ryedida/bbo_challenge_starter_kit/example_submissions/smoothness/optimizer.py", line 105, in <listcomp>
    betas = [self._get_smoothness_reg(guess) for guess in guesses]
  File "/home/ryedida/bbo_challenge_starter_kit/example_submissions/smoothness/optimizer.py", line 48, in _get_smoothness_reg
    if activ > Kz:
NameError: name 'activ' is not defined
suggestion time taken 0.324300 iter 8 next_points [{'alpha': 0.2435143547634149, 'batch_size': 15, 'beta_1': 0.973754214707871, 'beta_2': 0.9999937493849466, 'epsilon': 7.793879501266483e-09, 'hidden_layer_sizes': 83, 'learning_rate_init': 0.0009939111612243701, 'tol': 0.020366874556662914, 'validation_fraction': 0.8590175803006915}]
function_evaluation time 0.075006 value 151.121146 suggestion {'alpha': 0.2435143547634149, 'batch_size': 15, 'beta_1': 0.973754214707871, 'beta_2': 0.9999937493849466, 'epsilon': 7.793879501266483e-09, 'hidden_layer_sizes': 83, 'learning_rate_init': 0.0009939111612243701, 'tol': 0.020366874556662914, 'validation_fraction': 0.8590175803006915}
observation time 0.000006, current best 45.556834 at iter 8
Failure in optimizer suggest. Falling back to random search.
name 'activ' is not defined
Traceback (most recent call last):
  File "/home/ryedida/.local/lib/python3.9/site-packages/bayesmark/experiment.py", line 126, in run_study
    next_points = optimizer.suggest(n_suggestions)
  File "/home/ryedida/bbo_challenge_starter_kit/example_submissions/smoothness/optimizer.py", line 105, in suggest
    betas = [self._get_smoothness_reg(guess) for guess in guesses]
  File "/home/ryedida/bbo_challenge_starter_kit/example_submissions/smoothness/optimizer.py", line 105, in <listcomp>
    betas = [self._get_smoothness_reg(guess) for guess in guesses]
  File "/home/ryedida/bbo_challenge_starter_kit/example_submissions/smoothness/optimizer.py", line 48, in _get_smoothness_reg
    if activ > Kz:
NameError: name 'activ' is not defined
suggestion time taken 0.328068 iter 9 next_points [{'alpha': 0.003025808715653934, 'batch_size': 172, 'beta_1': 0.9236466445086108, 'beta_2': 0.9969398080046931, 'epsilon': 1.1347851209996568e-09, 'hidden_layer_sizes': 54, 'learning_rate_init': 0.00014444681430485389, 'tol': 2.828572193246237e-05, 'validation_fraction': 0.2718294951364852}]
/home/ryedida/.local/lib/python3.9/site-packages/sklearn/neural_network/_multilayer_perceptron.py:686: ConvergenceWarning: Stochastic Optimizer: Maximum iterations (200) reached and the optimization hasn't converged yet.
  warnings.warn(

function_evaluation time 0.843100 value 150.890046 suggestion {'alpha': 0.003025808715653934, 'batch_size': 172, 'beta_1': 0.9236466445086108, 'beta_2': 0.9969398080046931, 'epsilon': 1.1347851209996568e-09, 'hidden_layer_sizes': 54, 'learning_rate_init': 0.00014444681430485389, 'tol': 2.828572193246237e-05, 'validation_fraction': 0.2718294951364852}
observation time 0.000006, current best 45.556834 at iter 9
Failure in optimizer suggest. Falling back to random search.
name 'activ' is not defined
Traceback (most recent call last):
  File "/home/ryedida/.local/lib/python3.9/site-packages/bayesmark/experiment.py", line 126, in run_study
    next_points = optimizer.suggest(n_suggestions)
  File "/home/ryedida/bbo_challenge_starter_kit/example_submissions/smoothness/optimizer.py", line 105, in suggest
    betas = [self._get_smoothness_reg(guess) for guess in guesses]
  File "/home/ryedida/bbo_challenge_starter_kit/example_submissions/smoothness/optimizer.py", line 105, in <listcomp>
    betas = [self._get_smoothness_reg(guess) for guess in guesses]
  File "/home/ryedida/bbo_challenge_starter_kit/example_submissions/smoothness/optimizer.py", line 48, in _get_smoothness_reg
    if activ > Kz:
NameError: name 'activ' is not defined
suggestion time taken 0.322525 iter 10 next_points [{'alpha': 0.008517833214890696, 'batch_size': 38, 'beta_1': 0.6153416712468053, 'beta_2': 0.9898198333781631, 'epsilon': 1.0028284857583717e-09, 'hidden_layer_sizes': 129, 'learning_rate_init': 0.013755143506185228, 'tol': 0.0004236541803336724, 'validation_fraction': 0.5073634023681376}]
function_evaluation time 0.845522 value 43.441493 suggestion {'alpha': 0.008517833214890696, 'batch_size': 38, 'beta_1': 0.6153416712468053, 'beta_2': 0.9898198333781631, 'epsilon': 1.0028284857583717e-09, 'hidden_layer_sizes': 129, 'learning_rate_init': 0.013755143506185228, 'tol': 0.0004236541803336724, 'validation_fraction': 0.5073634023681376}
observation time 0.000005, current best 43.441493 at iter 10
Failure in optimizer suggest. Falling back to random search.
name 'activ' is not defined
Traceback (most recent call last):
  File "/home/ryedida/.local/lib/python3.9/site-packages/bayesmark/experiment.py", line 126, in run_study
    next_points = optimizer.suggest(n_suggestions)
  File "/home/ryedida/bbo_challenge_starter_kit/example_submissions/smoothness/optimizer.py", line 105, in suggest
    betas = [self._get_smoothness_reg(guess) for guess in guesses]
  File "/home/ryedida/bbo_challenge_starter_kit/example_submissions/smoothness/optimizer.py", line 105, in <listcomp>
    betas = [self._get_smoothness_reg(guess) for guess in guesses]
  File "/home/ryedida/bbo_challenge_starter_kit/example_submissions/smoothness/optimizer.py", line 48, in _get_smoothness_reg
    if activ > Kz:
NameError: name 'activ' is not defined
suggestion time taken 0.319381 iter 11 next_points [{'alpha': 3.535046047754011e-05, 'batch_size': 66, 'beta_1': 0.9738810632308409, 'beta_2': 0.999754544133508, 'epsilon': 1.9769337019555024e-08, 'hidden_layer_sizes': 192, 'learning_rate_init': 0.0020349647874445763, 'tol': 1.353087884428887e-05, 'validation_fraction': 0.41773298925946983}]
/home/ryedida/.local/lib/python3.9/site-packages/sklearn/neural_network/_multilayer_perceptron.py:686: ConvergenceWarning: Stochastic Optimizer: Maximum iterations (200) reached and the optimization hasn't converged yet.
  warnings.warn(

function_evaluation time 1.499721 value 53.430573 suggestion {'alpha': 3.535046047754011e-05, 'batch_size': 66, 'beta_1': 0.9738810632308409, 'beta_2': 0.999754544133508, 'epsilon': 1.9769337019555024e-08, 'hidden_layer_sizes': 192, 'learning_rate_init': 0.0020349647874445763, 'tol': 1.353087884428887e-05, 'validation_fraction': 0.41773298925946983}
observation time 0.000006, current best 43.441493 at iter 11
Failure in optimizer suggest. Falling back to random search.
name 'activ' is not defined
Traceback (most recent call last):
  File "/home/ryedida/.local/lib/python3.9/site-packages/bayesmark/experiment.py", line 126, in run_study
    next_points = optimizer.suggest(n_suggestions)
  File "/home/ryedida/bbo_challenge_starter_kit/example_submissions/smoothness/optimizer.py", line 105, in suggest
    betas = [self._get_smoothness_reg(guess) for guess in guesses]
  File "/home/ryedida/bbo_challenge_starter_kit/example_submissions/smoothness/optimizer.py", line 105, in <listcomp>
    betas = [self._get_smoothness_reg(guess) for guess in guesses]
  File "/home/ryedida/bbo_challenge_starter_kit/example_submissions/smoothness/optimizer.py", line 48, in _get_smoothness_reg
    if activ > Kz:
NameError: name 'activ' is not defined
suggestion time taken 0.317457 iter 12 next_points [{'alpha': 0.18398539063555247, 'batch_size': 30, 'beta_1': 0.5414674140623003, 'beta_2': 0.9999729314618439, 'epsilon': 3.2862718105806966e-09, 'hidden_layer_sizes': 155, 'learning_rate_init': 0.00034703792610788257, 'tol': 0.002413366463960761, 'validation_fraction': 0.20771179490937564}]
/home/ryedida/.local/lib/python3.9/site-packages/sklearn/neural_network/_multilayer_perceptron.py:686: ConvergenceWarning: Stochastic Optimizer: Maximum iterations (200) reached and the optimization hasn't converged yet.
  warnings.warn(

function_evaluation time 2.000011 value 98.068610 suggestion {'alpha': 0.18398539063555247, 'batch_size': 30, 'beta_1': 0.5414674140623003, 'beta_2': 0.9999729314618439, 'epsilon': 3.2862718105806966e-09, 'hidden_layer_sizes': 155, 'learning_rate_init': 0.00034703792610788257, 'tol': 0.002413366463960761, 'validation_fraction': 0.20771179490937564}
observation time 0.000005, current best 43.441493 at iter 12
Failure in optimizer suggest. Falling back to random search.
name 'activ' is not defined
Traceback (most recent call last):
  File "/home/ryedida/.local/lib/python3.9/site-packages/bayesmark/experiment.py", line 126, in run_study
    next_points = optimizer.suggest(n_suggestions)
  File "/home/ryedida/bbo_challenge_starter_kit/example_submissions/smoothness/optimizer.py", line 105, in suggest
    betas = [self._get_smoothness_reg(guess) for guess in guesses]
  File "/home/ryedida/bbo_challenge_starter_kit/example_submissions/smoothness/optimizer.py", line 105, in <listcomp>
    betas = [self._get_smoothness_reg(guess) for guess in guesses]
  File "/home/ryedida/bbo_challenge_starter_kit/example_submissions/smoothness/optimizer.py", line 48, in _get_smoothness_reg
    if activ > Kz:
NameError: name 'activ' is not defined
suggestion time taken 0.318704 iter 13 next_points [{'alpha': 3.2410489955189496, 'batch_size': 69, 'beta_1': 0.9635310449634, 'beta_2': 0.9999050463892738, 'epsilon': 3.3996919690169483e-07, 'hidden_layer_sizes': 91, 'learning_rate_init': 7.110782513643312e-05, 'tol': 0.06263508217520679, 'validation_fraction': 0.8993317204020316}]
/home/ryedida/.local/lib/python3.9/site-packages/sklearn/neural_network/_multilayer_perceptron.py:605: UserWarning: Got `batch_size` less than 1 or larger than sample size. It is going to be clipped
  warnings.warn(

function_evaluation time 0.047361 value 151.505753 suggestion {'alpha': 3.2410489955189496, 'batch_size': 69, 'beta_1': 0.9635310449634, 'beta_2': 0.9999050463892738, 'epsilon': 3.3996919690169483e-07, 'hidden_layer_sizes': 91, 'learning_rate_init': 7.110782513643312e-05, 'tol': 0.06263508217520679, 'validation_fraction': 0.8993317204020316}
observation time 0.000005, current best 43.441493 at iter 13
Failure in optimizer suggest. Falling back to random search.
name 'activ' is not defined
Traceback (most recent call last):
  File "/home/ryedida/.local/lib/python3.9/site-packages/bayesmark/experiment.py", line 126, in run_study
    next_points = optimizer.suggest(n_suggestions)
  File "/home/ryedida/bbo_challenge_starter_kit/example_submissions/smoothness/optimizer.py", line 105, in suggest
    betas = [self._get_smoothness_reg(guess) for guess in guesses]
  File "/home/ryedida/bbo_challenge_starter_kit/example_submissions/smoothness/optimizer.py", line 105, in <listcomp>
    betas = [self._get_smoothness_reg(guess) for guess in guesses]
  File "/home/ryedida/bbo_challenge_starter_kit/example_submissions/smoothness/optimizer.py", line 48, in _get_smoothness_reg
    if activ > Kz:
NameError: name 'activ' is not defined
suggestion time taken 0.322990 iter 14 next_points [{'alpha': 0.05253395969868774, 'batch_size': 24, 'beta_1': 0.6697464826644705, 'beta_2': 0.9970772332873331, 'epsilon': 2.67688369604403e-09, 'hidden_layer_sizes': 53, 'learning_rate_init': 0.08861682790231484, 'tol': 0.00018482271724335402, 'validation_fraction': 0.306158145925878}]
function_evaluation time 0.267754 value 44.650729 suggestion {'alpha': 0.05253395969868774, 'batch_size': 24, 'beta_1': 0.6697464826644705, 'beta_2': 0.9970772332873331, 'epsilon': 2.67688369604403e-09, 'hidden_layer_sizes': 53, 'learning_rate_init': 0.08861682790231484, 'tol': 0.00018482271724335402, 'validation_fraction': 0.306158145925878}
observation time 0.000006, current best 43.441493 at iter 14
saving meta data: {'args': {'--uuid': '97c3e113718d5883882ae3a5b8256f1b', '-db-root': '/home/ryedida/bbo_challenge_starter_kit/output', '--opt-root': '/home/ryedida/bbo_challenge_starter_kit/example_submissions', '--data-root': None, '--db': 'run_20230425_034200', '--opt': 'smoothness', '--data': 'diabetes', '--classifier': 'MLP-adam', '--metric': 'mae', '--calls': 15, '--suggestions': 1, '--jobs-file': None, '--verbose': False, 'dry_run': False, 'rev': 'a376313', 'opt_rev': 'x.x.x'}, 'signature': ([{'alpha': 0.019628224813442792, 'batch_size': 182, 'beta_1': 0.9410202200271762, 'beta_2': 0.9998021557676793, 'epsilon': 1.8662266976518e-08, 'hidden_layer_sizes': 147, 'learning_rate_init': 0.0005627932047415167, 'tol': 0.03690557729213761, 'validation_fraction': 0.8846827852548593}, {'alpha': 0.0019982467392329444, 'batch_size': 200, 'beta_1': 0.919111482530466, 'beta_2': 0.9998488260436156, 'epsilon': 5.981221901152555e-07, 'hidden_layer_sizes': 61, 'learning_rate_init': 2.2310905607443014e-05, 'tol': 1.2046852412030316e-05, 'validation_fraction': 0.8117896445826539}, {'alpha': 0.46659545670218433, 'batch_size': 219, 'beta_1': 0.9889789783750891, 'beta_2': 0.9999896868093284, 'epsilon': 2.4234724484675948e-08, 'hidden_layer_sizes': 167, 'learning_rate_init': 2.972334644335654e-05, 'tol': 0.0036281404040243792, 'validation_fraction': 0.17260651658522078}, {'alpha': 4.656005689076002, 'batch_size': 135, 'beta_1': 0.870503881627747, 'beta_2': 0.9948873266941017, 'epsilon': 2.1023308743480125e-07, 'hidden_layer_sizes': 118, 'learning_rate_init': 0.0018781738757161913, 'tol': 1.1889379831773004e-05, 'validation_fraction': 0.6264327093752792}, {'alpha': 0.04705159350400542, 'batch_size': 158, 'beta_1': 0.9870884262730957, 'beta_2': 0.9999596874382349, 'epsilon': 1.1981845126013875e-08, 'hidden_layer_sizes': 116, 'learning_rate_init': 0.00617340520407431, 'tol': 1.741413418158619e-05, 'validation_fraction': 0.6754299026638921}], [151.4971925380264, 151.42763539278994, 151.47026299046811, 136.86202504264318, 75.2055865763391])}
saving results
saving timing
saving suggest log
done
