running: {'--uuid': '9c94eb15faa653f98c8f0a107b0bb80e', '-db-root': '/home/ryedida/bbo_challenge_starter_kit/output', '--opt-root': '/home/ryedida/bbo_challenge_starter_kit/example_submissions', '--data-root': None, '--db': 'run_20230425_034200', '--opt': 'smoothness', '--data': 'diabetes', '--classifier': 'MLP-adam', '--metric': 'mae', '--calls': 15, '--suggestions': 1, '--jobs-file': None, '--verbose': False, 'dry_run': False, 'rev': 'a376313', 'opt_rev': 'x.x.x'}
cmd: python smoothness/optimizer.py -c MLP-adam -d diabetes -o smoothness -u 9c94eb15faa653f98c8f0a107b0bb80e -m mae -n 15 -p 1 -dir /home/ryedida/bbo_challenge_starter_kit/output -b run_20230425_034200
/home/ryedida/.local/lib/python3.9/site-packages/sklearn/neural_network/_multilayer_perceptron.py:605: UserWarning: Got `batch_size` less than 1 or larger than sample size. It is going to be clipped
  warnings.warn(

/home/ryedida/.local/lib/python3.9/site-packages/sklearn/neural_network/_multilayer_perceptron.py:605: UserWarning: Got `batch_size` less than 1 or larger than sample size. It is going to be clipped
  warnings.warn(

/home/ryedida/.local/lib/python3.9/site-packages/sklearn/neural_network/_multilayer_perceptron.py:605: UserWarning: Got `batch_size` less than 1 or larger than sample size. It is going to be clipped
  warnings.warn(

/home/ryedida/.local/lib/python3.9/site-packages/sklearn/neural_network/_multilayer_perceptron.py:686: ConvergenceWarning: Stochastic Optimizer: Maximum iterations (200) reached and the optimization hasn't converged yet.
  warnings.warn(

/home/ryedida/.local/lib/python3.9/site-packages/sklearn/neural_network/_multilayer_perceptron.py:605: UserWarning: Got `batch_size` less than 1 or larger than sample size. It is going to be clipped
  warnings.warn(

/home/ryedida/.local/lib/python3.9/site-packages/sklearn/neural_network/_multilayer_perceptron.py:686: ConvergenceWarning: Stochastic Optimizer: Maximum iterations (200) reached and the optimization hasn't converged yet.
  warnings.warn(

computed signature: ([{'alpha': 0.019628224813442792, 'batch_size': 182, 'beta_1': 0.9410202200271762, 'beta_2': 0.9998021557676793, 'epsilon': 1.8662266976518e-08, 'hidden_layer_sizes': 147, 'learning_rate_init': 0.0005627932047415167, 'tol': 0.03690557729213761, 'validation_fraction': 0.8846827852548593}, {'alpha': 0.0019982467392329444, 'batch_size': 200, 'beta_1': 0.919111482530466, 'beta_2': 0.9998488260436156, 'epsilon': 5.981221901152555e-07, 'hidden_layer_sizes': 61, 'learning_rate_init': 2.2310905607443014e-05, 'tol': 1.2046852412030316e-05, 'validation_fraction': 0.8117896445826539}, {'alpha': 0.46659545670218433, 'batch_size': 219, 'beta_1': 0.9889789783750891, 'beta_2': 0.9999896868093284, 'epsilon': 2.4234724484675948e-08, 'hidden_layer_sizes': 167, 'learning_rate_init': 2.972334644335654e-05, 'tol': 0.0036281404040243792, 'validation_fraction': 0.17260651658522078}, {'alpha': 4.656005689076002, 'batch_size': 135, 'beta_1': 0.870503881627747, 'beta_2': 0.9948873266941017, 'epsilon': 2.1023308743480125e-07, 'hidden_layer_sizes': 118, 'learning_rate_init': 0.0018781738757161913, 'tol': 1.1889379831773004e-05, 'validation_fraction': 0.6264327093752792}, {'alpha': 0.04705159350400542, 'batch_size': 158, 'beta_1': 0.9870884262730957, 'beta_2': 0.9999596874382349, 'epsilon': 1.1981845126013875e-08, 'hidden_layer_sizes': 116, 'learning_rate_init': 0.00617340520407431, 'tol': 1.741413418158619e-05, 'validation_fraction': 0.6754299026638921}], [151.4971925380264, 151.42763539278994, 151.47026299046811, 136.86202504264318, 75.2055865763391])
Signature errors:
                                  0             1             2         3         4       max
MLP-adam_diabetes_mae  1.919244e-08  6.198704e-08  7.624578e-09  0.000007  0.000034  0.000034
max                    1.919244e-08  6.198704e-08  7.624578e-09  0.000007  0.000034  0.000034
starting sklearn study smoothness MLP-adam diabetes mae 15 1
with data root: None
Failure in optimizer suggest. Falling back to random search.
name 'activ' is not defined
Traceback (most recent call last):
  File "/home/ryedida/.local/lib/python3.9/site-packages/bayesmark/experiment.py", line 126, in run_study
    next_points = optimizer.suggest(n_suggestions)
  File "/home/ryedida/bbo_challenge_starter_kit/example_submissions/smoothness/optimizer.py", line 105, in suggest
    betas = [self._get_smoothness_reg(guess) for guess in guesses]
  File "/home/ryedida/bbo_challenge_starter_kit/example_submissions/smoothness/optimizer.py", line 105, in <listcomp>
    betas = [self._get_smoothness_reg(guess) for guess in guesses]
  File "/home/ryedida/bbo_challenge_starter_kit/example_submissions/smoothness/optimizer.py", line 48, in _get_smoothness_reg
    if activ > Kz:
NameError: name 'activ' is not defined
suggestion time taken 0.498641 iter 0 next_points [{'alpha': 0.07598469408366156, 'batch_size': 14, 'beta_1': 0.5254596721674195, 'beta_2': 0.9999648418113769, 'epsilon': 6.823272641055351e-07, 'hidden_layer_sizes': 85, 'learning_rate_init': 0.003822741138355701, 'tol': 0.020214185951732126, 'validation_fraction': 0.22197420866512851}]
function_evaluation time 0.466377 value 52.488015 suggestion {'alpha': 0.07598469408366156, 'batch_size': 14, 'beta_1': 0.5254596721674195, 'beta_2': 0.9999648418113769, 'epsilon': 6.823272641055351e-07, 'hidden_layer_sizes': 85, 'learning_rate_init': 0.003822741138355701, 'tol': 0.020214185951732126, 'validation_fraction': 0.22197420866512851}
observation time 0.000007, current best 52.488015 at iter 0
Failure in optimizer suggest. Falling back to random search.
name 'activ' is not defined
Traceback (most recent call last):
  File "/home/ryedida/.local/lib/python3.9/site-packages/bayesmark/experiment.py", line 126, in run_study
    next_points = optimizer.suggest(n_suggestions)
  File "/home/ryedida/bbo_challenge_starter_kit/example_submissions/smoothness/optimizer.py", line 105, in suggest
    betas = [self._get_smoothness_reg(guess) for guess in guesses]
  File "/home/ryedida/bbo_challenge_starter_kit/example_submissions/smoothness/optimizer.py", line 105, in <listcomp>
    betas = [self._get_smoothness_reg(guess) for guess in guesses]
  File "/home/ryedida/bbo_challenge_starter_kit/example_submissions/smoothness/optimizer.py", line 48, in _get_smoothness_reg
    if activ > Kz:
NameError: name 'activ' is not defined
suggestion time taken 0.329224 iter 1 next_points [{'alpha': 0.0023992532602733914, 'batch_size': 194, 'beta_1': 0.9404156828382257, 'beta_2': 0.9996837614416029, 'epsilon': 1.924024339885044e-08, 'hidden_layer_sizes': 167, 'learning_rate_init': 0.008466156657356968, 'tol': 0.02999266380953885, 'validation_fraction': 0.8247551025425409}]
/home/ryedida/.local/lib/python3.9/site-packages/sklearn/neural_network/_multilayer_perceptron.py:605: UserWarning: Got `batch_size` less than 1 or larger than sample size. It is going to be clipped
  warnings.warn(

function_evaluation time 0.056416 value 149.671597 suggestion {'alpha': 0.0023992532602733914, 'batch_size': 194, 'beta_1': 0.9404156828382257, 'beta_2': 0.9996837614416029, 'epsilon': 1.924024339885044e-08, 'hidden_layer_sizes': 167, 'learning_rate_init': 0.008466156657356968, 'tol': 0.02999266380953885, 'validation_fraction': 0.8247551025425409}
observation time 0.000005, current best 52.488015 at iter 1
Failure in optimizer suggest. Falling back to random search.
name 'activ' is not defined
Traceback (most recent call last):
  File "/home/ryedida/.local/lib/python3.9/site-packages/bayesmark/experiment.py", line 126, in run_study
    next_points = optimizer.suggest(n_suggestions)
  File "/home/ryedida/bbo_challenge_starter_kit/example_submissions/smoothness/optimizer.py", line 105, in suggest
    betas = [self._get_smoothness_reg(guess) for guess in guesses]
  File "/home/ryedida/bbo_challenge_starter_kit/example_submissions/smoothness/optimizer.py", line 105, in <listcomp>
    betas = [self._get_smoothness_reg(guess) for guess in guesses]
  File "/home/ryedida/bbo_challenge_starter_kit/example_submissions/smoothness/optimizer.py", line 48, in _get_smoothness_reg
    if activ > Kz:
NameError: name 'activ' is not defined
suggestion time taken 0.326621 iter 2 next_points [{'alpha': 0.0002096515706493592, 'batch_size': 208, 'beta_1': 0.5861729767397892, 'beta_2': 0.9999931655425621, 'epsilon': 2.9061922213860166e-09, 'hidden_layer_sizes': 108, 'learning_rate_init': 2.8430175205796788e-05, 'tol': 0.008242591195275064, 'validation_fraction': 0.7966613747697947}]
/home/ryedida/.local/lib/python3.9/site-packages/sklearn/neural_network/_multilayer_perceptron.py:605: UserWarning: Got `batch_size` less than 1 or larger than sample size. It is going to be clipped
  warnings.warn(

function_evaluation time 0.049797 value 151.544968 suggestion {'alpha': 0.0002096515706493592, 'batch_size': 208, 'beta_1': 0.5861729767397892, 'beta_2': 0.9999931655425621, 'epsilon': 2.9061922213860166e-09, 'hidden_layer_sizes': 108, 'learning_rate_init': 2.8430175205796788e-05, 'tol': 0.008242591195275064, 'validation_fraction': 0.7966613747697947}
observation time 0.000006, current best 52.488015 at iter 2
Failure in optimizer suggest. Falling back to random search.
name 'activ' is not defined
Traceback (most recent call last):
  File "/home/ryedida/.local/lib/python3.9/site-packages/bayesmark/experiment.py", line 126, in run_study
    next_points = optimizer.suggest(n_suggestions)
  File "/home/ryedida/bbo_challenge_starter_kit/example_submissions/smoothness/optimizer.py", line 105, in suggest
    betas = [self._get_smoothness_reg(guess) for guess in guesses]
  File "/home/ryedida/bbo_challenge_starter_kit/example_submissions/smoothness/optimizer.py", line 105, in <listcomp>
    betas = [self._get_smoothness_reg(guess) for guess in guesses]
  File "/home/ryedida/bbo_challenge_starter_kit/example_submissions/smoothness/optimizer.py", line 48, in _get_smoothness_reg
    if activ > Kz:
NameError: name 'activ' is not defined
suggestion time taken 0.329571 iter 3 next_points [{'alpha': 0.0003909013021685843, 'batch_size': 139, 'beta_1': 0.6444708381954819, 'beta_2': 0.9994066814381035, 'epsilon': 4.4555343021703506e-07, 'hidden_layer_sizes': 133, 'learning_rate_init': 2.1997723499595903e-05, 'tol': 0.09609664176221437, 'validation_fraction': 0.22898416118643422}]
function_evaluation time 0.080161 value 151.593511 suggestion {'alpha': 0.0003909013021685843, 'batch_size': 139, 'beta_1': 0.6444708381954819, 'beta_2': 0.9994066814381035, 'epsilon': 4.4555343021703506e-07, 'hidden_layer_sizes': 133, 'learning_rate_init': 2.1997723499595903e-05, 'tol': 0.09609664176221437, 'validation_fraction': 0.22898416118643422}
observation time 0.000006, current best 52.488015 at iter 3
Failure in optimizer suggest. Falling back to random search.
name 'activ' is not defined
Traceback (most recent call last):
  File "/home/ryedida/.local/lib/python3.9/site-packages/bayesmark/experiment.py", line 126, in run_study
    next_points = optimizer.suggest(n_suggestions)
  File "/home/ryedida/bbo_challenge_starter_kit/example_submissions/smoothness/optimizer.py", line 105, in suggest
    betas = [self._get_smoothness_reg(guess) for guess in guesses]
  File "/home/ryedida/bbo_challenge_starter_kit/example_submissions/smoothness/optimizer.py", line 105, in <listcomp>
    betas = [self._get_smoothness_reg(guess) for guess in guesses]
  File "/home/ryedida/bbo_challenge_starter_kit/example_submissions/smoothness/optimizer.py", line 48, in _get_smoothness_reg
    if activ > Kz:
NameError: name 'activ' is not defined
suggestion time taken 0.335690 iter 4 next_points [{'alpha': 0.030383347456014013, 'batch_size': 88, 'beta_1': 0.7848992752979065, 'beta_2': 0.9999957875975868, 'epsilon': 3.544043533384165e-08, 'hidden_layer_sizes': 123, 'learning_rate_init': 5.710672032246732e-05, 'tol': 0.021475393971836943, 'validation_fraction': 0.7810109247891719}]
/home/ryedida/.local/lib/python3.9/site-packages/sklearn/neural_network/_multilayer_perceptron.py:605: UserWarning: Got `batch_size` less than 1 or larger than sample size. It is going to be clipped
  warnings.warn(

function_evaluation time 0.052173 value 151.678310 suggestion {'alpha': 0.030383347456014013, 'batch_size': 88, 'beta_1': 0.7848992752979065, 'beta_2': 0.9999957875975868, 'epsilon': 3.544043533384165e-08, 'hidden_layer_sizes': 123, 'learning_rate_init': 5.710672032246732e-05, 'tol': 0.021475393971836943, 'validation_fraction': 0.7810109247891719}
observation time 0.000007, current best 52.488015 at iter 4
Failure in optimizer suggest. Falling back to random search.
name 'activ' is not defined
Traceback (most recent call last):
  File "/home/ryedida/.local/lib/python3.9/site-packages/bayesmark/experiment.py", line 126, in run_study
    next_points = optimizer.suggest(n_suggestions)
  File "/home/ryedida/bbo_challenge_starter_kit/example_submissions/smoothness/optimizer.py", line 105, in suggest
    betas = [self._get_smoothness_reg(guess) for guess in guesses]
  File "/home/ryedida/bbo_challenge_starter_kit/example_submissions/smoothness/optimizer.py", line 105, in <listcomp>
    betas = [self._get_smoothness_reg(guess) for guess in guesses]
  File "/home/ryedida/bbo_challenge_starter_kit/example_submissions/smoothness/optimizer.py", line 48, in _get_smoothness_reg
    if activ > Kz:
NameError: name 'activ' is not defined
suggestion time taken 0.327962 iter 5 next_points [{'alpha': 0.005303551469230688, 'batch_size': 238, 'beta_1': 0.9727578644297384, 'beta_2': 0.9943217104648356, 'epsilon': 4.0629719823981973e-07, 'hidden_layer_sizes': 63, 'learning_rate_init': 0.07099201229181482, 'tol': 0.0681551723200095, 'validation_fraction': 0.2975073350710886}]
function_evaluation time 0.152037 value 54.626408 suggestion {'alpha': 0.005303551469230688, 'batch_size': 238, 'beta_1': 0.9727578644297384, 'beta_2': 0.9943217104648356, 'epsilon': 4.0629719823981973e-07, 'hidden_layer_sizes': 63, 'learning_rate_init': 0.07099201229181482, 'tol': 0.0681551723200095, 'validation_fraction': 0.2975073350710886}
observation time 0.000007, current best 52.488015 at iter 5
Failure in optimizer suggest. Falling back to random search.
name 'activ' is not defined
Traceback (most recent call last):
  File "/home/ryedida/.local/lib/python3.9/site-packages/bayesmark/experiment.py", line 126, in run_study
    next_points = optimizer.suggest(n_suggestions)
  File "/home/ryedida/bbo_challenge_starter_kit/example_submissions/smoothness/optimizer.py", line 105, in suggest
    betas = [self._get_smoothness_reg(guess) for guess in guesses]
  File "/home/ryedida/bbo_challenge_starter_kit/example_submissions/smoothness/optimizer.py", line 105, in <listcomp>
    betas = [self._get_smoothness_reg(guess) for guess in guesses]
  File "/home/ryedida/bbo_challenge_starter_kit/example_submissions/smoothness/optimizer.py", line 48, in _get_smoothness_reg
    if activ > Kz:
NameError: name 'activ' is not defined
suggestion time taken 0.334479 iter 6 next_points [{'alpha': 4.811317597017094e-05, 'batch_size': 225, 'beta_1': 0.5929669864561848, 'beta_2': 0.9770320018623884, 'epsilon': 5.752834040614347e-09, 'hidden_layer_sizes': 197, 'learning_rate_init': 0.0362750905214989, 'tol': 0.00604105380814762, 'validation_fraction': 0.13125437303472898}]
function_evaluation time 0.480118 value 44.735857 suggestion {'alpha': 4.811317597017094e-05, 'batch_size': 225, 'beta_1': 0.5929669864561848, 'beta_2': 0.9770320018623884, 'epsilon': 5.752834040614347e-09, 'hidden_layer_sizes': 197, 'learning_rate_init': 0.0362750905214989, 'tol': 0.00604105380814762, 'validation_fraction': 0.13125437303472898}
observation time 0.000006, current best 44.735857 at iter 6
Failure in optimizer suggest. Falling back to random search.
name 'activ' is not defined
Traceback (most recent call last):
  File "/home/ryedida/.local/lib/python3.9/site-packages/bayesmark/experiment.py", line 126, in run_study
    next_points = optimizer.suggest(n_suggestions)
  File "/home/ryedida/bbo_challenge_starter_kit/example_submissions/smoothness/optimizer.py", line 105, in suggest
    betas = [self._get_smoothness_reg(guess) for guess in guesses]
  File "/home/ryedida/bbo_challenge_starter_kit/example_submissions/smoothness/optimizer.py", line 105, in <listcomp>
    betas = [self._get_smoothness_reg(guess) for guess in guesses]
  File "/home/ryedida/bbo_challenge_starter_kit/example_submissions/smoothness/optimizer.py", line 48, in _get_smoothness_reg
    if activ > Kz:
NameError: name 'activ' is not defined
suggestion time taken 0.465627 iter 7 next_points [{'alpha': 0.00160997511477754, 'batch_size': 247, 'beta_1': 0.8292154875478689, 'beta_2': 0.9916132858976162, 'epsilon': 5.231323338456724e-07, 'hidden_layer_sizes': 141, 'learning_rate_init': 0.003414306871922628, 'tol': 0.0010295714776663246, 'validation_fraction': 0.7266606362503149}]
/home/ryedida/.local/lib/python3.9/site-packages/sklearn/neural_network/_multilayer_perceptron.py:605: UserWarning: Got `batch_size` less than 1 or larger than sample size. It is going to be clipped
  warnings.warn(

/home/ryedida/.local/lib/python3.9/site-packages/sklearn/neural_network/_multilayer_perceptron.py:686: ConvergenceWarning: Stochastic Optimizer: Maximum iterations (200) reached and the optimization hasn't converged yet.
  warnings.warn(

function_evaluation time 0.769037 value 99.772975 suggestion {'alpha': 0.00160997511477754, 'batch_size': 247, 'beta_1': 0.8292154875478689, 'beta_2': 0.9916132858976162, 'epsilon': 5.231323338456724e-07, 'hidden_layer_sizes': 141, 'learning_rate_init': 0.003414306871922628, 'tol': 0.0010295714776663246, 'validation_fraction': 0.7266606362503149}
observation time 0.000006, current best 44.735857 at iter 7
Failure in optimizer suggest. Falling back to random search.
name 'activ' is not defined
Traceback (most recent call last):
  File "/home/ryedida/.local/lib/python3.9/site-packages/bayesmark/experiment.py", line 126, in run_study
    next_points = optimizer.suggest(n_suggestions)
  File "/home/ryedida/bbo_challenge_starter_kit/example_submissions/smoothness/optimizer.py", line 105, in suggest
    betas = [self._get_smoothness_reg(guess) for guess in guesses]
  File "/home/ryedida/bbo_challenge_starter_kit/example_submissions/smoothness/optimizer.py", line 105, in <listcomp>
    betas = [self._get_smoothness_reg(guess) for guess in guesses]
  File "/home/ryedida/bbo_challenge_starter_kit/example_submissions/smoothness/optimizer.py", line 48, in _get_smoothness_reg
    if activ > Kz:
NameError: name 'activ' is not defined
suggestion time taken 0.324801 iter 8 next_points [{'alpha': 1.1358575808595863, 'batch_size': 153, 'beta_1': 0.9399623806119399, 'beta_2': 0.9999408785175453, 'epsilon': 1.6464337017925533e-08, 'hidden_layer_sizes': 73, 'learning_rate_init': 0.03467374620400078, 'tol': 0.0011532562018153226, 'validation_fraction': 0.5986379970126993}]
/home/ryedida/.local/lib/python3.9/site-packages/sklearn/neural_network/_multilayer_perceptron.py:605: UserWarning: Got `batch_size` less than 1 or larger than sample size. It is going to be clipped
  warnings.warn(

function_evaluation time 0.244709 value 54.135629 suggestion {'alpha': 1.1358575808595863, 'batch_size': 153, 'beta_1': 0.9399623806119399, 'beta_2': 0.9999408785175453, 'epsilon': 1.6464337017925533e-08, 'hidden_layer_sizes': 73, 'learning_rate_init': 0.03467374620400078, 'tol': 0.0011532562018153226, 'validation_fraction': 0.5986379970126993}
observation time 0.000006, current best 44.735857 at iter 8
Failure in optimizer suggest. Falling back to random search.
name 'activ' is not defined
Traceback (most recent call last):
  File "/home/ryedida/.local/lib/python3.9/site-packages/bayesmark/experiment.py", line 126, in run_study
    next_points = optimizer.suggest(n_suggestions)
  File "/home/ryedida/bbo_challenge_starter_kit/example_submissions/smoothness/optimizer.py", line 105, in suggest
    betas = [self._get_smoothness_reg(guess) for guess in guesses]
  File "/home/ryedida/bbo_challenge_starter_kit/example_submissions/smoothness/optimizer.py", line 105, in <listcomp>
    betas = [self._get_smoothness_reg(guess) for guess in guesses]
  File "/home/ryedida/bbo_challenge_starter_kit/example_submissions/smoothness/optimizer.py", line 48, in _get_smoothness_reg
    if activ > Kz:
NameError: name 'activ' is not defined
suggestion time taken 0.320840 iter 9 next_points [{'alpha': 0.07401797969028857, 'batch_size': 146, 'beta_1': 0.9596940844942543, 'beta_2': 0.9658560496600821, 'epsilon': 8.445627668261959e-09, 'hidden_layer_sizes': 73, 'learning_rate_init': 0.004809337427804995, 'tol': 0.00028835382825876527, 'validation_fraction': 0.10799453368140696}]
function_evaluation time 0.941343 value 59.895946 suggestion {'alpha': 0.07401797969028857, 'batch_size': 146, 'beta_1': 0.9596940844942543, 'beta_2': 0.9658560496600821, 'epsilon': 8.445627668261959e-09, 'hidden_layer_sizes': 73, 'learning_rate_init': 0.004809337427804995, 'tol': 0.00028835382825876527, 'validation_fraction': 0.10799453368140696}
observation time 0.000006, current best 44.735857 at iter 9
Failure in optimizer suggest. Falling back to random search.
name 'activ' is not defined
Traceback (most recent call last):
  File "/home/ryedida/.local/lib/python3.9/site-packages/bayesmark/experiment.py", line 126, in run_study
    next_points = optimizer.suggest(n_suggestions)
  File "/home/ryedida/bbo_challenge_starter_kit/example_submissions/smoothness/optimizer.py", line 105, in suggest
    betas = [self._get_smoothness_reg(guess) for guess in guesses]
  File "/home/ryedida/bbo_challenge_starter_kit/example_submissions/smoothness/optimizer.py", line 105, in <listcomp>
    betas = [self._get_smoothness_reg(guess) for guess in guesses]
  File "/home/ryedida/bbo_challenge_starter_kit/example_submissions/smoothness/optimizer.py", line 48, in _get_smoothness_reg
    if activ > Kz:
NameError: name 'activ' is not defined
suggestion time taken 0.316915 iter 10 next_points [{'alpha': 0.0015476384720755168, 'batch_size': 138, 'beta_1': 0.9728334050443259, 'beta_2': 0.9901928179994308, 'epsilon': 7.48415964821983e-07, 'hidden_layer_sizes': 155, 'learning_rate_init': 0.0010398577926644297, 'tol': 0.004979282611023387, 'validation_fraction': 0.319771674905675}]
function_evaluation time 0.083545 value 151.054787 suggestion {'alpha': 0.0015476384720755168, 'batch_size': 138, 'beta_1': 0.9728334050443259, 'beta_2': 0.9901928179994308, 'epsilon': 7.48415964821983e-07, 'hidden_layer_sizes': 155, 'learning_rate_init': 0.0010398577926644297, 'tol': 0.004979282611023387, 'validation_fraction': 0.319771674905675}
observation time 0.000006, current best 44.735857 at iter 10
Failure in optimizer suggest. Falling back to random search.
name 'activ' is not defined
Traceback (most recent call last):
  File "/home/ryedida/.local/lib/python3.9/site-packages/bayesmark/experiment.py", line 126, in run_study
    next_points = optimizer.suggest(n_suggestions)
  File "/home/ryedida/bbo_challenge_starter_kit/example_submissions/smoothness/optimizer.py", line 105, in suggest
    betas = [self._get_smoothness_reg(guess) for guess in guesses]
  File "/home/ryedida/bbo_challenge_starter_kit/example_submissions/smoothness/optimizer.py", line 105, in <listcomp>
    betas = [self._get_smoothness_reg(guess) for guess in guesses]
  File "/home/ryedida/bbo_challenge_starter_kit/example_submissions/smoothness/optimizer.py", line 48, in _get_smoothness_reg
    if activ > Kz:
NameError: name 'activ' is not defined
suggestion time taken 0.319307 iter 11 next_points [{'alpha': 0.06048775630499911, 'batch_size': 233, 'beta_1': 0.9885508493299375, 'beta_2': 0.9999812225666278, 'epsilon': 7.391989122256459e-07, 'hidden_layer_sizes': 124, 'learning_rate_init': 2.8975005450583408e-05, 'tol': 0.0003944818180220914, 'validation_fraction': 0.2900826811716308}]
function_evaluation time 0.065352 value 151.649527 suggestion {'alpha': 0.06048775630499911, 'batch_size': 233, 'beta_1': 0.9885508493299375, 'beta_2': 0.9999812225666278, 'epsilon': 7.391989122256459e-07, 'hidden_layer_sizes': 124, 'learning_rate_init': 2.8975005450583408e-05, 'tol': 0.0003944818180220914, 'validation_fraction': 0.2900826811716308}
observation time 0.000006, current best 44.735857 at iter 11
Failure in optimizer suggest. Falling back to random search.
name 'activ' is not defined
Traceback (most recent call last):
  File "/home/ryedida/.local/lib/python3.9/site-packages/bayesmark/experiment.py", line 126, in run_study
    next_points = optimizer.suggest(n_suggestions)
  File "/home/ryedida/bbo_challenge_starter_kit/example_submissions/smoothness/optimizer.py", line 105, in suggest
    betas = [self._get_smoothness_reg(guess) for guess in guesses]
  File "/home/ryedida/bbo_challenge_starter_kit/example_submissions/smoothness/optimizer.py", line 105, in <listcomp>
    betas = [self._get_smoothness_reg(guess) for guess in guesses]
  File "/home/ryedida/bbo_challenge_starter_kit/example_submissions/smoothness/optimizer.py", line 48, in _get_smoothness_reg
    if activ > Kz:
NameError: name 'activ' is not defined
suggestion time taken 0.317601 iter 12 next_points [{'alpha': 1.044138308879166, 'batch_size': 221, 'beta_1': 0.5217682415644406, 'beta_2': 0.9929810151960119, 'epsilon': 1.2386684338069918e-08, 'hidden_layer_sizes': 142, 'learning_rate_init': 0.015920477878191494, 'tol': 5.3618149380269805e-05, 'validation_fraction': 0.6377461557668339}]
/home/ryedida/.local/lib/python3.9/site-packages/sklearn/neural_network/_multilayer_perceptron.py:605: UserWarning: Got `batch_size` less than 1 or larger than sample size. It is going to be clipped
  warnings.warn(

/home/ryedida/.local/lib/python3.9/site-packages/sklearn/neural_network/_multilayer_perceptron.py:686: ConvergenceWarning: Stochastic Optimizer: Maximum iterations (200) reached and the optimization hasn't converged yet.
  warnings.warn(

function_evaluation time 0.792015 value 46.126968 suggestion {'alpha': 1.044138308879166, 'batch_size': 221, 'beta_1': 0.5217682415644406, 'beta_2': 0.9929810151960119, 'epsilon': 1.2386684338069918e-08, 'hidden_layer_sizes': 142, 'learning_rate_init': 0.015920477878191494, 'tol': 5.3618149380269805e-05, 'validation_fraction': 0.6377461557668339}
observation time 0.000006, current best 44.735857 at iter 12
Failure in optimizer suggest. Falling back to random search.
name 'activ' is not defined
Traceback (most recent call last):
  File "/home/ryedida/.local/lib/python3.9/site-packages/bayesmark/experiment.py", line 126, in run_study
    next_points = optimizer.suggest(n_suggestions)
  File "/home/ryedida/bbo_challenge_starter_kit/example_submissions/smoothness/optimizer.py", line 105, in suggest
    betas = [self._get_smoothness_reg(guess) for guess in guesses]
  File "/home/ryedida/bbo_challenge_starter_kit/example_submissions/smoothness/optimizer.py", line 105, in <listcomp>
    betas = [self._get_smoothness_reg(guess) for guess in guesses]
  File "/home/ryedida/bbo_challenge_starter_kit/example_submissions/smoothness/optimizer.py", line 48, in _get_smoothness_reg
    if activ > Kz:
NameError: name 'activ' is not defined
suggestion time taken 0.324539 iter 13 next_points [{'alpha': 4.907194476871496e-05, 'batch_size': 137, 'beta_1': 0.989773025318448, 'beta_2': 0.9999538944723946, 'epsilon': 1.1949830694549907e-09, 'hidden_layer_sizes': 130, 'learning_rate_init': 0.0003591962172808452, 'tol': 0.01241635411939235, 'validation_fraction': 0.7764172674867366}]
/home/ryedida/.local/lib/python3.9/site-packages/sklearn/neural_network/_multilayer_perceptron.py:605: UserWarning: Got `batch_size` less than 1 or larger than sample size. It is going to be clipped
  warnings.warn(

function_evaluation time 0.053033 value 151.609720 suggestion {'alpha': 4.907194476871496e-05, 'batch_size': 137, 'beta_1': 0.989773025318448, 'beta_2': 0.9999538944723946, 'epsilon': 1.1949830694549907e-09, 'hidden_layer_sizes': 130, 'learning_rate_init': 0.0003591962172808452, 'tol': 0.01241635411939235, 'validation_fraction': 0.7764172674867366}
observation time 0.000006, current best 44.735857 at iter 13
Failure in optimizer suggest. Falling back to random search.
name 'activ' is not defined
Traceback (most recent call last):
  File "/home/ryedida/.local/lib/python3.9/site-packages/bayesmark/experiment.py", line 126, in run_study
    next_points = optimizer.suggest(n_suggestions)
  File "/home/ryedida/bbo_challenge_starter_kit/example_submissions/smoothness/optimizer.py", line 105, in suggest
    betas = [self._get_smoothness_reg(guess) for guess in guesses]
  File "/home/ryedida/bbo_challenge_starter_kit/example_submissions/smoothness/optimizer.py", line 105, in <listcomp>
    betas = [self._get_smoothness_reg(guess) for guess in guesses]
  File "/home/ryedida/bbo_challenge_starter_kit/example_submissions/smoothness/optimizer.py", line 48, in _get_smoothness_reg
    if activ > Kz:
NameError: name 'activ' is not defined
suggestion time taken 0.325227 iter 14 next_points [{'alpha': 4.497436553571556, 'batch_size': 105, 'beta_1': 0.6829418738615662, 'beta_2': 0.9999134558644392, 'epsilon': 5.695868641973033e-09, 'hidden_layer_sizes': 137, 'learning_rate_init': 0.012855115074231637, 'tol': 0.000744841014376356, 'validation_fraction': 0.4286589043190942}]
function_evaluation time 0.811553 value 45.781693 suggestion {'alpha': 4.497436553571556, 'batch_size': 105, 'beta_1': 0.6829418738615662, 'beta_2': 0.9999134558644392, 'epsilon': 5.695868641973033e-09, 'hidden_layer_sizes': 137, 'learning_rate_init': 0.012855115074231637, 'tol': 0.000744841014376356, 'validation_fraction': 0.4286589043190942}
observation time 0.000006, current best 44.735857 at iter 14
saving meta data: {'args': {'--uuid': '9c94eb15faa653f98c8f0a107b0bb80e', '-db-root': '/home/ryedida/bbo_challenge_starter_kit/output', '--opt-root': '/home/ryedida/bbo_challenge_starter_kit/example_submissions', '--data-root': None, '--db': 'run_20230425_034200', '--opt': 'smoothness', '--data': 'diabetes', '--classifier': 'MLP-adam', '--metric': 'mae', '--calls': 15, '--suggestions': 1, '--jobs-file': None, '--verbose': False, 'dry_run': False, 'rev': 'a376313', 'opt_rev': 'x.x.x'}, 'signature': ([{'alpha': 0.019628224813442792, 'batch_size': 182, 'beta_1': 0.9410202200271762, 'beta_2': 0.9998021557676793, 'epsilon': 1.8662266976518e-08, 'hidden_layer_sizes': 147, 'learning_rate_init': 0.0005627932047415167, 'tol': 0.03690557729213761, 'validation_fraction': 0.8846827852548593}, {'alpha': 0.0019982467392329444, 'batch_size': 200, 'beta_1': 0.919111482530466, 'beta_2': 0.9998488260436156, 'epsilon': 5.981221901152555e-07, 'hidden_layer_sizes': 61, 'learning_rate_init': 2.2310905607443014e-05, 'tol': 1.2046852412030316e-05, 'validation_fraction': 0.8117896445826539}, {'alpha': 0.46659545670218433, 'batch_size': 219, 'beta_1': 0.9889789783750891, 'beta_2': 0.9999896868093284, 'epsilon': 2.4234724484675948e-08, 'hidden_layer_sizes': 167, 'learning_rate_init': 2.972334644335654e-05, 'tol': 0.0036281404040243792, 'validation_fraction': 0.17260651658522078}, {'alpha': 4.656005689076002, 'batch_size': 135, 'beta_1': 0.870503881627747, 'beta_2': 0.9948873266941017, 'epsilon': 2.1023308743480125e-07, 'hidden_layer_sizes': 118, 'learning_rate_init': 0.0018781738757161913, 'tol': 1.1889379831773004e-05, 'validation_fraction': 0.6264327093752792}, {'alpha': 0.04705159350400542, 'batch_size': 158, 'beta_1': 0.9870884262730957, 'beta_2': 0.9999596874382349, 'epsilon': 1.1981845126013875e-08, 'hidden_layer_sizes': 116, 'learning_rate_init': 0.00617340520407431, 'tol': 1.741413418158619e-05, 'validation_fraction': 0.6754299026638921}], [151.4971925380264, 151.42763539278994, 151.47026299046811, 136.86202504264318, 75.2055865763391])}
saving results
saving timing
saving suggest log
done
