running: {'--uuid': 'a0ad2eaf05d55430aa4c064664e5e1ab', '-db-root': '/home/ryedida/bbo_challenge_starter_kit/output', '--opt-root': '/home/ryedida/bbo_challenge_starter_kit/example_submissions', '--data-root': None, '--db': 'run_20230425_034200', '--opt': 'smoothness', '--data': 'diabetes', '--classifier': 'MLP-adam', '--metric': 'mse', '--calls': 15, '--suggestions': 1, '--jobs-file': None, '--verbose': False, 'dry_run': False, 'rev': 'a376313', 'opt_rev': 'x.x.x'}
cmd: python smoothness/optimizer.py -c MLP-adam -d diabetes -o smoothness -u a0ad2eaf05d55430aa4c064664e5e1ab -m mse -n 15 -p 1 -dir /home/ryedida/bbo_challenge_starter_kit/output -b run_20230425_034200
/home/ryedida/.local/lib/python3.9/site-packages/sklearn/neural_network/_multilayer_perceptron.py:605: UserWarning: Got `batch_size` less than 1 or larger than sample size. It is going to be clipped
  warnings.warn(

/home/ryedida/.local/lib/python3.9/site-packages/sklearn/neural_network/_multilayer_perceptron.py:605: UserWarning: Got `batch_size` less than 1 or larger than sample size. It is going to be clipped
  warnings.warn(

/home/ryedida/.local/lib/python3.9/site-packages/sklearn/neural_network/_multilayer_perceptron.py:605: UserWarning: Got `batch_size` less than 1 or larger than sample size. It is going to be clipped
  warnings.warn(

/home/ryedida/.local/lib/python3.9/site-packages/sklearn/neural_network/_multilayer_perceptron.py:686: ConvergenceWarning: Stochastic Optimizer: Maximum iterations (200) reached and the optimization hasn't converged yet.
  warnings.warn(

/home/ryedida/.local/lib/python3.9/site-packages/sklearn/neural_network/_multilayer_perceptron.py:605: UserWarning: Got `batch_size` less than 1 or larger than sample size. It is going to be clipped
  warnings.warn(

/home/ryedida/.local/lib/python3.9/site-packages/sklearn/neural_network/_multilayer_perceptron.py:686: ConvergenceWarning: Stochastic Optimizer: Maximum iterations (200) reached and the optimization hasn't converged yet.
  warnings.warn(

computed signature: ([{'alpha': 0.019628224813442792, 'batch_size': 182, 'beta_1': 0.9410202200271762, 'beta_2': 0.9998021557676793, 'epsilon': 1.8662266976518e-08, 'hidden_layer_sizes': 147, 'learning_rate_init': 0.0005627932047415167, 'tol': 0.03690557729213761, 'validation_fraction': 0.8846827852548593}, {'alpha': 0.0019982467392329444, 'batch_size': 200, 'beta_1': 0.919111482530466, 'beta_2': 0.9998488260436156, 'epsilon': 5.981221901152555e-07, 'hidden_layer_sizes': 61, 'learning_rate_init': 2.2310905607443014e-05, 'tol': 1.2046852412030316e-05, 'validation_fraction': 0.8117896445826539}, {'alpha': 0.46659545670218433, 'batch_size': 219, 'beta_1': 0.9889789783750891, 'beta_2': 0.9999896868093284, 'epsilon': 2.4234724484675948e-08, 'hidden_layer_sizes': 167, 'learning_rate_init': 2.972334644335654e-05, 'tol': 0.0036281404040243792, 'validation_fraction': 0.17260651658522078}, {'alpha': 4.656005689076002, 'batch_size': 135, 'beta_1': 0.870503881627747, 'beta_2': 0.9948873266941017, 'epsilon': 2.1023308743480125e-07, 'hidden_layer_sizes': 118, 'learning_rate_init': 0.0018781738757161913, 'tol': 1.1889379831773004e-05, 'validation_fraction': 0.6264327093752792}, {'alpha': 0.04705159350400542, 'batch_size': 158, 'beta_1': 0.9870884262730957, 'beta_2': 0.9999596874382349, 'epsilon': 1.1981845126013875e-08, 'hidden_layer_sizes': 116, 'learning_rate_init': 0.00617340520407431, 'tol': 1.741413418158619e-05, 'validation_fraction': 0.6754299026638921}], [29083.993548572587, 29062.423277324073, 29075.78987471409, 24626.32866834337, 9584.226858493177])
Signature errors:
                              0         1         2         3         4       max
MLP-adam_diabetes_mse  0.000007  0.000008  0.000003  0.003558  0.004952  0.004952
max                    0.000007  0.000008  0.000003  0.003558  0.004952  0.004952
starting sklearn study smoothness MLP-adam diabetes mse 15 1
with data root: None
Failure in optimizer suggest. Falling back to random search.
name 'activ' is not defined
Traceback (most recent call last):
  File "/home/ryedida/.local/lib/python3.9/site-packages/bayesmark/experiment.py", line 126, in run_study
    next_points = optimizer.suggest(n_suggestions)
  File "/home/ryedida/bbo_challenge_starter_kit/example_submissions/smoothness/optimizer.py", line 105, in suggest
    betas = [self._get_smoothness_reg(guess) for guess in guesses]
  File "/home/ryedida/bbo_challenge_starter_kit/example_submissions/smoothness/optimizer.py", line 105, in <listcomp>
    betas = [self._get_smoothness_reg(guess) for guess in guesses]
  File "/home/ryedida/bbo_challenge_starter_kit/example_submissions/smoothness/optimizer.py", line 48, in _get_smoothness_reg
    if activ > Kz:
NameError: name 'activ' is not defined
suggestion time taken 0.494436 iter 0 next_points [{'alpha': 0.13054277668250128, 'batch_size': 213, 'beta_1': 0.751289122620852, 'beta_2': 0.9999972617240396, 'epsilon': 1.5858227234162341e-09, 'hidden_layer_sizes': 133, 'learning_rate_init': 0.0022994858953605166, 'tol': 2.002023309518926e-05, 'validation_fraction': 0.27734161522502515}]
/home/ryedida/.local/lib/python3.9/site-packages/sklearn/neural_network/_multilayer_perceptron.py:686: ConvergenceWarning: Stochastic Optimizer: Maximum iterations (200) reached and the optimization hasn't converged yet.
  warnings.warn(

function_evaluation time 0.965747 value 20091.528689 suggestion {'alpha': 0.13054277668250128, 'batch_size': 213, 'beta_1': 0.751289122620852, 'beta_2': 0.9999972617240396, 'epsilon': 1.5858227234162341e-09, 'hidden_layer_sizes': 133, 'learning_rate_init': 0.0022994858953605166, 'tol': 2.002023309518926e-05, 'validation_fraction': 0.27734161522502515}
observation time 0.000006, current best 20091.528689 at iter 0
Failure in optimizer suggest. Falling back to random search.
name 'activ' is not defined
Traceback (most recent call last):
  File "/home/ryedida/.local/lib/python3.9/site-packages/bayesmark/experiment.py", line 126, in run_study
    next_points = optimizer.suggest(n_suggestions)
  File "/home/ryedida/bbo_challenge_starter_kit/example_submissions/smoothness/optimizer.py", line 105, in suggest
    betas = [self._get_smoothness_reg(guess) for guess in guesses]
  File "/home/ryedida/bbo_challenge_starter_kit/example_submissions/smoothness/optimizer.py", line 105, in <listcomp>
    betas = [self._get_smoothness_reg(guess) for guess in guesses]
  File "/home/ryedida/bbo_challenge_starter_kit/example_submissions/smoothness/optimizer.py", line 48, in _get_smoothness_reg
    if activ > Kz:
NameError: name 'activ' is not defined
suggestion time taken 0.329592 iter 1 next_points [{'alpha': 0.003609395263854447, 'batch_size': 147, 'beta_1': 0.974334090819645, 'beta_2': 0.9989486652040569, 'epsilon': 1.8747142792474167e-08, 'hidden_layer_sizes': 126, 'learning_rate_init': 0.02252524536251364, 'tol': 4.426039930148723e-05, 'validation_fraction': 0.16784013807099427}]
function_evaluation time 0.284591 value 4147.444231 suggestion {'alpha': 0.003609395263854447, 'batch_size': 147, 'beta_1': 0.974334090819645, 'beta_2': 0.9989486652040569, 'epsilon': 1.8747142792474167e-08, 'hidden_layer_sizes': 126, 'learning_rate_init': 0.02252524536251364, 'tol': 4.426039930148723e-05, 'validation_fraction': 0.16784013807099427}
observation time 0.000004, current best 4147.444231 at iter 1
Failure in optimizer suggest. Falling back to random search.
name 'activ' is not defined
Traceback (most recent call last):
  File "/home/ryedida/.local/lib/python3.9/site-packages/bayesmark/experiment.py", line 126, in run_study
    next_points = optimizer.suggest(n_suggestions)
  File "/home/ryedida/bbo_challenge_starter_kit/example_submissions/smoothness/optimizer.py", line 105, in suggest
    betas = [self._get_smoothness_reg(guess) for guess in guesses]
  File "/home/ryedida/bbo_challenge_starter_kit/example_submissions/smoothness/optimizer.py", line 105, in <listcomp>
    betas = [self._get_smoothness_reg(guess) for guess in guesses]
  File "/home/ryedida/bbo_challenge_starter_kit/example_submissions/smoothness/optimizer.py", line 48, in _get_smoothness_reg
    if activ > Kz:
NameError: name 'activ' is not defined
suggestion time taken 0.328658 iter 2 next_points [{'alpha': 4.015082997900439, 'batch_size': 76, 'beta_1': 0.863129644092667, 'beta_2': 0.9713041070056068, 'epsilon': 7.506760568681899e-09, 'hidden_layer_sizes': 174, 'learning_rate_init': 7.569621540223899e-05, 'tol': 0.00010337995630099107, 'validation_fraction': 0.8788082639597123}]
/home/ryedida/.local/lib/python3.9/site-packages/sklearn/neural_network/_multilayer_perceptron.py:605: UserWarning: Got `batch_size` less than 1 or larger than sample size. It is going to be clipped
  warnings.warn(

function_evaluation time 0.054888 value 29095.500210 suggestion {'alpha': 4.015082997900439, 'batch_size': 76, 'beta_1': 0.863129644092667, 'beta_2': 0.9713041070056068, 'epsilon': 7.506760568681899e-09, 'hidden_layer_sizes': 174, 'learning_rate_init': 7.569621540223899e-05, 'tol': 0.00010337995630099107, 'validation_fraction': 0.8788082639597123}
observation time 0.000005, current best 4147.444231 at iter 2
Failure in optimizer suggest. Falling back to random search.
name 'activ' is not defined
Traceback (most recent call last):
  File "/home/ryedida/.local/lib/python3.9/site-packages/bayesmark/experiment.py", line 126, in run_study
    next_points = optimizer.suggest(n_suggestions)
  File "/home/ryedida/bbo_challenge_starter_kit/example_submissions/smoothness/optimizer.py", line 105, in suggest
    betas = [self._get_smoothness_reg(guess) for guess in guesses]
  File "/home/ryedida/bbo_challenge_starter_kit/example_submissions/smoothness/optimizer.py", line 105, in <listcomp>
    betas = [self._get_smoothness_reg(guess) for guess in guesses]
  File "/home/ryedida/bbo_challenge_starter_kit/example_submissions/smoothness/optimizer.py", line 48, in _get_smoothness_reg
    if activ > Kz:
NameError: name 'activ' is not defined
suggestion time taken 0.330408 iter 3 next_points [{'alpha': 0.03527568223120591, 'batch_size': 173, 'beta_1': 0.9785851602657146, 'beta_2': 0.9866620510672968, 'epsilon': 2.2962958996133373e-09, 'hidden_layer_sizes': 81, 'learning_rate_init': 0.0009467031084844914, 'tol': 0.0006427243112933725, 'validation_fraction': 0.12314818140596062}]
/home/ryedida/.local/lib/python3.9/site-packages/sklearn/neural_network/_multilayer_perceptron.py:686: ConvergenceWarning: Stochastic Optimizer: Maximum iterations (200) reached and the optimization hasn't converged yet.
  warnings.warn(

function_evaluation time 0.984473 value 26857.122078 suggestion {'alpha': 0.03527568223120591, 'batch_size': 173, 'beta_1': 0.9785851602657146, 'beta_2': 0.9866620510672968, 'epsilon': 2.2962958996133373e-09, 'hidden_layer_sizes': 81, 'learning_rate_init': 0.0009467031084844914, 'tol': 0.0006427243112933725, 'validation_fraction': 0.12314818140596062}
observation time 0.000005, current best 4147.444231 at iter 3
Failure in optimizer suggest. Falling back to random search.
name 'activ' is not defined
Traceback (most recent call last):
  File "/home/ryedida/.local/lib/python3.9/site-packages/bayesmark/experiment.py", line 126, in run_study
    next_points = optimizer.suggest(n_suggestions)
  File "/home/ryedida/bbo_challenge_starter_kit/example_submissions/smoothness/optimizer.py", line 105, in suggest
    betas = [self._get_smoothness_reg(guess) for guess in guesses]
  File "/home/ryedida/bbo_challenge_starter_kit/example_submissions/smoothness/optimizer.py", line 105, in <listcomp>
    betas = [self._get_smoothness_reg(guess) for guess in guesses]
  File "/home/ryedida/bbo_challenge_starter_kit/example_submissions/smoothness/optimizer.py", line 48, in _get_smoothness_reg
    if activ > Kz:
NameError: name 'activ' is not defined
suggestion time taken 0.332438 iter 4 next_points [{'alpha': 1.124626738468514e-05, 'batch_size': 35, 'beta_1': 0.5173072633150361, 'beta_2': 0.9999985902687991, 'epsilon': 8.658831741969714e-07, 'hidden_layer_sizes': 152, 'learning_rate_init': 2.0095918218433793e-05, 'tol': 3.056204142094554e-05, 'validation_fraction': 0.7906093008431349}]
/home/ryedida/.local/lib/python3.9/site-packages/sklearn/neural_network/_multilayer_perceptron.py:686: ConvergenceWarning: Stochastic Optimizer: Maximum iterations (200) reached and the optimization hasn't converged yet.
  warnings.warn(

function_evaluation time 0.886588 value 29055.515735 suggestion {'alpha': 1.124626738468514e-05, 'batch_size': 35, 'beta_1': 0.5173072633150361, 'beta_2': 0.9999985902687991, 'epsilon': 8.658831741969714e-07, 'hidden_layer_sizes': 152, 'learning_rate_init': 2.0095918218433793e-05, 'tol': 3.056204142094554e-05, 'validation_fraction': 0.7906093008431349}
observation time 0.000005, current best 4147.444231 at iter 4
Failure in optimizer suggest. Falling back to random search.
name 'activ' is not defined
Traceback (most recent call last):
  File "/home/ryedida/.local/lib/python3.9/site-packages/bayesmark/experiment.py", line 126, in run_study
    next_points = optimizer.suggest(n_suggestions)
  File "/home/ryedida/bbo_challenge_starter_kit/example_submissions/smoothness/optimizer.py", line 105, in suggest
    betas = [self._get_smoothness_reg(guess) for guess in guesses]
  File "/home/ryedida/bbo_challenge_starter_kit/example_submissions/smoothness/optimizer.py", line 105, in <listcomp>
    betas = [self._get_smoothness_reg(guess) for guess in guesses]
  File "/home/ryedida/bbo_challenge_starter_kit/example_submissions/smoothness/optimizer.py", line 48, in _get_smoothness_reg
    if activ > Kz:
NameError: name 'activ' is not defined
suggestion time taken 0.330460 iter 5 next_points [{'alpha': 0.006402139019994407, 'batch_size': 215, 'beta_1': 0.7932447378350894, 'beta_2': 0.9999982607983798, 'epsilon': 5.525808814987386e-09, 'hidden_layer_sizes': 132, 'learning_rate_init': 1.1063430014301997e-05, 'tol': 0.00013811535653393284, 'validation_fraction': 0.7834603872623042}]
/home/ryedida/.local/lib/python3.9/site-packages/sklearn/neural_network/_multilayer_perceptron.py:605: UserWarning: Got `batch_size` less than 1 or larger than sample size. It is going to be clipped
  warnings.warn(

function_evaluation time 0.053621 value 29098.054740 suggestion {'alpha': 0.006402139019994407, 'batch_size': 215, 'beta_1': 0.7932447378350894, 'beta_2': 0.9999982607983798, 'epsilon': 5.525808814987386e-09, 'hidden_layer_sizes': 132, 'learning_rate_init': 1.1063430014301997e-05, 'tol': 0.00013811535653393284, 'validation_fraction': 0.7834603872623042}
observation time 0.000004, current best 4147.444231 at iter 5
Failure in optimizer suggest. Falling back to random search.
name 'activ' is not defined
Traceback (most recent call last):
  File "/home/ryedida/.local/lib/python3.9/site-packages/bayesmark/experiment.py", line 126, in run_study
    next_points = optimizer.suggest(n_suggestions)
  File "/home/ryedida/bbo_challenge_starter_kit/example_submissions/smoothness/optimizer.py", line 105, in suggest
    betas = [self._get_smoothness_reg(guess) for guess in guesses]
  File "/home/ryedida/bbo_challenge_starter_kit/example_submissions/smoothness/optimizer.py", line 105, in <listcomp>
    betas = [self._get_smoothness_reg(guess) for guess in guesses]
  File "/home/ryedida/bbo_challenge_starter_kit/example_submissions/smoothness/optimizer.py", line 48, in _get_smoothness_reg
    if activ > Kz:
NameError: name 'activ' is not defined
suggestion time taken 0.340768 iter 6 next_points [{'alpha': 0.0008672205093688269, 'batch_size': 47, 'beta_1': 0.9787618079711051, 'beta_2': 0.9999175641368336, 'epsilon': 1.636650055935195e-09, 'hidden_layer_sizes': 106, 'learning_rate_init': 0.006441524423597205, 'tol': 0.04367910004690425, 'validation_fraction': 0.8883369058252679}]
/home/ryedida/.local/lib/python3.9/site-packages/sklearn/neural_network/_multilayer_perceptron.py:605: UserWarning: Got `batch_size` less than 1 or larger than sample size. It is going to be clipped
  warnings.warn(

function_evaluation time 0.048310 value 28777.028743 suggestion {'alpha': 0.0008672205093688269, 'batch_size': 47, 'beta_1': 0.9787618079711051, 'beta_2': 0.9999175641368336, 'epsilon': 1.636650055935195e-09, 'hidden_layer_sizes': 106, 'learning_rate_init': 0.006441524423597205, 'tol': 0.04367910004690425, 'validation_fraction': 0.8883369058252679}
observation time 0.000004, current best 4147.444231 at iter 6
Failure in optimizer suggest. Falling back to random search.
name 'activ' is not defined
Traceback (most recent call last):
  File "/home/ryedida/.local/lib/python3.9/site-packages/bayesmark/experiment.py", line 126, in run_study
    next_points = optimizer.suggest(n_suggestions)
  File "/home/ryedida/bbo_challenge_starter_kit/example_submissions/smoothness/optimizer.py", line 105, in suggest
    betas = [self._get_smoothness_reg(guess) for guess in guesses]
  File "/home/ryedida/bbo_challenge_starter_kit/example_submissions/smoothness/optimizer.py", line 105, in <listcomp>
    betas = [self._get_smoothness_reg(guess) for guess in guesses]
  File "/home/ryedida/bbo_challenge_starter_kit/example_submissions/smoothness/optimizer.py", line 48, in _get_smoothness_reg
    if activ > Kz:
NameError: name 'activ' is not defined
suggestion time taken 0.458011 iter 7 next_points [{'alpha': 0.021825626968145984, 'batch_size': 129, 'beta_1': 0.9710184917973644, 'beta_2': 0.9975792774890035, 'epsilon': 1.804939418451337e-07, 'hidden_layer_sizes': 121, 'learning_rate_init': 0.006289810690498508, 'tol': 0.06409243307912665, 'validation_fraction': 0.2703990600822971}]
function_evaluation time 0.076134 value 28310.877259 suggestion {'alpha': 0.021825626968145984, 'batch_size': 129, 'beta_1': 0.9710184917973644, 'beta_2': 0.9975792774890035, 'epsilon': 1.804939418451337e-07, 'hidden_layer_sizes': 121, 'learning_rate_init': 0.006289810690498508, 'tol': 0.06409243307912665, 'validation_fraction': 0.2703990600822971}
observation time 0.000005, current best 4147.444231 at iter 7
Failure in optimizer suggest. Falling back to random search.
name 'activ' is not defined
Traceback (most recent call last):
  File "/home/ryedida/.local/lib/python3.9/site-packages/bayesmark/experiment.py", line 126, in run_study
    next_points = optimizer.suggest(n_suggestions)
  File "/home/ryedida/bbo_challenge_starter_kit/example_submissions/smoothness/optimizer.py", line 105, in suggest
    betas = [self._get_smoothness_reg(guess) for guess in guesses]
  File "/home/ryedida/bbo_challenge_starter_kit/example_submissions/smoothness/optimizer.py", line 105, in <listcomp>
    betas = [self._get_smoothness_reg(guess) for guess in guesses]
  File "/home/ryedida/bbo_challenge_starter_kit/example_submissions/smoothness/optimizer.py", line 48, in _get_smoothness_reg
    if activ > Kz:
NameError: name 'activ' is not defined
suggestion time taken 0.326254 iter 8 next_points [{'alpha': 3.967290973573912, 'batch_size': 198, 'beta_1': 0.9501243354584273, 'beta_2': 0.9996936931862951, 'epsilon': 5.075282341746631e-07, 'hidden_layer_sizes': 163, 'learning_rate_init': 0.003316701912012252, 'tol': 0.0002998453890703457, 'validation_fraction': 0.3573152029151365}]
/home/ryedida/.local/lib/python3.9/site-packages/sklearn/neural_network/_multilayer_perceptron.py:686: ConvergenceWarning: Stochastic Optimizer: Maximum iterations (200) reached and the optimization hasn't converged yet.
  warnings.warn(

function_evaluation time 1.009472 value 14080.255408 suggestion {'alpha': 3.967290973573912, 'batch_size': 198, 'beta_1': 0.9501243354584273, 'beta_2': 0.9996936931862951, 'epsilon': 5.075282341746631e-07, 'hidden_layer_sizes': 163, 'learning_rate_init': 0.003316701912012252, 'tol': 0.0002998453890703457, 'validation_fraction': 0.3573152029151365}
observation time 0.000005, current best 4147.444231 at iter 8
Failure in optimizer suggest. Falling back to random search.
name 'activ' is not defined
Traceback (most recent call last):
  File "/home/ryedida/.local/lib/python3.9/site-packages/bayesmark/experiment.py", line 126, in run_study
    next_points = optimizer.suggest(n_suggestions)
  File "/home/ryedida/bbo_challenge_starter_kit/example_submissions/smoothness/optimizer.py", line 105, in suggest
    betas = [self._get_smoothness_reg(guess) for guess in guesses]
  File "/home/ryedida/bbo_challenge_starter_kit/example_submissions/smoothness/optimizer.py", line 105, in <listcomp>
    betas = [self._get_smoothness_reg(guess) for guess in guesses]
  File "/home/ryedida/bbo_challenge_starter_kit/example_submissions/smoothness/optimizer.py", line 48, in _get_smoothness_reg
    if activ > Kz:
NameError: name 'activ' is not defined
suggestion time taken 0.324039 iter 9 next_points [{'alpha': 8.47592518651247e-05, 'batch_size': 60, 'beta_1': 0.9478570795015232, 'beta_2': 0.9997745580099686, 'epsilon': 2.3287327344905082e-07, 'hidden_layer_sizes': 145, 'learning_rate_init': 1.3524348030973039e-05, 'tol': 0.0011644565429048386, 'validation_fraction': 0.3900260166509523}]
function_evaluation time 0.089985 value 29089.401437 suggestion {'alpha': 8.47592518651247e-05, 'batch_size': 60, 'beta_1': 0.9478570795015232, 'beta_2': 0.9997745580099686, 'epsilon': 2.3287327344905082e-07, 'hidden_layer_sizes': 145, 'learning_rate_init': 1.3524348030973039e-05, 'tol': 0.0011644565429048386, 'validation_fraction': 0.3900260166509523}
observation time 0.000005, current best 4147.444231 at iter 9
Failure in optimizer suggest. Falling back to random search.
name 'activ' is not defined
Traceback (most recent call last):
  File "/home/ryedida/.local/lib/python3.9/site-packages/bayesmark/experiment.py", line 126, in run_study
    next_points = optimizer.suggest(n_suggestions)
  File "/home/ryedida/bbo_challenge_starter_kit/example_submissions/smoothness/optimizer.py", line 105, in suggest
    betas = [self._get_smoothness_reg(guess) for guess in guesses]
  File "/home/ryedida/bbo_challenge_starter_kit/example_submissions/smoothness/optimizer.py", line 105, in <listcomp>
    betas = [self._get_smoothness_reg(guess) for guess in guesses]
  File "/home/ryedida/bbo_challenge_starter_kit/example_submissions/smoothness/optimizer.py", line 48, in _get_smoothness_reg
    if activ > Kz:
NameError: name 'activ' is not defined
suggestion time taken 0.325957 iter 10 next_points [{'alpha': 0.00011631553884402704, 'batch_size': 122, 'beta_1': 0.7048728714293374, 'beta_2': 0.9999735287113172, 'epsilon': 1.9439827412242867e-08, 'hidden_layer_sizes': 130, 'learning_rate_init': 0.0007829247047347534, 'tol': 0.00013248925100442624, 'validation_fraction': 0.8422420736638001}]
/home/ryedida/.local/lib/python3.9/site-packages/sklearn/neural_network/_multilayer_perceptron.py:605: UserWarning: Got `batch_size` less than 1 or larger than sample size. It is going to be clipped
  warnings.warn(

/home/ryedida/.local/lib/python3.9/site-packages/sklearn/neural_network/_multilayer_perceptron.py:686: ConvergenceWarning: Stochastic Optimizer: Maximum iterations (200) reached and the optimization hasn't converged yet.
  warnings.warn(

function_evaluation time 0.696395 value 27878.878223 suggestion {'alpha': 0.00011631553884402704, 'batch_size': 122, 'beta_1': 0.7048728714293374, 'beta_2': 0.9999735287113172, 'epsilon': 1.9439827412242867e-08, 'hidden_layer_sizes': 130, 'learning_rate_init': 0.0007829247047347534, 'tol': 0.00013248925100442624, 'validation_fraction': 0.8422420736638001}
observation time 0.000005, current best 4147.444231 at iter 10
Failure in optimizer suggest. Falling back to random search.
name 'activ' is not defined
Traceback (most recent call last):
  File "/home/ryedida/.local/lib/python3.9/site-packages/bayesmark/experiment.py", line 126, in run_study
    next_points = optimizer.suggest(n_suggestions)
  File "/home/ryedida/bbo_challenge_starter_kit/example_submissions/smoothness/optimizer.py", line 105, in suggest
    betas = [self._get_smoothness_reg(guess) for guess in guesses]
  File "/home/ryedida/bbo_challenge_starter_kit/example_submissions/smoothness/optimizer.py", line 105, in <listcomp>
    betas = [self._get_smoothness_reg(guess) for guess in guesses]
  File "/home/ryedida/bbo_challenge_starter_kit/example_submissions/smoothness/optimizer.py", line 48, in _get_smoothness_reg
    if activ > Kz:
NameError: name 'activ' is not defined
suggestion time taken 0.324057 iter 11 next_points [{'alpha': 4.9932811704514694e-05, 'batch_size': 112, 'beta_1': 0.6881004414556228, 'beta_2': 0.999602184394038, 'epsilon': 8.833235560310413e-09, 'hidden_layer_sizes': 100, 'learning_rate_init': 0.001234281318867104, 'tol': 0.0008608471623333366, 'validation_fraction': 0.792705983710472}]
/home/ryedida/.local/lib/python3.9/site-packages/sklearn/neural_network/_multilayer_perceptron.py:605: UserWarning: Got `batch_size` less than 1 or larger than sample size. It is going to be clipped
  warnings.warn(

/home/ryedida/.local/lib/python3.9/site-packages/sklearn/neural_network/_multilayer_perceptron.py:686: ConvergenceWarning: Stochastic Optimizer: Maximum iterations (200) reached and the optimization hasn't converged yet.
  warnings.warn(

function_evaluation time 0.566242 value 27071.826921 suggestion {'alpha': 4.9932811704514694e-05, 'batch_size': 112, 'beta_1': 0.6881004414556228, 'beta_2': 0.999602184394038, 'epsilon': 8.833235560310413e-09, 'hidden_layer_sizes': 100, 'learning_rate_init': 0.001234281318867104, 'tol': 0.0008608471623333366, 'validation_fraction': 0.792705983710472}
observation time 0.000006, current best 4147.444231 at iter 11
Failure in optimizer suggest. Falling back to random search.
name 'activ' is not defined
Traceback (most recent call last):
  File "/home/ryedida/.local/lib/python3.9/site-packages/bayesmark/experiment.py", line 126, in run_study
    next_points = optimizer.suggest(n_suggestions)
  File "/home/ryedida/bbo_challenge_starter_kit/example_submissions/smoothness/optimizer.py", line 105, in suggest
    betas = [self._get_smoothness_reg(guess) for guess in guesses]
  File "/home/ryedida/bbo_challenge_starter_kit/example_submissions/smoothness/optimizer.py", line 105, in <listcomp>
    betas = [self._get_smoothness_reg(guess) for guess in guesses]
  File "/home/ryedida/bbo_challenge_starter_kit/example_submissions/smoothness/optimizer.py", line 48, in _get_smoothness_reg
    if activ > Kz:
NameError: name 'activ' is not defined
suggestion time taken 0.326842 iter 12 next_points [{'alpha': 0.3101554596110184, 'batch_size': 182, 'beta_1': 0.9491498385588847, 'beta_2': 0.9878409740245239, 'epsilon': 8.653357178465301e-08, 'hidden_layer_sizes': 145, 'learning_rate_init': 0.007544837381042333, 'tol': 0.015139995617442229, 'validation_fraction': 0.5476849822242797}]
/home/ryedida/.local/lib/python3.9/site-packages/sklearn/neural_network/_multilayer_perceptron.py:605: UserWarning: Got `batch_size` less than 1 or larger than sample size. It is going to be clipped
  warnings.warn(

function_evaluation time 0.062056 value 28609.379710 suggestion {'alpha': 0.3101554596110184, 'batch_size': 182, 'beta_1': 0.9491498385588847, 'beta_2': 0.9878409740245239, 'epsilon': 8.653357178465301e-08, 'hidden_layer_sizes': 145, 'learning_rate_init': 0.007544837381042333, 'tol': 0.015139995617442229, 'validation_fraction': 0.5476849822242797}
observation time 0.000004, current best 4147.444231 at iter 12
Failure in optimizer suggest. Falling back to random search.
name 'activ' is not defined
Traceback (most recent call last):
  File "/home/ryedida/.local/lib/python3.9/site-packages/bayesmark/experiment.py", line 126, in run_study
    next_points = optimizer.suggest(n_suggestions)
  File "/home/ryedida/bbo_challenge_starter_kit/example_submissions/smoothness/optimizer.py", line 105, in suggest
    betas = [self._get_smoothness_reg(guess) for guess in guesses]
  File "/home/ryedida/bbo_challenge_starter_kit/example_submissions/smoothness/optimizer.py", line 105, in <listcomp>
    betas = [self._get_smoothness_reg(guess) for guess in guesses]
  File "/home/ryedida/bbo_challenge_starter_kit/example_submissions/smoothness/optimizer.py", line 48, in _get_smoothness_reg
    if activ > Kz:
NameError: name 'activ' is not defined
suggestion time taken 0.323021 iter 13 next_points [{'alpha': 0.01273729312829009, 'batch_size': 23, 'beta_1': 0.9766982870299682, 'beta_2': 0.9996787421369178, 'epsilon': 1.3410118280331113e-07, 'hidden_layer_sizes': 117, 'learning_rate_init': 0.05923598615309905, 'tol': 0.009484362819299805, 'validation_fraction': 0.6551468305400121}]
function_evaluation time 0.323158 value 3291.356044 suggestion {'alpha': 0.01273729312829009, 'batch_size': 23, 'beta_1': 0.9766982870299682, 'beta_2': 0.9996787421369178, 'epsilon': 1.3410118280331113e-07, 'hidden_layer_sizes': 117, 'learning_rate_init': 0.05923598615309905, 'tol': 0.009484362819299805, 'validation_fraction': 0.6551468305400121}
observation time 0.000005, current best 3291.356044 at iter 13
Failure in optimizer suggest. Falling back to random search.
name 'activ' is not defined
Traceback (most recent call last):
  File "/home/ryedida/.local/lib/python3.9/site-packages/bayesmark/experiment.py", line 126, in run_study
    next_points = optimizer.suggest(n_suggestions)
  File "/home/ryedida/bbo_challenge_starter_kit/example_submissions/smoothness/optimizer.py", line 105, in suggest
    betas = [self._get_smoothness_reg(guess) for guess in guesses]
  File "/home/ryedida/bbo_challenge_starter_kit/example_submissions/smoothness/optimizer.py", line 105, in <listcomp>
    betas = [self._get_smoothness_reg(guess) for guess in guesses]
  File "/home/ryedida/bbo_challenge_starter_kit/example_submissions/smoothness/optimizer.py", line 48, in _get_smoothness_reg
    if activ > Kz:
NameError: name 'activ' is not defined
suggestion time taken 0.327249 iter 14 next_points [{'alpha': 0.0016276816432725918, 'batch_size': 75, 'beta_1': 0.9874013817350604, 'beta_2': 0.9988214109708884, 'epsilon': 5.642266432962946e-09, 'hidden_layer_sizes': 86, 'learning_rate_init': 1.0825046904423544e-05, 'tol': 0.006113091880866609, 'validation_fraction': 0.8089311831307079}]
/home/ryedida/.local/lib/python3.9/site-packages/sklearn/neural_network/_multilayer_perceptron.py:605: UserWarning: Got `batch_size` less than 1 or larger than sample size. It is going to be clipped
  warnings.warn(

function_evaluation time 0.046891 value 29097.490552 suggestion {'alpha': 0.0016276816432725918, 'batch_size': 75, 'beta_1': 0.9874013817350604, 'beta_2': 0.9988214109708884, 'epsilon': 5.642266432962946e-09, 'hidden_layer_sizes': 86, 'learning_rate_init': 1.0825046904423544e-05, 'tol': 0.006113091880866609, 'validation_fraction': 0.8089311831307079}
observation time 0.000004, current best 3291.356044 at iter 14
saving meta data: {'args': {'--uuid': 'a0ad2eaf05d55430aa4c064664e5e1ab', '-db-root': '/home/ryedida/bbo_challenge_starter_kit/output', '--opt-root': '/home/ryedida/bbo_challenge_starter_kit/example_submissions', '--data-root': None, '--db': 'run_20230425_034200', '--opt': 'smoothness', '--data': 'diabetes', '--classifier': 'MLP-adam', '--metric': 'mse', '--calls': 15, '--suggestions': 1, '--jobs-file': None, '--verbose': False, 'dry_run': False, 'rev': 'a376313', 'opt_rev': 'x.x.x'}, 'signature': ([{'alpha': 0.019628224813442792, 'batch_size': 182, 'beta_1': 0.9410202200271762, 'beta_2': 0.9998021557676793, 'epsilon': 1.8662266976518e-08, 'hidden_layer_sizes': 147, 'learning_rate_init': 0.0005627932047415167, 'tol': 0.03690557729213761, 'validation_fraction': 0.8846827852548593}, {'alpha': 0.0019982467392329444, 'batch_size': 200, 'beta_1': 0.919111482530466, 'beta_2': 0.9998488260436156, 'epsilon': 5.981221901152555e-07, 'hidden_layer_sizes': 61, 'learning_rate_init': 2.2310905607443014e-05, 'tol': 1.2046852412030316e-05, 'validation_fraction': 0.8117896445826539}, {'alpha': 0.46659545670218433, 'batch_size': 219, 'beta_1': 0.9889789783750891, 'beta_2': 0.9999896868093284, 'epsilon': 2.4234724484675948e-08, 'hidden_layer_sizes': 167, 'learning_rate_init': 2.972334644335654e-05, 'tol': 0.0036281404040243792, 'validation_fraction': 0.17260651658522078}, {'alpha': 4.656005689076002, 'batch_size': 135, 'beta_1': 0.870503881627747, 'beta_2': 0.9948873266941017, 'epsilon': 2.1023308743480125e-07, 'hidden_layer_sizes': 118, 'learning_rate_init': 0.0018781738757161913, 'tol': 1.1889379831773004e-05, 'validation_fraction': 0.6264327093752792}, {'alpha': 0.04705159350400542, 'batch_size': 158, 'beta_1': 0.9870884262730957, 'beta_2': 0.9999596874382349, 'epsilon': 1.1981845126013875e-08, 'hidden_layer_sizes': 116, 'learning_rate_init': 0.00617340520407431, 'tol': 1.741413418158619e-05, 'validation_fraction': 0.6754299026638921}], [29083.993548572587, 29062.423277324073, 29075.78987471409, 24626.32866834337, 9584.226858493177])}
saving results
saving timing
saving suggest log
done
