running: {'--uuid': 'b9e3e9af04e252a8bbc27b83250e68cc', '-db-root': '/home/ryedida/bbo_challenge_starter_kit/output', '--opt-root': '/home/ryedida/bbo_challenge_starter_kit/example_submissions', '--data-root': None, '--db': 'run_20230425_034200', '--opt': 'smoothness', '--data': 'diabetes', '--classifier': 'MLP-adam', '--metric': 'mae', '--calls': 15, '--suggestions': 1, '--jobs-file': None, '--verbose': False, 'dry_run': False, 'rev': 'a376313', 'opt_rev': 'x.x.x'}
cmd: python smoothness/optimizer.py -c MLP-adam -d diabetes -o smoothness -u b9e3e9af04e252a8bbc27b83250e68cc -m mae -n 15 -p 1 -dir /home/ryedida/bbo_challenge_starter_kit/output -b run_20230425_034200
/home/ryedida/.local/lib/python3.9/site-packages/sklearn/neural_network/_multilayer_perceptron.py:605: UserWarning: Got `batch_size` less than 1 or larger than sample size. It is going to be clipped
  warnings.warn(

/home/ryedida/.local/lib/python3.9/site-packages/sklearn/neural_network/_multilayer_perceptron.py:605: UserWarning: Got `batch_size` less than 1 or larger than sample size. It is going to be clipped
  warnings.warn(

/home/ryedida/.local/lib/python3.9/site-packages/sklearn/neural_network/_multilayer_perceptron.py:605: UserWarning: Got `batch_size` less than 1 or larger than sample size. It is going to be clipped
  warnings.warn(

/home/ryedida/.local/lib/python3.9/site-packages/sklearn/neural_network/_multilayer_perceptron.py:686: ConvergenceWarning: Stochastic Optimizer: Maximum iterations (200) reached and the optimization hasn't converged yet.
  warnings.warn(

/home/ryedida/.local/lib/python3.9/site-packages/sklearn/neural_network/_multilayer_perceptron.py:605: UserWarning: Got `batch_size` less than 1 or larger than sample size. It is going to be clipped
  warnings.warn(

/home/ryedida/.local/lib/python3.9/site-packages/sklearn/neural_network/_multilayer_perceptron.py:686: ConvergenceWarning: Stochastic Optimizer: Maximum iterations (200) reached and the optimization hasn't converged yet.
  warnings.warn(

computed signature: ([{'alpha': 0.019628224813442792, 'batch_size': 182, 'beta_1': 0.9410202200271762, 'beta_2': 0.9998021557676793, 'epsilon': 1.8662266976518e-08, 'hidden_layer_sizes': 147, 'learning_rate_init': 0.0005627932047415167, 'tol': 0.03690557729213761, 'validation_fraction': 0.8846827852548593}, {'alpha': 0.0019982467392329444, 'batch_size': 200, 'beta_1': 0.919111482530466, 'beta_2': 0.9998488260436156, 'epsilon': 5.981221901152555e-07, 'hidden_layer_sizes': 61, 'learning_rate_init': 2.2310905607443014e-05, 'tol': 1.2046852412030316e-05, 'validation_fraction': 0.8117896445826539}, {'alpha': 0.46659545670218433, 'batch_size': 219, 'beta_1': 0.9889789783750891, 'beta_2': 0.9999896868093284, 'epsilon': 2.4234724484675948e-08, 'hidden_layer_sizes': 167, 'learning_rate_init': 2.972334644335654e-05, 'tol': 0.0036281404040243792, 'validation_fraction': 0.17260651658522078}, {'alpha': 4.656005689076002, 'batch_size': 135, 'beta_1': 0.870503881627747, 'beta_2': 0.9948873266941017, 'epsilon': 2.1023308743480125e-07, 'hidden_layer_sizes': 118, 'learning_rate_init': 0.0018781738757161913, 'tol': 1.1889379831773004e-05, 'validation_fraction': 0.6264327093752792}, {'alpha': 0.04705159350400542, 'batch_size': 158, 'beta_1': 0.9870884262730957, 'beta_2': 0.9999596874382349, 'epsilon': 1.1981845126013875e-08, 'hidden_layer_sizes': 116, 'learning_rate_init': 0.00617340520407431, 'tol': 1.741413418158619e-05, 'validation_fraction': 0.6754299026638921}], [151.4971925380264, 151.42763539278994, 151.47026299046811, 136.86202504264318, 75.2055865763391])
Signature errors:
                                  0             1             2         3         4       max
MLP-adam_diabetes_mae  1.919244e-08  6.198704e-08  7.624578e-09  0.000007  0.000034  0.000034
max                    1.919244e-08  6.198704e-08  7.624578e-09  0.000007  0.000034  0.000034
starting sklearn study smoothness MLP-adam diabetes mae 15 1
with data root: None
Failure in optimizer suggest. Falling back to random search.
name 'activ' is not defined
Traceback (most recent call last):
  File "/home/ryedida/.local/lib/python3.9/site-packages/bayesmark/experiment.py", line 126, in run_study
    next_points = optimizer.suggest(n_suggestions)
  File "/home/ryedida/bbo_challenge_starter_kit/example_submissions/smoothness/optimizer.py", line 105, in suggest
    betas = [self._get_smoothness_reg(guess) for guess in guesses]
  File "/home/ryedida/bbo_challenge_starter_kit/example_submissions/smoothness/optimizer.py", line 105, in <listcomp>
    betas = [self._get_smoothness_reg(guess) for guess in guesses]
  File "/home/ryedida/bbo_challenge_starter_kit/example_submissions/smoothness/optimizer.py", line 48, in _get_smoothness_reg
    if activ > Kz:
NameError: name 'activ' is not defined
suggestion time taken 0.493017 iter 0 next_points [{'alpha': 0.00011478881625671173, 'batch_size': 169, 'beta_1': 0.8826354149410448, 'beta_2': 0.9767150821600626, 'epsilon': 9.059968900380781e-08, 'hidden_layer_sizes': 64, 'learning_rate_init': 1.6009165233018178e-05, 'tol': 1.8458897514887326e-05, 'validation_fraction': 0.7439001269533474}]
/home/ryedida/.local/lib/python3.9/site-packages/sklearn/neural_network/_multilayer_perceptron.py:605: UserWarning: Got `batch_size` less than 1 or larger than sample size. It is going to be clipped
  warnings.warn(

function_evaluation time 0.044642 value 151.601126 suggestion {'alpha': 0.00011478881625671173, 'batch_size': 169, 'beta_1': 0.8826354149410448, 'beta_2': 0.9767150821600626, 'epsilon': 9.059968900380781e-08, 'hidden_layer_sizes': 64, 'learning_rate_init': 1.6009165233018178e-05, 'tol': 1.8458897514887326e-05, 'validation_fraction': 0.7439001269533474}
observation time 0.000007, current best 151.601126 at iter 0
Failure in optimizer suggest. Falling back to random search.
name 'activ' is not defined
Traceback (most recent call last):
  File "/home/ryedida/.local/lib/python3.9/site-packages/bayesmark/experiment.py", line 126, in run_study
    next_points = optimizer.suggest(n_suggestions)
  File "/home/ryedida/bbo_challenge_starter_kit/example_submissions/smoothness/optimizer.py", line 105, in suggest
    betas = [self._get_smoothness_reg(guess) for guess in guesses]
  File "/home/ryedida/bbo_challenge_starter_kit/example_submissions/smoothness/optimizer.py", line 105, in <listcomp>
    betas = [self._get_smoothness_reg(guess) for guess in guesses]
  File "/home/ryedida/bbo_challenge_starter_kit/example_submissions/smoothness/optimizer.py", line 48, in _get_smoothness_reg
    if activ > Kz:
NameError: name 'activ' is not defined
suggestion time taken 0.332697 iter 1 next_points [{'alpha': 5.779885578667127e-05, 'batch_size': 71, 'beta_1': 0.9561707908344825, 'beta_2': 0.9740744573785795, 'epsilon': 1.5824268650433201e-07, 'hidden_layer_sizes': 86, 'learning_rate_init': 1.045284452624572e-05, 'tol': 3.094259372632536e-05, 'validation_fraction': 0.5507054911940574}]
function_evaluation time 0.063486 value 151.561917 suggestion {'alpha': 5.779885578667127e-05, 'batch_size': 71, 'beta_1': 0.9561707908344825, 'beta_2': 0.9740744573785795, 'epsilon': 1.5824268650433201e-07, 'hidden_layer_sizes': 86, 'learning_rate_init': 1.045284452624572e-05, 'tol': 3.094259372632536e-05, 'validation_fraction': 0.5507054911940574}
observation time 0.000006, current best 151.561917 at iter 1
Failure in optimizer suggest. Falling back to random search.
name 'activ' is not defined
Traceback (most recent call last):
  File "/home/ryedida/.local/lib/python3.9/site-packages/bayesmark/experiment.py", line 126, in run_study
    next_points = optimizer.suggest(n_suggestions)
  File "/home/ryedida/bbo_challenge_starter_kit/example_submissions/smoothness/optimizer.py", line 105, in suggest
    betas = [self._get_smoothness_reg(guess) for guess in guesses]
  File "/home/ryedida/bbo_challenge_starter_kit/example_submissions/smoothness/optimizer.py", line 105, in <listcomp>
    betas = [self._get_smoothness_reg(guess) for guess in guesses]
  File "/home/ryedida/bbo_challenge_starter_kit/example_submissions/smoothness/optimizer.py", line 48, in _get_smoothness_reg
    if activ > Kz:
NameError: name 'activ' is not defined
suggestion time taken 0.330481 iter 2 next_points [{'alpha': 0.011288269076577068, 'batch_size': 144, 'beta_1': 0.7276525351366447, 'beta_2': 0.9999989072570251, 'epsilon': 3.497473236759673e-07, 'hidden_layer_sizes': 148, 'learning_rate_init': 0.000886170161278548, 'tol': 0.0012210138434475262, 'validation_fraction': 0.20337211113206705}]
/home/ryedida/.local/lib/python3.9/site-packages/sklearn/neural_network/_multilayer_perceptron.py:686: ConvergenceWarning: Stochastic Optimizer: Maximum iterations (200) reached and the optimization hasn't converged yet.
  warnings.warn(

function_evaluation time 1.232713 value 130.974913 suggestion {'alpha': 0.011288269076577068, 'batch_size': 144, 'beta_1': 0.7276525351366447, 'beta_2': 0.9999989072570251, 'epsilon': 3.497473236759673e-07, 'hidden_layer_sizes': 148, 'learning_rate_init': 0.000886170161278548, 'tol': 0.0012210138434475262, 'validation_fraction': 0.20337211113206705}
observation time 0.000007, current best 130.974913 at iter 2
Failure in optimizer suggest. Falling back to random search.
name 'activ' is not defined
Traceback (most recent call last):
  File "/home/ryedida/.local/lib/python3.9/site-packages/bayesmark/experiment.py", line 126, in run_study
    next_points = optimizer.suggest(n_suggestions)
  File "/home/ryedida/bbo_challenge_starter_kit/example_submissions/smoothness/optimizer.py", line 105, in suggest
    betas = [self._get_smoothness_reg(guess) for guess in guesses]
  File "/home/ryedida/bbo_challenge_starter_kit/example_submissions/smoothness/optimizer.py", line 105, in <listcomp>
    betas = [self._get_smoothness_reg(guess) for guess in guesses]
  File "/home/ryedida/bbo_challenge_starter_kit/example_submissions/smoothness/optimizer.py", line 48, in _get_smoothness_reg
    if activ > Kz:
NameError: name 'activ' is not defined
suggestion time taken 0.330170 iter 3 next_points [{'alpha': 3.923645335504114e-05, 'batch_size': 101, 'beta_1': 0.7928237004527091, 'beta_2': 0.9965642404545194, 'epsilon': 4.923834040259659e-08, 'hidden_layer_sizes': 98, 'learning_rate_init': 0.0009888753815478493, 'tol': 0.0015068145049938054, 'validation_fraction': 0.42512554086629145}]
function_evaluation time 0.210177 value 147.823102 suggestion {'alpha': 3.923645335504114e-05, 'batch_size': 101, 'beta_1': 0.7928237004527091, 'beta_2': 0.9965642404545194, 'epsilon': 4.923834040259659e-08, 'hidden_layer_sizes': 98, 'learning_rate_init': 0.0009888753815478493, 'tol': 0.0015068145049938054, 'validation_fraction': 0.42512554086629145}
observation time 0.000006, current best 130.974913 at iter 3
Failure in optimizer suggest. Falling back to random search.
name 'activ' is not defined
Traceback (most recent call last):
  File "/home/ryedida/.local/lib/python3.9/site-packages/bayesmark/experiment.py", line 126, in run_study
    next_points = optimizer.suggest(n_suggestions)
  File "/home/ryedida/bbo_challenge_starter_kit/example_submissions/smoothness/optimizer.py", line 105, in suggest
    betas = [self._get_smoothness_reg(guess) for guess in guesses]
  File "/home/ryedida/bbo_challenge_starter_kit/example_submissions/smoothness/optimizer.py", line 105, in <listcomp>
    betas = [self._get_smoothness_reg(guess) for guess in guesses]
  File "/home/ryedida/bbo_challenge_starter_kit/example_submissions/smoothness/optimizer.py", line 48, in _get_smoothness_reg
    if activ > Kz:
NameError: name 'activ' is not defined
suggestion time taken 0.329692 iter 4 next_points [{'alpha': 0.15758003982676597, 'batch_size': 207, 'beta_1': 0.9815316921813174, 'beta_2': 0.9999977275266098, 'epsilon': 4.168689307200357e-07, 'hidden_layer_sizes': 179, 'learning_rate_init': 0.009904047979043455, 'tol': 0.00016505712703789385, 'validation_fraction': 0.7684440849157654}]
/home/ryedida/.local/lib/python3.9/site-packages/sklearn/neural_network/_multilayer_perceptron.py:605: UserWarning: Got `batch_size` less than 1 or larger than sample size. It is going to be clipped
  warnings.warn(

function_evaluation time 0.614237 value 54.437915 suggestion {'alpha': 0.15758003982676597, 'batch_size': 207, 'beta_1': 0.9815316921813174, 'beta_2': 0.9999977275266098, 'epsilon': 4.168689307200357e-07, 'hidden_layer_sizes': 179, 'learning_rate_init': 0.009904047979043455, 'tol': 0.00016505712703789385, 'validation_fraction': 0.7684440849157654}
observation time 0.000005, current best 54.437915 at iter 4
Failure in optimizer suggest. Falling back to random search.
name 'activ' is not defined
Traceback (most recent call last):
  File "/home/ryedida/.local/lib/python3.9/site-packages/bayesmark/experiment.py", line 126, in run_study
    next_points = optimizer.suggest(n_suggestions)
  File "/home/ryedida/bbo_challenge_starter_kit/example_submissions/smoothness/optimizer.py", line 105, in suggest
    betas = [self._get_smoothness_reg(guess) for guess in guesses]
  File "/home/ryedida/bbo_challenge_starter_kit/example_submissions/smoothness/optimizer.py", line 105, in <listcomp>
    betas = [self._get_smoothness_reg(guess) for guess in guesses]
  File "/home/ryedida/bbo_challenge_starter_kit/example_submissions/smoothness/optimizer.py", line 48, in _get_smoothness_reg
    if activ > Kz:
NameError: name 'activ' is not defined
suggestion time taken 0.338435 iter 5 next_points [{'alpha': 0.5860702577209717, 'batch_size': 182, 'beta_1': 0.9847345860790948, 'beta_2': 0.9986554568270911, 'epsilon': 4.922397871733942e-08, 'hidden_layer_sizes': 96, 'learning_rate_init': 0.0006760734903378362, 'tol': 0.00010234055710382409, 'validation_fraction': 0.7627651687502153}]
/home/ryedida/.local/lib/python3.9/site-packages/sklearn/neural_network/_multilayer_perceptron.py:605: UserWarning: Got `batch_size` less than 1 or larger than sample size. It is going to be clipped
  warnings.warn(

/home/ryedida/.local/lib/python3.9/site-packages/sklearn/neural_network/_multilayer_perceptron.py:686: ConvergenceWarning: Stochastic Optimizer: Maximum iterations (200) reached and the optimization hasn't converged yet.
  warnings.warn(

function_evaluation time 0.630849 value 149.332966 suggestion {'alpha': 0.5860702577209717, 'batch_size': 182, 'beta_1': 0.9847345860790948, 'beta_2': 0.9986554568270911, 'epsilon': 4.922397871733942e-08, 'hidden_layer_sizes': 96, 'learning_rate_init': 0.0006760734903378362, 'tol': 0.00010234055710382409, 'validation_fraction': 0.7627651687502153}
observation time 0.000006, current best 54.437915 at iter 5
Failure in optimizer suggest. Falling back to random search.
name 'activ' is not defined
Traceback (most recent call last):
  File "/home/ryedida/.local/lib/python3.9/site-packages/bayesmark/experiment.py", line 126, in run_study
    next_points = optimizer.suggest(n_suggestions)
  File "/home/ryedida/bbo_challenge_starter_kit/example_submissions/smoothness/optimizer.py", line 105, in suggest
    betas = [self._get_smoothness_reg(guess) for guess in guesses]
  File "/home/ryedida/bbo_challenge_starter_kit/example_submissions/smoothness/optimizer.py", line 105, in <listcomp>
    betas = [self._get_smoothness_reg(guess) for guess in guesses]
  File "/home/ryedida/bbo_challenge_starter_kit/example_submissions/smoothness/optimizer.py", line 48, in _get_smoothness_reg
    if activ > Kz:
NameError: name 'activ' is not defined
suggestion time taken 0.334790 iter 6 next_points [{'alpha': 0.014356627188372382, 'batch_size': 146, 'beta_1': 0.9019003476072733, 'beta_2': 0.9999484526660007, 'epsilon': 4.311892925585897e-07, 'hidden_layer_sizes': 174, 'learning_rate_init': 0.012082475728237061, 'tol': 0.00042692694117350073, 'validation_fraction': 0.8745164886684573}]
/home/ryedida/.local/lib/python3.9/site-packages/sklearn/neural_network/_multilayer_perceptron.py:605: UserWarning: Got `batch_size` less than 1 or larger than sample size. It is going to be clipped
  warnings.warn(

/home/ryedida/.local/lib/python3.9/site-packages/sklearn/neural_network/_multilayer_perceptron.py:686: ConvergenceWarning: Stochastic Optimizer: Maximum iterations (200) reached and the optimization hasn't converged yet.
  warnings.warn(

function_evaluation time 0.656634 value 47.889276 suggestion {'alpha': 0.014356627188372382, 'batch_size': 146, 'beta_1': 0.9019003476072733, 'beta_2': 0.9999484526660007, 'epsilon': 4.311892925585897e-07, 'hidden_layer_sizes': 174, 'learning_rate_init': 0.012082475728237061, 'tol': 0.00042692694117350073, 'validation_fraction': 0.8745164886684573}
observation time 0.000007, current best 47.889276 at iter 6
Failure in optimizer suggest. Falling back to random search.
name 'activ' is not defined
Traceback (most recent call last):
  File "/home/ryedida/.local/lib/python3.9/site-packages/bayesmark/experiment.py", line 126, in run_study
    next_points = optimizer.suggest(n_suggestions)
  File "/home/ryedida/bbo_challenge_starter_kit/example_submissions/smoothness/optimizer.py", line 105, in suggest
    betas = [self._get_smoothness_reg(guess) for guess in guesses]
  File "/home/ryedida/bbo_challenge_starter_kit/example_submissions/smoothness/optimizer.py", line 105, in <listcomp>
    betas = [self._get_smoothness_reg(guess) for guess in guesses]
  File "/home/ryedida/bbo_challenge_starter_kit/example_submissions/smoothness/optimizer.py", line 48, in _get_smoothness_reg
    if activ > Kz:
NameError: name 'activ' is not defined
suggestion time taken 0.461296 iter 7 next_points [{'alpha': 0.6543047946207571, 'batch_size': 155, 'beta_1': 0.8327061357812955, 'beta_2': 0.9991438999929954, 'epsilon': 2.1076108914751399e-07, 'hidden_layer_sizes': 144, 'learning_rate_init': 0.001639649074673028, 'tol': 0.0070101206243158905, 'validation_fraction': 0.7562763927773746}]
/home/ryedida/.local/lib/python3.9/site-packages/sklearn/neural_network/_multilayer_perceptron.py:605: UserWarning: Got `batch_size` less than 1 or larger than sample size. It is going to be clipped
  warnings.warn(

function_evaluation time 0.057315 value 151.300302 suggestion {'alpha': 0.6543047946207571, 'batch_size': 155, 'beta_1': 0.8327061357812955, 'beta_2': 0.9991438999929954, 'epsilon': 2.1076108914751399e-07, 'hidden_layer_sizes': 144, 'learning_rate_init': 0.001639649074673028, 'tol': 0.0070101206243158905, 'validation_fraction': 0.7562763927773746}
observation time 0.000006, current best 47.889276 at iter 7
Failure in optimizer suggest. Falling back to random search.
name 'activ' is not defined
Traceback (most recent call last):
  File "/home/ryedida/.local/lib/python3.9/site-packages/bayesmark/experiment.py", line 126, in run_study
    next_points = optimizer.suggest(n_suggestions)
  File "/home/ryedida/bbo_challenge_starter_kit/example_submissions/smoothness/optimizer.py", line 105, in suggest
    betas = [self._get_smoothness_reg(guess) for guess in guesses]
  File "/home/ryedida/bbo_challenge_starter_kit/example_submissions/smoothness/optimizer.py", line 105, in <listcomp>
    betas = [self._get_smoothness_reg(guess) for guess in guesses]
  File "/home/ryedida/bbo_challenge_starter_kit/example_submissions/smoothness/optimizer.py", line 48, in _get_smoothness_reg
    if activ > Kz:
NameError: name 'activ' is not defined
suggestion time taken 0.324657 iter 8 next_points [{'alpha': 0.17683116186877884, 'batch_size': 89, 'beta_1': 0.6096325131976257, 'beta_2': 0.9987626235957984, 'epsilon': 4.5554799680877745e-07, 'hidden_layer_sizes': 130, 'learning_rate_init': 0.001966962638340598, 'tol': 2.140660590383772e-05, 'validation_fraction': 0.7625451642088935}]
/home/ryedida/.local/lib/python3.9/site-packages/sklearn/neural_network/_multilayer_perceptron.py:605: UserWarning: Got `batch_size` less than 1 or larger than sample size. It is going to be clipped
  warnings.warn(

/home/ryedida/.local/lib/python3.9/site-packages/sklearn/neural_network/_multilayer_perceptron.py:686: ConvergenceWarning: Stochastic Optimizer: Maximum iterations (200) reached and the optimization hasn't converged yet.
  warnings.warn(

function_evaluation time 0.730244 value 129.830056 suggestion {'alpha': 0.17683116186877884, 'batch_size': 89, 'beta_1': 0.6096325131976257, 'beta_2': 0.9987626235957984, 'epsilon': 4.5554799680877745e-07, 'hidden_layer_sizes': 130, 'learning_rate_init': 0.001966962638340598, 'tol': 2.140660590383772e-05, 'validation_fraction': 0.7625451642088935}
observation time 0.000006, current best 47.889276 at iter 8
Failure in optimizer suggest. Falling back to random search.
name 'activ' is not defined
Traceback (most recent call last):
  File "/home/ryedida/.local/lib/python3.9/site-packages/bayesmark/experiment.py", line 126, in run_study
    next_points = optimizer.suggest(n_suggestions)
  File "/home/ryedida/bbo_challenge_starter_kit/example_submissions/smoothness/optimizer.py", line 105, in suggest
    betas = [self._get_smoothness_reg(guess) for guess in guesses]
  File "/home/ryedida/bbo_challenge_starter_kit/example_submissions/smoothness/optimizer.py", line 105, in <listcomp>
    betas = [self._get_smoothness_reg(guess) for guess in guesses]
  File "/home/ryedida/bbo_challenge_starter_kit/example_submissions/smoothness/optimizer.py", line 48, in _get_smoothness_reg
    if activ > Kz:
NameError: name 'activ' is not defined
suggestion time taken 0.320400 iter 9 next_points [{'alpha': 0.06401438192270545, 'batch_size': 145, 'beta_1': 0.9806721326532739, 'beta_2': 0.9990336022738016, 'epsilon': 4.1388014202551415e-07, 'hidden_layer_sizes': 87, 'learning_rate_init': 0.00050574436711828, 'tol': 0.0017894045162551646, 'validation_fraction': 0.4175598688619366}]
function_evaluation time 0.063470 value 151.437630 suggestion {'alpha': 0.06401438192270545, 'batch_size': 145, 'beta_1': 0.9806721326532739, 'beta_2': 0.9990336022738016, 'epsilon': 4.1388014202551415e-07, 'hidden_layer_sizes': 87, 'learning_rate_init': 0.00050574436711828, 'tol': 0.0017894045162551646, 'validation_fraction': 0.4175598688619366}
observation time 0.000006, current best 47.889276 at iter 9
Failure in optimizer suggest. Falling back to random search.
name 'activ' is not defined
Traceback (most recent call last):
  File "/home/ryedida/.local/lib/python3.9/site-packages/bayesmark/experiment.py", line 126, in run_study
    next_points = optimizer.suggest(n_suggestions)
  File "/home/ryedida/bbo_challenge_starter_kit/example_submissions/smoothness/optimizer.py", line 105, in suggest
    betas = [self._get_smoothness_reg(guess) for guess in guesses]
  File "/home/ryedida/bbo_challenge_starter_kit/example_submissions/smoothness/optimizer.py", line 105, in <listcomp>
    betas = [self._get_smoothness_reg(guess) for guess in guesses]
  File "/home/ryedida/bbo_challenge_starter_kit/example_submissions/smoothness/optimizer.py", line 48, in _get_smoothness_reg
    if activ > Kz:
NameError: name 'activ' is not defined
suggestion time taken 0.319925 iter 10 next_points [{'alpha': 0.02622324079498456, 'batch_size': 162, 'beta_1': 0.9595439160545575, 'beta_2': 0.9958188601099663, 'epsilon': 8.905929212362796e-09, 'hidden_layer_sizes': 134, 'learning_rate_init': 0.0001270802148564384, 'tol': 2.2146862002854436e-05, 'validation_fraction': 0.44958092778096026}]
/home/ryedida/.local/lib/python3.9/site-packages/sklearn/neural_network/_multilayer_perceptron.py:686: ConvergenceWarning: Stochastic Optimizer: Maximum iterations (200) reached and the optimization hasn't converged yet.
  warnings.warn(

function_evaluation time 0.913225 value 151.170073 suggestion {'alpha': 0.02622324079498456, 'batch_size': 162, 'beta_1': 0.9595439160545575, 'beta_2': 0.9958188601099663, 'epsilon': 8.905929212362796e-09, 'hidden_layer_sizes': 134, 'learning_rate_init': 0.0001270802148564384, 'tol': 2.2146862002854436e-05, 'validation_fraction': 0.44958092778096026}
observation time 0.000006, current best 47.889276 at iter 10
Failure in optimizer suggest. Falling back to random search.
name 'activ' is not defined
Traceback (most recent call last):
  File "/home/ryedida/.local/lib/python3.9/site-packages/bayesmark/experiment.py", line 126, in run_study
    next_points = optimizer.suggest(n_suggestions)
  File "/home/ryedida/bbo_challenge_starter_kit/example_submissions/smoothness/optimizer.py", line 105, in suggest
    betas = [self._get_smoothness_reg(guess) for guess in guesses]
  File "/home/ryedida/bbo_challenge_starter_kit/example_submissions/smoothness/optimizer.py", line 105, in <listcomp>
    betas = [self._get_smoothness_reg(guess) for guess in guesses]
  File "/home/ryedida/bbo_challenge_starter_kit/example_submissions/smoothness/optimizer.py", line 48, in _get_smoothness_reg
    if activ > Kz:
NameError: name 'activ' is not defined
suggestion time taken 0.319445 iter 11 next_points [{'alpha': 0.012563228703406653, 'batch_size': 92, 'beta_1': 0.7519211610907657, 'beta_2': 0.9590151663651408, 'epsilon': 8.965775835314395e-07, 'hidden_layer_sizes': 169, 'learning_rate_init': 0.0013180063780745441, 'tol': 0.00028521770455107296, 'validation_fraction': 0.5640636629276446}]
/home/ryedida/.local/lib/python3.9/site-packages/sklearn/neural_network/_multilayer_perceptron.py:686: ConvergenceWarning: Stochastic Optimizer: Maximum iterations (200) reached and the optimization hasn't converged yet.
  warnings.warn(

function_evaluation time 1.129298 value 121.063800 suggestion {'alpha': 0.012563228703406653, 'batch_size': 92, 'beta_1': 0.7519211610907657, 'beta_2': 0.9590151663651408, 'epsilon': 8.965775835314395e-07, 'hidden_layer_sizes': 169, 'learning_rate_init': 0.0013180063780745441, 'tol': 0.00028521770455107296, 'validation_fraction': 0.5640636629276446}
observation time 0.000006, current best 47.889276 at iter 11
Failure in optimizer suggest. Falling back to random search.
name 'activ' is not defined
Traceback (most recent call last):
  File "/home/ryedida/.local/lib/python3.9/site-packages/bayesmark/experiment.py", line 126, in run_study
    next_points = optimizer.suggest(n_suggestions)
  File "/home/ryedida/bbo_challenge_starter_kit/example_submissions/smoothness/optimizer.py", line 105, in suggest
    betas = [self._get_smoothness_reg(guess) for guess in guesses]
  File "/home/ryedida/bbo_challenge_starter_kit/example_submissions/smoothness/optimizer.py", line 105, in <listcomp>
    betas = [self._get_smoothness_reg(guess) for guess in guesses]
  File "/home/ryedida/bbo_challenge_starter_kit/example_submissions/smoothness/optimizer.py", line 48, in _get_smoothness_reg
    if activ > Kz:
NameError: name 'activ' is not defined
suggestion time taken 0.320096 iter 12 next_points [{'alpha': 5.061391420885418, 'batch_size': 49, 'beta_1': 0.9895877916675746, 'beta_2': 0.9987890567725091, 'epsilon': 3.306962445554513e-08, 'hidden_layer_sizes': 62, 'learning_rate_init': 0.010651417341990953, 'tol': 0.00025286213568799043, 'validation_fraction': 0.6910183418013305}]
function_evaluation time 0.509187 value 55.141293 suggestion {'alpha': 5.061391420885418, 'batch_size': 49, 'beta_1': 0.9895877916675746, 'beta_2': 0.9987890567725091, 'epsilon': 3.306962445554513e-08, 'hidden_layer_sizes': 62, 'learning_rate_init': 0.010651417341990953, 'tol': 0.00025286213568799043, 'validation_fraction': 0.6910183418013305}
observation time 0.000006, current best 47.889276 at iter 12
Failure in optimizer suggest. Falling back to random search.
name 'activ' is not defined
Traceback (most recent call last):
  File "/home/ryedida/.local/lib/python3.9/site-packages/bayesmark/experiment.py", line 126, in run_study
    next_points = optimizer.suggest(n_suggestions)
  File "/home/ryedida/bbo_challenge_starter_kit/example_submissions/smoothness/optimizer.py", line 105, in suggest
    betas = [self._get_smoothness_reg(guess) for guess in guesses]
  File "/home/ryedida/bbo_challenge_starter_kit/example_submissions/smoothness/optimizer.py", line 105, in <listcomp>
    betas = [self._get_smoothness_reg(guess) for guess in guesses]
  File "/home/ryedida/bbo_challenge_starter_kit/example_submissions/smoothness/optimizer.py", line 48, in _get_smoothness_reg
    if activ > Kz:
NameError: name 'activ' is not defined
suggestion time taken 0.321719 iter 13 next_points [{'alpha': 0.002523149882867205, 'batch_size': 209, 'beta_1': 0.9504071458058537, 'beta_2': 0.999993013949208, 'epsilon': 2.0859878572965458e-07, 'hidden_layer_sizes': 82, 'learning_rate_init': 0.03380536869366845, 'tol': 0.06889021536119296, 'validation_fraction': 0.804776872827718}]
/home/ryedida/.local/lib/python3.9/site-packages/sklearn/neural_network/_multilayer_perceptron.py:605: UserWarning: Got `batch_size` less than 1 or larger than sample size. It is going to be clipped
  warnings.warn(

function_evaluation time 0.047144 value 144.440695 suggestion {'alpha': 0.002523149882867205, 'batch_size': 209, 'beta_1': 0.9504071458058537, 'beta_2': 0.999993013949208, 'epsilon': 2.0859878572965458e-07, 'hidden_layer_sizes': 82, 'learning_rate_init': 0.03380536869366845, 'tol': 0.06889021536119296, 'validation_fraction': 0.804776872827718}
observation time 0.000005, current best 47.889276 at iter 13
Failure in optimizer suggest. Falling back to random search.
name 'activ' is not defined
Traceback (most recent call last):
  File "/home/ryedida/.local/lib/python3.9/site-packages/bayesmark/experiment.py", line 126, in run_study
    next_points = optimizer.suggest(n_suggestions)
  File "/home/ryedida/bbo_challenge_starter_kit/example_submissions/smoothness/optimizer.py", line 105, in suggest
    betas = [self._get_smoothness_reg(guess) for guess in guesses]
  File "/home/ryedida/bbo_challenge_starter_kit/example_submissions/smoothness/optimizer.py", line 105, in <listcomp>
    betas = [self._get_smoothness_reg(guess) for guess in guesses]
  File "/home/ryedida/bbo_challenge_starter_kit/example_submissions/smoothness/optimizer.py", line 48, in _get_smoothness_reg
    if activ > Kz:
NameError: name 'activ' is not defined
suggestion time taken 0.321264 iter 14 next_points [{'alpha': 0.0007992789354079332, 'batch_size': 120, 'beta_1': 0.9313835971827663, 'beta_2': 0.9989289247774195, 'epsilon': 5.746848730352657e-07, 'hidden_layer_sizes': 68, 'learning_rate_init': 0.05811832848889882, 'tol': 0.0001580733042603603, 'validation_fraction': 0.7519265300330266}]
/home/ryedida/.local/lib/python3.9/site-packages/sklearn/neural_network/_multilayer_perceptron.py:605: UserWarning: Got `batch_size` less than 1 or larger than sample size. It is going to be clipped
  warnings.warn(

function_evaluation time 0.169432 value 53.875258 suggestion {'alpha': 0.0007992789354079332, 'batch_size': 120, 'beta_1': 0.9313835971827663, 'beta_2': 0.9989289247774195, 'epsilon': 5.746848730352657e-07, 'hidden_layer_sizes': 68, 'learning_rate_init': 0.05811832848889882, 'tol': 0.0001580733042603603, 'validation_fraction': 0.7519265300330266}
observation time 0.000005, current best 47.889276 at iter 14
saving meta data: {'args': {'--uuid': 'b9e3e9af04e252a8bbc27b83250e68cc', '-db-root': '/home/ryedida/bbo_challenge_starter_kit/output', '--opt-root': '/home/ryedida/bbo_challenge_starter_kit/example_submissions', '--data-root': None, '--db': 'run_20230425_034200', '--opt': 'smoothness', '--data': 'diabetes', '--classifier': 'MLP-adam', '--metric': 'mae', '--calls': 15, '--suggestions': 1, '--jobs-file': None, '--verbose': False, 'dry_run': False, 'rev': 'a376313', 'opt_rev': 'x.x.x'}, 'signature': ([{'alpha': 0.019628224813442792, 'batch_size': 182, 'beta_1': 0.9410202200271762, 'beta_2': 0.9998021557676793, 'epsilon': 1.8662266976518e-08, 'hidden_layer_sizes': 147, 'learning_rate_init': 0.0005627932047415167, 'tol': 0.03690557729213761, 'validation_fraction': 0.8846827852548593}, {'alpha': 0.0019982467392329444, 'batch_size': 200, 'beta_1': 0.919111482530466, 'beta_2': 0.9998488260436156, 'epsilon': 5.981221901152555e-07, 'hidden_layer_sizes': 61, 'learning_rate_init': 2.2310905607443014e-05, 'tol': 1.2046852412030316e-05, 'validation_fraction': 0.8117896445826539}, {'alpha': 0.46659545670218433, 'batch_size': 219, 'beta_1': 0.9889789783750891, 'beta_2': 0.9999896868093284, 'epsilon': 2.4234724484675948e-08, 'hidden_layer_sizes': 167, 'learning_rate_init': 2.972334644335654e-05, 'tol': 0.0036281404040243792, 'validation_fraction': 0.17260651658522078}, {'alpha': 4.656005689076002, 'batch_size': 135, 'beta_1': 0.870503881627747, 'beta_2': 0.9948873266941017, 'epsilon': 2.1023308743480125e-07, 'hidden_layer_sizes': 118, 'learning_rate_init': 0.0018781738757161913, 'tol': 1.1889379831773004e-05, 'validation_fraction': 0.6264327093752792}, {'alpha': 0.04705159350400542, 'batch_size': 158, 'beta_1': 0.9870884262730957, 'beta_2': 0.9999596874382349, 'epsilon': 1.1981845126013875e-08, 'hidden_layer_sizes': 116, 'learning_rate_init': 0.00617340520407431, 'tol': 1.741413418158619e-05, 'validation_fraction': 0.6754299026638921}], [151.4971925380264, 151.42763539278994, 151.47026299046811, 136.86202504264318, 75.2055865763391])}
saving results
saving timing
saving suggest log
done
