running: {'--uuid': 'c8fdc8d9cc1b5b6ba118843f061bdf95', '-db-root': '/home/ryedida/bbo_challenge_starter_kit/output', '--opt-root': '/home/ryedida/bbo_challenge_starter_kit/example_submissions', '--data-root': None, '--db': 'run_20230425_034200', '--opt': 'smoothness', '--data': 'diabetes', '--classifier': 'MLP-adam', '--metric': 'mse', '--calls': 15, '--suggestions': 1, '--jobs-file': None, '--verbose': False, 'dry_run': False, 'rev': 'a376313', 'opt_rev': 'x.x.x'}
cmd: python smoothness/optimizer.py -c MLP-adam -d diabetes -o smoothness -u c8fdc8d9cc1b5b6ba118843f061bdf95 -m mse -n 15 -p 1 -dir /home/ryedida/bbo_challenge_starter_kit/output -b run_20230425_034200
/home/ryedida/.local/lib/python3.9/site-packages/sklearn/neural_network/_multilayer_perceptron.py:605: UserWarning: Got `batch_size` less than 1 or larger than sample size. It is going to be clipped
  warnings.warn(

/home/ryedida/.local/lib/python3.9/site-packages/sklearn/neural_network/_multilayer_perceptron.py:605: UserWarning: Got `batch_size` less than 1 or larger than sample size. It is going to be clipped
  warnings.warn(

/home/ryedida/.local/lib/python3.9/site-packages/sklearn/neural_network/_multilayer_perceptron.py:605: UserWarning: Got `batch_size` less than 1 or larger than sample size. It is going to be clipped
  warnings.warn(

/home/ryedida/.local/lib/python3.9/site-packages/sklearn/neural_network/_multilayer_perceptron.py:686: ConvergenceWarning: Stochastic Optimizer: Maximum iterations (200) reached and the optimization hasn't converged yet.
  warnings.warn(

/home/ryedida/.local/lib/python3.9/site-packages/sklearn/neural_network/_multilayer_perceptron.py:605: UserWarning: Got `batch_size` less than 1 or larger than sample size. It is going to be clipped
  warnings.warn(

/home/ryedida/.local/lib/python3.9/site-packages/sklearn/neural_network/_multilayer_perceptron.py:686: ConvergenceWarning: Stochastic Optimizer: Maximum iterations (200) reached and the optimization hasn't converged yet.
  warnings.warn(

computed signature: ([{'alpha': 0.019628224813442792, 'batch_size': 182, 'beta_1': 0.9410202200271762, 'beta_2': 0.9998021557676793, 'epsilon': 1.8662266976518e-08, 'hidden_layer_sizes': 147, 'learning_rate_init': 0.0005627932047415167, 'tol': 0.03690557729213761, 'validation_fraction': 0.8846827852548593}, {'alpha': 0.0019982467392329444, 'batch_size': 200, 'beta_1': 0.919111482530466, 'beta_2': 0.9998488260436156, 'epsilon': 5.981221901152555e-07, 'hidden_layer_sizes': 61, 'learning_rate_init': 2.2310905607443014e-05, 'tol': 1.2046852412030316e-05, 'validation_fraction': 0.8117896445826539}, {'alpha': 0.46659545670218433, 'batch_size': 219, 'beta_1': 0.9889789783750891, 'beta_2': 0.9999896868093284, 'epsilon': 2.4234724484675948e-08, 'hidden_layer_sizes': 167, 'learning_rate_init': 2.972334644335654e-05, 'tol': 0.0036281404040243792, 'validation_fraction': 0.17260651658522078}, {'alpha': 4.656005689076002, 'batch_size': 135, 'beta_1': 0.870503881627747, 'beta_2': 0.9948873266941017, 'epsilon': 2.1023308743480125e-07, 'hidden_layer_sizes': 118, 'learning_rate_init': 0.0018781738757161913, 'tol': 1.1889379831773004e-05, 'validation_fraction': 0.6264327093752792}, {'alpha': 0.04705159350400542, 'batch_size': 158, 'beta_1': 0.9870884262730957, 'beta_2': 0.9999596874382349, 'epsilon': 1.1981845126013875e-08, 'hidden_layer_sizes': 116, 'learning_rate_init': 0.00617340520407431, 'tol': 1.741413418158619e-05, 'validation_fraction': 0.6754299026638921}], [29083.993548572587, 29062.423277324073, 29075.78987471409, 24626.32866834337, 9584.226858493177])
Signature errors:
                              0         1         2         3         4       max
MLP-adam_diabetes_mse  0.000007  0.000008  0.000003  0.003558  0.004952  0.004952
max                    0.000007  0.000008  0.000003  0.003558  0.004952  0.004952
starting sklearn study smoothness MLP-adam diabetes mse 15 1
with data root: None
Failure in optimizer suggest. Falling back to random search.
name 'activ' is not defined
Traceback (most recent call last):
  File "/home/ryedida/.local/lib/python3.9/site-packages/bayesmark/experiment.py", line 126, in run_study
    next_points = optimizer.suggest(n_suggestions)
  File "/home/ryedida/bbo_challenge_starter_kit/example_submissions/smoothness/optimizer.py", line 105, in suggest
    betas = [self._get_smoothness_reg(guess) for guess in guesses]
  File "/home/ryedida/bbo_challenge_starter_kit/example_submissions/smoothness/optimizer.py", line 105, in <listcomp>
    betas = [self._get_smoothness_reg(guess) for guess in guesses]
  File "/home/ryedida/bbo_challenge_starter_kit/example_submissions/smoothness/optimizer.py", line 48, in _get_smoothness_reg
    if activ > Kz:
NameError: name 'activ' is not defined
suggestion time taken 0.500522 iter 0 next_points [{'alpha': 0.1214721074846184, 'batch_size': 70, 'beta_1': 0.801108488635123, 'beta_2': 0.9999959308462238, 'epsilon': 2.525588544824477e-07, 'hidden_layer_sizes': 84, 'learning_rate_init': 0.08212841469661257, 'tol': 0.01486312479702389, 'validation_fraction': 0.8385232160050688}]
/home/ryedida/.local/lib/python3.9/site-packages/sklearn/neural_network/_multilayer_perceptron.py:605: UserWarning: Got `batch_size` less than 1 or larger than sample size. It is going to be clipped
  warnings.warn(

function_evaluation time 0.132399 value 3778.579144 suggestion {'alpha': 0.1214721074846184, 'batch_size': 70, 'beta_1': 0.801108488635123, 'beta_2': 0.9999959308462238, 'epsilon': 2.525588544824477e-07, 'hidden_layer_sizes': 84, 'learning_rate_init': 0.08212841469661257, 'tol': 0.01486312479702389, 'validation_fraction': 0.8385232160050688}
observation time 0.000006, current best 3778.579144 at iter 0
Failure in optimizer suggest. Falling back to random search.
name 'activ' is not defined
Traceback (most recent call last):
  File "/home/ryedida/.local/lib/python3.9/site-packages/bayesmark/experiment.py", line 126, in run_study
    next_points = optimizer.suggest(n_suggestions)
  File "/home/ryedida/bbo_challenge_starter_kit/example_submissions/smoothness/optimizer.py", line 105, in suggest
    betas = [self._get_smoothness_reg(guess) for guess in guesses]
  File "/home/ryedida/bbo_challenge_starter_kit/example_submissions/smoothness/optimizer.py", line 105, in <listcomp>
    betas = [self._get_smoothness_reg(guess) for guess in guesses]
  File "/home/ryedida/bbo_challenge_starter_kit/example_submissions/smoothness/optimizer.py", line 48, in _get_smoothness_reg
    if activ > Kz:
NameError: name 'activ' is not defined
suggestion time taken 0.331830 iter 1 next_points [{'alpha': 0.09638872870991941, 'batch_size': 200, 'beta_1': 0.9490174113173968, 'beta_2': 0.9999918448381162, 'epsilon': 2.542907708796717e-08, 'hidden_layer_sizes': 151, 'learning_rate_init': 0.045960777658385035, 'tol': 0.000529364156501658, 'validation_fraction': 0.6746858249289122}]
/home/ryedida/.local/lib/python3.9/site-packages/sklearn/neural_network/_multilayer_perceptron.py:605: UserWarning: Got `batch_size` less than 1 or larger than sample size. It is going to be clipped
  warnings.warn(

function_evaluation time 0.200708 value 4078.792367 suggestion {'alpha': 0.09638872870991941, 'batch_size': 200, 'beta_1': 0.9490174113173968, 'beta_2': 0.9999918448381162, 'epsilon': 2.542907708796717e-08, 'hidden_layer_sizes': 151, 'learning_rate_init': 0.045960777658385035, 'tol': 0.000529364156501658, 'validation_fraction': 0.6746858249289122}
observation time 0.000005, current best 3778.579144 at iter 1
Failure in optimizer suggest. Falling back to random search.
name 'activ' is not defined
Traceback (most recent call last):
  File "/home/ryedida/.local/lib/python3.9/site-packages/bayesmark/experiment.py", line 126, in run_study
    next_points = optimizer.suggest(n_suggestions)
  File "/home/ryedida/bbo_challenge_starter_kit/example_submissions/smoothness/optimizer.py", line 105, in suggest
    betas = [self._get_smoothness_reg(guess) for guess in guesses]
  File "/home/ryedida/bbo_challenge_starter_kit/example_submissions/smoothness/optimizer.py", line 105, in <listcomp>
    betas = [self._get_smoothness_reg(guess) for guess in guesses]
  File "/home/ryedida/bbo_challenge_starter_kit/example_submissions/smoothness/optimizer.py", line 48, in _get_smoothness_reg
    if activ > Kz:
NameError: name 'activ' is not defined
suggestion time taken 0.332786 iter 2 next_points [{'alpha': 0.002840273317327776, 'batch_size': 51, 'beta_1': 0.879611987585117, 'beta_2': 0.9990156905460543, 'epsilon': 1.6309847800251482e-08, 'hidden_layer_sizes': 79, 'learning_rate_init': 0.009992210462301022, 'tol': 2.8346301113076177e-05, 'validation_fraction': 0.8562129756652531}]
/home/ryedida/.local/lib/python3.9/site-packages/sklearn/neural_network/_multilayer_perceptron.py:605: UserWarning: Got `batch_size` less than 1 or larger than sample size. It is going to be clipped
  warnings.warn(

/home/ryedida/.local/lib/python3.9/site-packages/sklearn/neural_network/_multilayer_perceptron.py:686: ConvergenceWarning: Stochastic Optimizer: Maximum iterations (200) reached and the optimization hasn't converged yet.
  warnings.warn(

function_evaluation time 0.605512 value 4135.037010 suggestion {'alpha': 0.002840273317327776, 'batch_size': 51, 'beta_1': 0.879611987585117, 'beta_2': 0.9990156905460543, 'epsilon': 1.6309847800251482e-08, 'hidden_layer_sizes': 79, 'learning_rate_init': 0.009992210462301022, 'tol': 2.8346301113076177e-05, 'validation_fraction': 0.8562129756652531}
observation time 0.000005, current best 3778.579144 at iter 2
Failure in optimizer suggest. Falling back to random search.
name 'activ' is not defined
Traceback (most recent call last):
  File "/home/ryedida/.local/lib/python3.9/site-packages/bayesmark/experiment.py", line 126, in run_study
    next_points = optimizer.suggest(n_suggestions)
  File "/home/ryedida/bbo_challenge_starter_kit/example_submissions/smoothness/optimizer.py", line 105, in suggest
    betas = [self._get_smoothness_reg(guess) for guess in guesses]
  File "/home/ryedida/bbo_challenge_starter_kit/example_submissions/smoothness/optimizer.py", line 105, in <listcomp>
    betas = [self._get_smoothness_reg(guess) for guess in guesses]
  File "/home/ryedida/bbo_challenge_starter_kit/example_submissions/smoothness/optimizer.py", line 48, in _get_smoothness_reg
    if activ > Kz:
NameError: name 'activ' is not defined
suggestion time taken 0.332091 iter 3 next_points [{'alpha': 0.008939481471428975, 'batch_size': 147, 'beta_1': 0.9890550989011271, 'beta_2': 0.9061545720677356, 'epsilon': 6.148866131450781e-08, 'hidden_layer_sizes': 177, 'learning_rate_init': 0.00011601335743930163, 'tol': 0.015194814632824136, 'validation_fraction': 0.771210199226669}]
/home/ryedida/.local/lib/python3.9/site-packages/sklearn/neural_network/_multilayer_perceptron.py:605: UserWarning: Got `batch_size` less than 1 or larger than sample size. It is going to be clipped
  warnings.warn(

function_evaluation time 0.058332 value 29123.634253 suggestion {'alpha': 0.008939481471428975, 'batch_size': 147, 'beta_1': 0.9890550989011271, 'beta_2': 0.9061545720677356, 'epsilon': 6.148866131450781e-08, 'hidden_layer_sizes': 177, 'learning_rate_init': 0.00011601335743930163, 'tol': 0.015194814632824136, 'validation_fraction': 0.771210199226669}
observation time 0.000005, current best 3778.579144 at iter 3
Failure in optimizer suggest. Falling back to random search.
name 'activ' is not defined
Traceback (most recent call last):
  File "/home/ryedida/.local/lib/python3.9/site-packages/bayesmark/experiment.py", line 126, in run_study
    next_points = optimizer.suggest(n_suggestions)
  File "/home/ryedida/bbo_challenge_starter_kit/example_submissions/smoothness/optimizer.py", line 105, in suggest
    betas = [self._get_smoothness_reg(guess) for guess in guesses]
  File "/home/ryedida/bbo_challenge_starter_kit/example_submissions/smoothness/optimizer.py", line 105, in <listcomp>
    betas = [self._get_smoothness_reg(guess) for guess in guesses]
  File "/home/ryedida/bbo_challenge_starter_kit/example_submissions/smoothness/optimizer.py", line 48, in _get_smoothness_reg
    if activ > Kz:
NameError: name 'activ' is not defined
suggestion time taken 0.331100 iter 4 next_points [{'alpha': 0.004311420551856718, 'batch_size': 142, 'beta_1': 0.9487713961331115, 'beta_2': 0.9997092201716137, 'epsilon': 1.0600831184532913e-08, 'hidden_layer_sizes': 125, 'learning_rate_init': 1.3061125145148566e-05, 'tol': 0.027479227573811386, 'validation_fraction': 0.5245035350295613}]
function_evaluation time 0.060206 value 29113.105761 suggestion {'alpha': 0.004311420551856718, 'batch_size': 142, 'beta_1': 0.9487713961331115, 'beta_2': 0.9997092201716137, 'epsilon': 1.0600831184532913e-08, 'hidden_layer_sizes': 125, 'learning_rate_init': 1.3061125145148566e-05, 'tol': 0.027479227573811386, 'validation_fraction': 0.5245035350295613}
observation time 0.000005, current best 3778.579144 at iter 4
Failure in optimizer suggest. Falling back to random search.
name 'activ' is not defined
Traceback (most recent call last):
  File "/home/ryedida/.local/lib/python3.9/site-packages/bayesmark/experiment.py", line 126, in run_study
    next_points = optimizer.suggest(n_suggestions)
  File "/home/ryedida/bbo_challenge_starter_kit/example_submissions/smoothness/optimizer.py", line 105, in suggest
    betas = [self._get_smoothness_reg(guess) for guess in guesses]
  File "/home/ryedida/bbo_challenge_starter_kit/example_submissions/smoothness/optimizer.py", line 105, in <listcomp>
    betas = [self._get_smoothness_reg(guess) for guess in guesses]
  File "/home/ryedida/bbo_challenge_starter_kit/example_submissions/smoothness/optimizer.py", line 48, in _get_smoothness_reg
    if activ > Kz:
NameError: name 'activ' is not defined
suggestion time taken 0.328173 iter 5 next_points [{'alpha': 0.014791329762256267, 'batch_size': 120, 'beta_1': 0.9889828731454475, 'beta_2': 0.9997292338737219, 'epsilon': 5.213500535459229e-09, 'hidden_layer_sizes': 128, 'learning_rate_init': 8.877833259880579e-05, 'tol': 0.013917752973751824, 'validation_fraction': 0.889902790556586}]
/home/ryedida/.local/lib/python3.9/site-packages/sklearn/neural_network/_multilayer_perceptron.py:605: UserWarning: Got `batch_size` less than 1 or larger than sample size. It is going to be clipped
  warnings.warn(

function_evaluation time 0.049833 value 29127.640264 suggestion {'alpha': 0.014791329762256267, 'batch_size': 120, 'beta_1': 0.9889828731454475, 'beta_2': 0.9997292338737219, 'epsilon': 5.213500535459229e-09, 'hidden_layer_sizes': 128, 'learning_rate_init': 8.877833259880579e-05, 'tol': 0.013917752973751824, 'validation_fraction': 0.889902790556586}
observation time 0.000005, current best 3778.579144 at iter 5
Failure in optimizer suggest. Falling back to random search.
name 'activ' is not defined
Traceback (most recent call last):
  File "/home/ryedida/.local/lib/python3.9/site-packages/bayesmark/experiment.py", line 126, in run_study
    next_points = optimizer.suggest(n_suggestions)
  File "/home/ryedida/bbo_challenge_starter_kit/example_submissions/smoothness/optimizer.py", line 105, in suggest
    betas = [self._get_smoothness_reg(guess) for guess in guesses]
  File "/home/ryedida/bbo_challenge_starter_kit/example_submissions/smoothness/optimizer.py", line 105, in <listcomp>
    betas = [self._get_smoothness_reg(guess) for guess in guesses]
  File "/home/ryedida/bbo_challenge_starter_kit/example_submissions/smoothness/optimizer.py", line 48, in _get_smoothness_reg
    if activ > Kz:
NameError: name 'activ' is not defined
suggestion time taken 0.329548 iter 6 next_points [{'alpha': 0.0004904340390939021, 'batch_size': 203, 'beta_1': 0.652961792233735, 'beta_2': 0.9999920286298899, 'epsilon': 1.0896789582468216e-07, 'hidden_layer_sizes': 190, 'learning_rate_init': 3.142319179311772e-05, 'tol': 0.0020224228964710275, 'validation_fraction': 0.6052347892876331}]
/home/ryedida/.local/lib/python3.9/site-packages/sklearn/neural_network/_multilayer_perceptron.py:605: UserWarning: Got `batch_size` less than 1 or larger than sample size. It is going to be clipped
  warnings.warn(

function_evaluation time 0.065201 value 29122.240450 suggestion {'alpha': 0.0004904340390939021, 'batch_size': 203, 'beta_1': 0.652961792233735, 'beta_2': 0.9999920286298899, 'epsilon': 1.0896789582468216e-07, 'hidden_layer_sizes': 190, 'learning_rate_init': 3.142319179311772e-05, 'tol': 0.0020224228964710275, 'validation_fraction': 0.6052347892876331}
observation time 0.000006, current best 3778.579144 at iter 6
Failure in optimizer suggest. Falling back to random search.
name 'activ' is not defined
Traceback (most recent call last):
  File "/home/ryedida/.local/lib/python3.9/site-packages/bayesmark/experiment.py", line 126, in run_study
    next_points = optimizer.suggest(n_suggestions)
  File "/home/ryedida/bbo_challenge_starter_kit/example_submissions/smoothness/optimizer.py", line 105, in suggest
    betas = [self._get_smoothness_reg(guess) for guess in guesses]
  File "/home/ryedida/bbo_challenge_starter_kit/example_submissions/smoothness/optimizer.py", line 105, in <listcomp>
    betas = [self._get_smoothness_reg(guess) for guess in guesses]
  File "/home/ryedida/bbo_challenge_starter_kit/example_submissions/smoothness/optimizer.py", line 48, in _get_smoothness_reg
    if activ > Kz:
NameError: name 'activ' is not defined
suggestion time taken 0.458391 iter 7 next_points [{'alpha': 0.2800541443490261, 'batch_size': 31, 'beta_1': 0.9868708280794576, 'beta_2': 0.999866474202262, 'epsilon': 3.186007592415443e-08, 'hidden_layer_sizes': 190, 'learning_rate_init': 0.01629075746719338, 'tol': 0.0013555301696355413, 'validation_fraction': 0.5011347596535748}]
function_evaluation time 0.299698 value 4349.699108 suggestion {'alpha': 0.2800541443490261, 'batch_size': 31, 'beta_1': 0.9868708280794576, 'beta_2': 0.999866474202262, 'epsilon': 3.186007592415443e-08, 'hidden_layer_sizes': 190, 'learning_rate_init': 0.01629075746719338, 'tol': 0.0013555301696355413, 'validation_fraction': 0.5011347596535748}
observation time 0.000004, current best 3778.579144 at iter 7
Failure in optimizer suggest. Falling back to random search.
name 'activ' is not defined
Traceback (most recent call last):
  File "/home/ryedida/.local/lib/python3.9/site-packages/bayesmark/experiment.py", line 126, in run_study
    next_points = optimizer.suggest(n_suggestions)
  File "/home/ryedida/bbo_challenge_starter_kit/example_submissions/smoothness/optimizer.py", line 105, in suggest
    betas = [self._get_smoothness_reg(guess) for guess in guesses]
  File "/home/ryedida/bbo_challenge_starter_kit/example_submissions/smoothness/optimizer.py", line 105, in <listcomp>
    betas = [self._get_smoothness_reg(guess) for guess in guesses]
  File "/home/ryedida/bbo_challenge_starter_kit/example_submissions/smoothness/optimizer.py", line 48, in _get_smoothness_reg
    if activ > Kz:
NameError: name 'activ' is not defined
suggestion time taken 0.328211 iter 8 next_points [{'alpha': 0.1986111389428637, 'batch_size': 175, 'beta_1': 0.9136069029785969, 'beta_2': 0.9912603070665169, 'epsilon': 2.1696259646561e-08, 'hidden_layer_sizes': 66, 'learning_rate_init': 0.032658591976540585, 'tol': 2.6891202447685888e-05, 'validation_fraction': 0.13651744824070663}]
function_evaluation time 0.371153 value 3667.629272 suggestion {'alpha': 0.1986111389428637, 'batch_size': 175, 'beta_1': 0.9136069029785969, 'beta_2': 0.9912603070665169, 'epsilon': 2.1696259646561e-08, 'hidden_layer_sizes': 66, 'learning_rate_init': 0.032658591976540585, 'tol': 2.6891202447685888e-05, 'validation_fraction': 0.13651744824070663}
observation time 0.000005, current best 3667.629272 at iter 8
Failure in optimizer suggest. Falling back to random search.
name 'activ' is not defined
Traceback (most recent call last):
  File "/home/ryedida/.local/lib/python3.9/site-packages/bayesmark/experiment.py", line 126, in run_study
    next_points = optimizer.suggest(n_suggestions)
  File "/home/ryedida/bbo_challenge_starter_kit/example_submissions/smoothness/optimizer.py", line 105, in suggest
    betas = [self._get_smoothness_reg(guess) for guess in guesses]
  File "/home/ryedida/bbo_challenge_starter_kit/example_submissions/smoothness/optimizer.py", line 105, in <listcomp>
    betas = [self._get_smoothness_reg(guess) for guess in guesses]
  File "/home/ryedida/bbo_challenge_starter_kit/example_submissions/smoothness/optimizer.py", line 48, in _get_smoothness_reg
    if activ > Kz:
NameError: name 'activ' is not defined
suggestion time taken 0.322650 iter 9 next_points [{'alpha': 2.1952515886626345, 'batch_size': 211, 'beta_1': 0.9706435561288866, 'beta_2': 0.9999981395890659, 'epsilon': 1.2456024754017307e-07, 'hidden_layer_sizes': 141, 'learning_rate_init': 0.0003243061011083564, 'tol': 0.08731070514124997, 'validation_fraction': 0.7413702815124066}]
/home/ryedida/.local/lib/python3.9/site-packages/sklearn/neural_network/_multilayer_perceptron.py:605: UserWarning: Got `batch_size` less than 1 or larger than sample size. It is going to be clipped
  warnings.warn(

function_evaluation time 0.056005 value 29094.608938 suggestion {'alpha': 2.1952515886626345, 'batch_size': 211, 'beta_1': 0.9706435561288866, 'beta_2': 0.9999981395890659, 'epsilon': 1.2456024754017307e-07, 'hidden_layer_sizes': 141, 'learning_rate_init': 0.0003243061011083564, 'tol': 0.08731070514124997, 'validation_fraction': 0.7413702815124066}
observation time 0.000005, current best 3667.629272 at iter 9
Failure in optimizer suggest. Falling back to random search.
name 'activ' is not defined
Traceback (most recent call last):
  File "/home/ryedida/.local/lib/python3.9/site-packages/bayesmark/experiment.py", line 126, in run_study
    next_points = optimizer.suggest(n_suggestions)
  File "/home/ryedida/bbo_challenge_starter_kit/example_submissions/smoothness/optimizer.py", line 105, in suggest
    betas = [self._get_smoothness_reg(guess) for guess in guesses]
  File "/home/ryedida/bbo_challenge_starter_kit/example_submissions/smoothness/optimizer.py", line 105, in <listcomp>
    betas = [self._get_smoothness_reg(guess) for guess in guesses]
  File "/home/ryedida/bbo_challenge_starter_kit/example_submissions/smoothness/optimizer.py", line 48, in _get_smoothness_reg
    if activ > Kz:
NameError: name 'activ' is not defined
suggestion time taken 0.338110 iter 10 next_points [{'alpha': 0.007434636828280298, 'batch_size': 206, 'beta_1': 0.9482658371683316, 'beta_2': 0.9642361704426763, 'epsilon': 7.947905743404963e-09, 'hidden_layer_sizes': 59, 'learning_rate_init': 0.0018408411521130188, 'tol': 2.2937173589284688e-05, 'validation_fraction': 0.40003720466461484}]
/home/ryedida/.local/lib/python3.9/site-packages/sklearn/neural_network/_multilayer_perceptron.py:686: ConvergenceWarning: Stochastic Optimizer: Maximum iterations (200) reached and the optimization hasn't converged yet.
  warnings.warn(

function_evaluation time 0.694110 value 27374.400926 suggestion {'alpha': 0.007434636828280298, 'batch_size': 206, 'beta_1': 0.9482658371683316, 'beta_2': 0.9642361704426763, 'epsilon': 7.947905743404963e-09, 'hidden_layer_sizes': 59, 'learning_rate_init': 0.0018408411521130188, 'tol': 2.2937173589284688e-05, 'validation_fraction': 0.40003720466461484}
observation time 0.000005, current best 3667.629272 at iter 10
Failure in optimizer suggest. Falling back to random search.
name 'activ' is not defined
Traceback (most recent call last):
  File "/home/ryedida/.local/lib/python3.9/site-packages/bayesmark/experiment.py", line 126, in run_study
    next_points = optimizer.suggest(n_suggestions)
  File "/home/ryedida/bbo_challenge_starter_kit/example_submissions/smoothness/optimizer.py", line 105, in suggest
    betas = [self._get_smoothness_reg(guess) for guess in guesses]
  File "/home/ryedida/bbo_challenge_starter_kit/example_submissions/smoothness/optimizer.py", line 105, in <listcomp>
    betas = [self._get_smoothness_reg(guess) for guess in guesses]
  File "/home/ryedida/bbo_challenge_starter_kit/example_submissions/smoothness/optimizer.py", line 48, in _get_smoothness_reg
    if activ > Kz:
NameError: name 'activ' is not defined
suggestion time taken 0.324190 iter 11 next_points [{'alpha': 0.00034176725089637874, 'batch_size': 106, 'beta_1': 0.6079293515228403, 'beta_2': 0.9622557079967089, 'epsilon': 2.3494107806782977e-07, 'hidden_layer_sizes': 108, 'learning_rate_init': 0.012257881946291708, 'tol': 0.025711107698052234, 'validation_fraction': 0.8570528461269926}]
/home/ryedida/.local/lib/python3.9/site-packages/sklearn/neural_network/_multilayer_perceptron.py:605: UserWarning: Got `batch_size` less than 1 or larger than sample size. It is going to be clipped
  warnings.warn(

function_evaluation time 0.049573 value 28314.917962 suggestion {'alpha': 0.00034176725089637874, 'batch_size': 106, 'beta_1': 0.6079293515228403, 'beta_2': 0.9622557079967089, 'epsilon': 2.3494107806782977e-07, 'hidden_layer_sizes': 108, 'learning_rate_init': 0.012257881946291708, 'tol': 0.025711107698052234, 'validation_fraction': 0.8570528461269926}
observation time 0.000005, current best 3667.629272 at iter 11
Failure in optimizer suggest. Falling back to random search.
name 'activ' is not defined
Traceback (most recent call last):
  File "/home/ryedida/.local/lib/python3.9/site-packages/bayesmark/experiment.py", line 126, in run_study
    next_points = optimizer.suggest(n_suggestions)
  File "/home/ryedida/bbo_challenge_starter_kit/example_submissions/smoothness/optimizer.py", line 105, in suggest
    betas = [self._get_smoothness_reg(guess) for guess in guesses]
  File "/home/ryedida/bbo_challenge_starter_kit/example_submissions/smoothness/optimizer.py", line 105, in <listcomp>
    betas = [self._get_smoothness_reg(guess) for guess in guesses]
  File "/home/ryedida/bbo_challenge_starter_kit/example_submissions/smoothness/optimizer.py", line 48, in _get_smoothness_reg
    if activ > Kz:
NameError: name 'activ' is not defined
suggestion time taken 0.324208 iter 12 next_points [{'alpha': 0.004073312477156731, 'batch_size': 171, 'beta_1': 0.7004742607619479, 'beta_2': 0.9999908800667527, 'epsilon': 2.201100079988051e-08, 'hidden_layer_sizes': 99, 'learning_rate_init': 5.609811030840557e-05, 'tol': 0.0011451561957130693, 'validation_fraction': 0.14208225162806035}]
function_evaluation time 0.075827 value 29110.937881 suggestion {'alpha': 0.004073312477156731, 'batch_size': 171, 'beta_1': 0.7004742607619479, 'beta_2': 0.9999908800667527, 'epsilon': 2.201100079988051e-08, 'hidden_layer_sizes': 99, 'learning_rate_init': 5.609811030840557e-05, 'tol': 0.0011451561957130693, 'validation_fraction': 0.14208225162806035}
observation time 0.000006, current best 3667.629272 at iter 12
Failure in optimizer suggest. Falling back to random search.
name 'activ' is not defined
Traceback (most recent call last):
  File "/home/ryedida/.local/lib/python3.9/site-packages/bayesmark/experiment.py", line 126, in run_study
    next_points = optimizer.suggest(n_suggestions)
  File "/home/ryedida/bbo_challenge_starter_kit/example_submissions/smoothness/optimizer.py", line 105, in suggest
    betas = [self._get_smoothness_reg(guess) for guess in guesses]
  File "/home/ryedida/bbo_challenge_starter_kit/example_submissions/smoothness/optimizer.py", line 105, in <listcomp>
    betas = [self._get_smoothness_reg(guess) for guess in guesses]
  File "/home/ryedida/bbo_challenge_starter_kit/example_submissions/smoothness/optimizer.py", line 48, in _get_smoothness_reg
    if activ > Kz:
NameError: name 'activ' is not defined
suggestion time taken 0.328381 iter 13 next_points [{'alpha': 0.30358886941370455, 'batch_size': 75, 'beta_1': 0.9737902798984884, 'beta_2': 0.9554984098689643, 'epsilon': 9.207009354621887e-08, 'hidden_layer_sizes': 118, 'learning_rate_init': 0.004918877925368526, 'tol': 0.009694135464837153, 'validation_fraction': 0.15272877939937396}]
function_evaluation time 0.538287 value 4388.361016 suggestion {'alpha': 0.30358886941370455, 'batch_size': 75, 'beta_1': 0.9737902798984884, 'beta_2': 0.9554984098689643, 'epsilon': 9.207009354621887e-08, 'hidden_layer_sizes': 118, 'learning_rate_init': 0.004918877925368526, 'tol': 0.009694135464837153, 'validation_fraction': 0.15272877939937396}
observation time 0.000005, current best 3667.629272 at iter 13
Failure in optimizer suggest. Falling back to random search.
name 'activ' is not defined
Traceback (most recent call last):
  File "/home/ryedida/.local/lib/python3.9/site-packages/bayesmark/experiment.py", line 126, in run_study
    next_points = optimizer.suggest(n_suggestions)
  File "/home/ryedida/bbo_challenge_starter_kit/example_submissions/smoothness/optimizer.py", line 105, in suggest
    betas = [self._get_smoothness_reg(guess) for guess in guesses]
  File "/home/ryedida/bbo_challenge_starter_kit/example_submissions/smoothness/optimizer.py", line 105, in <listcomp>
    betas = [self._get_smoothness_reg(guess) for guess in guesses]
  File "/home/ryedida/bbo_challenge_starter_kit/example_submissions/smoothness/optimizer.py", line 48, in _get_smoothness_reg
    if activ > Kz:
NameError: name 'activ' is not defined
suggestion time taken 0.323322 iter 14 next_points [{'alpha': 1.1382770413840478e-05, 'batch_size': 102, 'beta_1': 0.7344443638845544, 'beta_2': 0.9999985517777391, 'epsilon': 6.730174982311622e-08, 'hidden_layer_sizes': 71, 'learning_rate_init': 0.007575350159925798, 'tol': 0.059556218706823795, 'validation_fraction': 0.8530014758912301}]
/home/ryedida/.local/lib/python3.9/site-packages/sklearn/neural_network/_multilayer_perceptron.py:605: UserWarning: Got `batch_size` less than 1 or larger than sample size. It is going to be clipped
  warnings.warn(

function_evaluation time 0.044907 value 28743.467579 suggestion {'alpha': 1.1382770413840478e-05, 'batch_size': 102, 'beta_1': 0.7344443638845544, 'beta_2': 0.9999985517777391, 'epsilon': 6.730174982311622e-08, 'hidden_layer_sizes': 71, 'learning_rate_init': 0.007575350159925798, 'tol': 0.059556218706823795, 'validation_fraction': 0.8530014758912301}
observation time 0.000006, current best 3667.629272 at iter 14
saving meta data: {'args': {'--uuid': 'c8fdc8d9cc1b5b6ba118843f061bdf95', '-db-root': '/home/ryedida/bbo_challenge_starter_kit/output', '--opt-root': '/home/ryedida/bbo_challenge_starter_kit/example_submissions', '--data-root': None, '--db': 'run_20230425_034200', '--opt': 'smoothness', '--data': 'diabetes', '--classifier': 'MLP-adam', '--metric': 'mse', '--calls': 15, '--suggestions': 1, '--jobs-file': None, '--verbose': False, 'dry_run': False, 'rev': 'a376313', 'opt_rev': 'x.x.x'}, 'signature': ([{'alpha': 0.019628224813442792, 'batch_size': 182, 'beta_1': 0.9410202200271762, 'beta_2': 0.9998021557676793, 'epsilon': 1.8662266976518e-08, 'hidden_layer_sizes': 147, 'learning_rate_init': 0.0005627932047415167, 'tol': 0.03690557729213761, 'validation_fraction': 0.8846827852548593}, {'alpha': 0.0019982467392329444, 'batch_size': 200, 'beta_1': 0.919111482530466, 'beta_2': 0.9998488260436156, 'epsilon': 5.981221901152555e-07, 'hidden_layer_sizes': 61, 'learning_rate_init': 2.2310905607443014e-05, 'tol': 1.2046852412030316e-05, 'validation_fraction': 0.8117896445826539}, {'alpha': 0.46659545670218433, 'batch_size': 219, 'beta_1': 0.9889789783750891, 'beta_2': 0.9999896868093284, 'epsilon': 2.4234724484675948e-08, 'hidden_layer_sizes': 167, 'learning_rate_init': 2.972334644335654e-05, 'tol': 0.0036281404040243792, 'validation_fraction': 0.17260651658522078}, {'alpha': 4.656005689076002, 'batch_size': 135, 'beta_1': 0.870503881627747, 'beta_2': 0.9948873266941017, 'epsilon': 2.1023308743480125e-07, 'hidden_layer_sizes': 118, 'learning_rate_init': 0.0018781738757161913, 'tol': 1.1889379831773004e-05, 'validation_fraction': 0.6264327093752792}, {'alpha': 0.04705159350400542, 'batch_size': 158, 'beta_1': 0.9870884262730957, 'beta_2': 0.9999596874382349, 'epsilon': 1.1981845126013875e-08, 'hidden_layer_sizes': 116, 'learning_rate_init': 0.00617340520407431, 'tol': 1.741413418158619e-05, 'validation_fraction': 0.6754299026638921}], [29083.993548572587, 29062.423277324073, 29075.78987471409, 24626.32866834337, 9584.226858493177])}
saving results
saving timing
saving suggest log
done
