running: {'--uuid': 'cafeb57325c4578ba9054d860388ccbb', '-db-root': '/home/ryedida/bbo_challenge_starter_kit/output', '--opt-root': '/home/ryedida/bbo_challenge_starter_kit/example_submissions', '--data-root': None, '--db': 'run_20230425_034200', '--opt': 'smoothness', '--data': 'diabetes', '--classifier': 'MLP-adam', '--metric': 'mae', '--calls': 15, '--suggestions': 1, '--jobs-file': None, '--verbose': False, 'dry_run': False, 'rev': 'a376313', 'opt_rev': 'x.x.x'}
cmd: python smoothness/optimizer.py -c MLP-adam -d diabetes -o smoothness -u cafeb57325c4578ba9054d860388ccbb -m mae -n 15 -p 1 -dir /home/ryedida/bbo_challenge_starter_kit/output -b run_20230425_034200
/home/ryedida/.local/lib/python3.9/site-packages/sklearn/neural_network/_multilayer_perceptron.py:605: UserWarning: Got `batch_size` less than 1 or larger than sample size. It is going to be clipped
  warnings.warn(

/home/ryedida/.local/lib/python3.9/site-packages/sklearn/neural_network/_multilayer_perceptron.py:605: UserWarning: Got `batch_size` less than 1 or larger than sample size. It is going to be clipped
  warnings.warn(

/home/ryedida/.local/lib/python3.9/site-packages/sklearn/neural_network/_multilayer_perceptron.py:605: UserWarning: Got `batch_size` less than 1 or larger than sample size. It is going to be clipped
  warnings.warn(

/home/ryedida/.local/lib/python3.9/site-packages/sklearn/neural_network/_multilayer_perceptron.py:686: ConvergenceWarning: Stochastic Optimizer: Maximum iterations (200) reached and the optimization hasn't converged yet.
  warnings.warn(

/home/ryedida/.local/lib/python3.9/site-packages/sklearn/neural_network/_multilayer_perceptron.py:605: UserWarning: Got `batch_size` less than 1 or larger than sample size. It is going to be clipped
  warnings.warn(

/home/ryedida/.local/lib/python3.9/site-packages/sklearn/neural_network/_multilayer_perceptron.py:686: ConvergenceWarning: Stochastic Optimizer: Maximum iterations (200) reached and the optimization hasn't converged yet.
  warnings.warn(

computed signature: ([{'alpha': 0.019628224813442792, 'batch_size': 182, 'beta_1': 0.9410202200271762, 'beta_2': 0.9998021557676793, 'epsilon': 1.8662266976518e-08, 'hidden_layer_sizes': 147, 'learning_rate_init': 0.0005627932047415167, 'tol': 0.03690557729213761, 'validation_fraction': 0.8846827852548593}, {'alpha': 0.0019982467392329444, 'batch_size': 200, 'beta_1': 0.919111482530466, 'beta_2': 0.9998488260436156, 'epsilon': 5.981221901152555e-07, 'hidden_layer_sizes': 61, 'learning_rate_init': 2.2310905607443014e-05, 'tol': 1.2046852412030316e-05, 'validation_fraction': 0.8117896445826539}, {'alpha': 0.46659545670218433, 'batch_size': 219, 'beta_1': 0.9889789783750891, 'beta_2': 0.9999896868093284, 'epsilon': 2.4234724484675948e-08, 'hidden_layer_sizes': 167, 'learning_rate_init': 2.972334644335654e-05, 'tol': 0.0036281404040243792, 'validation_fraction': 0.17260651658522078}, {'alpha': 4.656005689076002, 'batch_size': 135, 'beta_1': 0.870503881627747, 'beta_2': 0.9948873266941017, 'epsilon': 2.1023308743480125e-07, 'hidden_layer_sizes': 118, 'learning_rate_init': 0.0018781738757161913, 'tol': 1.1889379831773004e-05, 'validation_fraction': 0.6264327093752792}, {'alpha': 0.04705159350400542, 'batch_size': 158, 'beta_1': 0.9870884262730957, 'beta_2': 0.9999596874382349, 'epsilon': 1.1981845126013875e-08, 'hidden_layer_sizes': 116, 'learning_rate_init': 0.00617340520407431, 'tol': 1.741413418158619e-05, 'validation_fraction': 0.6754299026638921}], [151.4971925380264, 151.42763539278994, 151.47026299046811, 136.86202504264318, 75.2055865763391])
Signature errors:
                                  0             1             2         3         4       max
MLP-adam_diabetes_mae  1.919244e-08  6.198704e-08  7.624578e-09  0.000007  0.000034  0.000034
max                    1.919244e-08  6.198704e-08  7.624578e-09  0.000007  0.000034  0.000034
starting sklearn study smoothness MLP-adam diabetes mae 15 1
with data root: None
Failure in optimizer suggest. Falling back to random search.
name 'activ' is not defined
Traceback (most recent call last):
  File "/home/ryedida/.local/lib/python3.9/site-packages/bayesmark/experiment.py", line 126, in run_study
    next_points = optimizer.suggest(n_suggestions)
  File "/home/ryedida/bbo_challenge_starter_kit/example_submissions/smoothness/optimizer.py", line 105, in suggest
    betas = [self._get_smoothness_reg(guess) for guess in guesses]
  File "/home/ryedida/bbo_challenge_starter_kit/example_submissions/smoothness/optimizer.py", line 105, in <listcomp>
    betas = [self._get_smoothness_reg(guess) for guess in guesses]
  File "/home/ryedida/bbo_challenge_starter_kit/example_submissions/smoothness/optimizer.py", line 48, in _get_smoothness_reg
    if activ > Kz:
NameError: name 'activ' is not defined
suggestion time taken 0.496195 iter 0 next_points [{'alpha': 0.00033029319950920284, 'batch_size': 38, 'beta_1': 0.7115779468682332, 'beta_2': 0.9882325332351878, 'epsilon': 8.20564307282447e-08, 'hidden_layer_sizes': 65, 'learning_rate_init': 0.0014518688944757082, 'tol': 0.0003314314208213646, 'validation_fraction': 0.6508058027681971}]
/home/ryedida/.local/lib/python3.9/site-packages/sklearn/neural_network/_multilayer_perceptron.py:686: ConvergenceWarning: Stochastic Optimizer: Maximum iterations (200) reached and the optimization hasn't converged yet.
  warnings.warn(

function_evaluation time 1.074468 value 115.252203 suggestion {'alpha': 0.00033029319950920284, 'batch_size': 38, 'beta_1': 0.7115779468682332, 'beta_2': 0.9882325332351878, 'epsilon': 8.20564307282447e-08, 'hidden_layer_sizes': 65, 'learning_rate_init': 0.0014518688944757082, 'tol': 0.0003314314208213646, 'validation_fraction': 0.6508058027681971}
observation time 0.000006, current best 115.252203 at iter 0
Failure in optimizer suggest. Falling back to random search.
name 'activ' is not defined
Traceback (most recent call last):
  File "/home/ryedida/.local/lib/python3.9/site-packages/bayesmark/experiment.py", line 126, in run_study
    next_points = optimizer.suggest(n_suggestions)
  File "/home/ryedida/bbo_challenge_starter_kit/example_submissions/smoothness/optimizer.py", line 105, in suggest
    betas = [self._get_smoothness_reg(guess) for guess in guesses]
  File "/home/ryedida/bbo_challenge_starter_kit/example_submissions/smoothness/optimizer.py", line 105, in <listcomp>
    betas = [self._get_smoothness_reg(guess) for guess in guesses]
  File "/home/ryedida/bbo_challenge_starter_kit/example_submissions/smoothness/optimizer.py", line 48, in _get_smoothness_reg
    if activ > Kz:
NameError: name 'activ' is not defined
suggestion time taken 0.334387 iter 1 next_points [{'alpha': 0.00021265011012806912, 'batch_size': 193, 'beta_1': 0.9045078766764058, 'beta_2': 0.999996194763369, 'epsilon': 1.9057675582106454e-07, 'hidden_layer_sizes': 198, 'learning_rate_init': 4.6991428644810325e-05, 'tol': 0.0006879304817600195, 'validation_fraction': 0.21277171908485665}]
function_evaluation time 0.094356 value 151.511079 suggestion {'alpha': 0.00021265011012806912, 'batch_size': 193, 'beta_1': 0.9045078766764058, 'beta_2': 0.999996194763369, 'epsilon': 1.9057675582106454e-07, 'hidden_layer_sizes': 198, 'learning_rate_init': 4.6991428644810325e-05, 'tol': 0.0006879304817600195, 'validation_fraction': 0.21277171908485665}
observation time 0.000005, current best 115.252203 at iter 1
Failure in optimizer suggest. Falling back to random search.
name 'activ' is not defined
Traceback (most recent call last):
  File "/home/ryedida/.local/lib/python3.9/site-packages/bayesmark/experiment.py", line 126, in run_study
    next_points = optimizer.suggest(n_suggestions)
  File "/home/ryedida/bbo_challenge_starter_kit/example_submissions/smoothness/optimizer.py", line 105, in suggest
    betas = [self._get_smoothness_reg(guess) for guess in guesses]
  File "/home/ryedida/bbo_challenge_starter_kit/example_submissions/smoothness/optimizer.py", line 105, in <listcomp>
    betas = [self._get_smoothness_reg(guess) for guess in guesses]
  File "/home/ryedida/bbo_challenge_starter_kit/example_submissions/smoothness/optimizer.py", line 48, in _get_smoothness_reg
    if activ > Kz:
NameError: name 'activ' is not defined
suggestion time taken 0.342569 iter 2 next_points [{'alpha': 4.13692494022814, 'batch_size': 25, 'beta_1': 0.96351772239701, 'beta_2': 0.997758914685666, 'epsilon': 1.5076748706628037e-08, 'hidden_layer_sizes': 126, 'learning_rate_init': 2.7570029556216973e-05, 'tol': 0.0004000527018271587, 'validation_fraction': 0.7448729771703655}]
function_evaluation time 0.080659 value 151.512368 suggestion {'alpha': 4.13692494022814, 'batch_size': 25, 'beta_1': 0.96351772239701, 'beta_2': 0.997758914685666, 'epsilon': 1.5076748706628037e-08, 'hidden_layer_sizes': 126, 'learning_rate_init': 2.7570029556216973e-05, 'tol': 0.0004000527018271587, 'validation_fraction': 0.7448729771703655}
observation time 0.000005, current best 115.252203 at iter 2
Failure in optimizer suggest. Falling back to random search.
name 'activ' is not defined
Traceback (most recent call last):
  File "/home/ryedida/.local/lib/python3.9/site-packages/bayesmark/experiment.py", line 126, in run_study
    next_points = optimizer.suggest(n_suggestions)
  File "/home/ryedida/bbo_challenge_starter_kit/example_submissions/smoothness/optimizer.py", line 105, in suggest
    betas = [self._get_smoothness_reg(guess) for guess in guesses]
  File "/home/ryedida/bbo_challenge_starter_kit/example_submissions/smoothness/optimizer.py", line 105, in <listcomp>
    betas = [self._get_smoothness_reg(guess) for guess in guesses]
  File "/home/ryedida/bbo_challenge_starter_kit/example_submissions/smoothness/optimizer.py", line 48, in _get_smoothness_reg
    if activ > Kz:
NameError: name 'activ' is not defined
suggestion time taken 0.332614 iter 3 next_points [{'alpha': 0.04012080958142113, 'batch_size': 33, 'beta_1': 0.9836193309660761, 'beta_2': 0.9865891060459927, 'epsilon': 1.7877919811306939e-09, 'hidden_layer_sizes': 171, 'learning_rate_init': 1.124788167967825e-05, 'tol': 7.993856409588581e-05, 'validation_fraction': 0.4310676637300064}]
function_evaluation time 0.125201 value 151.643711 suggestion {'alpha': 0.04012080958142113, 'batch_size': 33, 'beta_1': 0.9836193309660761, 'beta_2': 0.9865891060459927, 'epsilon': 1.7877919811306939e-09, 'hidden_layer_sizes': 171, 'learning_rate_init': 1.124788167967825e-05, 'tol': 7.993856409588581e-05, 'validation_fraction': 0.4310676637300064}
observation time 0.000005, current best 115.252203 at iter 3
Failure in optimizer suggest. Falling back to random search.
name 'activ' is not defined
Traceback (most recent call last):
  File "/home/ryedida/.local/lib/python3.9/site-packages/bayesmark/experiment.py", line 126, in run_study
    next_points = optimizer.suggest(n_suggestions)
  File "/home/ryedida/bbo_challenge_starter_kit/example_submissions/smoothness/optimizer.py", line 105, in suggest
    betas = [self._get_smoothness_reg(guess) for guess in guesses]
  File "/home/ryedida/bbo_challenge_starter_kit/example_submissions/smoothness/optimizer.py", line 105, in <listcomp>
    betas = [self._get_smoothness_reg(guess) for guess in guesses]
  File "/home/ryedida/bbo_challenge_starter_kit/example_submissions/smoothness/optimizer.py", line 48, in _get_smoothness_reg
    if activ > Kz:
NameError: name 'activ' is not defined
suggestion time taken 0.331396 iter 4 next_points [{'alpha': 0.01533745030433598, 'batch_size': 76, 'beta_1': 0.7089021584953332, 'beta_2': 0.9917830905529641, 'epsilon': 5.208317094392729e-09, 'hidden_layer_sizes': 146, 'learning_rate_init': 0.013074097734440498, 'tol': 0.020275053005485055, 'validation_fraction': 0.2382727699265881}]
function_evaluation time 0.315591 value 51.140632 suggestion {'alpha': 0.01533745030433598, 'batch_size': 76, 'beta_1': 0.7089021584953332, 'beta_2': 0.9917830905529641, 'epsilon': 5.208317094392729e-09, 'hidden_layer_sizes': 146, 'learning_rate_init': 0.013074097734440498, 'tol': 0.020275053005485055, 'validation_fraction': 0.2382727699265881}
observation time 0.000004, current best 51.140632 at iter 4
Failure in optimizer suggest. Falling back to random search.
name 'activ' is not defined
Traceback (most recent call last):
  File "/home/ryedida/.local/lib/python3.9/site-packages/bayesmark/experiment.py", line 126, in run_study
    next_points = optimizer.suggest(n_suggestions)
  File "/home/ryedida/bbo_challenge_starter_kit/example_submissions/smoothness/optimizer.py", line 105, in suggest
    betas = [self._get_smoothness_reg(guess) for guess in guesses]
  File "/home/ryedida/bbo_challenge_starter_kit/example_submissions/smoothness/optimizer.py", line 105, in <listcomp>
    betas = [self._get_smoothness_reg(guess) for guess in guesses]
  File "/home/ryedida/bbo_challenge_starter_kit/example_submissions/smoothness/optimizer.py", line 48, in _get_smoothness_reg
    if activ > Kz:
NameError: name 'activ' is not defined
suggestion time taken 0.327459 iter 5 next_points [{'alpha': 0.023175030738062954, 'batch_size': 196, 'beta_1': 0.9840328720614705, 'beta_2': 0.9791672912665068, 'epsilon': 2.922782463835875e-08, 'hidden_layer_sizes': 177, 'learning_rate_init': 0.000319470568430748, 'tol': 4.7813684274809224e-05, 'validation_fraction': 0.5023804796210469}]
/home/ryedida/.local/lib/python3.9/site-packages/sklearn/neural_network/_multilayer_perceptron.py:605: UserWarning: Got `batch_size` less than 1 or larger than sample size. It is going to be clipped
  warnings.warn(

/home/ryedida/.local/lib/python3.9/site-packages/sklearn/neural_network/_multilayer_perceptron.py:686: ConvergenceWarning: Stochastic Optimizer: Maximum iterations (200) reached and the optimization hasn't converged yet.
  warnings.warn(

function_evaluation time 0.944030 value 150.451826 suggestion {'alpha': 0.023175030738062954, 'batch_size': 196, 'beta_1': 0.9840328720614705, 'beta_2': 0.9791672912665068, 'epsilon': 2.922782463835875e-08, 'hidden_layer_sizes': 177, 'learning_rate_init': 0.000319470568430748, 'tol': 4.7813684274809224e-05, 'validation_fraction': 0.5023804796210469}
observation time 0.000013, current best 51.140632 at iter 5
Failure in optimizer suggest. Falling back to random search.
name 'activ' is not defined
Traceback (most recent call last):
  File "/home/ryedida/.local/lib/python3.9/site-packages/bayesmark/experiment.py", line 126, in run_study
    next_points = optimizer.suggest(n_suggestions)
  File "/home/ryedida/bbo_challenge_starter_kit/example_submissions/smoothness/optimizer.py", line 105, in suggest
    betas = [self._get_smoothness_reg(guess) for guess in guesses]
  File "/home/ryedida/bbo_challenge_starter_kit/example_submissions/smoothness/optimizer.py", line 105, in <listcomp>
    betas = [self._get_smoothness_reg(guess) for guess in guesses]
  File "/home/ryedida/bbo_challenge_starter_kit/example_submissions/smoothness/optimizer.py", line 48, in _get_smoothness_reg
    if activ > Kz:
NameError: name 'activ' is not defined
suggestion time taken 0.326341 iter 6 next_points [{'alpha': 1.782832259997833e-05, 'batch_size': 92, 'beta_1': 0.8279844605851957, 'beta_2': 0.9992408444844196, 'epsilon': 6.848826523186064e-08, 'hidden_layer_sizes': 173, 'learning_rate_init': 0.0008025791963540282, 'tol': 0.017098637321137825, 'validation_fraction': 0.5897193187068076}]
function_evaluation time 0.077878 value 151.234158 suggestion {'alpha': 1.782832259997833e-05, 'batch_size': 92, 'beta_1': 0.8279844605851957, 'beta_2': 0.9992408444844196, 'epsilon': 6.848826523186064e-08, 'hidden_layer_sizes': 173, 'learning_rate_init': 0.0008025791963540282, 'tol': 0.017098637321137825, 'validation_fraction': 0.5897193187068076}
observation time 0.000004, current best 51.140632 at iter 6
Failure in optimizer suggest. Falling back to random search.
name 'activ' is not defined
Traceback (most recent call last):
  File "/home/ryedida/.local/lib/python3.9/site-packages/bayesmark/experiment.py", line 126, in run_study
    next_points = optimizer.suggest(n_suggestions)
  File "/home/ryedida/bbo_challenge_starter_kit/example_submissions/smoothness/optimizer.py", line 105, in suggest
    betas = [self._get_smoothness_reg(guess) for guess in guesses]
  File "/home/ryedida/bbo_challenge_starter_kit/example_submissions/smoothness/optimizer.py", line 105, in <listcomp>
    betas = [self._get_smoothness_reg(guess) for guess in guesses]
  File "/home/ryedida/bbo_challenge_starter_kit/example_submissions/smoothness/optimizer.py", line 48, in _get_smoothness_reg
    if activ > Kz:
NameError: name 'activ' is not defined
suggestion time taken 0.457048 iter 7 next_points [{'alpha': 0.42418078726754355, 'batch_size': 100, 'beta_1': 0.9496549643736084, 'beta_2': 0.9999744165051925, 'epsilon': 1.7055455852854518e-08, 'hidden_layer_sizes': 188, 'learning_rate_init': 0.020718601363422615, 'tol': 0.00018295577379270873, 'validation_fraction': 0.37877893414237646}]
function_evaluation time 0.339725 value 54.451126 suggestion {'alpha': 0.42418078726754355, 'batch_size': 100, 'beta_1': 0.9496549643736084, 'beta_2': 0.9999744165051925, 'epsilon': 1.7055455852854518e-08, 'hidden_layer_sizes': 188, 'learning_rate_init': 0.020718601363422615, 'tol': 0.00018295577379270873, 'validation_fraction': 0.37877893414237646}
observation time 0.000004, current best 51.140632 at iter 7
Failure in optimizer suggest. Falling back to random search.
name 'activ' is not defined
Traceback (most recent call last):
  File "/home/ryedida/.local/lib/python3.9/site-packages/bayesmark/experiment.py", line 126, in run_study
    next_points = optimizer.suggest(n_suggestions)
  File "/home/ryedida/bbo_challenge_starter_kit/example_submissions/smoothness/optimizer.py", line 105, in suggest
    betas = [self._get_smoothness_reg(guess) for guess in guesses]
  File "/home/ryedida/bbo_challenge_starter_kit/example_submissions/smoothness/optimizer.py", line 105, in <listcomp>
    betas = [self._get_smoothness_reg(guess) for guess in guesses]
  File "/home/ryedida/bbo_challenge_starter_kit/example_submissions/smoothness/optimizer.py", line 48, in _get_smoothness_reg
    if activ > Kz:
NameError: name 'activ' is not defined
suggestion time taken 0.327986 iter 8 next_points [{'alpha': 4.952315312742105e-05, 'batch_size': 50, 'beta_1': 0.5601209866359643, 'beta_2': 0.9999951474780403, 'epsilon': 1.0012210816934438e-07, 'hidden_layer_sizes': 70, 'learning_rate_init': 0.020231661041708402, 'tol': 0.0009010171461670425, 'validation_fraction': 0.899432649129218}]
/home/ryedida/.local/lib/python3.9/site-packages/sklearn/neural_network/_multilayer_perceptron.py:605: UserWarning: Got `batch_size` less than 1 or larger than sample size. It is going to be clipped
  warnings.warn(

function_evaluation time 0.409823 value 50.482122 suggestion {'alpha': 4.952315312742105e-05, 'batch_size': 50, 'beta_1': 0.5601209866359643, 'beta_2': 0.9999951474780403, 'epsilon': 1.0012210816934438e-07, 'hidden_layer_sizes': 70, 'learning_rate_init': 0.020231661041708402, 'tol': 0.0009010171461670425, 'validation_fraction': 0.899432649129218}
observation time 0.000006, current best 50.482122 at iter 8
Failure in optimizer suggest. Falling back to random search.
name 'activ' is not defined
Traceback (most recent call last):
  File "/home/ryedida/.local/lib/python3.9/site-packages/bayesmark/experiment.py", line 126, in run_study
    next_points = optimizer.suggest(n_suggestions)
  File "/home/ryedida/bbo_challenge_starter_kit/example_submissions/smoothness/optimizer.py", line 105, in suggest
    betas = [self._get_smoothness_reg(guess) for guess in guesses]
  File "/home/ryedida/bbo_challenge_starter_kit/example_submissions/smoothness/optimizer.py", line 105, in <listcomp>
    betas = [self._get_smoothness_reg(guess) for guess in guesses]
  File "/home/ryedida/bbo_challenge_starter_kit/example_submissions/smoothness/optimizer.py", line 48, in _get_smoothness_reg
    if activ > Kz:
NameError: name 'activ' is not defined
suggestion time taken 0.323408 iter 9 next_points [{'alpha': 0.003175171007419809, 'batch_size': 13, 'beta_1': 0.9805552284702462, 'beta_2': 0.9969490311453014, 'epsilon': 1.864482470693653e-09, 'hidden_layer_sizes': 191, 'learning_rate_init': 0.00022821696928239314, 'tol': 0.00014953020358216072, 'validation_fraction': 0.2538510020212783}]
/home/ryedida/.local/lib/python3.9/site-packages/sklearn/neural_network/_multilayer_perceptron.py:686: ConvergenceWarning: Stochastic Optimizer: Maximum iterations (200) reached and the optimization hasn't converged yet.
  warnings.warn(

function_evaluation time 4.439935 value 87.230965 suggestion {'alpha': 0.003175171007419809, 'batch_size': 13, 'beta_1': 0.9805552284702462, 'beta_2': 0.9969490311453014, 'epsilon': 1.864482470693653e-09, 'hidden_layer_sizes': 191, 'learning_rate_init': 0.00022821696928239314, 'tol': 0.00014953020358216072, 'validation_fraction': 0.2538510020212783}
observation time 0.000005, current best 50.482122 at iter 9
Failure in optimizer suggest. Falling back to random search.
name 'activ' is not defined
Traceback (most recent call last):
  File "/home/ryedida/.local/lib/python3.9/site-packages/bayesmark/experiment.py", line 126, in run_study
    next_points = optimizer.suggest(n_suggestions)
  File "/home/ryedida/bbo_challenge_starter_kit/example_submissions/smoothness/optimizer.py", line 105, in suggest
    betas = [self._get_smoothness_reg(guess) for guess in guesses]
  File "/home/ryedida/bbo_challenge_starter_kit/example_submissions/smoothness/optimizer.py", line 105, in <listcomp>
    betas = [self._get_smoothness_reg(guess) for guess in guesses]
  File "/home/ryedida/bbo_challenge_starter_kit/example_submissions/smoothness/optimizer.py", line 48, in _get_smoothness_reg
    if activ > Kz:
NameError: name 'activ' is not defined
suggestion time taken 0.322320 iter 10 next_points [{'alpha': 0.010337112172445538, 'batch_size': 41, 'beta_1': 0.9662803312352324, 'beta_2': 0.9999250296107164, 'epsilon': 2.0909844471914073e-08, 'hidden_layer_sizes': 53, 'learning_rate_init': 0.000531733509557875, 'tol': 2.832930684992896e-05, 'validation_fraction': 0.5760241855828838}]
/home/ryedida/.local/lib/python3.9/site-packages/sklearn/neural_network/_multilayer_perceptron.py:686: ConvergenceWarning: Stochastic Optimizer: Maximum iterations (200) reached and the optimization hasn't converged yet.
  warnings.warn(

function_evaluation time 0.779215 value 145.990679 suggestion {'alpha': 0.010337112172445538, 'batch_size': 41, 'beta_1': 0.9662803312352324, 'beta_2': 0.9999250296107164, 'epsilon': 2.0909844471914073e-08, 'hidden_layer_sizes': 53, 'learning_rate_init': 0.000531733509557875, 'tol': 2.832930684992896e-05, 'validation_fraction': 0.5760241855828838}
observation time 0.000004, current best 50.482122 at iter 10
Failure in optimizer suggest. Falling back to random search.
name 'activ' is not defined
Traceback (most recent call last):
  File "/home/ryedida/.local/lib/python3.9/site-packages/bayesmark/experiment.py", line 126, in run_study
    next_points = optimizer.suggest(n_suggestions)
  File "/home/ryedida/bbo_challenge_starter_kit/example_submissions/smoothness/optimizer.py", line 105, in suggest
    betas = [self._get_smoothness_reg(guess) for guess in guesses]
  File "/home/ryedida/bbo_challenge_starter_kit/example_submissions/smoothness/optimizer.py", line 105, in <listcomp>
    betas = [self._get_smoothness_reg(guess) for guess in guesses]
  File "/home/ryedida/bbo_challenge_starter_kit/example_submissions/smoothness/optimizer.py", line 48, in _get_smoothness_reg
    if activ > Kz:
NameError: name 'activ' is not defined
suggestion time taken 0.317265 iter 11 next_points [{'alpha': 2.6066218544111575, 'batch_size': 23, 'beta_1': 0.9309876547782799, 'beta_2': 0.999522600465768, 'epsilon': 3.5402434128757056e-08, 'hidden_layer_sizes': 82, 'learning_rate_init': 0.00029113596018050063, 'tol': 0.0002138820939115176, 'validation_fraction': 0.11464515254659897}]
/home/ryedida/.local/lib/python3.9/site-packages/sklearn/neural_network/_multilayer_perceptron.py:686: ConvergenceWarning: Stochastic Optimizer: Maximum iterations (200) reached and the optimization hasn't converged yet.
  warnings.warn(

function_evaluation time 1.869414 value 115.913277 suggestion {'alpha': 2.6066218544111575, 'batch_size': 23, 'beta_1': 0.9309876547782799, 'beta_2': 0.999522600465768, 'epsilon': 3.5402434128757056e-08, 'hidden_layer_sizes': 82, 'learning_rate_init': 0.00029113596018050063, 'tol': 0.0002138820939115176, 'validation_fraction': 0.11464515254659897}
observation time 0.000005, current best 50.482122 at iter 11
Failure in optimizer suggest. Falling back to random search.
name 'activ' is not defined
Traceback (most recent call last):
  File "/home/ryedida/.local/lib/python3.9/site-packages/bayesmark/experiment.py", line 126, in run_study
    next_points = optimizer.suggest(n_suggestions)
  File "/home/ryedida/bbo_challenge_starter_kit/example_submissions/smoothness/optimizer.py", line 105, in suggest
    betas = [self._get_smoothness_reg(guess) for guess in guesses]
  File "/home/ryedida/bbo_challenge_starter_kit/example_submissions/smoothness/optimizer.py", line 105, in <listcomp>
    betas = [self._get_smoothness_reg(guess) for guess in guesses]
  File "/home/ryedida/bbo_challenge_starter_kit/example_submissions/smoothness/optimizer.py", line 48, in _get_smoothness_reg
    if activ > Kz:
NameError: name 'activ' is not defined
suggestion time taken 0.320711 iter 12 next_points [{'alpha': 0.0508171715066728, 'batch_size': 127, 'beta_1': 0.8430656399548337, 'beta_2': 0.9999908417656851, 'epsilon': 1.2492413222593613e-08, 'hidden_layer_sizes': 96, 'learning_rate_init': 6.595283934920751e-05, 'tol': 0.0002969080472709717, 'validation_fraction': 0.7363497018635015}]
/home/ryedida/.local/lib/python3.9/site-packages/sklearn/neural_network/_multilayer_perceptron.py:605: UserWarning: Got `batch_size` less than 1 or larger than sample size. It is going to be clipped
  warnings.warn(

function_evaluation time 0.048185 value 151.553086 suggestion {'alpha': 0.0508171715066728, 'batch_size': 127, 'beta_1': 0.8430656399548337, 'beta_2': 0.9999908417656851, 'epsilon': 1.2492413222593613e-08, 'hidden_layer_sizes': 96, 'learning_rate_init': 6.595283934920751e-05, 'tol': 0.0002969080472709717, 'validation_fraction': 0.7363497018635015}
observation time 0.000005, current best 50.482122 at iter 12
Failure in optimizer suggest. Falling back to random search.
name 'activ' is not defined
Traceback (most recent call last):
  File "/home/ryedida/.local/lib/python3.9/site-packages/bayesmark/experiment.py", line 126, in run_study
    next_points = optimizer.suggest(n_suggestions)
  File "/home/ryedida/bbo_challenge_starter_kit/example_submissions/smoothness/optimizer.py", line 105, in suggest
    betas = [self._get_smoothness_reg(guess) for guess in guesses]
  File "/home/ryedida/bbo_challenge_starter_kit/example_submissions/smoothness/optimizer.py", line 105, in <listcomp>
    betas = [self._get_smoothness_reg(guess) for guess in guesses]
  File "/home/ryedida/bbo_challenge_starter_kit/example_submissions/smoothness/optimizer.py", line 48, in _get_smoothness_reg
    if activ > Kz:
NameError: name 'activ' is not defined
suggestion time taken 0.321543 iter 13 next_points [{'alpha': 0.17452297272890435, 'batch_size': 83, 'beta_1': 0.9571390220870725, 'beta_2': 0.9999279893889856, 'epsilon': 2.1983034235849743e-07, 'hidden_layer_sizes': 63, 'learning_rate_init': 2.536185787246418e-05, 'tol': 0.0021025966116337094, 'validation_fraction': 0.8407110759612455}]
/home/ryedida/.local/lib/python3.9/site-packages/sklearn/neural_network/_multilayer_perceptron.py:605: UserWarning: Got `batch_size` less than 1 or larger than sample size. It is going to be clipped
  warnings.warn(

function_evaluation time 0.042953 value 151.663045 suggestion {'alpha': 0.17452297272890435, 'batch_size': 83, 'beta_1': 0.9571390220870725, 'beta_2': 0.9999279893889856, 'epsilon': 2.1983034235849743e-07, 'hidden_layer_sizes': 63, 'learning_rate_init': 2.536185787246418e-05, 'tol': 0.0021025966116337094, 'validation_fraction': 0.8407110759612455}
observation time 0.000005, current best 50.482122 at iter 13
Failure in optimizer suggest. Falling back to random search.
name 'activ' is not defined
Traceback (most recent call last):
  File "/home/ryedida/.local/lib/python3.9/site-packages/bayesmark/experiment.py", line 126, in run_study
    next_points = optimizer.suggest(n_suggestions)
  File "/home/ryedida/bbo_challenge_starter_kit/example_submissions/smoothness/optimizer.py", line 105, in suggest
    betas = [self._get_smoothness_reg(guess) for guess in guesses]
  File "/home/ryedida/bbo_challenge_starter_kit/example_submissions/smoothness/optimizer.py", line 105, in <listcomp>
    betas = [self._get_smoothness_reg(guess) for guess in guesses]
  File "/home/ryedida/bbo_challenge_starter_kit/example_submissions/smoothness/optimizer.py", line 48, in _get_smoothness_reg
    if activ > Kz:
NameError: name 'activ' is not defined
suggestion time taken 0.321424 iter 14 next_points [{'alpha': 5.2753172354132846e-05, 'batch_size': 38, 'beta_1': 0.5017895295571376, 'beta_2': 0.9999901928750659, 'epsilon': 1.5844718981144654e-09, 'hidden_layer_sizes': 120, 'learning_rate_init': 1.7942423261483325e-05, 'tol': 5.202442081709907e-05, 'validation_fraction': 0.3306636300326721}]
/home/ryedida/.local/lib/python3.9/site-packages/sklearn/neural_network/_multilayer_perceptron.py:686: ConvergenceWarning: Stochastic Optimizer: Maximum iterations (200) reached and the optimization hasn't converged yet.
  warnings.warn(

function_evaluation time 1.666453 value 151.208719 suggestion {'alpha': 5.2753172354132846e-05, 'batch_size': 38, 'beta_1': 0.5017895295571376, 'beta_2': 0.9999901928750659, 'epsilon': 1.5844718981144654e-09, 'hidden_layer_sizes': 120, 'learning_rate_init': 1.7942423261483325e-05, 'tol': 5.202442081709907e-05, 'validation_fraction': 0.3306636300326721}
observation time 0.000006, current best 50.482122 at iter 14
saving meta data: {'args': {'--uuid': 'cafeb57325c4578ba9054d860388ccbb', '-db-root': '/home/ryedida/bbo_challenge_starter_kit/output', '--opt-root': '/home/ryedida/bbo_challenge_starter_kit/example_submissions', '--data-root': None, '--db': 'run_20230425_034200', '--opt': 'smoothness', '--data': 'diabetes', '--classifier': 'MLP-adam', '--metric': 'mae', '--calls': 15, '--suggestions': 1, '--jobs-file': None, '--verbose': False, 'dry_run': False, 'rev': 'a376313', 'opt_rev': 'x.x.x'}, 'signature': ([{'alpha': 0.019628224813442792, 'batch_size': 182, 'beta_1': 0.9410202200271762, 'beta_2': 0.9998021557676793, 'epsilon': 1.8662266976518e-08, 'hidden_layer_sizes': 147, 'learning_rate_init': 0.0005627932047415167, 'tol': 0.03690557729213761, 'validation_fraction': 0.8846827852548593}, {'alpha': 0.0019982467392329444, 'batch_size': 200, 'beta_1': 0.919111482530466, 'beta_2': 0.9998488260436156, 'epsilon': 5.981221901152555e-07, 'hidden_layer_sizes': 61, 'learning_rate_init': 2.2310905607443014e-05, 'tol': 1.2046852412030316e-05, 'validation_fraction': 0.8117896445826539}, {'alpha': 0.46659545670218433, 'batch_size': 219, 'beta_1': 0.9889789783750891, 'beta_2': 0.9999896868093284, 'epsilon': 2.4234724484675948e-08, 'hidden_layer_sizes': 167, 'learning_rate_init': 2.972334644335654e-05, 'tol': 0.0036281404040243792, 'validation_fraction': 0.17260651658522078}, {'alpha': 4.656005689076002, 'batch_size': 135, 'beta_1': 0.870503881627747, 'beta_2': 0.9948873266941017, 'epsilon': 2.1023308743480125e-07, 'hidden_layer_sizes': 118, 'learning_rate_init': 0.0018781738757161913, 'tol': 1.1889379831773004e-05, 'validation_fraction': 0.6264327093752792}, {'alpha': 0.04705159350400542, 'batch_size': 158, 'beta_1': 0.9870884262730957, 'beta_2': 0.9999596874382349, 'epsilon': 1.1981845126013875e-08, 'hidden_layer_sizes': 116, 'learning_rate_init': 0.00617340520407431, 'tol': 1.741413418158619e-05, 'validation_fraction': 0.6754299026638921}], [151.4971925380264, 151.42763539278994, 151.47026299046811, 136.86202504264318, 75.2055865763391])}
saving results
saving timing
saving suggest log
done
