running: {'--uuid': 'd5b6efdc22da5f0daa5f8655b3628d59', '-db-root': '/home/ryedida/bbo_challenge_starter_kit/output', '--opt-root': '/home/ryedida/bbo_challenge_starter_kit/example_submissions', '--data-root': None, '--db': 'run_20230425_034200', '--opt': 'smoothness', '--data': 'diabetes', '--classifier': 'MLP-adam', '--metric': 'mse', '--calls': 15, '--suggestions': 1, '--jobs-file': None, '--verbose': False, 'dry_run': False, 'rev': 'a376313', 'opt_rev': 'x.x.x'}
cmd: python smoothness/optimizer.py -c MLP-adam -d diabetes -o smoothness -u d5b6efdc22da5f0daa5f8655b3628d59 -m mse -n 15 -p 1 -dir /home/ryedida/bbo_challenge_starter_kit/output -b run_20230425_034200
/home/ryedida/.local/lib/python3.9/site-packages/sklearn/neural_network/_multilayer_perceptron.py:605: UserWarning: Got `batch_size` less than 1 or larger than sample size. It is going to be clipped
  warnings.warn(

/home/ryedida/.local/lib/python3.9/site-packages/sklearn/neural_network/_multilayer_perceptron.py:605: UserWarning: Got `batch_size` less than 1 or larger than sample size. It is going to be clipped
  warnings.warn(

/home/ryedida/.local/lib/python3.9/site-packages/sklearn/neural_network/_multilayer_perceptron.py:605: UserWarning: Got `batch_size` less than 1 or larger than sample size. It is going to be clipped
  warnings.warn(

/home/ryedida/.local/lib/python3.9/site-packages/sklearn/neural_network/_multilayer_perceptron.py:686: ConvergenceWarning: Stochastic Optimizer: Maximum iterations (200) reached and the optimization hasn't converged yet.
  warnings.warn(

/home/ryedida/.local/lib/python3.9/site-packages/sklearn/neural_network/_multilayer_perceptron.py:605: UserWarning: Got `batch_size` less than 1 or larger than sample size. It is going to be clipped
  warnings.warn(

/home/ryedida/.local/lib/python3.9/site-packages/sklearn/neural_network/_multilayer_perceptron.py:686: ConvergenceWarning: Stochastic Optimizer: Maximum iterations (200) reached and the optimization hasn't converged yet.
  warnings.warn(

computed signature: ([{'alpha': 0.019628224813442792, 'batch_size': 182, 'beta_1': 0.9410202200271762, 'beta_2': 0.9998021557676793, 'epsilon': 1.8662266976518e-08, 'hidden_layer_sizes': 147, 'learning_rate_init': 0.0005627932047415167, 'tol': 0.03690557729213761, 'validation_fraction': 0.8846827852548593}, {'alpha': 0.0019982467392329444, 'batch_size': 200, 'beta_1': 0.919111482530466, 'beta_2': 0.9998488260436156, 'epsilon': 5.981221901152555e-07, 'hidden_layer_sizes': 61, 'learning_rate_init': 2.2310905607443014e-05, 'tol': 1.2046852412030316e-05, 'validation_fraction': 0.8117896445826539}, {'alpha': 0.46659545670218433, 'batch_size': 219, 'beta_1': 0.9889789783750891, 'beta_2': 0.9999896868093284, 'epsilon': 2.4234724484675948e-08, 'hidden_layer_sizes': 167, 'learning_rate_init': 2.972334644335654e-05, 'tol': 0.0036281404040243792, 'validation_fraction': 0.17260651658522078}, {'alpha': 4.656005689076002, 'batch_size': 135, 'beta_1': 0.870503881627747, 'beta_2': 0.9948873266941017, 'epsilon': 2.1023308743480125e-07, 'hidden_layer_sizes': 118, 'learning_rate_init': 0.0018781738757161913, 'tol': 1.1889379831773004e-05, 'validation_fraction': 0.6264327093752792}, {'alpha': 0.04705159350400542, 'batch_size': 158, 'beta_1': 0.9870884262730957, 'beta_2': 0.9999596874382349, 'epsilon': 1.1981845126013875e-08, 'hidden_layer_sizes': 116, 'learning_rate_init': 0.00617340520407431, 'tol': 1.741413418158619e-05, 'validation_fraction': 0.6754299026638921}], [29083.993548572587, 29062.423277324073, 29075.78987471409, 24626.32866834337, 9584.226858493177])
Signature errors:
                              0         1         2         3         4       max
MLP-adam_diabetes_mse  0.000007  0.000008  0.000003  0.003558  0.004952  0.004952
max                    0.000007  0.000008  0.000003  0.003558  0.004952  0.004952
starting sklearn study smoothness MLP-adam diabetes mse 15 1
with data root: None
Failure in optimizer suggest. Falling back to random search.
name 'activ' is not defined
Traceback (most recent call last):
  File "/home/ryedida/.local/lib/python3.9/site-packages/bayesmark/experiment.py", line 126, in run_study
    next_points = optimizer.suggest(n_suggestions)
  File "/home/ryedida/bbo_challenge_starter_kit/example_submissions/smoothness/optimizer.py", line 105, in suggest
    betas = [self._get_smoothness_reg(guess) for guess in guesses]
  File "/home/ryedida/bbo_challenge_starter_kit/example_submissions/smoothness/optimizer.py", line 105, in <listcomp>
    betas = [self._get_smoothness_reg(guess) for guess in guesses]
  File "/home/ryedida/bbo_challenge_starter_kit/example_submissions/smoothness/optimizer.py", line 48, in _get_smoothness_reg
    if activ > Kz:
NameError: name 'activ' is not defined
suggestion time taken 0.499749 iter 0 next_points [{'alpha': 8.26081240452862, 'batch_size': 26, 'beta_1': 0.7798555970438473, 'beta_2': 0.9946542828829199, 'epsilon': 1.80691522656743e-09, 'hidden_layer_sizes': 93, 'learning_rate_init': 0.053493888012371045, 'tol': 7.156417417491621e-05, 'validation_fraction': 0.4519525134996361}]
function_evaluation time 0.634465 value 3028.083340 suggestion {'alpha': 8.26081240452862, 'batch_size': 26, 'beta_1': 0.7798555970438473, 'beta_2': 0.9946542828829199, 'epsilon': 1.80691522656743e-09, 'hidden_layer_sizes': 93, 'learning_rate_init': 0.053493888012371045, 'tol': 7.156417417491621e-05, 'validation_fraction': 0.4519525134996361}
observation time 0.000007, current best 3028.083340 at iter 0
Failure in optimizer suggest. Falling back to random search.
name 'activ' is not defined
Traceback (most recent call last):
  File "/home/ryedida/.local/lib/python3.9/site-packages/bayesmark/experiment.py", line 126, in run_study
    next_points = optimizer.suggest(n_suggestions)
  File "/home/ryedida/bbo_challenge_starter_kit/example_submissions/smoothness/optimizer.py", line 105, in suggest
    betas = [self._get_smoothness_reg(guess) for guess in guesses]
  File "/home/ryedida/bbo_challenge_starter_kit/example_submissions/smoothness/optimizer.py", line 105, in <listcomp>
    betas = [self._get_smoothness_reg(guess) for guess in guesses]
  File "/home/ryedida/bbo_challenge_starter_kit/example_submissions/smoothness/optimizer.py", line 48, in _get_smoothness_reg
    if activ > Kz:
NameError: name 'activ' is not defined
suggestion time taken 0.333020 iter 1 next_points [{'alpha': 6.247536462261971, 'batch_size': 202, 'beta_1': 0.5118464369105716, 'beta_2': 0.9999686274459423, 'epsilon': 1.0169064783441685e-08, 'hidden_layer_sizes': 187, 'learning_rate_init': 1.2284895453111742e-05, 'tol': 0.009735451440039367, 'validation_fraction': 0.20315218073885322}]
function_evaluation time 0.094001 value 29105.512957 suggestion {'alpha': 6.247536462261971, 'batch_size': 202, 'beta_1': 0.5118464369105716, 'beta_2': 0.9999686274459423, 'epsilon': 1.0169064783441685e-08, 'hidden_layer_sizes': 187, 'learning_rate_init': 1.2284895453111742e-05, 'tol': 0.009735451440039367, 'validation_fraction': 0.20315218073885322}
observation time 0.000006, current best 3028.083340 at iter 1
Failure in optimizer suggest. Falling back to random search.
name 'activ' is not defined
Traceback (most recent call last):
  File "/home/ryedida/.local/lib/python3.9/site-packages/bayesmark/experiment.py", line 126, in run_study
    next_points = optimizer.suggest(n_suggestions)
  File "/home/ryedida/bbo_challenge_starter_kit/example_submissions/smoothness/optimizer.py", line 105, in suggest
    betas = [self._get_smoothness_reg(guess) for guess in guesses]
  File "/home/ryedida/bbo_challenge_starter_kit/example_submissions/smoothness/optimizer.py", line 105, in <listcomp>
    betas = [self._get_smoothness_reg(guess) for guess in guesses]
  File "/home/ryedida/bbo_challenge_starter_kit/example_submissions/smoothness/optimizer.py", line 48, in _get_smoothness_reg
    if activ > Kz:
NameError: name 'activ' is not defined
suggestion time taken 0.330468 iter 2 next_points [{'alpha': 0.8422317692724425, 'batch_size': 72, 'beta_1': 0.7339642227076978, 'beta_2': 0.9999926018909546, 'epsilon': 4.5140131893678773e-07, 'hidden_layer_sizes': 80, 'learning_rate_init': 3.088219660050311e-05, 'tol': 0.03889371869277073, 'validation_fraction': 0.1860560613434622}]
function_evaluation time 0.063297 value 29099.170309 suggestion {'alpha': 0.8422317692724425, 'batch_size': 72, 'beta_1': 0.7339642227076978, 'beta_2': 0.9999926018909546, 'epsilon': 4.5140131893678773e-07, 'hidden_layer_sizes': 80, 'learning_rate_init': 3.088219660050311e-05, 'tol': 0.03889371869277073, 'validation_fraction': 0.1860560613434622}
observation time 0.000006, current best 3028.083340 at iter 2
Failure in optimizer suggest. Falling back to random search.
name 'activ' is not defined
Traceback (most recent call last):
  File "/home/ryedida/.local/lib/python3.9/site-packages/bayesmark/experiment.py", line 126, in run_study
    next_points = optimizer.suggest(n_suggestions)
  File "/home/ryedida/bbo_challenge_starter_kit/example_submissions/smoothness/optimizer.py", line 105, in suggest
    betas = [self._get_smoothness_reg(guess) for guess in guesses]
  File "/home/ryedida/bbo_challenge_starter_kit/example_submissions/smoothness/optimizer.py", line 105, in <listcomp>
    betas = [self._get_smoothness_reg(guess) for guess in guesses]
  File "/home/ryedida/bbo_challenge_starter_kit/example_submissions/smoothness/optimizer.py", line 48, in _get_smoothness_reg
    if activ > Kz:
NameError: name 'activ' is not defined
suggestion time taken 0.331448 iter 3 next_points [{'alpha': 9.822007311283906, 'batch_size': 108, 'beta_1': 0.9855699653175098, 'beta_2': 0.9998604256898291, 'epsilon': 3.138189263302136e-07, 'hidden_layer_sizes': 157, 'learning_rate_init': 0.0019449652408519793, 'tol': 0.0017034896371756142, 'validation_fraction': 0.1767876869000983}]
/home/ryedida/.local/lib/python3.9/site-packages/sklearn/neural_network/_multilayer_perceptron.py:686: ConvergenceWarning: Stochastic Optimizer: Maximum iterations (200) reached and the optimization hasn't converged yet.
  warnings.warn(

function_evaluation time 1.502174 value 5608.868151 suggestion {'alpha': 9.822007311283906, 'batch_size': 108, 'beta_1': 0.9855699653175098, 'beta_2': 0.9998604256898291, 'epsilon': 3.138189263302136e-07, 'hidden_layer_sizes': 157, 'learning_rate_init': 0.0019449652408519793, 'tol': 0.0017034896371756142, 'validation_fraction': 0.1767876869000983}
observation time 0.000005, current best 3028.083340 at iter 3
Failure in optimizer suggest. Falling back to random search.
name 'activ' is not defined
Traceback (most recent call last):
  File "/home/ryedida/.local/lib/python3.9/site-packages/bayesmark/experiment.py", line 126, in run_study
    next_points = optimizer.suggest(n_suggestions)
  File "/home/ryedida/bbo_challenge_starter_kit/example_submissions/smoothness/optimizer.py", line 105, in suggest
    betas = [self._get_smoothness_reg(guess) for guess in guesses]
  File "/home/ryedida/bbo_challenge_starter_kit/example_submissions/smoothness/optimizer.py", line 105, in <listcomp>
    betas = [self._get_smoothness_reg(guess) for guess in guesses]
  File "/home/ryedida/bbo_challenge_starter_kit/example_submissions/smoothness/optimizer.py", line 48, in _get_smoothness_reg
    if activ > Kz:
NameError: name 'activ' is not defined
suggestion time taken 0.343636 iter 4 next_points [{'alpha': 0.6731498794070438, 'batch_size': 68, 'beta_1': 0.9826978803200003, 'beta_2': 0.9999896542440209, 'epsilon': 3.743416461507076e-07, 'hidden_layer_sizes': 162, 'learning_rate_init': 0.006988222931168138, 'tol': 0.008887128452275735, 'validation_fraction': 0.877625502844938}]
/home/ryedida/.local/lib/python3.9/site-packages/sklearn/neural_network/_multilayer_perceptron.py:605: UserWarning: Got `batch_size` less than 1 or larger than sample size. It is going to be clipped
  warnings.warn(

function_evaluation time 0.054470 value 28642.521961 suggestion {'alpha': 0.6731498794070438, 'batch_size': 68, 'beta_1': 0.9826978803200003, 'beta_2': 0.9999896542440209, 'epsilon': 3.743416461507076e-07, 'hidden_layer_sizes': 162, 'learning_rate_init': 0.006988222931168138, 'tol': 0.008887128452275735, 'validation_fraction': 0.877625502844938}
observation time 0.000006, current best 3028.083340 at iter 4
Failure in optimizer suggest. Falling back to random search.
name 'activ' is not defined
Traceback (most recent call last):
  File "/home/ryedida/.local/lib/python3.9/site-packages/bayesmark/experiment.py", line 126, in run_study
    next_points = optimizer.suggest(n_suggestions)
  File "/home/ryedida/bbo_challenge_starter_kit/example_submissions/smoothness/optimizer.py", line 105, in suggest
    betas = [self._get_smoothness_reg(guess) for guess in guesses]
  File "/home/ryedida/bbo_challenge_starter_kit/example_submissions/smoothness/optimizer.py", line 105, in <listcomp>
    betas = [self._get_smoothness_reg(guess) for guess in guesses]
  File "/home/ryedida/bbo_challenge_starter_kit/example_submissions/smoothness/optimizer.py", line 48, in _get_smoothness_reg
    if activ > Kz:
NameError: name 'activ' is not defined
suggestion time taken 0.331661 iter 5 next_points [{'alpha': 0.580476486246773, 'batch_size': 138, 'beta_1': 0.8689217846997623, 'beta_2': 0.9984532190279951, 'epsilon': 9.105538760765611e-07, 'hidden_layer_sizes': 124, 'learning_rate_init': 0.0005866833324659001, 'tol': 5.0361232916460303e-05, 'validation_fraction': 0.19375758186647196}]
/home/ryedida/.local/lib/python3.9/site-packages/sklearn/neural_network/_multilayer_perceptron.py:686: ConvergenceWarning: Stochastic Optimizer: Maximum iterations (200) reached and the optimization hasn't converged yet.
  warnings.warn(

function_evaluation time 1.191943 value 26792.884061 suggestion {'alpha': 0.580476486246773, 'batch_size': 138, 'beta_1': 0.8689217846997623, 'beta_2': 0.9984532190279951, 'epsilon': 9.105538760765611e-07, 'hidden_layer_sizes': 124, 'learning_rate_init': 0.0005866833324659001, 'tol': 5.0361232916460303e-05, 'validation_fraction': 0.19375758186647196}
observation time 0.000006, current best 3028.083340 at iter 5
Failure in optimizer suggest. Falling back to random search.
name 'activ' is not defined
Traceback (most recent call last):
  File "/home/ryedida/.local/lib/python3.9/site-packages/bayesmark/experiment.py", line 126, in run_study
    next_points = optimizer.suggest(n_suggestions)
  File "/home/ryedida/bbo_challenge_starter_kit/example_submissions/smoothness/optimizer.py", line 105, in suggest
    betas = [self._get_smoothness_reg(guess) for guess in guesses]
  File "/home/ryedida/bbo_challenge_starter_kit/example_submissions/smoothness/optimizer.py", line 105, in <listcomp>
    betas = [self._get_smoothness_reg(guess) for guess in guesses]
  File "/home/ryedida/bbo_challenge_starter_kit/example_submissions/smoothness/optimizer.py", line 48, in _get_smoothness_reg
    if activ > Kz:
NameError: name 'activ' is not defined
suggestion time taken 0.334654 iter 6 next_points [{'alpha': 0.010354400031654602, 'batch_size': 65, 'beta_1': 0.9606012107047807, 'beta_2': 0.9985728432286722, 'epsilon': 2.5670286748684322e-08, 'hidden_layer_sizes': 169, 'learning_rate_init': 0.0006344756022140995, 'tol': 0.0075562356885671995, 'validation_fraction': 0.7402319557240986}]
function_evaluation time 0.074100 value 29032.450716 suggestion {'alpha': 0.010354400031654602, 'batch_size': 65, 'beta_1': 0.9606012107047807, 'beta_2': 0.9985728432286722, 'epsilon': 2.5670286748684322e-08, 'hidden_layer_sizes': 169, 'learning_rate_init': 0.0006344756022140995, 'tol': 0.0075562356885671995, 'validation_fraction': 0.7402319557240986}
observation time 0.000006, current best 3028.083340 at iter 6
Failure in optimizer suggest. Falling back to random search.
name 'activ' is not defined
Traceback (most recent call last):
  File "/home/ryedida/.local/lib/python3.9/site-packages/bayesmark/experiment.py", line 126, in run_study
    next_points = optimizer.suggest(n_suggestions)
  File "/home/ryedida/bbo_challenge_starter_kit/example_submissions/smoothness/optimizer.py", line 105, in suggest
    betas = [self._get_smoothness_reg(guess) for guess in guesses]
  File "/home/ryedida/bbo_challenge_starter_kit/example_submissions/smoothness/optimizer.py", line 105, in <listcomp>
    betas = [self._get_smoothness_reg(guess) for guess in guesses]
  File "/home/ryedida/bbo_challenge_starter_kit/example_submissions/smoothness/optimizer.py", line 48, in _get_smoothness_reg
    if activ > Kz:
NameError: name 'activ' is not defined
suggestion time taken 0.463197 iter 7 next_points [{'alpha': 0.23854699853286945, 'batch_size': 234, 'beta_1': 0.8410958156277636, 'beta_2': 0.9999471412056425, 'epsilon': 2.3660976279774369e-07, 'hidden_layer_sizes': 64, 'learning_rate_init': 0.00017017947349050363, 'tol': 5.49611110658702e-05, 'validation_fraction': 0.8662897546424584}]
/home/ryedida/.local/lib/python3.9/site-packages/sklearn/neural_network/_multilayer_perceptron.py:605: UserWarning: Got `batch_size` less than 1 or larger than sample size. It is going to be clipped
  warnings.warn(

/home/ryedida/.local/lib/python3.9/site-packages/sklearn/neural_network/_multilayer_perceptron.py:686: ConvergenceWarning: Stochastic Optimizer: Maximum iterations (200) reached and the optimization hasn't converged yet.
  warnings.warn(

function_evaluation time 0.592691 value 29038.723060 suggestion {'alpha': 0.23854699853286945, 'batch_size': 234, 'beta_1': 0.8410958156277636, 'beta_2': 0.9999471412056425, 'epsilon': 2.3660976279774369e-07, 'hidden_layer_sizes': 64, 'learning_rate_init': 0.00017017947349050363, 'tol': 5.49611110658702e-05, 'validation_fraction': 0.8662897546424584}
observation time 0.000005, current best 3028.083340 at iter 7
Failure in optimizer suggest. Falling back to random search.
name 'activ' is not defined
Traceback (most recent call last):
  File "/home/ryedida/.local/lib/python3.9/site-packages/bayesmark/experiment.py", line 126, in run_study
    next_points = optimizer.suggest(n_suggestions)
  File "/home/ryedida/bbo_challenge_starter_kit/example_submissions/smoothness/optimizer.py", line 105, in suggest
    betas = [self._get_smoothness_reg(guess) for guess in guesses]
  File "/home/ryedida/bbo_challenge_starter_kit/example_submissions/smoothness/optimizer.py", line 105, in <listcomp>
    betas = [self._get_smoothness_reg(guess) for guess in guesses]
  File "/home/ryedida/bbo_challenge_starter_kit/example_submissions/smoothness/optimizer.py", line 48, in _get_smoothness_reg
    if activ > Kz:
NameError: name 'activ' is not defined
suggestion time taken 0.327313 iter 8 next_points [{'alpha': 1.3942056695341086e-05, 'batch_size': 95, 'beta_1': 0.9701821249350389, 'beta_2': 0.9999955187481941, 'epsilon': 7.029228263718475e-08, 'hidden_layer_sizes': 54, 'learning_rate_init': 0.00015463373163973962, 'tol': 0.01438128672340274, 'validation_fraction': 0.1386480242630857}]
function_evaluation time 0.053841 value 29072.932644 suggestion {'alpha': 1.3942056695341086e-05, 'batch_size': 95, 'beta_1': 0.9701821249350389, 'beta_2': 0.9999955187481941, 'epsilon': 7.029228263718475e-08, 'hidden_layer_sizes': 54, 'learning_rate_init': 0.00015463373163973962, 'tol': 0.01438128672340274, 'validation_fraction': 0.1386480242630857}
observation time 0.000006, current best 3028.083340 at iter 8
Failure in optimizer suggest. Falling back to random search.
name 'activ' is not defined
Traceback (most recent call last):
  File "/home/ryedida/.local/lib/python3.9/site-packages/bayesmark/experiment.py", line 126, in run_study
    next_points = optimizer.suggest(n_suggestions)
  File "/home/ryedida/bbo_challenge_starter_kit/example_submissions/smoothness/optimizer.py", line 105, in suggest
    betas = [self._get_smoothness_reg(guess) for guess in guesses]
  File "/home/ryedida/bbo_challenge_starter_kit/example_submissions/smoothness/optimizer.py", line 105, in <listcomp>
    betas = [self._get_smoothness_reg(guess) for guess in guesses]
  File "/home/ryedida/bbo_challenge_starter_kit/example_submissions/smoothness/optimizer.py", line 48, in _get_smoothness_reg
    if activ > Kz:
NameError: name 'activ' is not defined
suggestion time taken 0.322511 iter 9 next_points [{'alpha': 0.0010720788389189176, 'batch_size': 42, 'beta_1': 0.811578906589929, 'beta_2': 0.9999971196425794, 'epsilon': 9.096603271667535e-09, 'hidden_layer_sizes': 92, 'learning_rate_init': 0.00021855067258451898, 'tol': 6.679254115001821e-05, 'validation_fraction': 0.88226151153599}]
/home/ryedida/.local/lib/python3.9/site-packages/sklearn/neural_network/_multilayer_perceptron.py:605: UserWarning: Got `batch_size` less than 1 or larger than sample size. It is going to be clipped
  warnings.warn(

/home/ryedida/.local/lib/python3.9/site-packages/sklearn/neural_network/_multilayer_perceptron.py:686: ConvergenceWarning: Stochastic Optimizer: Maximum iterations (200) reached and the optimization hasn't converged yet.
  warnings.warn(

function_evaluation time 0.637887 value 28917.982650 suggestion {'alpha': 0.0010720788389189176, 'batch_size': 42, 'beta_1': 0.811578906589929, 'beta_2': 0.9999971196425794, 'epsilon': 9.096603271667535e-09, 'hidden_layer_sizes': 92, 'learning_rate_init': 0.00021855067258451898, 'tol': 6.679254115001821e-05, 'validation_fraction': 0.88226151153599}
observation time 0.000006, current best 3028.083340 at iter 9
Failure in optimizer suggest. Falling back to random search.
name 'activ' is not defined
Traceback (most recent call last):
  File "/home/ryedida/.local/lib/python3.9/site-packages/bayesmark/experiment.py", line 126, in run_study
    next_points = optimizer.suggest(n_suggestions)
  File "/home/ryedida/bbo_challenge_starter_kit/example_submissions/smoothness/optimizer.py", line 105, in suggest
    betas = [self._get_smoothness_reg(guess) for guess in guesses]
  File "/home/ryedida/bbo_challenge_starter_kit/example_submissions/smoothness/optimizer.py", line 105, in <listcomp>
    betas = [self._get_smoothness_reg(guess) for guess in guesses]
  File "/home/ryedida/bbo_challenge_starter_kit/example_submissions/smoothness/optimizer.py", line 48, in _get_smoothness_reg
    if activ > Kz:
NameError: name 'activ' is not defined
suggestion time taken 0.324371 iter 10 next_points [{'alpha': 0.0037882070553887843, 'batch_size': 53, 'beta_1': 0.9865391904927803, 'beta_2': 0.9976592208507501, 'epsilon': 5.069209631161566e-07, 'hidden_layer_sizes': 141, 'learning_rate_init': 0.0015024250569554902, 'tol': 5.5034558897158604e-05, 'validation_fraction': 0.6397655766172818}]
/home/ryedida/.local/lib/python3.9/site-packages/sklearn/neural_network/_multilayer_perceptron.py:686: ConvergenceWarning: Stochastic Optimizer: Maximum iterations (200) reached and the optimization hasn't converged yet.
  warnings.warn(

function_evaluation time 1.063224 value 19570.131141 suggestion {'alpha': 0.0037882070553887843, 'batch_size': 53, 'beta_1': 0.9865391904927803, 'beta_2': 0.9976592208507501, 'epsilon': 5.069209631161566e-07, 'hidden_layer_sizes': 141, 'learning_rate_init': 0.0015024250569554902, 'tol': 5.5034558897158604e-05, 'validation_fraction': 0.6397655766172818}
observation time 0.000006, current best 3028.083340 at iter 10
Failure in optimizer suggest. Falling back to random search.
name 'activ' is not defined
Traceback (most recent call last):
  File "/home/ryedida/.local/lib/python3.9/site-packages/bayesmark/experiment.py", line 126, in run_study
    next_points = optimizer.suggest(n_suggestions)
  File "/home/ryedida/bbo_challenge_starter_kit/example_submissions/smoothness/optimizer.py", line 105, in suggest
    betas = [self._get_smoothness_reg(guess) for guess in guesses]
  File "/home/ryedida/bbo_challenge_starter_kit/example_submissions/smoothness/optimizer.py", line 105, in <listcomp>
    betas = [self._get_smoothness_reg(guess) for guess in guesses]
  File "/home/ryedida/bbo_challenge_starter_kit/example_submissions/smoothness/optimizer.py", line 48, in _get_smoothness_reg
    if activ > Kz:
NameError: name 'activ' is not defined
suggestion time taken 0.321910 iter 11 next_points [{'alpha': 1.7834814478790824, 'batch_size': 198, 'beta_1': 0.9899517358925429, 'beta_2': 0.9999922943171178, 'epsilon': 1.0807382510309573e-07, 'hidden_layer_sizes': 138, 'learning_rate_init': 0.00011405451434274621, 'tol': 0.00012941267913235558, 'validation_fraction': 0.3260873047070811}]
/home/ryedida/.local/lib/python3.9/site-packages/sklearn/neural_network/_multilayer_perceptron.py:686: ConvergenceWarning: Stochastic Optimizer: Maximum iterations (200) reached and the optimization hasn't converged yet.
  warnings.warn(

function_evaluation time 0.266674 value 29160.449612 suggestion {'alpha': 1.7834814478790824, 'batch_size': 198, 'beta_1': 0.9899517358925429, 'beta_2': 0.9999922943171178, 'epsilon': 1.0807382510309573e-07, 'hidden_layer_sizes': 138, 'learning_rate_init': 0.00011405451434274621, 'tol': 0.00012941267913235558, 'validation_fraction': 0.3260873047070811}
observation time 0.000007, current best 3028.083340 at iter 11
Failure in optimizer suggest. Falling back to random search.
name 'activ' is not defined
Traceback (most recent call last):
  File "/home/ryedida/.local/lib/python3.9/site-packages/bayesmark/experiment.py", line 126, in run_study
    next_points = optimizer.suggest(n_suggestions)
  File "/home/ryedida/bbo_challenge_starter_kit/example_submissions/smoothness/optimizer.py", line 105, in suggest
    betas = [self._get_smoothness_reg(guess) for guess in guesses]
  File "/home/ryedida/bbo_challenge_starter_kit/example_submissions/smoothness/optimizer.py", line 105, in <listcomp>
    betas = [self._get_smoothness_reg(guess) for guess in guesses]
  File "/home/ryedida/bbo_challenge_starter_kit/example_submissions/smoothness/optimizer.py", line 48, in _get_smoothness_reg
    if activ > Kz:
NameError: name 'activ' is not defined
suggestion time taken 0.322593 iter 12 next_points [{'alpha': 0.006713832802932263, 'batch_size': 77, 'beta_1': 0.9685594191212997, 'beta_2': 0.9997924662289485, 'epsilon': 2.1221543823453778e-07, 'hidden_layer_sizes': 157, 'learning_rate_init': 0.0060095094874339, 'tol': 2.3966176931382994e-05, 'validation_fraction': 0.8317054620850709}]
/home/ryedida/.local/lib/python3.9/site-packages/sklearn/neural_network/_multilayer_perceptron.py:605: UserWarning: Got `batch_size` less than 1 or larger than sample size. It is going to be clipped
  warnings.warn(

/home/ryedida/.local/lib/python3.9/site-packages/sklearn/neural_network/_multilayer_perceptron.py:686: ConvergenceWarning: Stochastic Optimizer: Maximum iterations (200) reached and the optimization hasn't converged yet.
  warnings.warn(

function_evaluation time 0.761770 value 4955.238914 suggestion {'alpha': 0.006713832802932263, 'batch_size': 77, 'beta_1': 0.9685594191212997, 'beta_2': 0.9997924662289485, 'epsilon': 2.1221543823453778e-07, 'hidden_layer_sizes': 157, 'learning_rate_init': 0.0060095094874339, 'tol': 2.3966176931382994e-05, 'validation_fraction': 0.8317054620850709}
observation time 0.000006, current best 3028.083340 at iter 12
Failure in optimizer suggest. Falling back to random search.
name 'activ' is not defined
Traceback (most recent call last):
  File "/home/ryedida/.local/lib/python3.9/site-packages/bayesmark/experiment.py", line 126, in run_study
    next_points = optimizer.suggest(n_suggestions)
  File "/home/ryedida/bbo_challenge_starter_kit/example_submissions/smoothness/optimizer.py", line 105, in suggest
    betas = [self._get_smoothness_reg(guess) for guess in guesses]
  File "/home/ryedida/bbo_challenge_starter_kit/example_submissions/smoothness/optimizer.py", line 105, in <listcomp>
    betas = [self._get_smoothness_reg(guess) for guess in guesses]
  File "/home/ryedida/bbo_challenge_starter_kit/example_submissions/smoothness/optimizer.py", line 48, in _get_smoothness_reg
    if activ > Kz:
NameError: name 'activ' is not defined
suggestion time taken 0.319506 iter 13 next_points [{'alpha': 1.419608486026319e-05, 'batch_size': 177, 'beta_1': 0.9857891512889665, 'beta_2': 0.9999705209233626, 'epsilon': 7.114314099401462e-07, 'hidden_layer_sizes': 56, 'learning_rate_init': 0.00015549385038249306, 'tol': 0.008479772021309078, 'validation_fraction': 0.6174256152932642}]
/home/ryedida/.local/lib/python3.9/site-packages/sklearn/neural_network/_multilayer_perceptron.py:605: UserWarning: Got `batch_size` less than 1 or larger than sample size. It is going to be clipped
  warnings.warn(

function_evaluation time 0.045232 value 29143.134811 suggestion {'alpha': 1.419608486026319e-05, 'batch_size': 177, 'beta_1': 0.9857891512889665, 'beta_2': 0.9999705209233626, 'epsilon': 7.114314099401462e-07, 'hidden_layer_sizes': 56, 'learning_rate_init': 0.00015549385038249306, 'tol': 0.008479772021309078, 'validation_fraction': 0.6174256152932642}
observation time 0.000005, current best 3028.083340 at iter 13
Failure in optimizer suggest. Falling back to random search.
name 'activ' is not defined
Traceback (most recent call last):
  File "/home/ryedida/.local/lib/python3.9/site-packages/bayesmark/experiment.py", line 126, in run_study
    next_points = optimizer.suggest(n_suggestions)
  File "/home/ryedida/bbo_challenge_starter_kit/example_submissions/smoothness/optimizer.py", line 105, in suggest
    betas = [self._get_smoothness_reg(guess) for guess in guesses]
  File "/home/ryedida/bbo_challenge_starter_kit/example_submissions/smoothness/optimizer.py", line 105, in <listcomp>
    betas = [self._get_smoothness_reg(guess) for guess in guesses]
  File "/home/ryedida/bbo_challenge_starter_kit/example_submissions/smoothness/optimizer.py", line 48, in _get_smoothness_reg
    if activ > Kz:
NameError: name 'activ' is not defined
suggestion time taken 0.324638 iter 14 next_points [{'alpha': 1.1277979564990599e-05, 'batch_size': 241, 'beta_1': 0.9802231884266182, 'beta_2': 0.9996438872448198, 'epsilon': 1.2798928902428245e-09, 'hidden_layer_sizes': 147, 'learning_rate_init': 3.4134774369027054e-05, 'tol': 0.0013952482252312087, 'validation_fraction': 0.896449706481879}]
/home/ryedida/.local/lib/python3.9/site-packages/sklearn/neural_network/_multilayer_perceptron.py:605: UserWarning: Got `batch_size` less than 1 or larger than sample size. It is going to be clipped
  warnings.warn(

function_evaluation time 0.053234 value 29091.734822 suggestion {'alpha': 1.1277979564990599e-05, 'batch_size': 241, 'beta_1': 0.9802231884266182, 'beta_2': 0.9996438872448198, 'epsilon': 1.2798928902428245e-09, 'hidden_layer_sizes': 147, 'learning_rate_init': 3.4134774369027054e-05, 'tol': 0.0013952482252312087, 'validation_fraction': 0.896449706481879}
observation time 0.000005, current best 3028.083340 at iter 14
saving meta data: {'args': {'--uuid': 'd5b6efdc22da5f0daa5f8655b3628d59', '-db-root': '/home/ryedida/bbo_challenge_starter_kit/output', '--opt-root': '/home/ryedida/bbo_challenge_starter_kit/example_submissions', '--data-root': None, '--db': 'run_20230425_034200', '--opt': 'smoothness', '--data': 'diabetes', '--classifier': 'MLP-adam', '--metric': 'mse', '--calls': 15, '--suggestions': 1, '--jobs-file': None, '--verbose': False, 'dry_run': False, 'rev': 'a376313', 'opt_rev': 'x.x.x'}, 'signature': ([{'alpha': 0.019628224813442792, 'batch_size': 182, 'beta_1': 0.9410202200271762, 'beta_2': 0.9998021557676793, 'epsilon': 1.8662266976518e-08, 'hidden_layer_sizes': 147, 'learning_rate_init': 0.0005627932047415167, 'tol': 0.03690557729213761, 'validation_fraction': 0.8846827852548593}, {'alpha': 0.0019982467392329444, 'batch_size': 200, 'beta_1': 0.919111482530466, 'beta_2': 0.9998488260436156, 'epsilon': 5.981221901152555e-07, 'hidden_layer_sizes': 61, 'learning_rate_init': 2.2310905607443014e-05, 'tol': 1.2046852412030316e-05, 'validation_fraction': 0.8117896445826539}, {'alpha': 0.46659545670218433, 'batch_size': 219, 'beta_1': 0.9889789783750891, 'beta_2': 0.9999896868093284, 'epsilon': 2.4234724484675948e-08, 'hidden_layer_sizes': 167, 'learning_rate_init': 2.972334644335654e-05, 'tol': 0.0036281404040243792, 'validation_fraction': 0.17260651658522078}, {'alpha': 4.656005689076002, 'batch_size': 135, 'beta_1': 0.870503881627747, 'beta_2': 0.9948873266941017, 'epsilon': 2.1023308743480125e-07, 'hidden_layer_sizes': 118, 'learning_rate_init': 0.0018781738757161913, 'tol': 1.1889379831773004e-05, 'validation_fraction': 0.6264327093752792}, {'alpha': 0.04705159350400542, 'batch_size': 158, 'beta_1': 0.9870884262730957, 'beta_2': 0.9999596874382349, 'epsilon': 1.1981845126013875e-08, 'hidden_layer_sizes': 116, 'learning_rate_init': 0.00617340520407431, 'tol': 1.741413418158619e-05, 'validation_fraction': 0.6754299026638921}], [29083.993548572587, 29062.423277324073, 29075.78987471409, 24626.32866834337, 9584.226858493177])}
saving results
saving timing
saving suggest log
done
