running: {'--uuid': 'd9560579fd325144b9a45212d1162c77', '-db-root': '/home/ryedida/bbo_challenge_starter_kit/output', '--opt-root': '/home/ryedida/bbo_challenge_starter_kit/example_submissions', '--data-root': None, '--db': 'run_20230425_034200', '--opt': 'smoothness', '--data': 'diabetes', '--classifier': 'MLP-adam', '--metric': 'mse', '--calls': 15, '--suggestions': 1, '--jobs-file': None, '--verbose': False, 'dry_run': False, 'rev': 'a376313', 'opt_rev': 'x.x.x'}
cmd: python smoothness/optimizer.py -c MLP-adam -d diabetes -o smoothness -u d9560579fd325144b9a45212d1162c77 -m mse -n 15 -p 1 -dir /home/ryedida/bbo_challenge_starter_kit/output -b run_20230425_034200
/home/ryedida/.local/lib/python3.9/site-packages/sklearn/neural_network/_multilayer_perceptron.py:605: UserWarning: Got `batch_size` less than 1 or larger than sample size. It is going to be clipped
  warnings.warn(

/home/ryedida/.local/lib/python3.9/site-packages/sklearn/neural_network/_multilayer_perceptron.py:605: UserWarning: Got `batch_size` less than 1 or larger than sample size. It is going to be clipped
  warnings.warn(

/home/ryedida/.local/lib/python3.9/site-packages/sklearn/neural_network/_multilayer_perceptron.py:605: UserWarning: Got `batch_size` less than 1 or larger than sample size. It is going to be clipped
  warnings.warn(

/home/ryedida/.local/lib/python3.9/site-packages/sklearn/neural_network/_multilayer_perceptron.py:686: ConvergenceWarning: Stochastic Optimizer: Maximum iterations (200) reached and the optimization hasn't converged yet.
  warnings.warn(

/home/ryedida/.local/lib/python3.9/site-packages/sklearn/neural_network/_multilayer_perceptron.py:605: UserWarning: Got `batch_size` less than 1 or larger than sample size. It is going to be clipped
  warnings.warn(

/home/ryedida/.local/lib/python3.9/site-packages/sklearn/neural_network/_multilayer_perceptron.py:686: ConvergenceWarning: Stochastic Optimizer: Maximum iterations (200) reached and the optimization hasn't converged yet.
  warnings.warn(

computed signature: ([{'alpha': 0.019628224813442792, 'batch_size': 182, 'beta_1': 0.9410202200271762, 'beta_2': 0.9998021557676793, 'epsilon': 1.8662266976518e-08, 'hidden_layer_sizes': 147, 'learning_rate_init': 0.0005627932047415167, 'tol': 0.03690557729213761, 'validation_fraction': 0.8846827852548593}, {'alpha': 0.0019982467392329444, 'batch_size': 200, 'beta_1': 0.919111482530466, 'beta_2': 0.9998488260436156, 'epsilon': 5.981221901152555e-07, 'hidden_layer_sizes': 61, 'learning_rate_init': 2.2310905607443014e-05, 'tol': 1.2046852412030316e-05, 'validation_fraction': 0.8117896445826539}, {'alpha': 0.46659545670218433, 'batch_size': 219, 'beta_1': 0.9889789783750891, 'beta_2': 0.9999896868093284, 'epsilon': 2.4234724484675948e-08, 'hidden_layer_sizes': 167, 'learning_rate_init': 2.972334644335654e-05, 'tol': 0.0036281404040243792, 'validation_fraction': 0.17260651658522078}, {'alpha': 4.656005689076002, 'batch_size': 135, 'beta_1': 0.870503881627747, 'beta_2': 0.9948873266941017, 'epsilon': 2.1023308743480125e-07, 'hidden_layer_sizes': 118, 'learning_rate_init': 0.0018781738757161913, 'tol': 1.1889379831773004e-05, 'validation_fraction': 0.6264327093752792}, {'alpha': 0.04705159350400542, 'batch_size': 158, 'beta_1': 0.9870884262730957, 'beta_2': 0.9999596874382349, 'epsilon': 1.1981845126013875e-08, 'hidden_layer_sizes': 116, 'learning_rate_init': 0.00617340520407431, 'tol': 1.741413418158619e-05, 'validation_fraction': 0.6754299026638921}], [29083.993548572587, 29062.423277324073, 29075.78987471409, 24626.32866834337, 9584.226858493177])
Signature errors:
                              0         1         2         3         4       max
MLP-adam_diabetes_mse  0.000007  0.000008  0.000003  0.003558  0.004952  0.004952
max                    0.000007  0.000008  0.000003  0.003558  0.004952  0.004952
starting sklearn study smoothness MLP-adam diabetes mse 15 1
with data root: None
Failure in optimizer suggest. Falling back to random search.
name 'activ' is not defined
Traceback (most recent call last):
  File "/home/ryedida/.local/lib/python3.9/site-packages/bayesmark/experiment.py", line 126, in run_study
    next_points = optimizer.suggest(n_suggestions)
  File "/home/ryedida/bbo_challenge_starter_kit/example_submissions/smoothness/optimizer.py", line 105, in suggest
    betas = [self._get_smoothness_reg(guess) for guess in guesses]
  File "/home/ryedida/bbo_challenge_starter_kit/example_submissions/smoothness/optimizer.py", line 105, in <listcomp>
    betas = [self._get_smoothness_reg(guess) for guess in guesses]
  File "/home/ryedida/bbo_challenge_starter_kit/example_submissions/smoothness/optimizer.py", line 48, in _get_smoothness_reg
    if activ > Kz:
NameError: name 'activ' is not defined
suggestion time taken 0.493722 iter 0 next_points [{'alpha': 9.68528558822069e-05, 'batch_size': 227, 'beta_1': 0.9833373889801542, 'beta_2': 0.9579983112184774, 'epsilon': 8.895148533435713e-09, 'hidden_layer_sizes': 114, 'learning_rate_init': 0.006508097740049156, 'tol': 0.0008842904170719042, 'validation_fraction': 0.17373530106749085}]
function_evaluation time 0.965463 value 4666.346865 suggestion {'alpha': 9.68528558822069e-05, 'batch_size': 227, 'beta_1': 0.9833373889801542, 'beta_2': 0.9579983112184774, 'epsilon': 8.895148533435713e-09, 'hidden_layer_sizes': 114, 'learning_rate_init': 0.006508097740049156, 'tol': 0.0008842904170719042, 'validation_fraction': 0.17373530106749085}
observation time 0.000006, current best 4666.346865 at iter 0
Failure in optimizer suggest. Falling back to random search.
name 'activ' is not defined
Traceback (most recent call last):
  File "/home/ryedida/.local/lib/python3.9/site-packages/bayesmark/experiment.py", line 126, in run_study
    next_points = optimizer.suggest(n_suggestions)
  File "/home/ryedida/bbo_challenge_starter_kit/example_submissions/smoothness/optimizer.py", line 105, in suggest
    betas = [self._get_smoothness_reg(guess) for guess in guesses]
  File "/home/ryedida/bbo_challenge_starter_kit/example_submissions/smoothness/optimizer.py", line 105, in <listcomp>
    betas = [self._get_smoothness_reg(guess) for guess in guesses]
  File "/home/ryedida/bbo_challenge_starter_kit/example_submissions/smoothness/optimizer.py", line 48, in _get_smoothness_reg
    if activ > Kz:
NameError: name 'activ' is not defined
suggestion time taken 0.327345 iter 1 next_points [{'alpha': 0.03162086960756881, 'batch_size': 149, 'beta_1': 0.9394429923993775, 'beta_2': 0.9765456813666779, 'epsilon': 9.422131006727928e-08, 'hidden_layer_sizes': 144, 'learning_rate_init': 1.1015111166283573e-05, 'tol': 0.012607290331989629, 'validation_fraction': 0.28185003853852864}]
function_evaluation time 0.082916 value 29152.498722 suggestion {'alpha': 0.03162086960756881, 'batch_size': 149, 'beta_1': 0.9394429923993775, 'beta_2': 0.9765456813666779, 'epsilon': 9.422131006727928e-08, 'hidden_layer_sizes': 144, 'learning_rate_init': 1.1015111166283573e-05, 'tol': 0.012607290331989629, 'validation_fraction': 0.28185003853852864}
observation time 0.000005, current best 4666.346865 at iter 1
Failure in optimizer suggest. Falling back to random search.
name 'activ' is not defined
Traceback (most recent call last):
  File "/home/ryedida/.local/lib/python3.9/site-packages/bayesmark/experiment.py", line 126, in run_study
    next_points = optimizer.suggest(n_suggestions)
  File "/home/ryedida/bbo_challenge_starter_kit/example_submissions/smoothness/optimizer.py", line 105, in suggest
    betas = [self._get_smoothness_reg(guess) for guess in guesses]
  File "/home/ryedida/bbo_challenge_starter_kit/example_submissions/smoothness/optimizer.py", line 105, in <listcomp>
    betas = [self._get_smoothness_reg(guess) for guess in guesses]
  File "/home/ryedida/bbo_challenge_starter_kit/example_submissions/smoothness/optimizer.py", line 48, in _get_smoothness_reg
    if activ > Kz:
NameError: name 'activ' is not defined
suggestion time taken 0.328391 iter 2 next_points [{'alpha': 0.00010707963332177933, 'batch_size': 232, 'beta_1': 0.5863596805462462, 'beta_2': 0.9999910217873289, 'epsilon': 4.970606948433147e-09, 'hidden_layer_sizes': 185, 'learning_rate_init': 0.04337491224389705, 'tol': 0.0027451476320701413, 'validation_fraction': 0.8586491781502226}]
/home/ryedida/.local/lib/python3.9/site-packages/sklearn/neural_network/_multilayer_perceptron.py:605: UserWarning: Got `batch_size` less than 1 or larger than sample size. It is going to be clipped
  warnings.warn(

function_evaluation time 0.223580 value 3196.352221 suggestion {'alpha': 0.00010707963332177933, 'batch_size': 232, 'beta_1': 0.5863596805462462, 'beta_2': 0.9999910217873289, 'epsilon': 4.970606948433147e-09, 'hidden_layer_sizes': 185, 'learning_rate_init': 0.04337491224389705, 'tol': 0.0027451476320701413, 'validation_fraction': 0.8586491781502226}
observation time 0.000007, current best 3196.352221 at iter 2
Failure in optimizer suggest. Falling back to random search.
name 'activ' is not defined
Traceback (most recent call last):
  File "/home/ryedida/.local/lib/python3.9/site-packages/bayesmark/experiment.py", line 126, in run_study
    next_points = optimizer.suggest(n_suggestions)
  File "/home/ryedida/bbo_challenge_starter_kit/example_submissions/smoothness/optimizer.py", line 105, in suggest
    betas = [self._get_smoothness_reg(guess) for guess in guesses]
  File "/home/ryedida/bbo_challenge_starter_kit/example_submissions/smoothness/optimizer.py", line 105, in <listcomp>
    betas = [self._get_smoothness_reg(guess) for guess in guesses]
  File "/home/ryedida/bbo_challenge_starter_kit/example_submissions/smoothness/optimizer.py", line 48, in _get_smoothness_reg
    if activ > Kz:
NameError: name 'activ' is not defined
suggestion time taken 0.337608 iter 3 next_points [{'alpha': 0.018750697593235947, 'batch_size': 107, 'beta_1': 0.7035964120267293, 'beta_2': 0.9999745827803568, 'epsilon': 2.861676923287179e-07, 'hidden_layer_sizes': 107, 'learning_rate_init': 0.03605552472873262, 'tol': 0.0016168534696994665, 'validation_fraction': 0.1157282270256944}]
function_evaluation time 0.413080 value 2960.370922 suggestion {'alpha': 0.018750697593235947, 'batch_size': 107, 'beta_1': 0.7035964120267293, 'beta_2': 0.9999745827803568, 'epsilon': 2.861676923287179e-07, 'hidden_layer_sizes': 107, 'learning_rate_init': 0.03605552472873262, 'tol': 0.0016168534696994665, 'validation_fraction': 0.1157282270256944}
observation time 0.000005, current best 2960.370922 at iter 3
Failure in optimizer suggest. Falling back to random search.
name 'activ' is not defined
Traceback (most recent call last):
  File "/home/ryedida/.local/lib/python3.9/site-packages/bayesmark/experiment.py", line 126, in run_study
    next_points = optimizer.suggest(n_suggestions)
  File "/home/ryedida/bbo_challenge_starter_kit/example_submissions/smoothness/optimizer.py", line 105, in suggest
    betas = [self._get_smoothness_reg(guess) for guess in guesses]
  File "/home/ryedida/bbo_challenge_starter_kit/example_submissions/smoothness/optimizer.py", line 105, in <listcomp>
    betas = [self._get_smoothness_reg(guess) for guess in guesses]
  File "/home/ryedida/bbo_challenge_starter_kit/example_submissions/smoothness/optimizer.py", line 48, in _get_smoothness_reg
    if activ > Kz:
NameError: name 'activ' is not defined
suggestion time taken 0.333642 iter 4 next_points [{'alpha': 0.0419715350546523, 'batch_size': 100, 'beta_1': 0.9889582702353158, 'beta_2': 0.9998476589297332, 'epsilon': 8.790752202823657e-08, 'hidden_layer_sizes': 77, 'learning_rate_init': 0.0011367090929604179, 'tol': 7.202893609450177e-05, 'validation_fraction': 0.14046590334735543}]
/home/ryedida/.local/lib/python3.9/site-packages/sklearn/neural_network/_multilayer_perceptron.py:686: ConvergenceWarning: Stochastic Optimizer: Maximum iterations (200) reached and the optimization hasn't converged yet.
  warnings.warn(

function_evaluation time 0.800411 value 21591.278644 suggestion {'alpha': 0.0419715350546523, 'batch_size': 100, 'beta_1': 0.9889582702353158, 'beta_2': 0.9998476589297332, 'epsilon': 8.790752202823657e-08, 'hidden_layer_sizes': 77, 'learning_rate_init': 0.0011367090929604179, 'tol': 7.202893609450177e-05, 'validation_fraction': 0.14046590334735543}
observation time 0.000006, current best 2960.370922 at iter 4
Failure in optimizer suggest. Falling back to random search.
name 'activ' is not defined
Traceback (most recent call last):
  File "/home/ryedida/.local/lib/python3.9/site-packages/bayesmark/experiment.py", line 126, in run_study
    next_points = optimizer.suggest(n_suggestions)
  File "/home/ryedida/bbo_challenge_starter_kit/example_submissions/smoothness/optimizer.py", line 105, in suggest
    betas = [self._get_smoothness_reg(guess) for guess in guesses]
  File "/home/ryedida/bbo_challenge_starter_kit/example_submissions/smoothness/optimizer.py", line 105, in <listcomp>
    betas = [self._get_smoothness_reg(guess) for guess in guesses]
  File "/home/ryedida/bbo_challenge_starter_kit/example_submissions/smoothness/optimizer.py", line 48, in _get_smoothness_reg
    if activ > Kz:
NameError: name 'activ' is not defined
suggestion time taken 0.324451 iter 5 next_points [{'alpha': 4.6152075726975724e-05, 'batch_size': 174, 'beta_1': 0.5597216818556299, 'beta_2': 0.9999106812164554, 'epsilon': 1.4113643154070356e-07, 'hidden_layer_sizes': 152, 'learning_rate_init': 0.06303896322279653, 'tol': 0.0007148170099121976, 'validation_fraction': 0.7686705597620928}]
/home/ryedida/.local/lib/python3.9/site-packages/sklearn/neural_network/_multilayer_perceptron.py:605: UserWarning: Got `batch_size` less than 1 or larger than sample size. It is going to be clipped
  warnings.warn(

function_evaluation time 0.243054 value 3131.024172 suggestion {'alpha': 4.6152075726975724e-05, 'batch_size': 174, 'beta_1': 0.5597216818556299, 'beta_2': 0.9999106812164554, 'epsilon': 1.4113643154070356e-07, 'hidden_layer_sizes': 152, 'learning_rate_init': 0.06303896322279653, 'tol': 0.0007148170099121976, 'validation_fraction': 0.7686705597620928}
observation time 0.000006, current best 2960.370922 at iter 5
Failure in optimizer suggest. Falling back to random search.
name 'activ' is not defined
Traceback (most recent call last):
  File "/home/ryedida/.local/lib/python3.9/site-packages/bayesmark/experiment.py", line 126, in run_study
    next_points = optimizer.suggest(n_suggestions)
  File "/home/ryedida/bbo_challenge_starter_kit/example_submissions/smoothness/optimizer.py", line 105, in suggest
    betas = [self._get_smoothness_reg(guess) for guess in guesses]
  File "/home/ryedida/bbo_challenge_starter_kit/example_submissions/smoothness/optimizer.py", line 105, in <listcomp>
    betas = [self._get_smoothness_reg(guess) for guess in guesses]
  File "/home/ryedida/bbo_challenge_starter_kit/example_submissions/smoothness/optimizer.py", line 48, in _get_smoothness_reg
    if activ > Kz:
NameError: name 'activ' is not defined
suggestion time taken 0.329677 iter 6 next_points [{'alpha': 0.002841620680068879, 'batch_size': 42, 'beta_1': 0.9850707432192342, 'beta_2': 0.9999860683253512, 'epsilon': 5.914761402229e-07, 'hidden_layer_sizes': 147, 'learning_rate_init': 0.015974787573498364, 'tol': 0.0005129696772898844, 'validation_fraction': 0.7881653162885773}]
function_evaluation time 0.309578 value 4300.353409 suggestion {'alpha': 0.002841620680068879, 'batch_size': 42, 'beta_1': 0.9850707432192342, 'beta_2': 0.9999860683253512, 'epsilon': 5.914761402229e-07, 'hidden_layer_sizes': 147, 'learning_rate_init': 0.015974787573498364, 'tol': 0.0005129696772898844, 'validation_fraction': 0.7881653162885773}
observation time 0.000005, current best 2960.370922 at iter 6
Failure in optimizer suggest. Falling back to random search.
name 'activ' is not defined
Traceback (most recent call last):
  File "/home/ryedida/.local/lib/python3.9/site-packages/bayesmark/experiment.py", line 126, in run_study
    next_points = optimizer.suggest(n_suggestions)
  File "/home/ryedida/bbo_challenge_starter_kit/example_submissions/smoothness/optimizer.py", line 105, in suggest
    betas = [self._get_smoothness_reg(guess) for guess in guesses]
  File "/home/ryedida/bbo_challenge_starter_kit/example_submissions/smoothness/optimizer.py", line 105, in <listcomp>
    betas = [self._get_smoothness_reg(guess) for guess in guesses]
  File "/home/ryedida/bbo_challenge_starter_kit/example_submissions/smoothness/optimizer.py", line 48, in _get_smoothness_reg
    if activ > Kz:
NameError: name 'activ' is not defined
suggestion time taken 0.460358 iter 7 next_points [{'alpha': 0.0012593047333732306, 'batch_size': 207, 'beta_1': 0.9786407361328088, 'beta_2': 0.9999888779997707, 'epsilon': 4.292821159243214e-07, 'hidden_layer_sizes': 187, 'learning_rate_init': 0.00015926172293395793, 'tol': 0.000596373309156269, 'validation_fraction': 0.10341770717489615}]
function_evaluation time 0.097623 value 29109.857396 suggestion {'alpha': 0.0012593047333732306, 'batch_size': 207, 'beta_1': 0.9786407361328088, 'beta_2': 0.9999888779997707, 'epsilon': 4.292821159243214e-07, 'hidden_layer_sizes': 187, 'learning_rate_init': 0.00015926172293395793, 'tol': 0.000596373309156269, 'validation_fraction': 0.10341770717489615}
observation time 0.000006, current best 2960.370922 at iter 7
Failure in optimizer suggest. Falling back to random search.
name 'activ' is not defined
Traceback (most recent call last):
  File "/home/ryedida/.local/lib/python3.9/site-packages/bayesmark/experiment.py", line 126, in run_study
    next_points = optimizer.suggest(n_suggestions)
  File "/home/ryedida/bbo_challenge_starter_kit/example_submissions/smoothness/optimizer.py", line 105, in suggest
    betas = [self._get_smoothness_reg(guess) for guess in guesses]
  File "/home/ryedida/bbo_challenge_starter_kit/example_submissions/smoothness/optimizer.py", line 105, in <listcomp>
    betas = [self._get_smoothness_reg(guess) for guess in guesses]
  File "/home/ryedida/bbo_challenge_starter_kit/example_submissions/smoothness/optimizer.py", line 48, in _get_smoothness_reg
    if activ > Kz:
NameError: name 'activ' is not defined
suggestion time taken 0.323364 iter 8 next_points [{'alpha': 0.1649583705465122, 'batch_size': 92, 'beta_1': 0.9537738127434819, 'beta_2': 0.9999860432259239, 'epsilon': 2.5811700086089435e-09, 'hidden_layer_sizes': 130, 'learning_rate_init': 1.521012670000127e-05, 'tol': 3.412931228296212e-05, 'validation_fraction': 0.5669546064485356}]
function_evaluation time 0.071949 value 29123.678832 suggestion {'alpha': 0.1649583705465122, 'batch_size': 92, 'beta_1': 0.9537738127434819, 'beta_2': 0.9999860432259239, 'epsilon': 2.5811700086089435e-09, 'hidden_layer_sizes': 130, 'learning_rate_init': 1.521012670000127e-05, 'tol': 3.412931228296212e-05, 'validation_fraction': 0.5669546064485356}
observation time 0.000007, current best 2960.370922 at iter 8
Failure in optimizer suggest. Falling back to random search.
name 'activ' is not defined
Traceback (most recent call last):
  File "/home/ryedida/.local/lib/python3.9/site-packages/bayesmark/experiment.py", line 126, in run_study
    next_points = optimizer.suggest(n_suggestions)
  File "/home/ryedida/bbo_challenge_starter_kit/example_submissions/smoothness/optimizer.py", line 105, in suggest
    betas = [self._get_smoothness_reg(guess) for guess in guesses]
  File "/home/ryedida/bbo_challenge_starter_kit/example_submissions/smoothness/optimizer.py", line 105, in <listcomp>
    betas = [self._get_smoothness_reg(guess) for guess in guesses]
  File "/home/ryedida/bbo_challenge_starter_kit/example_submissions/smoothness/optimizer.py", line 48, in _get_smoothness_reg
    if activ > Kz:
NameError: name 'activ' is not defined
suggestion time taken 0.329879 iter 9 next_points [{'alpha': 0.0010256010505265486, 'batch_size': 34, 'beta_1': 0.9104804119268071, 'beta_2': 0.999996782929386, 'epsilon': 5.6691351107919444e-09, 'hidden_layer_sizes': 113, 'learning_rate_init': 0.025555099387976146, 'tol': 0.0002446399258802834, 'validation_fraction': 0.7463427702506995}]
function_evaluation time 0.525934 value 3241.173512 suggestion {'alpha': 0.0010256010505265486, 'batch_size': 34, 'beta_1': 0.9104804119268071, 'beta_2': 0.999996782929386, 'epsilon': 5.6691351107919444e-09, 'hidden_layer_sizes': 113, 'learning_rate_init': 0.025555099387976146, 'tol': 0.0002446399258802834, 'validation_fraction': 0.7463427702506995}
observation time 0.000006, current best 2960.370922 at iter 9
Failure in optimizer suggest. Falling back to random search.
name 'activ' is not defined
Traceback (most recent call last):
  File "/home/ryedida/.local/lib/python3.9/site-packages/bayesmark/experiment.py", line 126, in run_study
    next_points = optimizer.suggest(n_suggestions)
  File "/home/ryedida/bbo_challenge_starter_kit/example_submissions/smoothness/optimizer.py", line 105, in suggest
    betas = [self._get_smoothness_reg(guess) for guess in guesses]
  File "/home/ryedida/bbo_challenge_starter_kit/example_submissions/smoothness/optimizer.py", line 105, in <listcomp>
    betas = [self._get_smoothness_reg(guess) for guess in guesses]
  File "/home/ryedida/bbo_challenge_starter_kit/example_submissions/smoothness/optimizer.py", line 48, in _get_smoothness_reg
    if activ > Kz:
NameError: name 'activ' is not defined
suggestion time taken 0.332788 iter 10 next_points [{'alpha': 9.838394462691106, 'batch_size': 249, 'beta_1': 0.5424867235131673, 'beta_2': 0.9548262821207117, 'epsilon': 4.3744477737973076e-09, 'hidden_layer_sizes': 97, 'learning_rate_init': 0.03820929271420779, 'tol': 0.002222902270310309, 'validation_fraction': 0.14936316224557109}]
function_evaluation time 0.352678 value 3250.667491 suggestion {'alpha': 9.838394462691106, 'batch_size': 249, 'beta_1': 0.5424867235131673, 'beta_2': 0.9548262821207117, 'epsilon': 4.3744477737973076e-09, 'hidden_layer_sizes': 97, 'learning_rate_init': 0.03820929271420779, 'tol': 0.002222902270310309, 'validation_fraction': 0.14936316224557109}
observation time 0.000006, current best 2960.370922 at iter 10
Failure in optimizer suggest. Falling back to random search.
name 'activ' is not defined
Traceback (most recent call last):
  File "/home/ryedida/.local/lib/python3.9/site-packages/bayesmark/experiment.py", line 126, in run_study
    next_points = optimizer.suggest(n_suggestions)
  File "/home/ryedida/bbo_challenge_starter_kit/example_submissions/smoothness/optimizer.py", line 105, in suggest
    betas = [self._get_smoothness_reg(guess) for guess in guesses]
  File "/home/ryedida/bbo_challenge_starter_kit/example_submissions/smoothness/optimizer.py", line 105, in <listcomp>
    betas = [self._get_smoothness_reg(guess) for guess in guesses]
  File "/home/ryedida/bbo_challenge_starter_kit/example_submissions/smoothness/optimizer.py", line 48, in _get_smoothness_reg
    if activ > Kz:
NameError: name 'activ' is not defined
suggestion time taken 0.330015 iter 11 next_points [{'alpha': 0.3817902652141856, 'batch_size': 181, 'beta_1': 0.6510403997973347, 'beta_2': 0.9999938805677125, 'epsilon': 1.9286459988484037e-07, 'hidden_layer_sizes': 139, 'learning_rate_init': 5.251874593740371e-05, 'tol': 0.05575923459522501, 'validation_fraction': 0.8788084230702974}]
/home/ryedida/.local/lib/python3.9/site-packages/sklearn/neural_network/_multilayer_perceptron.py:605: UserWarning: Got `batch_size` less than 1 or larger than sample size. It is going to be clipped
  warnings.warn(

function_evaluation time 0.051387 value 29080.073228 suggestion {'alpha': 0.3817902652141856, 'batch_size': 181, 'beta_1': 0.6510403997973347, 'beta_2': 0.9999938805677125, 'epsilon': 1.9286459988484037e-07, 'hidden_layer_sizes': 139, 'learning_rate_init': 5.251874593740371e-05, 'tol': 0.05575923459522501, 'validation_fraction': 0.8788084230702974}
observation time 0.000006, current best 2960.370922 at iter 11
Failure in optimizer suggest. Falling back to random search.
name 'activ' is not defined
Traceback (most recent call last):
  File "/home/ryedida/.local/lib/python3.9/site-packages/bayesmark/experiment.py", line 126, in run_study
    next_points = optimizer.suggest(n_suggestions)
  File "/home/ryedida/bbo_challenge_starter_kit/example_submissions/smoothness/optimizer.py", line 105, in suggest
    betas = [self._get_smoothness_reg(guess) for guess in guesses]
  File "/home/ryedida/bbo_challenge_starter_kit/example_submissions/smoothness/optimizer.py", line 105, in <listcomp>
    betas = [self._get_smoothness_reg(guess) for guess in guesses]
  File "/home/ryedida/bbo_challenge_starter_kit/example_submissions/smoothness/optimizer.py", line 48, in _get_smoothness_reg
    if activ > Kz:
NameError: name 'activ' is not defined
suggestion time taken 0.320588 iter 12 next_points [{'alpha': 4.861831507809778, 'batch_size': 80, 'beta_1': 0.809952395784153, 'beta_2': 0.99336073034297, 'epsilon': 1.6903832897029322e-09, 'hidden_layer_sizes': 151, 'learning_rate_init': 0.0002987680245571945, 'tol': 0.0012631808203417173, 'validation_fraction': 0.11020681323729971}]
function_evaluation time 0.397818 value 28575.026173 suggestion {'alpha': 4.861831507809778, 'batch_size': 80, 'beta_1': 0.809952395784153, 'beta_2': 0.99336073034297, 'epsilon': 1.6903832897029322e-09, 'hidden_layer_sizes': 151, 'learning_rate_init': 0.0002987680245571945, 'tol': 0.0012631808203417173, 'validation_fraction': 0.11020681323729971}
observation time 0.000006, current best 2960.370922 at iter 12
Failure in optimizer suggest. Falling back to random search.
name 'activ' is not defined
Traceback (most recent call last):
  File "/home/ryedida/.local/lib/python3.9/site-packages/bayesmark/experiment.py", line 126, in run_study
    next_points = optimizer.suggest(n_suggestions)
  File "/home/ryedida/bbo_challenge_starter_kit/example_submissions/smoothness/optimizer.py", line 105, in suggest
    betas = [self._get_smoothness_reg(guess) for guess in guesses]
  File "/home/ryedida/bbo_challenge_starter_kit/example_submissions/smoothness/optimizer.py", line 105, in <listcomp>
    betas = [self._get_smoothness_reg(guess) for guess in guesses]
  File "/home/ryedida/bbo_challenge_starter_kit/example_submissions/smoothness/optimizer.py", line 48, in _get_smoothness_reg
    if activ > Kz:
NameError: name 'activ' is not defined
suggestion time taken 0.321651 iter 13 next_points [{'alpha': 7.544519403337934, 'batch_size': 93, 'beta_1': 0.6568758206782519, 'beta_2': 0.9942717773493017, 'epsilon': 4.4212610701351877e-07, 'hidden_layer_sizes': 197, 'learning_rate_init': 0.00013379445410777548, 'tol': 0.006381130624801398, 'validation_fraction': 0.5516633227535384}]
function_evaluation time 0.080975 value 29060.754749 suggestion {'alpha': 7.544519403337934, 'batch_size': 93, 'beta_1': 0.6568758206782519, 'beta_2': 0.9942717773493017, 'epsilon': 4.4212610701351877e-07, 'hidden_layer_sizes': 197, 'learning_rate_init': 0.00013379445410777548, 'tol': 0.006381130624801398, 'validation_fraction': 0.5516633227535384}
observation time 0.000006, current best 2960.370922 at iter 13
Failure in optimizer suggest. Falling back to random search.
name 'activ' is not defined
Traceback (most recent call last):
  File "/home/ryedida/.local/lib/python3.9/site-packages/bayesmark/experiment.py", line 126, in run_study
    next_points = optimizer.suggest(n_suggestions)
  File "/home/ryedida/bbo_challenge_starter_kit/example_submissions/smoothness/optimizer.py", line 105, in suggest
    betas = [self._get_smoothness_reg(guess) for guess in guesses]
  File "/home/ryedida/bbo_challenge_starter_kit/example_submissions/smoothness/optimizer.py", line 105, in <listcomp>
    betas = [self._get_smoothness_reg(guess) for guess in guesses]
  File "/home/ryedida/bbo_challenge_starter_kit/example_submissions/smoothness/optimizer.py", line 48, in _get_smoothness_reg
    if activ > Kz:
NameError: name 'activ' is not defined
suggestion time taken 0.323032 iter 14 next_points [{'alpha': 0.23013534661541607, 'batch_size': 210, 'beta_1': 0.9065828173945553, 'beta_2': 0.9998744240350205, 'epsilon': 8.162421062781115e-07, 'hidden_layer_sizes': 98, 'learning_rate_init': 1.6517395161676616e-05, 'tol': 0.01146140282998436, 'validation_fraction': 0.19842889666423935}]
function_evaluation time 0.073777 value 29105.800626 suggestion {'alpha': 0.23013534661541607, 'batch_size': 210, 'beta_1': 0.9065828173945553, 'beta_2': 0.9998744240350205, 'epsilon': 8.162421062781115e-07, 'hidden_layer_sizes': 98, 'learning_rate_init': 1.6517395161676616e-05, 'tol': 0.01146140282998436, 'validation_fraction': 0.19842889666423935}
observation time 0.000006, current best 2960.370922 at iter 14
saving meta data: {'args': {'--uuid': 'd9560579fd325144b9a45212d1162c77', '-db-root': '/home/ryedida/bbo_challenge_starter_kit/output', '--opt-root': '/home/ryedida/bbo_challenge_starter_kit/example_submissions', '--data-root': None, '--db': 'run_20230425_034200', '--opt': 'smoothness', '--data': 'diabetes', '--classifier': 'MLP-adam', '--metric': 'mse', '--calls': 15, '--suggestions': 1, '--jobs-file': None, '--verbose': False, 'dry_run': False, 'rev': 'a376313', 'opt_rev': 'x.x.x'}, 'signature': ([{'alpha': 0.019628224813442792, 'batch_size': 182, 'beta_1': 0.9410202200271762, 'beta_2': 0.9998021557676793, 'epsilon': 1.8662266976518e-08, 'hidden_layer_sizes': 147, 'learning_rate_init': 0.0005627932047415167, 'tol': 0.03690557729213761, 'validation_fraction': 0.8846827852548593}, {'alpha': 0.0019982467392329444, 'batch_size': 200, 'beta_1': 0.919111482530466, 'beta_2': 0.9998488260436156, 'epsilon': 5.981221901152555e-07, 'hidden_layer_sizes': 61, 'learning_rate_init': 2.2310905607443014e-05, 'tol': 1.2046852412030316e-05, 'validation_fraction': 0.8117896445826539}, {'alpha': 0.46659545670218433, 'batch_size': 219, 'beta_1': 0.9889789783750891, 'beta_2': 0.9999896868093284, 'epsilon': 2.4234724484675948e-08, 'hidden_layer_sizes': 167, 'learning_rate_init': 2.972334644335654e-05, 'tol': 0.0036281404040243792, 'validation_fraction': 0.17260651658522078}, {'alpha': 4.656005689076002, 'batch_size': 135, 'beta_1': 0.870503881627747, 'beta_2': 0.9948873266941017, 'epsilon': 2.1023308743480125e-07, 'hidden_layer_sizes': 118, 'learning_rate_init': 0.0018781738757161913, 'tol': 1.1889379831773004e-05, 'validation_fraction': 0.6264327093752792}, {'alpha': 0.04705159350400542, 'batch_size': 158, 'beta_1': 0.9870884262730957, 'beta_2': 0.9999596874382349, 'epsilon': 1.1981845126013875e-08, 'hidden_layer_sizes': 116, 'learning_rate_init': 0.00617340520407431, 'tol': 1.741413418158619e-05, 'validation_fraction': 0.6754299026638921}], [29083.993548572587, 29062.423277324073, 29075.78987471409, 24626.32866834337, 9584.226858493177])}
saving results
saving timing
saving suggest log
done
