running: {'--uuid': 'e99891d250e15c4883732cdda98a71f3', '-db-root': '/home/ryedida/bbo_challenge_starter_kit/output', '--opt-root': '/home/ryedida/bbo_challenge_starter_kit/example_submissions', '--data-root': None, '--db': 'run_20230425_034200', '--opt': 'smoothness', '--data': 'diabetes', '--classifier': 'MLP-adam', '--metric': 'mae', '--calls': 15, '--suggestions': 1, '--jobs-file': None, '--verbose': False, 'dry_run': False, 'rev': 'a376313', 'opt_rev': 'x.x.x'}
cmd: python smoothness/optimizer.py -c MLP-adam -d diabetes -o smoothness -u e99891d250e15c4883732cdda98a71f3 -m mae -n 15 -p 1 -dir /home/ryedida/bbo_challenge_starter_kit/output -b run_20230425_034200
/home/ryedida/.local/lib/python3.9/site-packages/sklearn/neural_network/_multilayer_perceptron.py:605: UserWarning: Got `batch_size` less than 1 or larger than sample size. It is going to be clipped
  warnings.warn(

/home/ryedida/.local/lib/python3.9/site-packages/sklearn/neural_network/_multilayer_perceptron.py:605: UserWarning: Got `batch_size` less than 1 or larger than sample size. It is going to be clipped
  warnings.warn(

/home/ryedida/.local/lib/python3.9/site-packages/sklearn/neural_network/_multilayer_perceptron.py:605: UserWarning: Got `batch_size` less than 1 or larger than sample size. It is going to be clipped
  warnings.warn(

/home/ryedida/.local/lib/python3.9/site-packages/sklearn/neural_network/_multilayer_perceptron.py:686: ConvergenceWarning: Stochastic Optimizer: Maximum iterations (200) reached and the optimization hasn't converged yet.
  warnings.warn(

/home/ryedida/.local/lib/python3.9/site-packages/sklearn/neural_network/_multilayer_perceptron.py:605: UserWarning: Got `batch_size` less than 1 or larger than sample size. It is going to be clipped
  warnings.warn(

/home/ryedida/.local/lib/python3.9/site-packages/sklearn/neural_network/_multilayer_perceptron.py:686: ConvergenceWarning: Stochastic Optimizer: Maximum iterations (200) reached and the optimization hasn't converged yet.
  warnings.warn(

computed signature: ([{'alpha': 0.019628224813442792, 'batch_size': 182, 'beta_1': 0.9410202200271762, 'beta_2': 0.9998021557676793, 'epsilon': 1.8662266976518e-08, 'hidden_layer_sizes': 147, 'learning_rate_init': 0.0005627932047415167, 'tol': 0.03690557729213761, 'validation_fraction': 0.8846827852548593}, {'alpha': 0.0019982467392329444, 'batch_size': 200, 'beta_1': 0.919111482530466, 'beta_2': 0.9998488260436156, 'epsilon': 5.981221901152555e-07, 'hidden_layer_sizes': 61, 'learning_rate_init': 2.2310905607443014e-05, 'tol': 1.2046852412030316e-05, 'validation_fraction': 0.8117896445826539}, {'alpha': 0.46659545670218433, 'batch_size': 219, 'beta_1': 0.9889789783750891, 'beta_2': 0.9999896868093284, 'epsilon': 2.4234724484675948e-08, 'hidden_layer_sizes': 167, 'learning_rate_init': 2.972334644335654e-05, 'tol': 0.0036281404040243792, 'validation_fraction': 0.17260651658522078}, {'alpha': 4.656005689076002, 'batch_size': 135, 'beta_1': 0.870503881627747, 'beta_2': 0.9948873266941017, 'epsilon': 2.1023308743480125e-07, 'hidden_layer_sizes': 118, 'learning_rate_init': 0.0018781738757161913, 'tol': 1.1889379831773004e-05, 'validation_fraction': 0.6264327093752792}, {'alpha': 0.04705159350400542, 'batch_size': 158, 'beta_1': 0.9870884262730957, 'beta_2': 0.9999596874382349, 'epsilon': 1.1981845126013875e-08, 'hidden_layer_sizes': 116, 'learning_rate_init': 0.00617340520407431, 'tol': 1.741413418158619e-05, 'validation_fraction': 0.6754299026638921}], [151.4971925380264, 151.42763539278994, 151.47026299046811, 136.86202504264318, 75.2055865763391])
Signature errors:
                                  0             1             2         3         4       max
MLP-adam_diabetes_mae  1.919244e-08  6.198704e-08  7.624578e-09  0.000007  0.000034  0.000034
max                    1.919244e-08  6.198704e-08  7.624578e-09  0.000007  0.000034  0.000034
starting sklearn study smoothness MLP-adam diabetes mae 15 1
with data root: None
Failure in optimizer suggest. Falling back to random search.
name 'activ' is not defined
Traceback (most recent call last):
  File "/home/ryedida/.local/lib/python3.9/site-packages/bayesmark/experiment.py", line 126, in run_study
    next_points = optimizer.suggest(n_suggestions)
  File "/home/ryedida/bbo_challenge_starter_kit/example_submissions/smoothness/optimizer.py", line 105, in suggest
    betas = [self._get_smoothness_reg(guess) for guess in guesses]
  File "/home/ryedida/bbo_challenge_starter_kit/example_submissions/smoothness/optimizer.py", line 105, in <listcomp>
    betas = [self._get_smoothness_reg(guess) for guess in guesses]
  File "/home/ryedida/bbo_challenge_starter_kit/example_submissions/smoothness/optimizer.py", line 48, in _get_smoothness_reg
    if activ > Kz:
NameError: name 'activ' is not defined
suggestion time taken 0.493446 iter 0 next_points [{'alpha': 0.3589729229399293, 'batch_size': 124, 'beta_1': 0.9639700884067992, 'beta_2': 0.9977394027874067, 'epsilon': 1.3659180571278446e-07, 'hidden_layer_sizes': 158, 'learning_rate_init': 0.000403388053346075, 'tol': 0.00035258328024377996, 'validation_fraction': 0.8869089279694581}]
/home/ryedida/.local/lib/python3.9/site-packages/sklearn/neural_network/_multilayer_perceptron.py:605: UserWarning: Got `batch_size` less than 1 or larger than sample size. It is going to be clipped
  warnings.warn(

function_evaluation time 0.283535 value 150.721447 suggestion {'alpha': 0.3589729229399293, 'batch_size': 124, 'beta_1': 0.9639700884067992, 'beta_2': 0.9977394027874067, 'epsilon': 1.3659180571278446e-07, 'hidden_layer_sizes': 158, 'learning_rate_init': 0.000403388053346075, 'tol': 0.00035258328024377996, 'validation_fraction': 0.8869089279694581}
observation time 0.000006, current best 150.721447 at iter 0
Failure in optimizer suggest. Falling back to random search.
name 'activ' is not defined
Traceback (most recent call last):
  File "/home/ryedida/.local/lib/python3.9/site-packages/bayesmark/experiment.py", line 126, in run_study
    next_points = optimizer.suggest(n_suggestions)
  File "/home/ryedida/bbo_challenge_starter_kit/example_submissions/smoothness/optimizer.py", line 105, in suggest
    betas = [self._get_smoothness_reg(guess) for guess in guesses]
  File "/home/ryedida/bbo_challenge_starter_kit/example_submissions/smoothness/optimizer.py", line 105, in <listcomp>
    betas = [self._get_smoothness_reg(guess) for guess in guesses]
  File "/home/ryedida/bbo_challenge_starter_kit/example_submissions/smoothness/optimizer.py", line 48, in _get_smoothness_reg
    if activ > Kz:
NameError: name 'activ' is not defined
suggestion time taken 0.331228 iter 1 next_points [{'alpha': 0.7309130220586064, 'batch_size': 200, 'beta_1': 0.8682514633688374, 'beta_2': 0.9610466763345583, 'epsilon': 1.6784154396620253e-07, 'hidden_layer_sizes': 107, 'learning_rate_init': 0.010321676332086548, 'tol': 0.000373887081289269, 'validation_fraction': 0.16618008717767582}]
function_evaluation time 0.961481 value 47.394253 suggestion {'alpha': 0.7309130220586064, 'batch_size': 200, 'beta_1': 0.8682514633688374, 'beta_2': 0.9610466763345583, 'epsilon': 1.6784154396620253e-07, 'hidden_layer_sizes': 107, 'learning_rate_init': 0.010321676332086548, 'tol': 0.000373887081289269, 'validation_fraction': 0.16618008717767582}
observation time 0.000005, current best 47.394253 at iter 1
Failure in optimizer suggest. Falling back to random search.
name 'activ' is not defined
Traceback (most recent call last):
  File "/home/ryedida/.local/lib/python3.9/site-packages/bayesmark/experiment.py", line 126, in run_study
    next_points = optimizer.suggest(n_suggestions)
  File "/home/ryedida/bbo_challenge_starter_kit/example_submissions/smoothness/optimizer.py", line 105, in suggest
    betas = [self._get_smoothness_reg(guess) for guess in guesses]
  File "/home/ryedida/bbo_challenge_starter_kit/example_submissions/smoothness/optimizer.py", line 105, in <listcomp>
    betas = [self._get_smoothness_reg(guess) for guess in guesses]
  File "/home/ryedida/bbo_challenge_starter_kit/example_submissions/smoothness/optimizer.py", line 48, in _get_smoothness_reg
    if activ > Kz:
NameError: name 'activ' is not defined
suggestion time taken 0.334367 iter 2 next_points [{'alpha': 4.437072734642202e-05, 'batch_size': 55, 'beta_1': 0.9444242917715738, 'beta_2': 0.9995384627498268, 'epsilon': 3.130084248698562e-08, 'hidden_layer_sizes': 66, 'learning_rate_init': 0.00018193025674705175, 'tol': 0.00024476292601494423, 'validation_fraction': 0.540359296432535}]
/home/ryedida/.local/lib/python3.9/site-packages/sklearn/neural_network/_multilayer_perceptron.py:686: ConvergenceWarning: Stochastic Optimizer: Maximum iterations (200) reached and the optimization hasn't converged yet.
  warnings.warn(

function_evaluation time 0.714550 value 150.745351 suggestion {'alpha': 4.437072734642202e-05, 'batch_size': 55, 'beta_1': 0.9444242917715738, 'beta_2': 0.9995384627498268, 'epsilon': 3.130084248698562e-08, 'hidden_layer_sizes': 66, 'learning_rate_init': 0.00018193025674705175, 'tol': 0.00024476292601494423, 'validation_fraction': 0.540359296432535}
observation time 0.000005, current best 47.394253 at iter 2
Failure in optimizer suggest. Falling back to random search.
name 'activ' is not defined
Traceback (most recent call last):
  File "/home/ryedida/.local/lib/python3.9/site-packages/bayesmark/experiment.py", line 126, in run_study
    next_points = optimizer.suggest(n_suggestions)
  File "/home/ryedida/bbo_challenge_starter_kit/example_submissions/smoothness/optimizer.py", line 105, in suggest
    betas = [self._get_smoothness_reg(guess) for guess in guesses]
  File "/home/ryedida/bbo_challenge_starter_kit/example_submissions/smoothness/optimizer.py", line 105, in <listcomp>
    betas = [self._get_smoothness_reg(guess) for guess in guesses]
  File "/home/ryedida/bbo_challenge_starter_kit/example_submissions/smoothness/optimizer.py", line 48, in _get_smoothness_reg
    if activ > Kz:
NameError: name 'activ' is not defined
suggestion time taken 0.331336 iter 3 next_points [{'alpha': 0.0016004830618544282, 'batch_size': 25, 'beta_1': 0.843352526186721, 'beta_2': 0.9999595624299839, 'epsilon': 4.6971508721314836e-08, 'hidden_layer_sizes': 173, 'learning_rate_init': 0.004145941639649073, 'tol': 0.035832206955760344, 'validation_fraction': 0.5128203585473222}]
function_evaluation time 0.507294 value 53.816510 suggestion {'alpha': 0.0016004830618544282, 'batch_size': 25, 'beta_1': 0.843352526186721, 'beta_2': 0.9999595624299839, 'epsilon': 4.6971508721314836e-08, 'hidden_layer_sizes': 173, 'learning_rate_init': 0.004145941639649073, 'tol': 0.035832206955760344, 'validation_fraction': 0.5128203585473222}
observation time 0.000005, current best 47.394253 at iter 3
Failure in optimizer suggest. Falling back to random search.
name 'activ' is not defined
Traceback (most recent call last):
  File "/home/ryedida/.local/lib/python3.9/site-packages/bayesmark/experiment.py", line 126, in run_study
    next_points = optimizer.suggest(n_suggestions)
  File "/home/ryedida/bbo_challenge_starter_kit/example_submissions/smoothness/optimizer.py", line 105, in suggest
    betas = [self._get_smoothness_reg(guess) for guess in guesses]
  File "/home/ryedida/bbo_challenge_starter_kit/example_submissions/smoothness/optimizer.py", line 105, in <listcomp>
    betas = [self._get_smoothness_reg(guess) for guess in guesses]
  File "/home/ryedida/bbo_challenge_starter_kit/example_submissions/smoothness/optimizer.py", line 48, in _get_smoothness_reg
    if activ > Kz:
NameError: name 'activ' is not defined
suggestion time taken 0.329405 iter 4 next_points [{'alpha': 0.0004834860185713198, 'batch_size': 96, 'beta_1': 0.9838032305755375, 'beta_2': 0.9999551983448017, 'epsilon': 9.956651012175585e-09, 'hidden_layer_sizes': 122, 'learning_rate_init': 0.0028661910883359463, 'tol': 0.02817935680407666, 'validation_fraction': 0.10979274215646997}]
function_evaluation time 0.094362 value 150.069520 suggestion {'alpha': 0.0004834860185713198, 'batch_size': 96, 'beta_1': 0.9838032305755375, 'beta_2': 0.9999551983448017, 'epsilon': 9.956651012175585e-09, 'hidden_layer_sizes': 122, 'learning_rate_init': 0.0028661910883359463, 'tol': 0.02817935680407666, 'validation_fraction': 0.10979274215646997}
observation time 0.000005, current best 47.394253 at iter 4
Failure in optimizer suggest. Falling back to random search.
name 'activ' is not defined
Traceback (most recent call last):
  File "/home/ryedida/.local/lib/python3.9/site-packages/bayesmark/experiment.py", line 126, in run_study
    next_points = optimizer.suggest(n_suggestions)
  File "/home/ryedida/bbo_challenge_starter_kit/example_submissions/smoothness/optimizer.py", line 105, in suggest
    betas = [self._get_smoothness_reg(guess) for guess in guesses]
  File "/home/ryedida/bbo_challenge_starter_kit/example_submissions/smoothness/optimizer.py", line 105, in <listcomp>
    betas = [self._get_smoothness_reg(guess) for guess in guesses]
  File "/home/ryedida/bbo_challenge_starter_kit/example_submissions/smoothness/optimizer.py", line 48, in _get_smoothness_reg
    if activ > Kz:
NameError: name 'activ' is not defined
suggestion time taken 0.337466 iter 5 next_points [{'alpha': 0.6941483163228283, 'batch_size': 15, 'beta_1': 0.8937428447897398, 'beta_2': 0.9999091114017249, 'epsilon': 2.821981008354263e-08, 'hidden_layer_sizes': 195, 'learning_rate_init': 0.0006518083495738645, 'tol': 0.047698505090000905, 'validation_fraction': 0.5348246297670386}]
function_evaluation time 0.183133 value 149.947722 suggestion {'alpha': 0.6941483163228283, 'batch_size': 15, 'beta_1': 0.8937428447897398, 'beta_2': 0.9999091114017249, 'epsilon': 2.821981008354263e-08, 'hidden_layer_sizes': 195, 'learning_rate_init': 0.0006518083495738645, 'tol': 0.047698505090000905, 'validation_fraction': 0.5348246297670386}
observation time 0.000005, current best 47.394253 at iter 5
Failure in optimizer suggest. Falling back to random search.
name 'activ' is not defined
Traceback (most recent call last):
  File "/home/ryedida/.local/lib/python3.9/site-packages/bayesmark/experiment.py", line 126, in run_study
    next_points = optimizer.suggest(n_suggestions)
  File "/home/ryedida/bbo_challenge_starter_kit/example_submissions/smoothness/optimizer.py", line 105, in suggest
    betas = [self._get_smoothness_reg(guess) for guess in guesses]
  File "/home/ryedida/bbo_challenge_starter_kit/example_submissions/smoothness/optimizer.py", line 105, in <listcomp>
    betas = [self._get_smoothness_reg(guess) for guess in guesses]
  File "/home/ryedida/bbo_challenge_starter_kit/example_submissions/smoothness/optimizer.py", line 48, in _get_smoothness_reg
    if activ > Kz:
NameError: name 'activ' is not defined
suggestion time taken 0.333024 iter 6 next_points [{'alpha': 1.7469925270194482, 'batch_size': 84, 'beta_1': 0.9169045438486787, 'beta_2': 0.9999107168661889, 'epsilon': 5.6799344496283685e-09, 'hidden_layer_sizes': 170, 'learning_rate_init': 6.0684336527888744e-05, 'tol': 0.016641476135884865, 'validation_fraction': 0.44425269327645905}]
function_evaluation time 0.084626 value 151.540127 suggestion {'alpha': 1.7469925270194482, 'batch_size': 84, 'beta_1': 0.9169045438486787, 'beta_2': 0.9999107168661889, 'epsilon': 5.6799344496283685e-09, 'hidden_layer_sizes': 170, 'learning_rate_init': 6.0684336527888744e-05, 'tol': 0.016641476135884865, 'validation_fraction': 0.44425269327645905}
observation time 0.000004, current best 47.394253 at iter 6
Failure in optimizer suggest. Falling back to random search.
name 'activ' is not defined
Traceback (most recent call last):
  File "/home/ryedida/.local/lib/python3.9/site-packages/bayesmark/experiment.py", line 126, in run_study
    next_points = optimizer.suggest(n_suggestions)
  File "/home/ryedida/bbo_challenge_starter_kit/example_submissions/smoothness/optimizer.py", line 105, in suggest
    betas = [self._get_smoothness_reg(guess) for guess in guesses]
  File "/home/ryedida/bbo_challenge_starter_kit/example_submissions/smoothness/optimizer.py", line 105, in <listcomp>
    betas = [self._get_smoothness_reg(guess) for guess in guesses]
  File "/home/ryedida/bbo_challenge_starter_kit/example_submissions/smoothness/optimizer.py", line 48, in _get_smoothness_reg
    if activ > Kz:
NameError: name 'activ' is not defined
suggestion time taken 0.472313 iter 7 next_points [{'alpha': 0.03503804410924985, 'batch_size': 62, 'beta_1': 0.9363187046468144, 'beta_2': 0.9999752507869477, 'epsilon': 7.372541255892196e-07, 'hidden_layer_sizes': 150, 'learning_rate_init': 0.00019055420596378634, 'tol': 0.002332025967202187, 'validation_fraction': 0.11627238328033644}]
function_evaluation time 0.128787 value 151.481522 suggestion {'alpha': 0.03503804410924985, 'batch_size': 62, 'beta_1': 0.9363187046468144, 'beta_2': 0.9999752507869477, 'epsilon': 7.372541255892196e-07, 'hidden_layer_sizes': 150, 'learning_rate_init': 0.00019055420596378634, 'tol': 0.002332025967202187, 'validation_fraction': 0.11627238328033644}
observation time 0.000005, current best 47.394253 at iter 7
Failure in optimizer suggest. Falling back to random search.
name 'activ' is not defined
Traceback (most recent call last):
  File "/home/ryedida/.local/lib/python3.9/site-packages/bayesmark/experiment.py", line 126, in run_study
    next_points = optimizer.suggest(n_suggestions)
  File "/home/ryedida/bbo_challenge_starter_kit/example_submissions/smoothness/optimizer.py", line 105, in suggest
    betas = [self._get_smoothness_reg(guess) for guess in guesses]
  File "/home/ryedida/bbo_challenge_starter_kit/example_submissions/smoothness/optimizer.py", line 105, in <listcomp>
    betas = [self._get_smoothness_reg(guess) for guess in guesses]
  File "/home/ryedida/bbo_challenge_starter_kit/example_submissions/smoothness/optimizer.py", line 48, in _get_smoothness_reg
    if activ > Kz:
NameError: name 'activ' is not defined
suggestion time taken 0.324440 iter 8 next_points [{'alpha': 0.0009035057618191111, 'batch_size': 45, 'beta_1': 0.902096207663626, 'beta_2': 0.9963011263458623, 'epsilon': 2.1254304968749203e-08, 'hidden_layer_sizes': 131, 'learning_rate_init': 0.000664355634940353, 'tol': 0.002867005857054824, 'validation_fraction': 0.1192860766271738}]
/home/ryedida/.local/lib/python3.9/site-packages/sklearn/neural_network/_multilayer_perceptron.py:686: ConvergenceWarning: Stochastic Optimizer: Maximum iterations (200) reached and the optimization hasn't converged yet.
  warnings.warn(

function_evaluation time 1.228876 value 100.475743 suggestion {'alpha': 0.0009035057618191111, 'batch_size': 45, 'beta_1': 0.902096207663626, 'beta_2': 0.9963011263458623, 'epsilon': 2.1254304968749203e-08, 'hidden_layer_sizes': 131, 'learning_rate_init': 0.000664355634940353, 'tol': 0.002867005857054824, 'validation_fraction': 0.1192860766271738}
observation time 0.000004, current best 47.394253 at iter 8
Failure in optimizer suggest. Falling back to random search.
name 'activ' is not defined
Traceback (most recent call last):
  File "/home/ryedida/.local/lib/python3.9/site-packages/bayesmark/experiment.py", line 126, in run_study
    next_points = optimizer.suggest(n_suggestions)
  File "/home/ryedida/bbo_challenge_starter_kit/example_submissions/smoothness/optimizer.py", line 105, in suggest
    betas = [self._get_smoothness_reg(guess) for guess in guesses]
  File "/home/ryedida/bbo_challenge_starter_kit/example_submissions/smoothness/optimizer.py", line 105, in <listcomp>
    betas = [self._get_smoothness_reg(guess) for guess in guesses]
  File "/home/ryedida/bbo_challenge_starter_kit/example_submissions/smoothness/optimizer.py", line 48, in _get_smoothness_reg
    if activ > Kz:
NameError: name 'activ' is not defined
suggestion time taken 0.340351 iter 9 next_points [{'alpha': 0.019117004484551756, 'batch_size': 176, 'beta_1': 0.7197790829661693, 'beta_2': 0.9878531788397927, 'epsilon': 2.2672499707903297e-07, 'hidden_layer_sizes': 59, 'learning_rate_init': 8.33847181134819e-05, 'tol': 0.0012511554580992837, 'validation_fraction': 0.4182343685395043}]
function_evaluation time 0.050361 value 151.609330 suggestion {'alpha': 0.019117004484551756, 'batch_size': 176, 'beta_1': 0.7197790829661693, 'beta_2': 0.9878531788397927, 'epsilon': 2.2672499707903297e-07, 'hidden_layer_sizes': 59, 'learning_rate_init': 8.33847181134819e-05, 'tol': 0.0012511554580992837, 'validation_fraction': 0.4182343685395043}
observation time 0.000005, current best 47.394253 at iter 9
Failure in optimizer suggest. Falling back to random search.
name 'activ' is not defined
Traceback (most recent call last):
  File "/home/ryedida/.local/lib/python3.9/site-packages/bayesmark/experiment.py", line 126, in run_study
    next_points = optimizer.suggest(n_suggestions)
  File "/home/ryedida/bbo_challenge_starter_kit/example_submissions/smoothness/optimizer.py", line 105, in suggest
    betas = [self._get_smoothness_reg(guess) for guess in guesses]
  File "/home/ryedida/bbo_challenge_starter_kit/example_submissions/smoothness/optimizer.py", line 105, in <listcomp>
    betas = [self._get_smoothness_reg(guess) for guess in guesses]
  File "/home/ryedida/bbo_challenge_starter_kit/example_submissions/smoothness/optimizer.py", line 48, in _get_smoothness_reg
    if activ > Kz:
NameError: name 'activ' is not defined
suggestion time taken 0.325959 iter 10 next_points [{'alpha': 0.19356664447078595, 'batch_size': 159, 'beta_1': 0.9307642210342024, 'beta_2': 0.900579539822039, 'epsilon': 2.1033179729271917e-07, 'hidden_layer_sizes': 194, 'learning_rate_init': 0.0002673953905725209, 'tol': 0.00045944060743668925, 'validation_fraction': 0.849755936737859}]
/home/ryedida/.local/lib/python3.9/site-packages/sklearn/neural_network/_multilayer_perceptron.py:605: UserWarning: Got `batch_size` less than 1 or larger than sample size. It is going to be clipped
  warnings.warn(

function_evaluation time 0.058482 value 151.665471 suggestion {'alpha': 0.19356664447078595, 'batch_size': 159, 'beta_1': 0.9307642210342024, 'beta_2': 0.900579539822039, 'epsilon': 2.1033179729271917e-07, 'hidden_layer_sizes': 194, 'learning_rate_init': 0.0002673953905725209, 'tol': 0.00045944060743668925, 'validation_fraction': 0.849755936737859}
observation time 0.000005, current best 47.394253 at iter 10
Failure in optimizer suggest. Falling back to random search.
name 'activ' is not defined
Traceback (most recent call last):
  File "/home/ryedida/.local/lib/python3.9/site-packages/bayesmark/experiment.py", line 126, in run_study
    next_points = optimizer.suggest(n_suggestions)
  File "/home/ryedida/bbo_challenge_starter_kit/example_submissions/smoothness/optimizer.py", line 105, in suggest
    betas = [self._get_smoothness_reg(guess) for guess in guesses]
  File "/home/ryedida/bbo_challenge_starter_kit/example_submissions/smoothness/optimizer.py", line 105, in <listcomp>
    betas = [self._get_smoothness_reg(guess) for guess in guesses]
  File "/home/ryedida/bbo_challenge_starter_kit/example_submissions/smoothness/optimizer.py", line 48, in _get_smoothness_reg
    if activ > Kz:
NameError: name 'activ' is not defined
suggestion time taken 0.323875 iter 11 next_points [{'alpha': 0.028129530357815284, 'batch_size': 93, 'beta_1': 0.7066138139379925, 'beta_2': 0.9440878258117695, 'epsilon': 2.6041336837109406e-07, 'hidden_layer_sizes': 96, 'learning_rate_init': 0.010412537790575067, 'tol': 0.0003678540078136579, 'validation_fraction': 0.3450351599633992}]
function_evaluation time 0.975941 value 45.137805 suggestion {'alpha': 0.028129530357815284, 'batch_size': 93, 'beta_1': 0.7066138139379925, 'beta_2': 0.9440878258117695, 'epsilon': 2.6041336837109406e-07, 'hidden_layer_sizes': 96, 'learning_rate_init': 0.010412537790575067, 'tol': 0.0003678540078136579, 'validation_fraction': 0.3450351599633992}
observation time 0.000006, current best 45.137805 at iter 11
Failure in optimizer suggest. Falling back to random search.
name 'activ' is not defined
Traceback (most recent call last):
  File "/home/ryedida/.local/lib/python3.9/site-packages/bayesmark/experiment.py", line 126, in run_study
    next_points = optimizer.suggest(n_suggestions)
  File "/home/ryedida/bbo_challenge_starter_kit/example_submissions/smoothness/optimizer.py", line 105, in suggest
    betas = [self._get_smoothness_reg(guess) for guess in guesses]
  File "/home/ryedida/bbo_challenge_starter_kit/example_submissions/smoothness/optimizer.py", line 105, in <listcomp>
    betas = [self._get_smoothness_reg(guess) for guess in guesses]
  File "/home/ryedida/bbo_challenge_starter_kit/example_submissions/smoothness/optimizer.py", line 48, in _get_smoothness_reg
    if activ > Kz:
NameError: name 'activ' is not defined
suggestion time taken 0.319565 iter 12 next_points [{'alpha': 5.376865774513379e-05, 'batch_size': 192, 'beta_1': 0.9896014410350492, 'beta_2': 0.9801751844416206, 'epsilon': 1.5033274535606997e-07, 'hidden_layer_sizes': 80, 'learning_rate_init': 0.00016865850414637024, 'tol': 0.0004132201770597675, 'validation_fraction': 0.23276505564004435}]
function_evaluation time 0.087517 value 151.698575 suggestion {'alpha': 5.376865774513379e-05, 'batch_size': 192, 'beta_1': 0.9896014410350492, 'beta_2': 0.9801751844416206, 'epsilon': 1.5033274535606997e-07, 'hidden_layer_sizes': 80, 'learning_rate_init': 0.00016865850414637024, 'tol': 0.0004132201770597675, 'validation_fraction': 0.23276505564004435}
observation time 0.000004, current best 45.137805 at iter 12
Failure in optimizer suggest. Falling back to random search.
name 'activ' is not defined
Traceback (most recent call last):
  File "/home/ryedida/.local/lib/python3.9/site-packages/bayesmark/experiment.py", line 126, in run_study
    next_points = optimizer.suggest(n_suggestions)
  File "/home/ryedida/bbo_challenge_starter_kit/example_submissions/smoothness/optimizer.py", line 105, in suggest
    betas = [self._get_smoothness_reg(guess) for guess in guesses]
  File "/home/ryedida/bbo_challenge_starter_kit/example_submissions/smoothness/optimizer.py", line 105, in <listcomp>
    betas = [self._get_smoothness_reg(guess) for guess in guesses]
  File "/home/ryedida/bbo_challenge_starter_kit/example_submissions/smoothness/optimizer.py", line 48, in _get_smoothness_reg
    if activ > Kz:
NameError: name 'activ' is not defined
suggestion time taken 0.317726 iter 13 next_points [{'alpha': 8.392379507940424, 'batch_size': 15, 'beta_1': 0.9812571342350535, 'beta_2': 0.9963177951907048, 'epsilon': 2.499058363911189e-09, 'hidden_layer_sizes': 53, 'learning_rate_init': 4.3762188686725734e-05, 'tol': 2.9723475944483636e-05, 'validation_fraction': 0.884613190527455}]
/home/ryedida/.local/lib/python3.9/site-packages/sklearn/neural_network/_multilayer_perceptron.py:686: ConvergenceWarning: Stochastic Optimizer: Maximum iterations (200) reached and the optimization hasn't converged yet.
  warnings.warn(

function_evaluation time 0.966589 value 151.443741 suggestion {'alpha': 8.392379507940424, 'batch_size': 15, 'beta_1': 0.9812571342350535, 'beta_2': 0.9963177951907048, 'epsilon': 2.499058363911189e-09, 'hidden_layer_sizes': 53, 'learning_rate_init': 4.3762188686725734e-05, 'tol': 2.9723475944483636e-05, 'validation_fraction': 0.884613190527455}
observation time 0.000004, current best 45.137805 at iter 13
Failure in optimizer suggest. Falling back to random search.
name 'activ' is not defined
Traceback (most recent call last):
  File "/home/ryedida/.local/lib/python3.9/site-packages/bayesmark/experiment.py", line 126, in run_study
    next_points = optimizer.suggest(n_suggestions)
  File "/home/ryedida/bbo_challenge_starter_kit/example_submissions/smoothness/optimizer.py", line 105, in suggest
    betas = [self._get_smoothness_reg(guess) for guess in guesses]
  File "/home/ryedida/bbo_challenge_starter_kit/example_submissions/smoothness/optimizer.py", line 105, in <listcomp>
    betas = [self._get_smoothness_reg(guess) for guess in guesses]
  File "/home/ryedida/bbo_challenge_starter_kit/example_submissions/smoothness/optimizer.py", line 48, in _get_smoothness_reg
    if activ > Kz:
NameError: name 'activ' is not defined
suggestion time taken 0.325420 iter 14 next_points [{'alpha': 0.0015299284177501154, 'batch_size': 19, 'beta_1': 0.7557362151885079, 'beta_2': 0.9999961559395727, 'epsilon': 6.304036941728958e-09, 'hidden_layer_sizes': 98, 'learning_rate_init': 6.540958219111166e-05, 'tol': 6.10477856363437e-05, 'validation_fraction': 0.45860387941345926}]
/home/ryedida/.local/lib/python3.9/site-packages/sklearn/neural_network/_multilayer_perceptron.py:686: ConvergenceWarning: Stochastic Optimizer: Maximum iterations (200) reached and the optimization hasn't converged yet.
  warnings.warn(

function_evaluation time 2.324682 value 149.839556 suggestion {'alpha': 0.0015299284177501154, 'batch_size': 19, 'beta_1': 0.7557362151885079, 'beta_2': 0.9999961559395727, 'epsilon': 6.304036941728958e-09, 'hidden_layer_sizes': 98, 'learning_rate_init': 6.540958219111166e-05, 'tol': 6.10477856363437e-05, 'validation_fraction': 0.45860387941345926}
observation time 0.000005, current best 45.137805 at iter 14
saving meta data: {'args': {'--uuid': 'e99891d250e15c4883732cdda98a71f3', '-db-root': '/home/ryedida/bbo_challenge_starter_kit/output', '--opt-root': '/home/ryedida/bbo_challenge_starter_kit/example_submissions', '--data-root': None, '--db': 'run_20230425_034200', '--opt': 'smoothness', '--data': 'diabetes', '--classifier': 'MLP-adam', '--metric': 'mae', '--calls': 15, '--suggestions': 1, '--jobs-file': None, '--verbose': False, 'dry_run': False, 'rev': 'a376313', 'opt_rev': 'x.x.x'}, 'signature': ([{'alpha': 0.019628224813442792, 'batch_size': 182, 'beta_1': 0.9410202200271762, 'beta_2': 0.9998021557676793, 'epsilon': 1.8662266976518e-08, 'hidden_layer_sizes': 147, 'learning_rate_init': 0.0005627932047415167, 'tol': 0.03690557729213761, 'validation_fraction': 0.8846827852548593}, {'alpha': 0.0019982467392329444, 'batch_size': 200, 'beta_1': 0.919111482530466, 'beta_2': 0.9998488260436156, 'epsilon': 5.981221901152555e-07, 'hidden_layer_sizes': 61, 'learning_rate_init': 2.2310905607443014e-05, 'tol': 1.2046852412030316e-05, 'validation_fraction': 0.8117896445826539}, {'alpha': 0.46659545670218433, 'batch_size': 219, 'beta_1': 0.9889789783750891, 'beta_2': 0.9999896868093284, 'epsilon': 2.4234724484675948e-08, 'hidden_layer_sizes': 167, 'learning_rate_init': 2.972334644335654e-05, 'tol': 0.0036281404040243792, 'validation_fraction': 0.17260651658522078}, {'alpha': 4.656005689076002, 'batch_size': 135, 'beta_1': 0.870503881627747, 'beta_2': 0.9948873266941017, 'epsilon': 2.1023308743480125e-07, 'hidden_layer_sizes': 118, 'learning_rate_init': 0.0018781738757161913, 'tol': 1.1889379831773004e-05, 'validation_fraction': 0.6264327093752792}, {'alpha': 0.04705159350400542, 'batch_size': 158, 'beta_1': 0.9870884262730957, 'beta_2': 0.9999596874382349, 'epsilon': 1.1981845126013875e-08, 'hidden_layer_sizes': 116, 'learning_rate_init': 0.00617340520407431, 'tol': 1.741413418158619e-05, 'validation_fraction': 0.6754299026638921}], [151.4971925380264, 151.42763539278994, 151.47026299046811, 136.86202504264318, 75.2055865763391])}
saving results
saving timing
saving suggest log
done
