running: {'--uuid': 'f663dfe8e0875cb0b2e58fabe807c82a', '-db-root': '/home/ryedida/bbo_challenge_starter_kit/output', '--opt-root': '/home/ryedida/bbo_challenge_starter_kit/example_submissions', '--data-root': None, '--db': 'run_20230425_034200', '--opt': 'smoothness', '--data': 'diabetes', '--classifier': 'MLP-adam', '--metric': 'mse', '--calls': 15, '--suggestions': 1, '--jobs-file': None, '--verbose': False, 'dry_run': False, 'rev': 'a376313', 'opt_rev': 'x.x.x'}
cmd: python smoothness/optimizer.py -c MLP-adam -d diabetes -o smoothness -u f663dfe8e0875cb0b2e58fabe807c82a -m mse -n 15 -p 1 -dir /home/ryedida/bbo_challenge_starter_kit/output -b run_20230425_034200
/home/ryedida/.local/lib/python3.9/site-packages/sklearn/neural_network/_multilayer_perceptron.py:605: UserWarning: Got `batch_size` less than 1 or larger than sample size. It is going to be clipped
  warnings.warn(

/home/ryedida/.local/lib/python3.9/site-packages/sklearn/neural_network/_multilayer_perceptron.py:605: UserWarning: Got `batch_size` less than 1 or larger than sample size. It is going to be clipped
  warnings.warn(

/home/ryedida/.local/lib/python3.9/site-packages/sklearn/neural_network/_multilayer_perceptron.py:605: UserWarning: Got `batch_size` less than 1 or larger than sample size. It is going to be clipped
  warnings.warn(

/home/ryedida/.local/lib/python3.9/site-packages/sklearn/neural_network/_multilayer_perceptron.py:686: ConvergenceWarning: Stochastic Optimizer: Maximum iterations (200) reached and the optimization hasn't converged yet.
  warnings.warn(

/home/ryedida/.local/lib/python3.9/site-packages/sklearn/neural_network/_multilayer_perceptron.py:605: UserWarning: Got `batch_size` less than 1 or larger than sample size. It is going to be clipped
  warnings.warn(

/home/ryedida/.local/lib/python3.9/site-packages/sklearn/neural_network/_multilayer_perceptron.py:686: ConvergenceWarning: Stochastic Optimizer: Maximum iterations (200) reached and the optimization hasn't converged yet.
  warnings.warn(

computed signature: ([{'alpha': 0.019628224813442792, 'batch_size': 182, 'beta_1': 0.9410202200271762, 'beta_2': 0.9998021557676793, 'epsilon': 1.8662266976518e-08, 'hidden_layer_sizes': 147, 'learning_rate_init': 0.0005627932047415167, 'tol': 0.03690557729213761, 'validation_fraction': 0.8846827852548593}, {'alpha': 0.0019982467392329444, 'batch_size': 200, 'beta_1': 0.919111482530466, 'beta_2': 0.9998488260436156, 'epsilon': 5.981221901152555e-07, 'hidden_layer_sizes': 61, 'learning_rate_init': 2.2310905607443014e-05, 'tol': 1.2046852412030316e-05, 'validation_fraction': 0.8117896445826539}, {'alpha': 0.46659545670218433, 'batch_size': 219, 'beta_1': 0.9889789783750891, 'beta_2': 0.9999896868093284, 'epsilon': 2.4234724484675948e-08, 'hidden_layer_sizes': 167, 'learning_rate_init': 2.972334644335654e-05, 'tol': 0.0036281404040243792, 'validation_fraction': 0.17260651658522078}, {'alpha': 4.656005689076002, 'batch_size': 135, 'beta_1': 0.870503881627747, 'beta_2': 0.9948873266941017, 'epsilon': 2.1023308743480125e-07, 'hidden_layer_sizes': 118, 'learning_rate_init': 0.0018781738757161913, 'tol': 1.1889379831773004e-05, 'validation_fraction': 0.6264327093752792}, {'alpha': 0.04705159350400542, 'batch_size': 158, 'beta_1': 0.9870884262730957, 'beta_2': 0.9999596874382349, 'epsilon': 1.1981845126013875e-08, 'hidden_layer_sizes': 116, 'learning_rate_init': 0.00617340520407431, 'tol': 1.741413418158619e-05, 'validation_fraction': 0.6754299026638921}], [29083.993548572587, 29062.423277324073, 29075.78987471409, 24626.32866834337, 9584.226858493177])
Signature errors:
                              0         1         2         3         4       max
MLP-adam_diabetes_mse  0.000007  0.000008  0.000003  0.003558  0.004952  0.004952
max                    0.000007  0.000008  0.000003  0.003558  0.004952  0.004952
starting sklearn study smoothness MLP-adam diabetes mse 15 1
with data root: None
Failure in optimizer suggest. Falling back to random search.
name 'activ' is not defined
Traceback (most recent call last):
  File "/home/ryedida/.local/lib/python3.9/site-packages/bayesmark/experiment.py", line 126, in run_study
    next_points = optimizer.suggest(n_suggestions)
  File "/home/ryedida/bbo_challenge_starter_kit/example_submissions/smoothness/optimizer.py", line 105, in suggest
    betas = [self._get_smoothness_reg(guess) for guess in guesses]
  File "/home/ryedida/bbo_challenge_starter_kit/example_submissions/smoothness/optimizer.py", line 105, in <listcomp>
    betas = [self._get_smoothness_reg(guess) for guess in guesses]
  File "/home/ryedida/bbo_challenge_starter_kit/example_submissions/smoothness/optimizer.py", line 48, in _get_smoothness_reg
    if activ > Kz:
NameError: name 'activ' is not defined
suggestion time taken 0.488784 iter 0 next_points [{'alpha': 0.9337023188777761, 'batch_size': 176, 'beta_1': 0.9679989993994024, 'beta_2': 0.9999529440483269, 'epsilon': 1.724178618222903e-09, 'hidden_layer_sizes': 91, 'learning_rate_init': 0.010414995357071374, 'tol': 0.0008682078811660221, 'validation_fraction': 0.36891366473850373}]
function_evaluation time 0.610996 value 4791.920386 suggestion {'alpha': 0.9337023188777761, 'batch_size': 176, 'beta_1': 0.9679989993994024, 'beta_2': 0.9999529440483269, 'epsilon': 1.724178618222903e-09, 'hidden_layer_sizes': 91, 'learning_rate_init': 0.010414995357071374, 'tol': 0.0008682078811660221, 'validation_fraction': 0.36891366473850373}
observation time 0.000007, current best 4791.920386 at iter 0
Failure in optimizer suggest. Falling back to random search.
name 'activ' is not defined
Traceback (most recent call last):
  File "/home/ryedida/.local/lib/python3.9/site-packages/bayesmark/experiment.py", line 126, in run_study
    next_points = optimizer.suggest(n_suggestions)
  File "/home/ryedida/bbo_challenge_starter_kit/example_submissions/smoothness/optimizer.py", line 105, in suggest
    betas = [self._get_smoothness_reg(guess) for guess in guesses]
  File "/home/ryedida/bbo_challenge_starter_kit/example_submissions/smoothness/optimizer.py", line 105, in <listcomp>
    betas = [self._get_smoothness_reg(guess) for guess in guesses]
  File "/home/ryedida/bbo_challenge_starter_kit/example_submissions/smoothness/optimizer.py", line 48, in _get_smoothness_reg
    if activ > Kz:
NameError: name 'activ' is not defined
suggestion time taken 0.338216 iter 1 next_points [{'alpha': 1.689124832544664, 'batch_size': 213, 'beta_1': 0.9604853073098151, 'beta_2': 0.9999446112112428, 'epsilon': 2.011367958712201e-08, 'hidden_layer_sizes': 162, 'learning_rate_init': 0.00020306966776341027, 'tol': 1.1598360020518568e-05, 'validation_fraction': 0.10195072241810973}]
/home/ryedida/.local/lib/python3.9/site-packages/sklearn/neural_network/_multilayer_perceptron.py:686: ConvergenceWarning: Stochastic Optimizer: Maximum iterations (200) reached and the optimization hasn't converged yet.
  warnings.warn(

function_evaluation time 1.336110 value 28534.547798 suggestion {'alpha': 1.689124832544664, 'batch_size': 213, 'beta_1': 0.9604853073098151, 'beta_2': 0.9999446112112428, 'epsilon': 2.011367958712201e-08, 'hidden_layer_sizes': 162, 'learning_rate_init': 0.00020306966776341027, 'tol': 1.1598360020518568e-05, 'validation_fraction': 0.10195072241810973}
observation time 0.000004, current best 4791.920386 at iter 1
Failure in optimizer suggest. Falling back to random search.
name 'activ' is not defined
Traceback (most recent call last):
  File "/home/ryedida/.local/lib/python3.9/site-packages/bayesmark/experiment.py", line 126, in run_study
    next_points = optimizer.suggest(n_suggestions)
  File "/home/ryedida/bbo_challenge_starter_kit/example_submissions/smoothness/optimizer.py", line 105, in suggest
    betas = [self._get_smoothness_reg(guess) for guess in guesses]
  File "/home/ryedida/bbo_challenge_starter_kit/example_submissions/smoothness/optimizer.py", line 105, in <listcomp>
    betas = [self._get_smoothness_reg(guess) for guess in guesses]
  File "/home/ryedida/bbo_challenge_starter_kit/example_submissions/smoothness/optimizer.py", line 48, in _get_smoothness_reg
    if activ > Kz:
NameError: name 'activ' is not defined
suggestion time taken 0.326268 iter 2 next_points [{'alpha': 0.0005064956121208752, 'batch_size': 246, 'beta_1': 0.9347328028036442, 'beta_2': 0.9973370321779753, 'epsilon': 3.201885744112298e-08, 'hidden_layer_sizes': 192, 'learning_rate_init': 0.00012181177274884903, 'tol': 0.00014532713860755187, 'validation_fraction': 0.1214856044030924}]
/home/ryedida/.local/lib/python3.9/site-packages/sklearn/neural_network/_multilayer_perceptron.py:686: ConvergenceWarning: Stochastic Optimizer: Maximum iterations (200) reached and the optimization hasn't converged yet.
  warnings.warn(

function_evaluation time 1.489326 value 28852.723420 suggestion {'alpha': 0.0005064956121208752, 'batch_size': 246, 'beta_1': 0.9347328028036442, 'beta_2': 0.9973370321779753, 'epsilon': 3.201885744112298e-08, 'hidden_layer_sizes': 192, 'learning_rate_init': 0.00012181177274884903, 'tol': 0.00014532713860755187, 'validation_fraction': 0.1214856044030924}
observation time 0.000005, current best 4791.920386 at iter 2
Failure in optimizer suggest. Falling back to random search.
name 'activ' is not defined
Traceback (most recent call last):
  File "/home/ryedida/.local/lib/python3.9/site-packages/bayesmark/experiment.py", line 126, in run_study
    next_points = optimizer.suggest(n_suggestions)
  File "/home/ryedida/bbo_challenge_starter_kit/example_submissions/smoothness/optimizer.py", line 105, in suggest
    betas = [self._get_smoothness_reg(guess) for guess in guesses]
  File "/home/ryedida/bbo_challenge_starter_kit/example_submissions/smoothness/optimizer.py", line 105, in <listcomp>
    betas = [self._get_smoothness_reg(guess) for guess in guesses]
  File "/home/ryedida/bbo_challenge_starter_kit/example_submissions/smoothness/optimizer.py", line 48, in _get_smoothness_reg
    if activ > Kz:
NameError: name 'activ' is not defined
suggestion time taken 0.331346 iter 3 next_points [{'alpha': 0.09000058250637134, 'batch_size': 243, 'beta_1': 0.8179879087102003, 'beta_2': 0.9832618830915972, 'epsilon': 7.240754272956163e-07, 'hidden_layer_sizes': 77, 'learning_rate_init': 0.00041473221905826346, 'tol': 0.0002999032442023117, 'validation_fraction': 0.47891869492952077}]
/home/ryedida/.local/lib/python3.9/site-packages/sklearn/neural_network/_multilayer_perceptron.py:605: UserWarning: Got `batch_size` less than 1 or larger than sample size. It is going to be clipped
  warnings.warn(

function_evaluation time 0.051852 value 29117.885034 suggestion {'alpha': 0.09000058250637134, 'batch_size': 243, 'beta_1': 0.8179879087102003, 'beta_2': 0.9832618830915972, 'epsilon': 7.240754272956163e-07, 'hidden_layer_sizes': 77, 'learning_rate_init': 0.00041473221905826346, 'tol': 0.0002999032442023117, 'validation_fraction': 0.47891869492952077}
observation time 0.000004, current best 4791.920386 at iter 3
Failure in optimizer suggest. Falling back to random search.
name 'activ' is not defined
Traceback (most recent call last):
  File "/home/ryedida/.local/lib/python3.9/site-packages/bayesmark/experiment.py", line 126, in run_study
    next_points = optimizer.suggest(n_suggestions)
  File "/home/ryedida/bbo_challenge_starter_kit/example_submissions/smoothness/optimizer.py", line 105, in suggest
    betas = [self._get_smoothness_reg(guess) for guess in guesses]
  File "/home/ryedida/bbo_challenge_starter_kit/example_submissions/smoothness/optimizer.py", line 105, in <listcomp>
    betas = [self._get_smoothness_reg(guess) for guess in guesses]
  File "/home/ryedida/bbo_challenge_starter_kit/example_submissions/smoothness/optimizer.py", line 48, in _get_smoothness_reg
    if activ > Kz:
NameError: name 'activ' is not defined
suggestion time taken 0.326728 iter 4 next_points [{'alpha': 0.09394067467071898, 'batch_size': 131, 'beta_1': 0.7757989040956556, 'beta_2': 0.9997804719037306, 'epsilon': 7.285054843078747e-08, 'hidden_layer_sizes': 71, 'learning_rate_init': 0.022553023040621806, 'tol': 0.027294057178964024, 'validation_fraction': 0.3424621824908568}]
function_evaluation time 0.222025 value 3821.796505 suggestion {'alpha': 0.09394067467071898, 'batch_size': 131, 'beta_1': 0.7757989040956556, 'beta_2': 0.9997804719037306, 'epsilon': 7.285054843078747e-08, 'hidden_layer_sizes': 71, 'learning_rate_init': 0.022553023040621806, 'tol': 0.027294057178964024, 'validation_fraction': 0.3424621824908568}
observation time 0.000005, current best 3821.796505 at iter 4
Failure in optimizer suggest. Falling back to random search.
name 'activ' is not defined
Traceback (most recent call last):
  File "/home/ryedida/.local/lib/python3.9/site-packages/bayesmark/experiment.py", line 126, in run_study
    next_points = optimizer.suggest(n_suggestions)
  File "/home/ryedida/bbo_challenge_starter_kit/example_submissions/smoothness/optimizer.py", line 105, in suggest
    betas = [self._get_smoothness_reg(guess) for guess in guesses]
  File "/home/ryedida/bbo_challenge_starter_kit/example_submissions/smoothness/optimizer.py", line 105, in <listcomp>
    betas = [self._get_smoothness_reg(guess) for guess in guesses]
  File "/home/ryedida/bbo_challenge_starter_kit/example_submissions/smoothness/optimizer.py", line 48, in _get_smoothness_reg
    if activ > Kz:
NameError: name 'activ' is not defined
suggestion time taken 0.324010 iter 5 next_points [{'alpha': 0.0032537697502476215, 'batch_size': 64, 'beta_1': 0.968273107816623, 'beta_2': 0.9937479801030866, 'epsilon': 3.2778111411773005e-09, 'hidden_layer_sizes': 115, 'learning_rate_init': 0.0008005348484078547, 'tol': 0.010454803724765493, 'validation_fraction': 0.37767332277920046}]
function_evaluation time 0.083509 value 28979.276396 suggestion {'alpha': 0.0032537697502476215, 'batch_size': 64, 'beta_1': 0.968273107816623, 'beta_2': 0.9937479801030866, 'epsilon': 3.2778111411773005e-09, 'hidden_layer_sizes': 115, 'learning_rate_init': 0.0008005348484078547, 'tol': 0.010454803724765493, 'validation_fraction': 0.37767332277920046}
observation time 0.000003, current best 3821.796505 at iter 5
Failure in optimizer suggest. Falling back to random search.
name 'activ' is not defined
Traceback (most recent call last):
  File "/home/ryedida/.local/lib/python3.9/site-packages/bayesmark/experiment.py", line 126, in run_study
    next_points = optimizer.suggest(n_suggestions)
  File "/home/ryedida/bbo_challenge_starter_kit/example_submissions/smoothness/optimizer.py", line 105, in suggest
    betas = [self._get_smoothness_reg(guess) for guess in guesses]
  File "/home/ryedida/bbo_challenge_starter_kit/example_submissions/smoothness/optimizer.py", line 105, in <listcomp>
    betas = [self._get_smoothness_reg(guess) for guess in guesses]
  File "/home/ryedida/bbo_challenge_starter_kit/example_submissions/smoothness/optimizer.py", line 48, in _get_smoothness_reg
    if activ > Kz:
NameError: name 'activ' is not defined
suggestion time taken 0.326972 iter 6 next_points [{'alpha': 2.471986305960431, 'batch_size': 125, 'beta_1': 0.9112623010546718, 'beta_2': 0.9289220327851779, 'epsilon': 2.5905201540948278e-08, 'hidden_layer_sizes': 161, 'learning_rate_init': 0.07648905061286664, 'tol': 0.005049273737339047, 'validation_fraction': 0.3666967303182783}]
function_evaluation time 0.284789 value 2988.601674 suggestion {'alpha': 2.471986305960431, 'batch_size': 125, 'beta_1': 0.9112623010546718, 'beta_2': 0.9289220327851779, 'epsilon': 2.5905201540948278e-08, 'hidden_layer_sizes': 161, 'learning_rate_init': 0.07648905061286664, 'tol': 0.005049273737339047, 'validation_fraction': 0.3666967303182783}
observation time 0.000005, current best 2988.601674 at iter 6
Failure in optimizer suggest. Falling back to random search.
name 'activ' is not defined
Traceback (most recent call last):
  File "/home/ryedida/.local/lib/python3.9/site-packages/bayesmark/experiment.py", line 126, in run_study
    next_points = optimizer.suggest(n_suggestions)
  File "/home/ryedida/bbo_challenge_starter_kit/example_submissions/smoothness/optimizer.py", line 105, in suggest
    betas = [self._get_smoothness_reg(guess) for guess in guesses]
  File "/home/ryedida/bbo_challenge_starter_kit/example_submissions/smoothness/optimizer.py", line 105, in <listcomp>
    betas = [self._get_smoothness_reg(guess) for guess in guesses]
  File "/home/ryedida/bbo_challenge_starter_kit/example_submissions/smoothness/optimizer.py", line 48, in _get_smoothness_reg
    if activ > Kz:
NameError: name 'activ' is not defined
suggestion time taken 0.453128 iter 7 next_points [{'alpha': 0.03429918677546879, 'batch_size': 223, 'beta_1': 0.8769118826233209, 'beta_2': 0.9947416382403521, 'epsilon': 6.130350133212482e-07, 'hidden_layer_sizes': 130, 'learning_rate_init': 6.19392930736408e-05, 'tol': 0.0009033487354023613, 'validation_fraction': 0.49150876082783024}]
/home/ryedida/.local/lib/python3.9/site-packages/sklearn/neural_network/_multilayer_perceptron.py:605: UserWarning: Got `batch_size` less than 1 or larger than sample size. It is going to be clipped
  warnings.warn(

function_evaluation time 0.060683 value 29144.754026 suggestion {'alpha': 0.03429918677546879, 'batch_size': 223, 'beta_1': 0.8769118826233209, 'beta_2': 0.9947416382403521, 'epsilon': 6.130350133212482e-07, 'hidden_layer_sizes': 130, 'learning_rate_init': 6.19392930736408e-05, 'tol': 0.0009033487354023613, 'validation_fraction': 0.49150876082783024}
observation time 0.000004, current best 2988.601674 at iter 7
Failure in optimizer suggest. Falling back to random search.
name 'activ' is not defined
Traceback (most recent call last):
  File "/home/ryedida/.local/lib/python3.9/site-packages/bayesmark/experiment.py", line 126, in run_study
    next_points = optimizer.suggest(n_suggestions)
  File "/home/ryedida/bbo_challenge_starter_kit/example_submissions/smoothness/optimizer.py", line 105, in suggest
    betas = [self._get_smoothness_reg(guess) for guess in guesses]
  File "/home/ryedida/bbo_challenge_starter_kit/example_submissions/smoothness/optimizer.py", line 105, in <listcomp>
    betas = [self._get_smoothness_reg(guess) for guess in guesses]
  File "/home/ryedida/bbo_challenge_starter_kit/example_submissions/smoothness/optimizer.py", line 48, in _get_smoothness_reg
    if activ > Kz:
NameError: name 'activ' is not defined
suggestion time taken 0.313955 iter 8 next_points [{'alpha': 1.2924423750833661e-05, 'batch_size': 236, 'beta_1': 0.9886489731978277, 'beta_2': 0.9959088866266069, 'epsilon': 1.3161903500326968e-07, 'hidden_layer_sizes': 73, 'learning_rate_init': 0.0005498233157589112, 'tol': 3.551904501901498e-05, 'validation_fraction': 0.12667098080871567}]
/home/ryedida/.local/lib/python3.9/site-packages/sklearn/neural_network/_multilayer_perceptron.py:686: ConvergenceWarning: Stochastic Optimizer: Maximum iterations (200) reached and the optimization hasn't converged yet.
  warnings.warn(

function_evaluation time 0.997173 value 27981.848002 suggestion {'alpha': 1.2924423750833661e-05, 'batch_size': 236, 'beta_1': 0.9886489731978277, 'beta_2': 0.9959088866266069, 'epsilon': 1.3161903500326968e-07, 'hidden_layer_sizes': 73, 'learning_rate_init': 0.0005498233157589112, 'tol': 3.551904501901498e-05, 'validation_fraction': 0.12667098080871567}
observation time 0.000005, current best 2988.601674 at iter 8
Failure in optimizer suggest. Falling back to random search.
name 'activ' is not defined
Traceback (most recent call last):
  File "/home/ryedida/.local/lib/python3.9/site-packages/bayesmark/experiment.py", line 126, in run_study
    next_points = optimizer.suggest(n_suggestions)
  File "/home/ryedida/bbo_challenge_starter_kit/example_submissions/smoothness/optimizer.py", line 105, in suggest
    betas = [self._get_smoothness_reg(guess) for guess in guesses]
  File "/home/ryedida/bbo_challenge_starter_kit/example_submissions/smoothness/optimizer.py", line 105, in <listcomp>
    betas = [self._get_smoothness_reg(guess) for guess in guesses]
  File "/home/ryedida/bbo_challenge_starter_kit/example_submissions/smoothness/optimizer.py", line 48, in _get_smoothness_reg
    if activ > Kz:
NameError: name 'activ' is not defined
suggestion time taken 0.322946 iter 9 next_points [{'alpha': 0.01458450634886268, 'batch_size': 135, 'beta_1': 0.7996092481490673, 'beta_2': 0.9875266257162812, 'epsilon': 1.380116808438545e-07, 'hidden_layer_sizes': 194, 'learning_rate_init': 1.4057983122625788e-05, 'tol': 0.05241946249993834, 'validation_fraction': 0.6659398569026685}]
/home/ryedida/.local/lib/python3.9/site-packages/sklearn/neural_network/_multilayer_perceptron.py:605: UserWarning: Got `batch_size` less than 1 or larger than sample size. It is going to be clipped
  warnings.warn(

function_evaluation time 0.063122 value 29128.459872 suggestion {'alpha': 0.01458450634886268, 'batch_size': 135, 'beta_1': 0.7996092481490673, 'beta_2': 0.9875266257162812, 'epsilon': 1.380116808438545e-07, 'hidden_layer_sizes': 194, 'learning_rate_init': 1.4057983122625788e-05, 'tol': 0.05241946249993834, 'validation_fraction': 0.6659398569026685}
observation time 0.000005, current best 2988.601674 at iter 9
Failure in optimizer suggest. Falling back to random search.
name 'activ' is not defined
Traceback (most recent call last):
  File "/home/ryedida/.local/lib/python3.9/site-packages/bayesmark/experiment.py", line 126, in run_study
    next_points = optimizer.suggest(n_suggestions)
  File "/home/ryedida/bbo_challenge_starter_kit/example_submissions/smoothness/optimizer.py", line 105, in suggest
    betas = [self._get_smoothness_reg(guess) for guess in guesses]
  File "/home/ryedida/bbo_challenge_starter_kit/example_submissions/smoothness/optimizer.py", line 105, in <listcomp>
    betas = [self._get_smoothness_reg(guess) for guess in guesses]
  File "/home/ryedida/bbo_challenge_starter_kit/example_submissions/smoothness/optimizer.py", line 48, in _get_smoothness_reg
    if activ > Kz:
NameError: name 'activ' is not defined
suggestion time taken 0.320915 iter 10 next_points [{'alpha': 0.12906009950590017, 'batch_size': 84, 'beta_1': 0.943931548314291, 'beta_2': 0.999995450271127, 'epsilon': 3.1163358858738776e-09, 'hidden_layer_sizes': 146, 'learning_rate_init': 0.0008168025722541086, 'tol': 2.129272248706365e-05, 'validation_fraction': 0.19472233537593148}]
/home/ryedida/.local/lib/python3.9/site-packages/sklearn/neural_network/_multilayer_perceptron.py:686: ConvergenceWarning: Stochastic Optimizer: Maximum iterations (200) reached and the optimization hasn't converged yet.
  warnings.warn(

function_evaluation time 1.489107 value 18452.056663 suggestion {'alpha': 0.12906009950590017, 'batch_size': 84, 'beta_1': 0.943931548314291, 'beta_2': 0.999995450271127, 'epsilon': 3.1163358858738776e-09, 'hidden_layer_sizes': 146, 'learning_rate_init': 0.0008168025722541086, 'tol': 2.129272248706365e-05, 'validation_fraction': 0.19472233537593148}
observation time 0.000005, current best 2988.601674 at iter 10
Failure in optimizer suggest. Falling back to random search.
name 'activ' is not defined
Traceback (most recent call last):
  File "/home/ryedida/.local/lib/python3.9/site-packages/bayesmark/experiment.py", line 126, in run_study
    next_points = optimizer.suggest(n_suggestions)
  File "/home/ryedida/bbo_challenge_starter_kit/example_submissions/smoothness/optimizer.py", line 105, in suggest
    betas = [self._get_smoothness_reg(guess) for guess in guesses]
  File "/home/ryedida/bbo_challenge_starter_kit/example_submissions/smoothness/optimizer.py", line 105, in <listcomp>
    betas = [self._get_smoothness_reg(guess) for guess in guesses]
  File "/home/ryedida/bbo_challenge_starter_kit/example_submissions/smoothness/optimizer.py", line 48, in _get_smoothness_reg
    if activ > Kz:
NameError: name 'activ' is not defined
suggestion time taken 0.319077 iter 11 next_points [{'alpha': 1.0530578805645584e-05, 'batch_size': 47, 'beta_1': 0.6461205270712539, 'beta_2': 0.9994461715855062, 'epsilon': 3.595720497953804e-07, 'hidden_layer_sizes': 198, 'learning_rate_init': 0.050630406549688436, 'tol': 0.0008738537259487322, 'validation_fraction': 0.2747171162262779}]
function_evaluation time 0.321600 value 2988.711364 suggestion {'alpha': 1.0530578805645584e-05, 'batch_size': 47, 'beta_1': 0.6461205270712539, 'beta_2': 0.9994461715855062, 'epsilon': 3.595720497953804e-07, 'hidden_layer_sizes': 198, 'learning_rate_init': 0.050630406549688436, 'tol': 0.0008738537259487322, 'validation_fraction': 0.2747171162262779}
observation time 0.000005, current best 2988.601674 at iter 11
Failure in optimizer suggest. Falling back to random search.
name 'activ' is not defined
Traceback (most recent call last):
  File "/home/ryedida/.local/lib/python3.9/site-packages/bayesmark/experiment.py", line 126, in run_study
    next_points = optimizer.suggest(n_suggestions)
  File "/home/ryedida/bbo_challenge_starter_kit/example_submissions/smoothness/optimizer.py", line 105, in suggest
    betas = [self._get_smoothness_reg(guess) for guess in guesses]
  File "/home/ryedida/bbo_challenge_starter_kit/example_submissions/smoothness/optimizer.py", line 105, in <listcomp>
    betas = [self._get_smoothness_reg(guess) for guess in guesses]
  File "/home/ryedida/bbo_challenge_starter_kit/example_submissions/smoothness/optimizer.py", line 48, in _get_smoothness_reg
    if activ > Kz:
NameError: name 'activ' is not defined
suggestion time taken 0.321790 iter 12 next_points [{'alpha': 0.8754544942883267, 'batch_size': 190, 'beta_1': 0.9885414364737614, 'beta_2': 0.9909805347860109, 'epsilon': 3.90499534337546e-09, 'hidden_layer_sizes': 64, 'learning_rate_init': 0.0928764207748948, 'tol': 5.4890133829064216e-05, 'validation_fraction': 0.5321665926187376}]
/home/ryedida/.local/lib/python3.9/site-packages/sklearn/neural_network/_multilayer_perceptron.py:605: UserWarning: Got `batch_size` less than 1 or larger than sample size. It is going to be clipped
  warnings.warn(

function_evaluation time 0.127611 value 4254.126043 suggestion {'alpha': 0.8754544942883267, 'batch_size': 190, 'beta_1': 0.9885414364737614, 'beta_2': 0.9909805347860109, 'epsilon': 3.90499534337546e-09, 'hidden_layer_sizes': 64, 'learning_rate_init': 0.0928764207748948, 'tol': 5.4890133829064216e-05, 'validation_fraction': 0.5321665926187376}
observation time 0.000005, current best 2988.601674 at iter 12
Failure in optimizer suggest. Falling back to random search.
name 'activ' is not defined
Traceback (most recent call last):
  File "/home/ryedida/.local/lib/python3.9/site-packages/bayesmark/experiment.py", line 126, in run_study
    next_points = optimizer.suggest(n_suggestions)
  File "/home/ryedida/bbo_challenge_starter_kit/example_submissions/smoothness/optimizer.py", line 105, in suggest
    betas = [self._get_smoothness_reg(guess) for guess in guesses]
  File "/home/ryedida/bbo_challenge_starter_kit/example_submissions/smoothness/optimizer.py", line 105, in <listcomp>
    betas = [self._get_smoothness_reg(guess) for guess in guesses]
  File "/home/ryedida/bbo_challenge_starter_kit/example_submissions/smoothness/optimizer.py", line 48, in _get_smoothness_reg
    if activ > Kz:
NameError: name 'activ' is not defined
suggestion time taken 0.317078 iter 13 next_points [{'alpha': 9.47453516263897e-05, 'batch_size': 166, 'beta_1': 0.9890858846966576, 'beta_2': 0.9999981260164426, 'epsilon': 1.3858980106682327e-07, 'hidden_layer_sizes': 152, 'learning_rate_init': 0.017208679669694513, 'tol': 0.00031205027182842833, 'validation_fraction': 0.3710735801598105}]
function_evaluation time 0.342457 value 4408.129936 suggestion {'alpha': 9.47453516263897e-05, 'batch_size': 166, 'beta_1': 0.9890858846966576, 'beta_2': 0.9999981260164426, 'epsilon': 1.3858980106682327e-07, 'hidden_layer_sizes': 152, 'learning_rate_init': 0.017208679669694513, 'tol': 0.00031205027182842833, 'validation_fraction': 0.3710735801598105}
observation time 0.000004, current best 2988.601674 at iter 13
Failure in optimizer suggest. Falling back to random search.
name 'activ' is not defined
Traceback (most recent call last):
  File "/home/ryedida/.local/lib/python3.9/site-packages/bayesmark/experiment.py", line 126, in run_study
    next_points = optimizer.suggest(n_suggestions)
  File "/home/ryedida/bbo_challenge_starter_kit/example_submissions/smoothness/optimizer.py", line 105, in suggest
    betas = [self._get_smoothness_reg(guess) for guess in guesses]
  File "/home/ryedida/bbo_challenge_starter_kit/example_submissions/smoothness/optimizer.py", line 105, in <listcomp>
    betas = [self._get_smoothness_reg(guess) for guess in guesses]
  File "/home/ryedida/bbo_challenge_starter_kit/example_submissions/smoothness/optimizer.py", line 48, in _get_smoothness_reg
    if activ > Kz:
NameError: name 'activ' is not defined
suggestion time taken 0.320156 iter 14 next_points [{'alpha': 7.017821605231248e-05, 'batch_size': 201, 'beta_1': 0.984627808072729, 'beta_2': 0.9624568394791052, 'epsilon': 2.4752764995129303e-09, 'hidden_layer_sizes': 106, 'learning_rate_init': 0.01891303909249585, 'tol': 0.07145013631087671, 'validation_fraction': 0.6800325608558111}]
/home/ryedida/.local/lib/python3.9/site-packages/sklearn/neural_network/_multilayer_perceptron.py:605: UserWarning: Got `batch_size` less than 1 or larger than sample size. It is going to be clipped
  warnings.warn(

function_evaluation time 0.055822 value 27986.778373 suggestion {'alpha': 7.017821605231248e-05, 'batch_size': 201, 'beta_1': 0.984627808072729, 'beta_2': 0.9624568394791052, 'epsilon': 2.4752764995129303e-09, 'hidden_layer_sizes': 106, 'learning_rate_init': 0.01891303909249585, 'tol': 0.07145013631087671, 'validation_fraction': 0.6800325608558111}
observation time 0.000004, current best 2988.601674 at iter 14
saving meta data: {'args': {'--uuid': 'f663dfe8e0875cb0b2e58fabe807c82a', '-db-root': '/home/ryedida/bbo_challenge_starter_kit/output', '--opt-root': '/home/ryedida/bbo_challenge_starter_kit/example_submissions', '--data-root': None, '--db': 'run_20230425_034200', '--opt': 'smoothness', '--data': 'diabetes', '--classifier': 'MLP-adam', '--metric': 'mse', '--calls': 15, '--suggestions': 1, '--jobs-file': None, '--verbose': False, 'dry_run': False, 'rev': 'a376313', 'opt_rev': 'x.x.x'}, 'signature': ([{'alpha': 0.019628224813442792, 'batch_size': 182, 'beta_1': 0.9410202200271762, 'beta_2': 0.9998021557676793, 'epsilon': 1.8662266976518e-08, 'hidden_layer_sizes': 147, 'learning_rate_init': 0.0005627932047415167, 'tol': 0.03690557729213761, 'validation_fraction': 0.8846827852548593}, {'alpha': 0.0019982467392329444, 'batch_size': 200, 'beta_1': 0.919111482530466, 'beta_2': 0.9998488260436156, 'epsilon': 5.981221901152555e-07, 'hidden_layer_sizes': 61, 'learning_rate_init': 2.2310905607443014e-05, 'tol': 1.2046852412030316e-05, 'validation_fraction': 0.8117896445826539}, {'alpha': 0.46659545670218433, 'batch_size': 219, 'beta_1': 0.9889789783750891, 'beta_2': 0.9999896868093284, 'epsilon': 2.4234724484675948e-08, 'hidden_layer_sizes': 167, 'learning_rate_init': 2.972334644335654e-05, 'tol': 0.0036281404040243792, 'validation_fraction': 0.17260651658522078}, {'alpha': 4.656005689076002, 'batch_size': 135, 'beta_1': 0.870503881627747, 'beta_2': 0.9948873266941017, 'epsilon': 2.1023308743480125e-07, 'hidden_layer_sizes': 118, 'learning_rate_init': 0.0018781738757161913, 'tol': 1.1889379831773004e-05, 'validation_fraction': 0.6264327093752792}, {'alpha': 0.04705159350400542, 'batch_size': 158, 'beta_1': 0.9870884262730957, 'beta_2': 0.9999596874382349, 'epsilon': 1.1981845126013875e-08, 'hidden_layer_sizes': 116, 'learning_rate_init': 0.00617340520407431, 'tol': 1.741413418158619e-05, 'validation_fraction': 0.6754299026638921}], [29083.993548572587, 29062.423277324073, 29075.78987471409, 24626.32866834337, 9584.226858493177])}
saving results
saving timing
saving suggest log
done
