running: {'--uuid': 'f861511a7476593ba5a9efa0d911b87d', '-db-root': '/home/ryedida/bbo_challenge_starter_kit/output', '--opt-root': '/home/ryedida/bbo_challenge_starter_kit/example_submissions', '--data-root': None, '--db': 'run_20230425_034200', '--opt': 'smoothness', '--data': 'diabetes', '--classifier': 'MLP-adam', '--metric': 'mae', '--calls': 15, '--suggestions': 1, '--jobs-file': None, '--verbose': False, 'dry_run': False, 'rev': 'a376313', 'opt_rev': 'x.x.x'}
cmd: python smoothness/optimizer.py -c MLP-adam -d diabetes -o smoothness -u f861511a7476593ba5a9efa0d911b87d -m mae -n 15 -p 1 -dir /home/ryedida/bbo_challenge_starter_kit/output -b run_20230425_034200
/home/ryedida/.local/lib/python3.9/site-packages/sklearn/neural_network/_multilayer_perceptron.py:605: UserWarning: Got `batch_size` less than 1 or larger than sample size. It is going to be clipped
  warnings.warn(

/home/ryedida/.local/lib/python3.9/site-packages/sklearn/neural_network/_multilayer_perceptron.py:605: UserWarning: Got `batch_size` less than 1 or larger than sample size. It is going to be clipped
  warnings.warn(

/home/ryedida/.local/lib/python3.9/site-packages/sklearn/neural_network/_multilayer_perceptron.py:605: UserWarning: Got `batch_size` less than 1 or larger than sample size. It is going to be clipped
  warnings.warn(

/home/ryedida/.local/lib/python3.9/site-packages/sklearn/neural_network/_multilayer_perceptron.py:686: ConvergenceWarning: Stochastic Optimizer: Maximum iterations (200) reached and the optimization hasn't converged yet.
  warnings.warn(

/home/ryedida/.local/lib/python3.9/site-packages/sklearn/neural_network/_multilayer_perceptron.py:605: UserWarning: Got `batch_size` less than 1 or larger than sample size. It is going to be clipped
  warnings.warn(

/home/ryedida/.local/lib/python3.9/site-packages/sklearn/neural_network/_multilayer_perceptron.py:686: ConvergenceWarning: Stochastic Optimizer: Maximum iterations (200) reached and the optimization hasn't converged yet.
  warnings.warn(

computed signature: ([{'alpha': 0.019628224813442792, 'batch_size': 182, 'beta_1': 0.9410202200271762, 'beta_2': 0.9998021557676793, 'epsilon': 1.8662266976518e-08, 'hidden_layer_sizes': 147, 'learning_rate_init': 0.0005627932047415167, 'tol': 0.03690557729213761, 'validation_fraction': 0.8846827852548593}, {'alpha': 0.0019982467392329444, 'batch_size': 200, 'beta_1': 0.919111482530466, 'beta_2': 0.9998488260436156, 'epsilon': 5.981221901152555e-07, 'hidden_layer_sizes': 61, 'learning_rate_init': 2.2310905607443014e-05, 'tol': 1.2046852412030316e-05, 'validation_fraction': 0.8117896445826539}, {'alpha': 0.46659545670218433, 'batch_size': 219, 'beta_1': 0.9889789783750891, 'beta_2': 0.9999896868093284, 'epsilon': 2.4234724484675948e-08, 'hidden_layer_sizes': 167, 'learning_rate_init': 2.972334644335654e-05, 'tol': 0.0036281404040243792, 'validation_fraction': 0.17260651658522078}, {'alpha': 4.656005689076002, 'batch_size': 135, 'beta_1': 0.870503881627747, 'beta_2': 0.9948873266941017, 'epsilon': 2.1023308743480125e-07, 'hidden_layer_sizes': 118, 'learning_rate_init': 0.0018781738757161913, 'tol': 1.1889379831773004e-05, 'validation_fraction': 0.6264327093752792}, {'alpha': 0.04705159350400542, 'batch_size': 158, 'beta_1': 0.9870884262730957, 'beta_2': 0.9999596874382349, 'epsilon': 1.1981845126013875e-08, 'hidden_layer_sizes': 116, 'learning_rate_init': 0.00617340520407431, 'tol': 1.741413418158619e-05, 'validation_fraction': 0.6754299026638921}], [151.4971925380264, 151.42763539278994, 151.47026299046811, 136.86202504264318, 75.2055865763391])
Signature errors:
                                  0             1             2         3         4       max
MLP-adam_diabetes_mae  1.919244e-08  6.198704e-08  7.624578e-09  0.000007  0.000034  0.000034
max                    1.919244e-08  6.198704e-08  7.624578e-09  0.000007  0.000034  0.000034
starting sklearn study smoothness MLP-adam diabetes mae 15 1
with data root: None
Failure in optimizer suggest. Falling back to random search.
name 'activ' is not defined
Traceback (most recent call last):
  File "/home/ryedida/.local/lib/python3.9/site-packages/bayesmark/experiment.py", line 126, in run_study
    next_points = optimizer.suggest(n_suggestions)
  File "/home/ryedida/bbo_challenge_starter_kit/example_submissions/smoothness/optimizer.py", line 105, in suggest
    betas = [self._get_smoothness_reg(guess) for guess in guesses]
  File "/home/ryedida/bbo_challenge_starter_kit/example_submissions/smoothness/optimizer.py", line 105, in <listcomp>
    betas = [self._get_smoothness_reg(guess) for guess in guesses]
  File "/home/ryedida/bbo_challenge_starter_kit/example_submissions/smoothness/optimizer.py", line 48, in _get_smoothness_reg
    if activ > Kz:
NameError: name 'activ' is not defined
suggestion time taken 0.496832 iter 0 next_points [{'alpha': 4.216749366720055e-05, 'batch_size': 212, 'beta_1': 0.9176903284434103, 'beta_2': 0.9999975989944486, 'epsilon': 2.432876080623257e-09, 'hidden_layer_sizes': 176, 'learning_rate_init': 0.00014102837247329775, 'tol': 0.00012934429911154815, 'validation_fraction': 0.4975013953161527}]
/home/ryedida/.local/lib/python3.9/site-packages/sklearn/neural_network/_multilayer_perceptron.py:605: UserWarning: Got `batch_size` less than 1 or larger than sample size. It is going to be clipped
  warnings.warn(

function_evaluation time 0.501320 value 151.255596 suggestion {'alpha': 4.216749366720055e-05, 'batch_size': 212, 'beta_1': 0.9176903284434103, 'beta_2': 0.9999975989944486, 'epsilon': 2.432876080623257e-09, 'hidden_layer_sizes': 176, 'learning_rate_init': 0.00014102837247329775, 'tol': 0.00012934429911154815, 'validation_fraction': 0.4975013953161527}
observation time 0.000006, current best 151.255596 at iter 0
Failure in optimizer suggest. Falling back to random search.
name 'activ' is not defined
Traceback (most recent call last):
  File "/home/ryedida/.local/lib/python3.9/site-packages/bayesmark/experiment.py", line 126, in run_study
    next_points = optimizer.suggest(n_suggestions)
  File "/home/ryedida/bbo_challenge_starter_kit/example_submissions/smoothness/optimizer.py", line 105, in suggest
    betas = [self._get_smoothness_reg(guess) for guess in guesses]
  File "/home/ryedida/bbo_challenge_starter_kit/example_submissions/smoothness/optimizer.py", line 105, in <listcomp>
    betas = [self._get_smoothness_reg(guess) for guess in guesses]
  File "/home/ryedida/bbo_challenge_starter_kit/example_submissions/smoothness/optimizer.py", line 48, in _get_smoothness_reg
    if activ > Kz:
NameError: name 'activ' is not defined
suggestion time taken 0.327840 iter 1 next_points [{'alpha': 3.778622296680383, 'batch_size': 99, 'beta_1': 0.9697731502893251, 'beta_2': 0.9994042015959733, 'epsilon': 2.5910490652773677e-09, 'hidden_layer_sizes': 135, 'learning_rate_init': 0.0006731130864090859, 'tol': 1.77119387594161e-05, 'validation_fraction': 0.8280221132031611}]
/home/ryedida/.local/lib/python3.9/site-packages/sklearn/neural_network/_multilayer_perceptron.py:605: UserWarning: Got `batch_size` less than 1 or larger than sample size. It is going to be clipped
  warnings.warn(

/home/ryedida/.local/lib/python3.9/site-packages/sklearn/neural_network/_multilayer_perceptron.py:686: ConvergenceWarning: Stochastic Optimizer: Maximum iterations (200) reached and the optimization hasn't converged yet.
  warnings.warn(

function_evaluation time 0.728944 value 148.874888 suggestion {'alpha': 3.778622296680383, 'batch_size': 99, 'beta_1': 0.9697731502893251, 'beta_2': 0.9994042015959733, 'epsilon': 2.5910490652773677e-09, 'hidden_layer_sizes': 135, 'learning_rate_init': 0.0006731130864090859, 'tol': 1.77119387594161e-05, 'validation_fraction': 0.8280221132031611}
observation time 0.000005, current best 148.874888 at iter 1
Failure in optimizer suggest. Falling back to random search.
name 'activ' is not defined
Traceback (most recent call last):
  File "/home/ryedida/.local/lib/python3.9/site-packages/bayesmark/experiment.py", line 126, in run_study
    next_points = optimizer.suggest(n_suggestions)
  File "/home/ryedida/bbo_challenge_starter_kit/example_submissions/smoothness/optimizer.py", line 105, in suggest
    betas = [self._get_smoothness_reg(guess) for guess in guesses]
  File "/home/ryedida/bbo_challenge_starter_kit/example_submissions/smoothness/optimizer.py", line 105, in <listcomp>
    betas = [self._get_smoothness_reg(guess) for guess in guesses]
  File "/home/ryedida/bbo_challenge_starter_kit/example_submissions/smoothness/optimizer.py", line 48, in _get_smoothness_reg
    if activ > Kz:
NameError: name 'activ' is not defined
suggestion time taken 0.329305 iter 2 next_points [{'alpha': 2.6258526223483372e-05, 'batch_size': 121, 'beta_1': 0.5626952096365136, 'beta_2': 0.9999715539253179, 'epsilon': 4.3880775453836874e-07, 'hidden_layer_sizes': 151, 'learning_rate_init': 0.00045697454484152733, 'tol': 0.06864319288694486, 'validation_fraction': 0.857736911118219}]
/home/ryedida/.local/lib/python3.9/site-packages/sklearn/neural_network/_multilayer_perceptron.py:605: UserWarning: Got `batch_size` less than 1 or larger than sample size. It is going to be clipped
  warnings.warn(

function_evaluation time 0.054285 value 151.480736 suggestion {'alpha': 2.6258526223483372e-05, 'batch_size': 121, 'beta_1': 0.5626952096365136, 'beta_2': 0.9999715539253179, 'epsilon': 4.3880775453836874e-07, 'hidden_layer_sizes': 151, 'learning_rate_init': 0.00045697454484152733, 'tol': 0.06864319288694486, 'validation_fraction': 0.857736911118219}
observation time 0.000013, current best 148.874888 at iter 2
Failure in optimizer suggest. Falling back to random search.
name 'activ' is not defined
Traceback (most recent call last):
  File "/home/ryedida/.local/lib/python3.9/site-packages/bayesmark/experiment.py", line 126, in run_study
    next_points = optimizer.suggest(n_suggestions)
  File "/home/ryedida/bbo_challenge_starter_kit/example_submissions/smoothness/optimizer.py", line 105, in suggest
    betas = [self._get_smoothness_reg(guess) for guess in guesses]
  File "/home/ryedida/bbo_challenge_starter_kit/example_submissions/smoothness/optimizer.py", line 105, in <listcomp>
    betas = [self._get_smoothness_reg(guess) for guess in guesses]
  File "/home/ryedida/bbo_challenge_starter_kit/example_submissions/smoothness/optimizer.py", line 48, in _get_smoothness_reg
    if activ > Kz:
NameError: name 'activ' is not defined
suggestion time taken 0.330066 iter 3 next_points [{'alpha': 0.00010406307849500983, 'batch_size': 235, 'beta_1': 0.8913531785894565, 'beta_2': 0.9999910158187549, 'epsilon': 7.1602959950369926e-09, 'hidden_layer_sizes': 195, 'learning_rate_init': 4.52404126039761e-05, 'tol': 1.1490120420983647e-05, 'validation_fraction': 0.6955210263868377}]
/home/ryedida/.local/lib/python3.9/site-packages/sklearn/neural_network/_multilayer_perceptron.py:605: UserWarning: Got `batch_size` less than 1 or larger than sample size. It is going to be clipped
  warnings.warn(

/home/ryedida/.local/lib/python3.9/site-packages/sklearn/neural_network/_multilayer_perceptron.py:686: ConvergenceWarning: Stochastic Optimizer: Maximum iterations (200) reached and the optimization hasn't converged yet.
  warnings.warn(

function_evaluation time 0.905797 value 151.467932 suggestion {'alpha': 0.00010406307849500983, 'batch_size': 235, 'beta_1': 0.8913531785894565, 'beta_2': 0.9999910158187549, 'epsilon': 7.1602959950369926e-09, 'hidden_layer_sizes': 195, 'learning_rate_init': 4.52404126039761e-05, 'tol': 1.1490120420983647e-05, 'validation_fraction': 0.6955210263868377}
observation time 0.000006, current best 148.874888 at iter 3
Failure in optimizer suggest. Falling back to random search.
name 'activ' is not defined
Traceback (most recent call last):
  File "/home/ryedida/.local/lib/python3.9/site-packages/bayesmark/experiment.py", line 126, in run_study
    next_points = optimizer.suggest(n_suggestions)
  File "/home/ryedida/bbo_challenge_starter_kit/example_submissions/smoothness/optimizer.py", line 105, in suggest
    betas = [self._get_smoothness_reg(guess) for guess in guesses]
  File "/home/ryedida/bbo_challenge_starter_kit/example_submissions/smoothness/optimizer.py", line 105, in <listcomp>
    betas = [self._get_smoothness_reg(guess) for guess in guesses]
  File "/home/ryedida/bbo_challenge_starter_kit/example_submissions/smoothness/optimizer.py", line 48, in _get_smoothness_reg
    if activ > Kz:
NameError: name 'activ' is not defined
suggestion time taken 0.327563 iter 4 next_points [{'alpha': 0.010158861693311979, 'batch_size': 214, 'beta_1': 0.8793943941162263, 'beta_2': 0.9999922569667518, 'epsilon': 1.6755449293563964e-07, 'hidden_layer_sizes': 168, 'learning_rate_init': 0.029748107083759055, 'tol': 0.00717085456432283, 'validation_fraction': 0.6904335834429464}]
/home/ryedida/.local/lib/python3.9/site-packages/sklearn/neural_network/_multilayer_perceptron.py:605: UserWarning: Got `batch_size` less than 1 or larger than sample size. It is going to be clipped
  warnings.warn(

function_evaluation time 0.253068 value 51.159953 suggestion {'alpha': 0.010158861693311979, 'batch_size': 214, 'beta_1': 0.8793943941162263, 'beta_2': 0.9999922569667518, 'epsilon': 1.6755449293563964e-07, 'hidden_layer_sizes': 168, 'learning_rate_init': 0.029748107083759055, 'tol': 0.00717085456432283, 'validation_fraction': 0.6904335834429464}
observation time 0.000004, current best 51.159953 at iter 4
Failure in optimizer suggest. Falling back to random search.
name 'activ' is not defined
Traceback (most recent call last):
  File "/home/ryedida/.local/lib/python3.9/site-packages/bayesmark/experiment.py", line 126, in run_study
    next_points = optimizer.suggest(n_suggestions)
  File "/home/ryedida/bbo_challenge_starter_kit/example_submissions/smoothness/optimizer.py", line 105, in suggest
    betas = [self._get_smoothness_reg(guess) for guess in guesses]
  File "/home/ryedida/bbo_challenge_starter_kit/example_submissions/smoothness/optimizer.py", line 105, in <listcomp>
    betas = [self._get_smoothness_reg(guess) for guess in guesses]
  File "/home/ryedida/bbo_challenge_starter_kit/example_submissions/smoothness/optimizer.py", line 48, in _get_smoothness_reg
    if activ > Kz:
NameError: name 'activ' is not defined
suggestion time taken 0.327514 iter 5 next_points [{'alpha': 0.19084647586456105, 'batch_size': 138, 'beta_1': 0.9769834170738467, 'beta_2': 0.9986790595020878, 'epsilon': 7.678683593549696e-09, 'hidden_layer_sizes': 79, 'learning_rate_init': 0.059146038455142005, 'tol': 3.385989763210661e-05, 'validation_fraction': 0.4908309429962315}]
function_evaluation time 0.154376 value 57.346782 suggestion {'alpha': 0.19084647586456105, 'batch_size': 138, 'beta_1': 0.9769834170738467, 'beta_2': 0.9986790595020878, 'epsilon': 7.678683593549696e-09, 'hidden_layer_sizes': 79, 'learning_rate_init': 0.059146038455142005, 'tol': 3.385989763210661e-05, 'validation_fraction': 0.4908309429962315}
observation time 0.000006, current best 51.159953 at iter 5
Failure in optimizer suggest. Falling back to random search.
name 'activ' is not defined
Traceback (most recent call last):
  File "/home/ryedida/.local/lib/python3.9/site-packages/bayesmark/experiment.py", line 126, in run_study
    next_points = optimizer.suggest(n_suggestions)
  File "/home/ryedida/bbo_challenge_starter_kit/example_submissions/smoothness/optimizer.py", line 105, in suggest
    betas = [self._get_smoothness_reg(guess) for guess in guesses]
  File "/home/ryedida/bbo_challenge_starter_kit/example_submissions/smoothness/optimizer.py", line 105, in <listcomp>
    betas = [self._get_smoothness_reg(guess) for guess in guesses]
  File "/home/ryedida/bbo_challenge_starter_kit/example_submissions/smoothness/optimizer.py", line 48, in _get_smoothness_reg
    if activ > Kz:
NameError: name 'activ' is not defined
suggestion time taken 0.326817 iter 6 next_points [{'alpha': 0.005869845401974807, 'batch_size': 162, 'beta_1': 0.9234334087695412, 'beta_2': 0.9941441015651564, 'epsilon': 1.8603327713592275e-07, 'hidden_layer_sizes': 149, 'learning_rate_init': 0.0007940429359881738, 'tol': 3.740987523153211e-05, 'validation_fraction': 0.4968514253656901}]
/home/ryedida/.local/lib/python3.9/site-packages/sklearn/neural_network/_multilayer_perceptron.py:686: ConvergenceWarning: Stochastic Optimizer: Maximum iterations (200) reached and the optimization hasn't converged yet.
  warnings.warn(

function_evaluation time 0.937391 value 147.401490 suggestion {'alpha': 0.005869845401974807, 'batch_size': 162, 'beta_1': 0.9234334087695412, 'beta_2': 0.9941441015651564, 'epsilon': 1.8603327713592275e-07, 'hidden_layer_sizes': 149, 'learning_rate_init': 0.0007940429359881738, 'tol': 3.740987523153211e-05, 'validation_fraction': 0.4968514253656901}
observation time 0.000005, current best 51.159953 at iter 6
Failure in optimizer suggest. Falling back to random search.
name 'activ' is not defined
Traceback (most recent call last):
  File "/home/ryedida/.local/lib/python3.9/site-packages/bayesmark/experiment.py", line 126, in run_study
    next_points = optimizer.suggest(n_suggestions)
  File "/home/ryedida/bbo_challenge_starter_kit/example_submissions/smoothness/optimizer.py", line 105, in suggest
    betas = [self._get_smoothness_reg(guess) for guess in guesses]
  File "/home/ryedida/bbo_challenge_starter_kit/example_submissions/smoothness/optimizer.py", line 105, in <listcomp>
    betas = [self._get_smoothness_reg(guess) for guess in guesses]
  File "/home/ryedida/bbo_challenge_starter_kit/example_submissions/smoothness/optimizer.py", line 48, in _get_smoothness_reg
    if activ > Kz:
NameError: name 'activ' is not defined
suggestion time taken 0.464489 iter 7 next_points [{'alpha': 1.7560495350020038, 'batch_size': 219, 'beta_1': 0.9722026012459931, 'beta_2': 0.9999870782353817, 'epsilon': 5.648262608680143e-09, 'hidden_layer_sizes': 183, 'learning_rate_init': 0.001781166705927821, 'tol': 0.00614580273874689, 'validation_fraction': 0.132936966713582}]
function_evaluation time 0.097255 value 150.787353 suggestion {'alpha': 1.7560495350020038, 'batch_size': 219, 'beta_1': 0.9722026012459931, 'beta_2': 0.9999870782353817, 'epsilon': 5.648262608680143e-09, 'hidden_layer_sizes': 183, 'learning_rate_init': 0.001781166705927821, 'tol': 0.00614580273874689, 'validation_fraction': 0.132936966713582}
observation time 0.000005, current best 51.159953 at iter 7
Failure in optimizer suggest. Falling back to random search.
name 'activ' is not defined
Traceback (most recent call last):
  File "/home/ryedida/.local/lib/python3.9/site-packages/bayesmark/experiment.py", line 126, in run_study
    next_points = optimizer.suggest(n_suggestions)
  File "/home/ryedida/bbo_challenge_starter_kit/example_submissions/smoothness/optimizer.py", line 105, in suggest
    betas = [self._get_smoothness_reg(guess) for guess in guesses]
  File "/home/ryedida/bbo_challenge_starter_kit/example_submissions/smoothness/optimizer.py", line 105, in <listcomp>
    betas = [self._get_smoothness_reg(guess) for guess in guesses]
  File "/home/ryedida/bbo_challenge_starter_kit/example_submissions/smoothness/optimizer.py", line 48, in _get_smoothness_reg
    if activ > Kz:
NameError: name 'activ' is not defined
suggestion time taken 0.320913 iter 8 next_points [{'alpha': 2.4421028696597693, 'batch_size': 27, 'beta_1': 0.957829212073045, 'beta_2': 0.9999683030345763, 'epsilon': 5.190301138807075e-08, 'hidden_layer_sizes': 185, 'learning_rate_init': 3.9914025193950385e-05, 'tol': 0.0003822428877595066, 'validation_fraction': 0.7423471955411504}]
function_evaluation time 0.092027 value 151.579751 suggestion {'alpha': 2.4421028696597693, 'batch_size': 27, 'beta_1': 0.957829212073045, 'beta_2': 0.9999683030345763, 'epsilon': 5.190301138807075e-08, 'hidden_layer_sizes': 185, 'learning_rate_init': 3.9914025193950385e-05, 'tol': 0.0003822428877595066, 'validation_fraction': 0.7423471955411504}
observation time 0.000004, current best 51.159953 at iter 8
Failure in optimizer suggest. Falling back to random search.
name 'activ' is not defined
Traceback (most recent call last):
  File "/home/ryedida/.local/lib/python3.9/site-packages/bayesmark/experiment.py", line 126, in run_study
    next_points = optimizer.suggest(n_suggestions)
  File "/home/ryedida/bbo_challenge_starter_kit/example_submissions/smoothness/optimizer.py", line 105, in suggest
    betas = [self._get_smoothness_reg(guess) for guess in guesses]
  File "/home/ryedida/bbo_challenge_starter_kit/example_submissions/smoothness/optimizer.py", line 105, in <listcomp>
    betas = [self._get_smoothness_reg(guess) for guess in guesses]
  File "/home/ryedida/bbo_challenge_starter_kit/example_submissions/smoothness/optimizer.py", line 48, in _get_smoothness_reg
    if activ > Kz:
NameError: name 'activ' is not defined
suggestion time taken 0.326306 iter 9 next_points [{'alpha': 0.00036191320951797367, 'batch_size': 229, 'beta_1': 0.9495748324464768, 'beta_2': 0.9998322489552575, 'epsilon': 1.4854053372804875e-09, 'hidden_layer_sizes': 160, 'learning_rate_init': 0.0020334423160497848, 'tol': 0.007550687214501568, 'validation_fraction': 0.7236425510669932}]
/home/ryedida/.local/lib/python3.9/site-packages/sklearn/neural_network/_multilayer_perceptron.py:605: UserWarning: Got `batch_size` less than 1 or larger than sample size. It is going to be clipped
  warnings.warn(

function_evaluation time 0.058543 value 151.129847 suggestion {'alpha': 0.00036191320951797367, 'batch_size': 229, 'beta_1': 0.9495748324464768, 'beta_2': 0.9998322489552575, 'epsilon': 1.4854053372804875e-09, 'hidden_layer_sizes': 160, 'learning_rate_init': 0.0020334423160497848, 'tol': 0.007550687214501568, 'validation_fraction': 0.7236425510669932}
observation time 0.000006, current best 51.159953 at iter 9
Failure in optimizer suggest. Falling back to random search.
name 'activ' is not defined
Traceback (most recent call last):
  File "/home/ryedida/.local/lib/python3.9/site-packages/bayesmark/experiment.py", line 126, in run_study
    next_points = optimizer.suggest(n_suggestions)
  File "/home/ryedida/bbo_challenge_starter_kit/example_submissions/smoothness/optimizer.py", line 105, in suggest
    betas = [self._get_smoothness_reg(guess) for guess in guesses]
  File "/home/ryedida/bbo_challenge_starter_kit/example_submissions/smoothness/optimizer.py", line 105, in <listcomp>
    betas = [self._get_smoothness_reg(guess) for guess in guesses]
  File "/home/ryedida/bbo_challenge_starter_kit/example_submissions/smoothness/optimizer.py", line 48, in _get_smoothness_reg
    if activ > Kz:
NameError: name 'activ' is not defined
suggestion time taken 0.322026 iter 10 next_points [{'alpha': 7.160657833280242, 'batch_size': 198, 'beta_1': 0.7257876775660839, 'beta_2': 0.9808217049498374, 'epsilon': 1.950809188800689e-08, 'hidden_layer_sizes': 162, 'learning_rate_init': 0.018287469429119955, 'tol': 0.015159696068886098, 'validation_fraction': 0.8368093871675082}]
/home/ryedida/.local/lib/python3.9/site-packages/sklearn/neural_network/_multilayer_perceptron.py:605: UserWarning: Got `batch_size` less than 1 or larger than sample size. It is going to be clipped
  warnings.warn(

function_evaluation time 0.292686 value 52.086700 suggestion {'alpha': 7.160657833280242, 'batch_size': 198, 'beta_1': 0.7257876775660839, 'beta_2': 0.9808217049498374, 'epsilon': 1.950809188800689e-08, 'hidden_layer_sizes': 162, 'learning_rate_init': 0.018287469429119955, 'tol': 0.015159696068886098, 'validation_fraction': 0.8368093871675082}
observation time 0.000005, current best 51.159953 at iter 10
Failure in optimizer suggest. Falling back to random search.
name 'activ' is not defined
Traceback (most recent call last):
  File "/home/ryedida/.local/lib/python3.9/site-packages/bayesmark/experiment.py", line 126, in run_study
    next_points = optimizer.suggest(n_suggestions)
  File "/home/ryedida/bbo_challenge_starter_kit/example_submissions/smoothness/optimizer.py", line 105, in suggest
    betas = [self._get_smoothness_reg(guess) for guess in guesses]
  File "/home/ryedida/bbo_challenge_starter_kit/example_submissions/smoothness/optimizer.py", line 105, in <listcomp>
    betas = [self._get_smoothness_reg(guess) for guess in guesses]
  File "/home/ryedida/bbo_challenge_starter_kit/example_submissions/smoothness/optimizer.py", line 48, in _get_smoothness_reg
    if activ > Kz:
NameError: name 'activ' is not defined
suggestion time taken 0.316607 iter 11 next_points [{'alpha': 0.40934218102490283, 'batch_size': 186, 'beta_1': 0.9774435491764274, 'beta_2': 0.9988832441919699, 'epsilon': 1.0661784591036422e-09, 'hidden_layer_sizes': 149, 'learning_rate_init': 0.007757523541234826, 'tol': 0.0004456892753096076, 'validation_fraction': 0.702162473687462}]
/home/ryedida/.local/lib/python3.9/site-packages/sklearn/neural_network/_multilayer_perceptron.py:605: UserWarning: Got `batch_size` less than 1 or larger than sample size. It is going to be clipped
  warnings.warn(

function_evaluation time 0.802524 value 54.095559 suggestion {'alpha': 0.40934218102490283, 'batch_size': 186, 'beta_1': 0.9774435491764274, 'beta_2': 0.9988832441919699, 'epsilon': 1.0661784591036422e-09, 'hidden_layer_sizes': 149, 'learning_rate_init': 0.007757523541234826, 'tol': 0.0004456892753096076, 'validation_fraction': 0.702162473687462}
observation time 0.000005, current best 51.159953 at iter 11
Failure in optimizer suggest. Falling back to random search.
name 'activ' is not defined
Traceback (most recent call last):
  File "/home/ryedida/.local/lib/python3.9/site-packages/bayesmark/experiment.py", line 126, in run_study
    next_points = optimizer.suggest(n_suggestions)
  File "/home/ryedida/bbo_challenge_starter_kit/example_submissions/smoothness/optimizer.py", line 105, in suggest
    betas = [self._get_smoothness_reg(guess) for guess in guesses]
  File "/home/ryedida/bbo_challenge_starter_kit/example_submissions/smoothness/optimizer.py", line 105, in <listcomp>
    betas = [self._get_smoothness_reg(guess) for guess in guesses]
  File "/home/ryedida/bbo_challenge_starter_kit/example_submissions/smoothness/optimizer.py", line 48, in _get_smoothness_reg
    if activ > Kz:
NameError: name 'activ' is not defined
suggestion time taken 0.321051 iter 12 next_points [{'alpha': 6.8066553632033715, 'batch_size': 194, 'beta_1': 0.6133594880320468, 'beta_2': 0.9999842647624423, 'epsilon': 1.6410859492425256e-09, 'hidden_layer_sizes': 105, 'learning_rate_init': 0.041253035406778764, 'tol': 1.0429962513710733e-05, 'validation_fraction': 0.24739886069065276}]
function_evaluation time 0.514951 value 45.683013 suggestion {'alpha': 6.8066553632033715, 'batch_size': 194, 'beta_1': 0.6133594880320468, 'beta_2': 0.9999842647624423, 'epsilon': 1.6410859492425256e-09, 'hidden_layer_sizes': 105, 'learning_rate_init': 0.041253035406778764, 'tol': 1.0429962513710733e-05, 'validation_fraction': 0.24739886069065276}
observation time 0.000006, current best 45.683013 at iter 12
Failure in optimizer suggest. Falling back to random search.
name 'activ' is not defined
Traceback (most recent call last):
  File "/home/ryedida/.local/lib/python3.9/site-packages/bayesmark/experiment.py", line 126, in run_study
    next_points = optimizer.suggest(n_suggestions)
  File "/home/ryedida/bbo_challenge_starter_kit/example_submissions/smoothness/optimizer.py", line 105, in suggest
    betas = [self._get_smoothness_reg(guess) for guess in guesses]
  File "/home/ryedida/bbo_challenge_starter_kit/example_submissions/smoothness/optimizer.py", line 105, in <listcomp>
    betas = [self._get_smoothness_reg(guess) for guess in guesses]
  File "/home/ryedida/bbo_challenge_starter_kit/example_submissions/smoothness/optimizer.py", line 48, in _get_smoothness_reg
    if activ > Kz:
NameError: name 'activ' is not defined
suggestion time taken 0.323619 iter 13 next_points [{'alpha': 5.4930281631397366e-05, 'batch_size': 212, 'beta_1': 0.906389083647121, 'beta_2': 0.9999953838147783, 'epsilon': 1.5643760370553038e-07, 'hidden_layer_sizes': 91, 'learning_rate_init': 0.005765012541180624, 'tol': 0.0026484245526789993, 'validation_fraction': 0.690514577525478}]
/home/ryedida/.local/lib/python3.9/site-packages/sklearn/neural_network/_multilayer_perceptron.py:605: UserWarning: Got `batch_size` less than 1 or larger than sample size. It is going to be clipped
  warnings.warn(

/home/ryedida/.local/lib/python3.9/site-packages/sklearn/neural_network/_multilayer_perceptron.py:686: ConvergenceWarning: Stochastic Optimizer: Maximum iterations (200) reached and the optimization hasn't converged yet.
  warnings.warn(

function_evaluation time 0.677755 value 64.405633 suggestion {'alpha': 5.4930281631397366e-05, 'batch_size': 212, 'beta_1': 0.906389083647121, 'beta_2': 0.9999953838147783, 'epsilon': 1.5643760370553038e-07, 'hidden_layer_sizes': 91, 'learning_rate_init': 0.005765012541180624, 'tol': 0.0026484245526789993, 'validation_fraction': 0.690514577525478}
observation time 0.000005, current best 45.683013 at iter 13
Failure in optimizer suggest. Falling back to random search.
name 'activ' is not defined
Traceback (most recent call last):
  File "/home/ryedida/.local/lib/python3.9/site-packages/bayesmark/experiment.py", line 126, in run_study
    next_points = optimizer.suggest(n_suggestions)
  File "/home/ryedida/bbo_challenge_starter_kit/example_submissions/smoothness/optimizer.py", line 105, in suggest
    betas = [self._get_smoothness_reg(guess) for guess in guesses]
  File "/home/ryedida/bbo_challenge_starter_kit/example_submissions/smoothness/optimizer.py", line 105, in <listcomp>
    betas = [self._get_smoothness_reg(guess) for guess in guesses]
  File "/home/ryedida/bbo_challenge_starter_kit/example_submissions/smoothness/optimizer.py", line 48, in _get_smoothness_reg
    if activ > Kz:
NameError: name 'activ' is not defined
suggestion time taken 0.334472 iter 14 next_points [{'alpha': 0.0036556977713238553, 'batch_size': 239, 'beta_1': 0.7779950955887629, 'beta_2': 0.9976306566379763, 'epsilon': 2.62070089774349e-08, 'hidden_layer_sizes': 137, 'learning_rate_init': 0.010103823639558317, 'tol': 0.005294298550608413, 'validation_fraction': 0.6487673809407918}]
/home/ryedida/.local/lib/python3.9/site-packages/sklearn/neural_network/_multilayer_perceptron.py:605: UserWarning: Got `batch_size` less than 1 or larger than sample size. It is going to be clipped
  warnings.warn(

function_evaluation time 0.559185 value 52.500553 suggestion {'alpha': 0.0036556977713238553, 'batch_size': 239, 'beta_1': 0.7779950955887629, 'beta_2': 0.9976306566379763, 'epsilon': 2.62070089774349e-08, 'hidden_layer_sizes': 137, 'learning_rate_init': 0.010103823639558317, 'tol': 0.005294298550608413, 'validation_fraction': 0.6487673809407918}
observation time 0.000006, current best 45.683013 at iter 14
saving meta data: {'args': {'--uuid': 'f861511a7476593ba5a9efa0d911b87d', '-db-root': '/home/ryedida/bbo_challenge_starter_kit/output', '--opt-root': '/home/ryedida/bbo_challenge_starter_kit/example_submissions', '--data-root': None, '--db': 'run_20230425_034200', '--opt': 'smoothness', '--data': 'diabetes', '--classifier': 'MLP-adam', '--metric': 'mae', '--calls': 15, '--suggestions': 1, '--jobs-file': None, '--verbose': False, 'dry_run': False, 'rev': 'a376313', 'opt_rev': 'x.x.x'}, 'signature': ([{'alpha': 0.019628224813442792, 'batch_size': 182, 'beta_1': 0.9410202200271762, 'beta_2': 0.9998021557676793, 'epsilon': 1.8662266976518e-08, 'hidden_layer_sizes': 147, 'learning_rate_init': 0.0005627932047415167, 'tol': 0.03690557729213761, 'validation_fraction': 0.8846827852548593}, {'alpha': 0.0019982467392329444, 'batch_size': 200, 'beta_1': 0.919111482530466, 'beta_2': 0.9998488260436156, 'epsilon': 5.981221901152555e-07, 'hidden_layer_sizes': 61, 'learning_rate_init': 2.2310905607443014e-05, 'tol': 1.2046852412030316e-05, 'validation_fraction': 0.8117896445826539}, {'alpha': 0.46659545670218433, 'batch_size': 219, 'beta_1': 0.9889789783750891, 'beta_2': 0.9999896868093284, 'epsilon': 2.4234724484675948e-08, 'hidden_layer_sizes': 167, 'learning_rate_init': 2.972334644335654e-05, 'tol': 0.0036281404040243792, 'validation_fraction': 0.17260651658522078}, {'alpha': 4.656005689076002, 'batch_size': 135, 'beta_1': 0.870503881627747, 'beta_2': 0.9948873266941017, 'epsilon': 2.1023308743480125e-07, 'hidden_layer_sizes': 118, 'learning_rate_init': 0.0018781738757161913, 'tol': 1.1889379831773004e-05, 'validation_fraction': 0.6264327093752792}, {'alpha': 0.04705159350400542, 'batch_size': 158, 'beta_1': 0.9870884262730957, 'beta_2': 0.9999596874382349, 'epsilon': 1.1981845126013875e-08, 'hidden_layer_sizes': 116, 'learning_rate_init': 0.00617340520407431, 'tol': 1.741413418158619e-05, 'validation_fraction': 0.6754299026638921}], [151.4971925380264, 151.42763539278994, 151.47026299046811, 136.86202504264318, 75.2055865763391])}
saving results
saving timing
saving suggest log
done
