running: {'--uuid': 'fde52e70ca7653b4af4e8d363534cb1b', '-db-root': '/home/ryedida/bbo_challenge_starter_kit/output', '--opt-root': '/home/ryedida/bbo_challenge_starter_kit/example_submissions', '--data-root': None, '--db': 'run_20230425_034200', '--opt': 'smoothness', '--data': 'diabetes', '--classifier': 'MLP-adam', '--metric': 'mse', '--calls': 15, '--suggestions': 1, '--jobs-file': None, '--verbose': False, 'dry_run': False, 'rev': 'a376313', 'opt_rev': 'x.x.x'}
cmd: python smoothness/optimizer.py -c MLP-adam -d diabetes -o smoothness -u fde52e70ca7653b4af4e8d363534cb1b -m mse -n 15 -p 1 -dir /home/ryedida/bbo_challenge_starter_kit/output -b run_20230425_034200
/home/ryedida/.local/lib/python3.9/site-packages/sklearn/neural_network/_multilayer_perceptron.py:605: UserWarning: Got `batch_size` less than 1 or larger than sample size. It is going to be clipped
  warnings.warn(

/home/ryedida/.local/lib/python3.9/site-packages/sklearn/neural_network/_multilayer_perceptron.py:605: UserWarning: Got `batch_size` less than 1 or larger than sample size. It is going to be clipped
  warnings.warn(

/home/ryedida/.local/lib/python3.9/site-packages/sklearn/neural_network/_multilayer_perceptron.py:605: UserWarning: Got `batch_size` less than 1 or larger than sample size. It is going to be clipped
  warnings.warn(

/home/ryedida/.local/lib/python3.9/site-packages/sklearn/neural_network/_multilayer_perceptron.py:686: ConvergenceWarning: Stochastic Optimizer: Maximum iterations (200) reached and the optimization hasn't converged yet.
  warnings.warn(

/home/ryedida/.local/lib/python3.9/site-packages/sklearn/neural_network/_multilayer_perceptron.py:605: UserWarning: Got `batch_size` less than 1 or larger than sample size. It is going to be clipped
  warnings.warn(

/home/ryedida/.local/lib/python3.9/site-packages/sklearn/neural_network/_multilayer_perceptron.py:686: ConvergenceWarning: Stochastic Optimizer: Maximum iterations (200) reached and the optimization hasn't converged yet.
  warnings.warn(

computed signature: ([{'alpha': 0.019628224813442792, 'batch_size': 182, 'beta_1': 0.9410202200271762, 'beta_2': 0.9998021557676793, 'epsilon': 1.8662266976518e-08, 'hidden_layer_sizes': 147, 'learning_rate_init': 0.0005627932047415167, 'tol': 0.03690557729213761, 'validation_fraction': 0.8846827852548593}, {'alpha': 0.0019982467392329444, 'batch_size': 200, 'beta_1': 0.919111482530466, 'beta_2': 0.9998488260436156, 'epsilon': 5.981221901152555e-07, 'hidden_layer_sizes': 61, 'learning_rate_init': 2.2310905607443014e-05, 'tol': 1.2046852412030316e-05, 'validation_fraction': 0.8117896445826539}, {'alpha': 0.46659545670218433, 'batch_size': 219, 'beta_1': 0.9889789783750891, 'beta_2': 0.9999896868093284, 'epsilon': 2.4234724484675948e-08, 'hidden_layer_sizes': 167, 'learning_rate_init': 2.972334644335654e-05, 'tol': 0.0036281404040243792, 'validation_fraction': 0.17260651658522078}, {'alpha': 4.656005689076002, 'batch_size': 135, 'beta_1': 0.870503881627747, 'beta_2': 0.9948873266941017, 'epsilon': 2.1023308743480125e-07, 'hidden_layer_sizes': 118, 'learning_rate_init': 0.0018781738757161913, 'tol': 1.1889379831773004e-05, 'validation_fraction': 0.6264327093752792}, {'alpha': 0.04705159350400542, 'batch_size': 158, 'beta_1': 0.9870884262730957, 'beta_2': 0.9999596874382349, 'epsilon': 1.1981845126013875e-08, 'hidden_layer_sizes': 116, 'learning_rate_init': 0.00617340520407431, 'tol': 1.741413418158619e-05, 'validation_fraction': 0.6754299026638921}], [29083.993548572587, 29062.423277324073, 29075.78987471409, 24626.32866834337, 9584.226858493177])
Signature errors:
                              0         1         2         3         4       max
MLP-adam_diabetes_mse  0.000007  0.000008  0.000003  0.003558  0.004952  0.004952
max                    0.000007  0.000008  0.000003  0.003558  0.004952  0.004952
starting sklearn study smoothness MLP-adam diabetes mse 15 1
with data root: None
Failure in optimizer suggest. Falling back to random search.
name 'activ' is not defined
Traceback (most recent call last):
  File "/home/ryedida/.local/lib/python3.9/site-packages/bayesmark/experiment.py", line 126, in run_study
    next_points = optimizer.suggest(n_suggestions)
  File "/home/ryedida/bbo_challenge_starter_kit/example_submissions/smoothness/optimizer.py", line 105, in suggest
    betas = [self._get_smoothness_reg(guess) for guess in guesses]
  File "/home/ryedida/bbo_challenge_starter_kit/example_submissions/smoothness/optimizer.py", line 105, in <listcomp>
    betas = [self._get_smoothness_reg(guess) for guess in guesses]
  File "/home/ryedida/bbo_challenge_starter_kit/example_submissions/smoothness/optimizer.py", line 48, in _get_smoothness_reg
    if activ > Kz:
NameError: name 'activ' is not defined
suggestion time taken 0.499752 iter 0 next_points [{'alpha': 0.1329574122106538, 'batch_size': 120, 'beta_1': 0.7316515927077794, 'beta_2': 0.9999965942713159, 'epsilon': 5.045511727505687e-07, 'hidden_layer_sizes': 119, 'learning_rate_init': 1.0625848405033597e-05, 'tol': 0.0002132014028930304, 'validation_fraction': 0.6867217842729801}]
/home/ryedida/.local/lib/python3.9/site-packages/sklearn/neural_network/_multilayer_perceptron.py:605: UserWarning: Got `batch_size` less than 1 or larger than sample size. It is going to be clipped
  warnings.warn(

function_evaluation time 0.053815 value 29123.000796 suggestion {'alpha': 0.1329574122106538, 'batch_size': 120, 'beta_1': 0.7316515927077794, 'beta_2': 0.9999965942713159, 'epsilon': 5.045511727505687e-07, 'hidden_layer_sizes': 119, 'learning_rate_init': 1.0625848405033597e-05, 'tol': 0.0002132014028930304, 'validation_fraction': 0.6867217842729801}
observation time 0.000007, current best 29123.000796 at iter 0
Failure in optimizer suggest. Falling back to random search.
name 'activ' is not defined
Traceback (most recent call last):
  File "/home/ryedida/.local/lib/python3.9/site-packages/bayesmark/experiment.py", line 126, in run_study
    next_points = optimizer.suggest(n_suggestions)
  File "/home/ryedida/bbo_challenge_starter_kit/example_submissions/smoothness/optimizer.py", line 105, in suggest
    betas = [self._get_smoothness_reg(guess) for guess in guesses]
  File "/home/ryedida/bbo_challenge_starter_kit/example_submissions/smoothness/optimizer.py", line 105, in <listcomp>
    betas = [self._get_smoothness_reg(guess) for guess in guesses]
  File "/home/ryedida/bbo_challenge_starter_kit/example_submissions/smoothness/optimizer.py", line 48, in _get_smoothness_reg
    if activ > Kz:
NameError: name 'activ' is not defined
suggestion time taken 0.333702 iter 1 next_points [{'alpha': 2.4459762199671453, 'batch_size': 171, 'beta_1': 0.924994035062128, 'beta_2': 0.9990120666810199, 'epsilon': 4.7625191273259265e-07, 'hidden_layer_sizes': 100, 'learning_rate_init': 0.0006795180607704161, 'tol': 0.0007403855743639645, 'validation_fraction': 0.18220426216421717}]
/home/ryedida/.local/lib/python3.9/site-packages/sklearn/neural_network/_multilayer_perceptron.py:686: ConvergenceWarning: Stochastic Optimizer: Maximum iterations (200) reached and the optimization hasn't converged yet.
  warnings.warn(

function_evaluation time 1.095825 value 26477.498162 suggestion {'alpha': 2.4459762199671453, 'batch_size': 171, 'beta_1': 0.924994035062128, 'beta_2': 0.9990120666810199, 'epsilon': 4.7625191273259265e-07, 'hidden_layer_sizes': 100, 'learning_rate_init': 0.0006795180607704161, 'tol': 0.0007403855743639645, 'validation_fraction': 0.18220426216421717}
observation time 0.000005, current best 26477.498162 at iter 1
Failure in optimizer suggest. Falling back to random search.
name 'activ' is not defined
Traceback (most recent call last):
  File "/home/ryedida/.local/lib/python3.9/site-packages/bayesmark/experiment.py", line 126, in run_study
    next_points = optimizer.suggest(n_suggestions)
  File "/home/ryedida/bbo_challenge_starter_kit/example_submissions/smoothness/optimizer.py", line 105, in suggest
    betas = [self._get_smoothness_reg(guess) for guess in guesses]
  File "/home/ryedida/bbo_challenge_starter_kit/example_submissions/smoothness/optimizer.py", line 105, in <listcomp>
    betas = [self._get_smoothness_reg(guess) for guess in guesses]
  File "/home/ryedida/bbo_challenge_starter_kit/example_submissions/smoothness/optimizer.py", line 48, in _get_smoothness_reg
    if activ > Kz:
NameError: name 'activ' is not defined
suggestion time taken 0.328486 iter 2 next_points [{'alpha': 0.10965529477601589, 'batch_size': 210, 'beta_1': 0.9676382336495811, 'beta_2': 0.9999952678777021, 'epsilon': 6.5256932607621366e-09, 'hidden_layer_sizes': 153, 'learning_rate_init': 0.04008828090040496, 'tol': 1.5428811319023163e-05, 'validation_fraction': 0.10973027353448374}]
function_evaluation time 0.228115 value 4280.694914 suggestion {'alpha': 0.10965529477601589, 'batch_size': 210, 'beta_1': 0.9676382336495811, 'beta_2': 0.9999952678777021, 'epsilon': 6.5256932607621366e-09, 'hidden_layer_sizes': 153, 'learning_rate_init': 0.04008828090040496, 'tol': 1.5428811319023163e-05, 'validation_fraction': 0.10973027353448374}
observation time 0.000006, current best 4280.694914 at iter 2
Failure in optimizer suggest. Falling back to random search.
name 'activ' is not defined
Traceback (most recent call last):
  File "/home/ryedida/.local/lib/python3.9/site-packages/bayesmark/experiment.py", line 126, in run_study
    next_points = optimizer.suggest(n_suggestions)
  File "/home/ryedida/bbo_challenge_starter_kit/example_submissions/smoothness/optimizer.py", line 105, in suggest
    betas = [self._get_smoothness_reg(guess) for guess in guesses]
  File "/home/ryedida/bbo_challenge_starter_kit/example_submissions/smoothness/optimizer.py", line 105, in <listcomp>
    betas = [self._get_smoothness_reg(guess) for guess in guesses]
  File "/home/ryedida/bbo_challenge_starter_kit/example_submissions/smoothness/optimizer.py", line 48, in _get_smoothness_reg
    if activ > Kz:
NameError: name 'activ' is not defined
suggestion time taken 0.330048 iter 3 next_points [{'alpha': 0.17543494016087305, 'batch_size': 234, 'beta_1': 0.8055912549720826, 'beta_2': 0.9999327662252276, 'epsilon': 7.280549288303629e-08, 'hidden_layer_sizes': 177, 'learning_rate_init': 4.7776579140295024e-05, 'tol': 0.0017348946990788836, 'validation_fraction': 0.6058488335926009}]
/home/ryedida/.local/lib/python3.9/site-packages/sklearn/neural_network/_multilayer_perceptron.py:605: UserWarning: Got `batch_size` less than 1 or larger than sample size. It is going to be clipped
  warnings.warn(

function_evaluation time 0.063702 value 29074.868280 suggestion {'alpha': 0.17543494016087305, 'batch_size': 234, 'beta_1': 0.8055912549720826, 'beta_2': 0.9999327662252276, 'epsilon': 7.280549288303629e-08, 'hidden_layer_sizes': 177, 'learning_rate_init': 4.7776579140295024e-05, 'tol': 0.0017348946990788836, 'validation_fraction': 0.6058488335926009}
observation time 0.000005, current best 4280.694914 at iter 3
Failure in optimizer suggest. Falling back to random search.
name 'activ' is not defined
Traceback (most recent call last):
  File "/home/ryedida/.local/lib/python3.9/site-packages/bayesmark/experiment.py", line 126, in run_study
    next_points = optimizer.suggest(n_suggestions)
  File "/home/ryedida/bbo_challenge_starter_kit/example_submissions/smoothness/optimizer.py", line 105, in suggest
    betas = [self._get_smoothness_reg(guess) for guess in guesses]
  File "/home/ryedida/bbo_challenge_starter_kit/example_submissions/smoothness/optimizer.py", line 105, in <listcomp>
    betas = [self._get_smoothness_reg(guess) for guess in guesses]
  File "/home/ryedida/bbo_challenge_starter_kit/example_submissions/smoothness/optimizer.py", line 48, in _get_smoothness_reg
    if activ > Kz:
NameError: name 'activ' is not defined
suggestion time taken 0.342042 iter 4 next_points [{'alpha': 0.0012944324099858082, 'batch_size': 236, 'beta_1': 0.9526614600100821, 'beta_2': 0.9969321656859355, 'epsilon': 2.343321448292597e-09, 'hidden_layer_sizes': 180, 'learning_rate_init': 0.00017754249496609092, 'tol': 0.0002396724394297692, 'validation_fraction': 0.5740374100068345}]
/home/ryedida/.local/lib/python3.9/site-packages/sklearn/neural_network/_multilayer_perceptron.py:605: UserWarning: Got `batch_size` less than 1 or larger than sample size. It is going to be clipped
  warnings.warn(

function_evaluation time 0.066670 value 29090.408834 suggestion {'alpha': 0.0012944324099858082, 'batch_size': 236, 'beta_1': 0.9526614600100821, 'beta_2': 0.9969321656859355, 'epsilon': 2.343321448292597e-09, 'hidden_layer_sizes': 180, 'learning_rate_init': 0.00017754249496609092, 'tol': 0.0002396724394297692, 'validation_fraction': 0.5740374100068345}
observation time 0.000006, current best 4280.694914 at iter 4
Failure in optimizer suggest. Falling back to random search.
name 'activ' is not defined
Traceback (most recent call last):
  File "/home/ryedida/.local/lib/python3.9/site-packages/bayesmark/experiment.py", line 126, in run_study
    next_points = optimizer.suggest(n_suggestions)
  File "/home/ryedida/bbo_challenge_starter_kit/example_submissions/smoothness/optimizer.py", line 105, in suggest
    betas = [self._get_smoothness_reg(guess) for guess in guesses]
  File "/home/ryedida/bbo_challenge_starter_kit/example_submissions/smoothness/optimizer.py", line 105, in <listcomp>
    betas = [self._get_smoothness_reg(guess) for guess in guesses]
  File "/home/ryedida/bbo_challenge_starter_kit/example_submissions/smoothness/optimizer.py", line 48, in _get_smoothness_reg
    if activ > Kz:
NameError: name 'activ' is not defined
suggestion time taken 0.334850 iter 5 next_points [{'alpha': 2.0679926869344434, 'batch_size': 203, 'beta_1': 0.9804844716205063, 'beta_2': 0.9994585026083861, 'epsilon': 8.395317791765313e-09, 'hidden_layer_sizes': 195, 'learning_rate_init': 0.00018091585104002648, 'tol': 0.00012584717265512073, 'validation_fraction': 0.8907912239977577}]
/home/ryedida/.local/lib/python3.9/site-packages/sklearn/neural_network/_multilayer_perceptron.py:605: UserWarning: Got `batch_size` less than 1 or larger than sample size. It is going to be clipped
  warnings.warn(

/home/ryedida/.local/lib/python3.9/site-packages/sklearn/neural_network/_multilayer_perceptron.py:686: ConvergenceWarning: Stochastic Optimizer: Maximum iterations (200) reached and the optimization hasn't converged yet.
  warnings.warn(

function_evaluation time 0.775663 value 28915.857373 suggestion {'alpha': 2.0679926869344434, 'batch_size': 203, 'beta_1': 0.9804844716205063, 'beta_2': 0.9994585026083861, 'epsilon': 8.395317791765313e-09, 'hidden_layer_sizes': 195, 'learning_rate_init': 0.00018091585104002648, 'tol': 0.00012584717265512073, 'validation_fraction': 0.8907912239977577}
observation time 0.000006, current best 4280.694914 at iter 5
Failure in optimizer suggest. Falling back to random search.
name 'activ' is not defined
Traceback (most recent call last):
  File "/home/ryedida/.local/lib/python3.9/site-packages/bayesmark/experiment.py", line 126, in run_study
    next_points = optimizer.suggest(n_suggestions)
  File "/home/ryedida/bbo_challenge_starter_kit/example_submissions/smoothness/optimizer.py", line 105, in suggest
    betas = [self._get_smoothness_reg(guess) for guess in guesses]
  File "/home/ryedida/bbo_challenge_starter_kit/example_submissions/smoothness/optimizer.py", line 105, in <listcomp>
    betas = [self._get_smoothness_reg(guess) for guess in guesses]
  File "/home/ryedida/bbo_challenge_starter_kit/example_submissions/smoothness/optimizer.py", line 48, in _get_smoothness_reg
    if activ > Kz:
NameError: name 'activ' is not defined
suggestion time taken 0.352512 iter 6 next_points [{'alpha': 0.2789457417440399, 'batch_size': 240, 'beta_1': 0.978823001587396, 'beta_2': 0.9442983390910759, 'epsilon': 1.0405985925362801e-09, 'hidden_layer_sizes': 67, 'learning_rate_init': 0.001471907455004583, 'tol': 0.08311249618039343, 'validation_fraction': 0.6428288156530667}]
/home/ryedida/.local/lib/python3.9/site-packages/sklearn/neural_network/_multilayer_perceptron.py:605: UserWarning: Got `batch_size` less than 1 or larger than sample size. It is going to be clipped
  warnings.warn(

function_evaluation time 0.047855 value 29065.151390 suggestion {'alpha': 0.2789457417440399, 'batch_size': 240, 'beta_1': 0.978823001587396, 'beta_2': 0.9442983390910759, 'epsilon': 1.0405985925362801e-09, 'hidden_layer_sizes': 67, 'learning_rate_init': 0.001471907455004583, 'tol': 0.08311249618039343, 'validation_fraction': 0.6428288156530667}
observation time 0.000005, current best 4280.694914 at iter 6
Failure in optimizer suggest. Falling back to random search.
name 'activ' is not defined
Traceback (most recent call last):
  File "/home/ryedida/.local/lib/python3.9/site-packages/bayesmark/experiment.py", line 126, in run_study
    next_points = optimizer.suggest(n_suggestions)
  File "/home/ryedida/bbo_challenge_starter_kit/example_submissions/smoothness/optimizer.py", line 105, in suggest
    betas = [self._get_smoothness_reg(guess) for guess in guesses]
  File "/home/ryedida/bbo_challenge_starter_kit/example_submissions/smoothness/optimizer.py", line 105, in <listcomp>
    betas = [self._get_smoothness_reg(guess) for guess in guesses]
  File "/home/ryedida/bbo_challenge_starter_kit/example_submissions/smoothness/optimizer.py", line 48, in _get_smoothness_reg
    if activ > Kz:
NameError: name 'activ' is not defined
suggestion time taken 0.461887 iter 7 next_points [{'alpha': 0.00012061047699409586, 'batch_size': 195, 'beta_1': 0.7756309021842701, 'beta_2': 0.9999986479783981, 'epsilon': 5.152426624651815e-07, 'hidden_layer_sizes': 195, 'learning_rate_init': 1.023769195831173e-05, 'tol': 1.378398198589599e-05, 'validation_fraction': 0.19925171564465094}]
/home/ryedida/.local/lib/python3.9/site-packages/sklearn/neural_network/_multilayer_perceptron.py:686: ConvergenceWarning: Stochastic Optimizer: Maximum iterations (200) reached and the optimization hasn't converged yet.
  warnings.warn(

function_evaluation time 1.457261 value 29099.293796 suggestion {'alpha': 0.00012061047699409586, 'batch_size': 195, 'beta_1': 0.7756309021842701, 'beta_2': 0.9999986479783981, 'epsilon': 5.152426624651815e-07, 'hidden_layer_sizes': 195, 'learning_rate_init': 1.023769195831173e-05, 'tol': 1.378398198589599e-05, 'validation_fraction': 0.19925171564465094}
observation time 0.000007, current best 4280.694914 at iter 7
Failure in optimizer suggest. Falling back to random search.
name 'activ' is not defined
Traceback (most recent call last):
  File "/home/ryedida/.local/lib/python3.9/site-packages/bayesmark/experiment.py", line 126, in run_study
    next_points = optimizer.suggest(n_suggestions)
  File "/home/ryedida/bbo_challenge_starter_kit/example_submissions/smoothness/optimizer.py", line 105, in suggest
    betas = [self._get_smoothness_reg(guess) for guess in guesses]
  File "/home/ryedida/bbo_challenge_starter_kit/example_submissions/smoothness/optimizer.py", line 105, in <listcomp>
    betas = [self._get_smoothness_reg(guess) for guess in guesses]
  File "/home/ryedida/bbo_challenge_starter_kit/example_submissions/smoothness/optimizer.py", line 48, in _get_smoothness_reg
    if activ > Kz:
NameError: name 'activ' is not defined
suggestion time taken 0.326203 iter 8 next_points [{'alpha': 2.767503907018904, 'batch_size': 80, 'beta_1': 0.7117756816939029, 'beta_2': 0.9990286434695039, 'epsilon': 1.5460105924760562e-07, 'hidden_layer_sizes': 146, 'learning_rate_init': 0.0045963155476758276, 'tol': 0.00014132597689394652, 'validation_fraction': 0.24995934236438458}]
/home/ryedida/.local/lib/python3.9/site-packages/sklearn/neural_network/_multilayer_perceptron.py:686: ConvergenceWarning: Stochastic Optimizer: Maximum iterations (200) reached and the optimization hasn't converged yet.
  warnings.warn(

function_evaluation time 1.466338 value 3242.830203 suggestion {'alpha': 2.767503907018904, 'batch_size': 80, 'beta_1': 0.7117756816939029, 'beta_2': 0.9990286434695039, 'epsilon': 1.5460105924760562e-07, 'hidden_layer_sizes': 146, 'learning_rate_init': 0.0045963155476758276, 'tol': 0.00014132597689394652, 'validation_fraction': 0.24995934236438458}
observation time 0.000005, current best 3242.830203 at iter 8
Failure in optimizer suggest. Falling back to random search.
name 'activ' is not defined
Traceback (most recent call last):
  File "/home/ryedida/.local/lib/python3.9/site-packages/bayesmark/experiment.py", line 126, in run_study
    next_points = optimizer.suggest(n_suggestions)
  File "/home/ryedida/bbo_challenge_starter_kit/example_submissions/smoothness/optimizer.py", line 105, in suggest
    betas = [self._get_smoothness_reg(guess) for guess in guesses]
  File "/home/ryedida/bbo_challenge_starter_kit/example_submissions/smoothness/optimizer.py", line 105, in <listcomp>
    betas = [self._get_smoothness_reg(guess) for guess in guesses]
  File "/home/ryedida/bbo_challenge_starter_kit/example_submissions/smoothness/optimizer.py", line 48, in _get_smoothness_reg
    if activ > Kz:
NameError: name 'activ' is not defined
suggestion time taken 0.321411 iter 9 next_points [{'alpha': 1.3966424931950846e-05, 'batch_size': 26, 'beta_1': 0.9047971379350848, 'beta_2': 0.9999640029733716, 'epsilon': 4.54304138959243e-08, 'hidden_layer_sizes': 154, 'learning_rate_init': 0.0007513744157646484, 'tol': 0.0002634192877916958, 'validation_fraction': 0.8800010922999478}]
/home/ryedida/.local/lib/python3.9/site-packages/sklearn/neural_network/_multilayer_perceptron.py:686: ConvergenceWarning: Stochastic Optimizer: Maximum iterations (200) reached and the optimization hasn't converged yet.
  warnings.warn(

function_evaluation time 0.964637 value 24584.929069 suggestion {'alpha': 1.3966424931950846e-05, 'batch_size': 26, 'beta_1': 0.9047971379350848, 'beta_2': 0.9999640029733716, 'epsilon': 4.54304138959243e-08, 'hidden_layer_sizes': 154, 'learning_rate_init': 0.0007513744157646484, 'tol': 0.0002634192877916958, 'validation_fraction': 0.8800010922999478}
observation time 0.000005, current best 3242.830203 at iter 9
Failure in optimizer suggest. Falling back to random search.
name 'activ' is not defined
Traceback (most recent call last):
  File "/home/ryedida/.local/lib/python3.9/site-packages/bayesmark/experiment.py", line 126, in run_study
    next_points = optimizer.suggest(n_suggestions)
  File "/home/ryedida/bbo_challenge_starter_kit/example_submissions/smoothness/optimizer.py", line 105, in suggest
    betas = [self._get_smoothness_reg(guess) for guess in guesses]
  File "/home/ryedida/bbo_challenge_starter_kit/example_submissions/smoothness/optimizer.py", line 105, in <listcomp>
    betas = [self._get_smoothness_reg(guess) for guess in guesses]
  File "/home/ryedida/bbo_challenge_starter_kit/example_submissions/smoothness/optimizer.py", line 48, in _get_smoothness_reg
    if activ > Kz:
NameError: name 'activ' is not defined
suggestion time taken 0.319254 iter 10 next_points [{'alpha': 0.0005250942329871865, 'batch_size': 151, 'beta_1': 0.6765944176255472, 'beta_2': 0.9998016370925599, 'epsilon': 2.908957826918456e-07, 'hidden_layer_sizes': 125, 'learning_rate_init': 0.023047121391260392, 'tol': 0.0001906440147748721, 'validation_fraction': 0.45023951974438525}]
function_evaluation time 0.580057 value 3224.440474 suggestion {'alpha': 0.0005250942329871865, 'batch_size': 151, 'beta_1': 0.6765944176255472, 'beta_2': 0.9998016370925599, 'epsilon': 2.908957826918456e-07, 'hidden_layer_sizes': 125, 'learning_rate_init': 0.023047121391260392, 'tol': 0.0001906440147748721, 'validation_fraction': 0.45023951974438525}
observation time 0.000005, current best 3224.440474 at iter 10
Failure in optimizer suggest. Falling back to random search.
name 'activ' is not defined
Traceback (most recent call last):
  File "/home/ryedida/.local/lib/python3.9/site-packages/bayesmark/experiment.py", line 126, in run_study
    next_points = optimizer.suggest(n_suggestions)
  File "/home/ryedida/bbo_challenge_starter_kit/example_submissions/smoothness/optimizer.py", line 105, in suggest
    betas = [self._get_smoothness_reg(guess) for guess in guesses]
  File "/home/ryedida/bbo_challenge_starter_kit/example_submissions/smoothness/optimizer.py", line 105, in <listcomp>
    betas = [self._get_smoothness_reg(guess) for guess in guesses]
  File "/home/ryedida/bbo_challenge_starter_kit/example_submissions/smoothness/optimizer.py", line 48, in _get_smoothness_reg
    if activ > Kz:
NameError: name 'activ' is not defined
suggestion time taken 0.318089 iter 11 next_points [{'alpha': 7.233162709240929, 'batch_size': 154, 'beta_1': 0.8715330205979789, 'beta_2': 0.9998064954639941, 'epsilon': 1.1298107691479053e-09, 'hidden_layer_sizes': 81, 'learning_rate_init': 0.006656610358958063, 'tol': 0.05537309449375083, 'validation_fraction': 0.24592212135094516}]
function_evaluation time 0.065291 value 28344.217366 suggestion {'alpha': 7.233162709240929, 'batch_size': 154, 'beta_1': 0.8715330205979789, 'beta_2': 0.9998064954639941, 'epsilon': 1.1298107691479053e-09, 'hidden_layer_sizes': 81, 'learning_rate_init': 0.006656610358958063, 'tol': 0.05537309449375083, 'validation_fraction': 0.24592212135094516}
observation time 0.000006, current best 3224.440474 at iter 11
Failure in optimizer suggest. Falling back to random search.
name 'activ' is not defined
Traceback (most recent call last):
  File "/home/ryedida/.local/lib/python3.9/site-packages/bayesmark/experiment.py", line 126, in run_study
    next_points = optimizer.suggest(n_suggestions)
  File "/home/ryedida/bbo_challenge_starter_kit/example_submissions/smoothness/optimizer.py", line 105, in suggest
    betas = [self._get_smoothness_reg(guess) for guess in guesses]
  File "/home/ryedida/bbo_challenge_starter_kit/example_submissions/smoothness/optimizer.py", line 105, in <listcomp>
    betas = [self._get_smoothness_reg(guess) for guess in guesses]
  File "/home/ryedida/bbo_challenge_starter_kit/example_submissions/smoothness/optimizer.py", line 48, in _get_smoothness_reg
    if activ > Kz:
NameError: name 'activ' is not defined
suggestion time taken 0.318715 iter 12 next_points [{'alpha': 0.0002415662877299389, 'batch_size': 85, 'beta_1': 0.8837702028629695, 'beta_2': 0.9999967361042199, 'epsilon': 5.110470826201502e-09, 'hidden_layer_sizes': 157, 'learning_rate_init': 0.00031569641226922827, 'tol': 0.03218866083052043, 'validation_fraction': 0.4923363471769205}]
function_evaluation time 0.079557 value 29061.767644 suggestion {'alpha': 0.0002415662877299389, 'batch_size': 85, 'beta_1': 0.8837702028629695, 'beta_2': 0.9999967361042199, 'epsilon': 5.110470826201502e-09, 'hidden_layer_sizes': 157, 'learning_rate_init': 0.00031569641226922827, 'tol': 0.03218866083052043, 'validation_fraction': 0.4923363471769205}
observation time 0.000005, current best 3224.440474 at iter 12
Failure in optimizer suggest. Falling back to random search.
name 'activ' is not defined
Traceback (most recent call last):
  File "/home/ryedida/.local/lib/python3.9/site-packages/bayesmark/experiment.py", line 126, in run_study
    next_points = optimizer.suggest(n_suggestions)
  File "/home/ryedida/bbo_challenge_starter_kit/example_submissions/smoothness/optimizer.py", line 105, in suggest
    betas = [self._get_smoothness_reg(guess) for guess in guesses]
  File "/home/ryedida/bbo_challenge_starter_kit/example_submissions/smoothness/optimizer.py", line 105, in <listcomp>
    betas = [self._get_smoothness_reg(guess) for guess in guesses]
  File "/home/ryedida/bbo_challenge_starter_kit/example_submissions/smoothness/optimizer.py", line 48, in _get_smoothness_reg
    if activ > Kz:
NameError: name 'activ' is not defined
suggestion time taken 0.317294 iter 13 next_points [{'alpha': 7.334570081266267e-05, 'batch_size': 78, 'beta_1': 0.5504635559103622, 'beta_2': 0.9973157687243157, 'epsilon': 1.4631251423473855e-09, 'hidden_layer_sizes': 157, 'learning_rate_init': 0.04213770296754989, 'tol': 0.07099773868425205, 'validation_fraction': 0.8824304645924835}]
/home/ryedida/.local/lib/python3.9/site-packages/sklearn/neural_network/_multilayer_perceptron.py:605: UserWarning: Got `batch_size` less than 1 or larger than sample size. It is going to be clipped
  warnings.warn(

function_evaluation time 0.141770 value 3680.088457 suggestion {'alpha': 7.334570081266267e-05, 'batch_size': 78, 'beta_1': 0.5504635559103622, 'beta_2': 0.9973157687243157, 'epsilon': 1.4631251423473855e-09, 'hidden_layer_sizes': 157, 'learning_rate_init': 0.04213770296754989, 'tol': 0.07099773868425205, 'validation_fraction': 0.8824304645924835}
observation time 0.000005, current best 3224.440474 at iter 13
Failure in optimizer suggest. Falling back to random search.
name 'activ' is not defined
Traceback (most recent call last):
  File "/home/ryedida/.local/lib/python3.9/site-packages/bayesmark/experiment.py", line 126, in run_study
    next_points = optimizer.suggest(n_suggestions)
  File "/home/ryedida/bbo_challenge_starter_kit/example_submissions/smoothness/optimizer.py", line 105, in suggest
    betas = [self._get_smoothness_reg(guess) for guess in guesses]
  File "/home/ryedida/bbo_challenge_starter_kit/example_submissions/smoothness/optimizer.py", line 105, in <listcomp>
    betas = [self._get_smoothness_reg(guess) for guess in guesses]
  File "/home/ryedida/bbo_challenge_starter_kit/example_submissions/smoothness/optimizer.py", line 48, in _get_smoothness_reg
    if activ > Kz:
NameError: name 'activ' is not defined
suggestion time taken 0.321585 iter 14 next_points [{'alpha': 2.1008885285201613, 'batch_size': 116, 'beta_1': 0.8785364862261896, 'beta_2': 0.9446785652960277, 'epsilon': 2.359466261152891e-08, 'hidden_layer_sizes': 104, 'learning_rate_init': 0.024009963536438597, 'tol': 3.495854547967696e-05, 'validation_fraction': 0.6014821731031493}]
function_evaluation time 0.572695 value 3699.104766 suggestion {'alpha': 2.1008885285201613, 'batch_size': 116, 'beta_1': 0.8785364862261896, 'beta_2': 0.9446785652960277, 'epsilon': 2.359466261152891e-08, 'hidden_layer_sizes': 104, 'learning_rate_init': 0.024009963536438597, 'tol': 3.495854547967696e-05, 'validation_fraction': 0.6014821731031493}
observation time 0.000005, current best 3224.440474 at iter 14
saving meta data: {'args': {'--uuid': 'fde52e70ca7653b4af4e8d363534cb1b', '-db-root': '/home/ryedida/bbo_challenge_starter_kit/output', '--opt-root': '/home/ryedida/bbo_challenge_starter_kit/example_submissions', '--data-root': None, '--db': 'run_20230425_034200', '--opt': 'smoothness', '--data': 'diabetes', '--classifier': 'MLP-adam', '--metric': 'mse', '--calls': 15, '--suggestions': 1, '--jobs-file': None, '--verbose': False, 'dry_run': False, 'rev': 'a376313', 'opt_rev': 'x.x.x'}, 'signature': ([{'alpha': 0.019628224813442792, 'batch_size': 182, 'beta_1': 0.9410202200271762, 'beta_2': 0.9998021557676793, 'epsilon': 1.8662266976518e-08, 'hidden_layer_sizes': 147, 'learning_rate_init': 0.0005627932047415167, 'tol': 0.03690557729213761, 'validation_fraction': 0.8846827852548593}, {'alpha': 0.0019982467392329444, 'batch_size': 200, 'beta_1': 0.919111482530466, 'beta_2': 0.9998488260436156, 'epsilon': 5.981221901152555e-07, 'hidden_layer_sizes': 61, 'learning_rate_init': 2.2310905607443014e-05, 'tol': 1.2046852412030316e-05, 'validation_fraction': 0.8117896445826539}, {'alpha': 0.46659545670218433, 'batch_size': 219, 'beta_1': 0.9889789783750891, 'beta_2': 0.9999896868093284, 'epsilon': 2.4234724484675948e-08, 'hidden_layer_sizes': 167, 'learning_rate_init': 2.972334644335654e-05, 'tol': 0.0036281404040243792, 'validation_fraction': 0.17260651658522078}, {'alpha': 4.656005689076002, 'batch_size': 135, 'beta_1': 0.870503881627747, 'beta_2': 0.9948873266941017, 'epsilon': 2.1023308743480125e-07, 'hidden_layer_sizes': 118, 'learning_rate_init': 0.0018781738757161913, 'tol': 1.1889379831773004e-05, 'validation_fraction': 0.6264327093752792}, {'alpha': 0.04705159350400542, 'batch_size': 158, 'beta_1': 0.9870884262730957, 'beta_2': 0.9999596874382349, 'epsilon': 1.1981845126013875e-08, 'hidden_layer_sizes': 116, 'learning_rate_init': 0.00617340520407431, 'tol': 1.741413418158619e-05, 'validation_fraction': 0.6754299026638921}], [29083.993548572587, 29062.423277324073, 29075.78987471409, 24626.32866834337, 9584.226858493177])}
saving results
saving timing
saving suggest log
done
