running: {'--uuid': 'ff2f5ed076b1568ab2b94ebeebf47894', '-db-root': '/home/ryedida/bbo_challenge_starter_kit/output', '--opt-root': '/home/ryedida/bbo_challenge_starter_kit/example_submissions', '--data-root': None, '--db': 'run_20230425_034200', '--opt': 'smoothness', '--data': 'diabetes', '--classifier': 'MLP-adam', '--metric': 'mse', '--calls': 15, '--suggestions': 1, '--jobs-file': None, '--verbose': False, 'dry_run': False, 'rev': 'a376313', 'opt_rev': 'x.x.x'}
cmd: python smoothness/optimizer.py -c MLP-adam -d diabetes -o smoothness -u ff2f5ed076b1568ab2b94ebeebf47894 -m mse -n 15 -p 1 -dir /home/ryedida/bbo_challenge_starter_kit/output -b run_20230425_034200
/home/ryedida/.local/lib/python3.9/site-packages/sklearn/neural_network/_multilayer_perceptron.py:605: UserWarning: Got `batch_size` less than 1 or larger than sample size. It is going to be clipped
  warnings.warn(

/home/ryedida/.local/lib/python3.9/site-packages/sklearn/neural_network/_multilayer_perceptron.py:605: UserWarning: Got `batch_size` less than 1 or larger than sample size. It is going to be clipped
  warnings.warn(

/home/ryedida/.local/lib/python3.9/site-packages/sklearn/neural_network/_multilayer_perceptron.py:605: UserWarning: Got `batch_size` less than 1 or larger than sample size. It is going to be clipped
  warnings.warn(

/home/ryedida/.local/lib/python3.9/site-packages/sklearn/neural_network/_multilayer_perceptron.py:686: ConvergenceWarning: Stochastic Optimizer: Maximum iterations (200) reached and the optimization hasn't converged yet.
  warnings.warn(

/home/ryedida/.local/lib/python3.9/site-packages/sklearn/neural_network/_multilayer_perceptron.py:605: UserWarning: Got `batch_size` less than 1 or larger than sample size. It is going to be clipped
  warnings.warn(

/home/ryedida/.local/lib/python3.9/site-packages/sklearn/neural_network/_multilayer_perceptron.py:686: ConvergenceWarning: Stochastic Optimizer: Maximum iterations (200) reached and the optimization hasn't converged yet.
  warnings.warn(

computed signature: ([{'alpha': 0.019628224813442792, 'batch_size': 182, 'beta_1': 0.9410202200271762, 'beta_2': 0.9998021557676793, 'epsilon': 1.8662266976518e-08, 'hidden_layer_sizes': 147, 'learning_rate_init': 0.0005627932047415167, 'tol': 0.03690557729213761, 'validation_fraction': 0.8846827852548593}, {'alpha': 0.0019982467392329444, 'batch_size': 200, 'beta_1': 0.919111482530466, 'beta_2': 0.9998488260436156, 'epsilon': 5.981221901152555e-07, 'hidden_layer_sizes': 61, 'learning_rate_init': 2.2310905607443014e-05, 'tol': 1.2046852412030316e-05, 'validation_fraction': 0.8117896445826539}, {'alpha': 0.46659545670218433, 'batch_size': 219, 'beta_1': 0.9889789783750891, 'beta_2': 0.9999896868093284, 'epsilon': 2.4234724484675948e-08, 'hidden_layer_sizes': 167, 'learning_rate_init': 2.972334644335654e-05, 'tol': 0.0036281404040243792, 'validation_fraction': 0.17260651658522078}, {'alpha': 4.656005689076002, 'batch_size': 135, 'beta_1': 0.870503881627747, 'beta_2': 0.9948873266941017, 'epsilon': 2.1023308743480125e-07, 'hidden_layer_sizes': 118, 'learning_rate_init': 0.0018781738757161913, 'tol': 1.1889379831773004e-05, 'validation_fraction': 0.6264327093752792}, {'alpha': 0.04705159350400542, 'batch_size': 158, 'beta_1': 0.9870884262730957, 'beta_2': 0.9999596874382349, 'epsilon': 1.1981845126013875e-08, 'hidden_layer_sizes': 116, 'learning_rate_init': 0.00617340520407431, 'tol': 1.741413418158619e-05, 'validation_fraction': 0.6754299026638921}], [29083.993548572587, 29062.423277324073, 29075.78987471409, 24626.32866834337, 9584.226858493177])
Signature errors:
                              0         1         2         3         4       max
MLP-adam_diabetes_mse  0.000007  0.000008  0.000003  0.003558  0.004952  0.004952
max                    0.000007  0.000008  0.000003  0.003558  0.004952  0.004952
starting sklearn study smoothness MLP-adam diabetes mse 15 1
with data root: None
Failure in optimizer suggest. Falling back to random search.
name 'activ' is not defined
Traceback (most recent call last):
  File "/home/ryedida/.local/lib/python3.9/site-packages/bayesmark/experiment.py", line 126, in run_study
    next_points = optimizer.suggest(n_suggestions)
  File "/home/ryedida/bbo_challenge_starter_kit/example_submissions/smoothness/optimizer.py", line 105, in suggest
    betas = [self._get_smoothness_reg(guess) for guess in guesses]
  File "/home/ryedida/bbo_challenge_starter_kit/example_submissions/smoothness/optimizer.py", line 105, in <listcomp>
    betas = [self._get_smoothness_reg(guess) for guess in guesses]
  File "/home/ryedida/bbo_challenge_starter_kit/example_submissions/smoothness/optimizer.py", line 48, in _get_smoothness_reg
    if activ > Kz:
NameError: name 'activ' is not defined
suggestion time taken 0.494760 iter 0 next_points [{'alpha': 0.001726470998951501, 'batch_size': 219, 'beta_1': 0.9762502425121259, 'beta_2': 0.9997414938784489, 'epsilon': 2.8094375982210205e-09, 'hidden_layer_sizes': 69, 'learning_rate_init': 0.000246695590962526, 'tol': 0.0012579885985352813, 'validation_fraction': 0.7749812616218149}]
/home/ryedida/.local/lib/python3.9/site-packages/sklearn/neural_network/_multilayer_perceptron.py:605: UserWarning: Got `batch_size` less than 1 or larger than sample size. It is going to be clipped
  warnings.warn(

function_evaluation time 0.044583 value 29143.966535 suggestion {'alpha': 0.001726470998951501, 'batch_size': 219, 'beta_1': 0.9762502425121259, 'beta_2': 0.9997414938784489, 'epsilon': 2.8094375982210205e-09, 'hidden_layer_sizes': 69, 'learning_rate_init': 0.000246695590962526, 'tol': 0.0012579885985352813, 'validation_fraction': 0.7749812616218149}
observation time 0.000007, current best 29143.966535 at iter 0
Failure in optimizer suggest. Falling back to random search.
name 'activ' is not defined
Traceback (most recent call last):
  File "/home/ryedida/.local/lib/python3.9/site-packages/bayesmark/experiment.py", line 126, in run_study
    next_points = optimizer.suggest(n_suggestions)
  File "/home/ryedida/bbo_challenge_starter_kit/example_submissions/smoothness/optimizer.py", line 105, in suggest
    betas = [self._get_smoothness_reg(guess) for guess in guesses]
  File "/home/ryedida/bbo_challenge_starter_kit/example_submissions/smoothness/optimizer.py", line 105, in <listcomp>
    betas = [self._get_smoothness_reg(guess) for guess in guesses]
  File "/home/ryedida/bbo_challenge_starter_kit/example_submissions/smoothness/optimizer.py", line 48, in _get_smoothness_reg
    if activ > Kz:
NameError: name 'activ' is not defined
suggestion time taken 0.355402 iter 1 next_points [{'alpha': 0.0006772088937005837, 'batch_size': 247, 'beta_1': 0.8928458926788643, 'beta_2': 0.9999926085543163, 'epsilon': 4.126809678694402e-09, 'hidden_layer_sizes': 66, 'learning_rate_init': 0.007712595065877511, 'tol': 0.001041701966585563, 'validation_fraction': 0.8173164034724607}]
/home/ryedida/.local/lib/python3.9/site-packages/sklearn/neural_network/_multilayer_perceptron.py:605: UserWarning: Got `batch_size` less than 1 or larger than sample size. It is going to be clipped
  warnings.warn(

/home/ryedida/.local/lib/python3.9/site-packages/sklearn/neural_network/_multilayer_perceptron.py:686: ConvergenceWarning: Stochastic Optimizer: Maximum iterations (200) reached and the optimization hasn't converged yet.
  warnings.warn(

function_evaluation time 0.603990 value 5826.282317 suggestion {'alpha': 0.0006772088937005837, 'batch_size': 247, 'beta_1': 0.8928458926788643, 'beta_2': 0.9999926085543163, 'epsilon': 4.126809678694402e-09, 'hidden_layer_sizes': 66, 'learning_rate_init': 0.007712595065877511, 'tol': 0.001041701966585563, 'validation_fraction': 0.8173164034724607}
observation time 0.000005, current best 5826.282317 at iter 1
Failure in optimizer suggest. Falling back to random search.
name 'activ' is not defined
Traceback (most recent call last):
  File "/home/ryedida/.local/lib/python3.9/site-packages/bayesmark/experiment.py", line 126, in run_study
    next_points = optimizer.suggest(n_suggestions)
  File "/home/ryedida/bbo_challenge_starter_kit/example_submissions/smoothness/optimizer.py", line 105, in suggest
    betas = [self._get_smoothness_reg(guess) for guess in guesses]
  File "/home/ryedida/bbo_challenge_starter_kit/example_submissions/smoothness/optimizer.py", line 105, in <listcomp>
    betas = [self._get_smoothness_reg(guess) for guess in guesses]
  File "/home/ryedida/bbo_challenge_starter_kit/example_submissions/smoothness/optimizer.py", line 48, in _get_smoothness_reg
    if activ > Kz:
NameError: name 'activ' is not defined
suggestion time taken 0.328148 iter 2 next_points [{'alpha': 2.5036764118510053, 'batch_size': 41, 'beta_1': 0.8856713469877103, 'beta_2': 0.9986033481778278, 'epsilon': 2.971730186130989e-09, 'hidden_layer_sizes': 145, 'learning_rate_init': 0.002181292604596816, 'tol': 2.9365444505711523e-05, 'validation_fraction': 0.12070863525646755}]
/home/ryedida/.local/lib/python3.9/site-packages/sklearn/neural_network/_multilayer_perceptron.py:686: ConvergenceWarning: Stochastic Optimizer: Maximum iterations (200) reached and the optimization hasn't converged yet.
  warnings.warn(

function_evaluation time 1.487491 value 3666.334163 suggestion {'alpha': 2.5036764118510053, 'batch_size': 41, 'beta_1': 0.8856713469877103, 'beta_2': 0.9986033481778278, 'epsilon': 2.971730186130989e-09, 'hidden_layer_sizes': 145, 'learning_rate_init': 0.002181292604596816, 'tol': 2.9365444505711523e-05, 'validation_fraction': 0.12070863525646755}
observation time 0.000004, current best 3666.334163 at iter 2
Failure in optimizer suggest. Falling back to random search.
name 'activ' is not defined
Traceback (most recent call last):
  File "/home/ryedida/.local/lib/python3.9/site-packages/bayesmark/experiment.py", line 126, in run_study
    next_points = optimizer.suggest(n_suggestions)
  File "/home/ryedida/bbo_challenge_starter_kit/example_submissions/smoothness/optimizer.py", line 105, in suggest
    betas = [self._get_smoothness_reg(guess) for guess in guesses]
  File "/home/ryedida/bbo_challenge_starter_kit/example_submissions/smoothness/optimizer.py", line 105, in <listcomp>
    betas = [self._get_smoothness_reg(guess) for guess in guesses]
  File "/home/ryedida/bbo_challenge_starter_kit/example_submissions/smoothness/optimizer.py", line 48, in _get_smoothness_reg
    if activ > Kz:
NameError: name 'activ' is not defined
suggestion time taken 0.326286 iter 3 next_points [{'alpha': 0.0010826176571076596, 'batch_size': 189, 'beta_1': 0.6657292079991095, 'beta_2': 0.9999981915353062, 'epsilon': 2.397162326152159e-08, 'hidden_layer_sizes': 59, 'learning_rate_init': 6.0306911578841046e-05, 'tol': 6.239053563453106e-05, 'validation_fraction': 0.36684654471726924}]
/home/ryedida/.local/lib/python3.9/site-packages/sklearn/neural_network/_multilayer_perceptron.py:686: ConvergenceWarning: Stochastic Optimizer: Maximum iterations (200) reached and the optimization hasn't converged yet.
  warnings.warn(

function_evaluation time 0.191342 value 29129.710169 suggestion {'alpha': 0.0010826176571076596, 'batch_size': 189, 'beta_1': 0.6657292079991095, 'beta_2': 0.9999981915353062, 'epsilon': 2.397162326152159e-08, 'hidden_layer_sizes': 59, 'learning_rate_init': 6.0306911578841046e-05, 'tol': 6.239053563453106e-05, 'validation_fraction': 0.36684654471726924}
observation time 0.000005, current best 3666.334163 at iter 3
Failure in optimizer suggest. Falling back to random search.
name 'activ' is not defined
Traceback (most recent call last):
  File "/home/ryedida/.local/lib/python3.9/site-packages/bayesmark/experiment.py", line 126, in run_study
    next_points = optimizer.suggest(n_suggestions)
  File "/home/ryedida/bbo_challenge_starter_kit/example_submissions/smoothness/optimizer.py", line 105, in suggest
    betas = [self._get_smoothness_reg(guess) for guess in guesses]
  File "/home/ryedida/bbo_challenge_starter_kit/example_submissions/smoothness/optimizer.py", line 105, in <listcomp>
    betas = [self._get_smoothness_reg(guess) for guess in guesses]
  File "/home/ryedida/bbo_challenge_starter_kit/example_submissions/smoothness/optimizer.py", line 48, in _get_smoothness_reg
    if activ > Kz:
NameError: name 'activ' is not defined
suggestion time taken 0.332522 iter 4 next_points [{'alpha': 8.468097161665428e-05, 'batch_size': 50, 'beta_1': 0.8748961334912796, 'beta_2': 0.999997696447492, 'epsilon': 1.3538301064031863e-07, 'hidden_layer_sizes': 148, 'learning_rate_init': 0.00014418103892115399, 'tol': 0.0001931458937843147, 'validation_fraction': 0.14870679787870889}]
/home/ryedida/.local/lib/python3.9/site-packages/sklearn/neural_network/_multilayer_perceptron.py:686: ConvergenceWarning: Stochastic Optimizer: Maximum iterations (200) reached and the optimization hasn't converged yet.
  warnings.warn(

function_evaluation time 1.289214 value 27809.620732 suggestion {'alpha': 8.468097161665428e-05, 'batch_size': 50, 'beta_1': 0.8748961334912796, 'beta_2': 0.999997696447492, 'epsilon': 1.3538301064031863e-07, 'hidden_layer_sizes': 148, 'learning_rate_init': 0.00014418103892115399, 'tol': 0.0001931458937843147, 'validation_fraction': 0.14870679787870889}
observation time 0.000005, current best 3666.334163 at iter 4
Failure in optimizer suggest. Falling back to random search.
name 'activ' is not defined
Traceback (most recent call last):
  File "/home/ryedida/.local/lib/python3.9/site-packages/bayesmark/experiment.py", line 126, in run_study
    next_points = optimizer.suggest(n_suggestions)
  File "/home/ryedida/bbo_challenge_starter_kit/example_submissions/smoothness/optimizer.py", line 105, in suggest
    betas = [self._get_smoothness_reg(guess) for guess in guesses]
  File "/home/ryedida/bbo_challenge_starter_kit/example_submissions/smoothness/optimizer.py", line 105, in <listcomp>
    betas = [self._get_smoothness_reg(guess) for guess in guesses]
  File "/home/ryedida/bbo_challenge_starter_kit/example_submissions/smoothness/optimizer.py", line 48, in _get_smoothness_reg
    if activ > Kz:
NameError: name 'activ' is not defined
suggestion time taken 0.346870 iter 5 next_points [{'alpha': 2.5949882189820545e-05, 'batch_size': 111, 'beta_1': 0.7607314798806465, 'beta_2': 0.9998148037106969, 'epsilon': 2.460109399474211e-09, 'hidden_layer_sizes': 138, 'learning_rate_init': 0.035312738400294544, 'tol': 0.023538740661245772, 'validation_fraction': 0.29239752601693497}]
function_evaluation time 0.187093 value 3491.252392 suggestion {'alpha': 2.5949882189820545e-05, 'batch_size': 111, 'beta_1': 0.7607314798806465, 'beta_2': 0.9998148037106969, 'epsilon': 2.460109399474211e-09, 'hidden_layer_sizes': 138, 'learning_rate_init': 0.035312738400294544, 'tol': 0.023538740661245772, 'validation_fraction': 0.29239752601693497}
observation time 0.000003, current best 3491.252392 at iter 5
Failure in optimizer suggest. Falling back to random search.
name 'activ' is not defined
Traceback (most recent call last):
  File "/home/ryedida/.local/lib/python3.9/site-packages/bayesmark/experiment.py", line 126, in run_study
    next_points = optimizer.suggest(n_suggestions)
  File "/home/ryedida/bbo_challenge_starter_kit/example_submissions/smoothness/optimizer.py", line 105, in suggest
    betas = [self._get_smoothness_reg(guess) for guess in guesses]
  File "/home/ryedida/bbo_challenge_starter_kit/example_submissions/smoothness/optimizer.py", line 105, in <listcomp>
    betas = [self._get_smoothness_reg(guess) for guess in guesses]
  File "/home/ryedida/bbo_challenge_starter_kit/example_submissions/smoothness/optimizer.py", line 48, in _get_smoothness_reg
    if activ > Kz:
NameError: name 'activ' is not defined
suggestion time taken 0.327662 iter 6 next_points [{'alpha': 0.0013032141137557347, 'batch_size': 193, 'beta_1': 0.985242185247867, 'beta_2': 0.9999985707229282, 'epsilon': 1.4101660750542046e-07, 'hidden_layer_sizes': 193, 'learning_rate_init': 0.017399126101800236, 'tol': 5.515356581571502e-05, 'validation_fraction': 0.8720389163669091}]
/home/ryedida/.local/lib/python3.9/site-packages/sklearn/neural_network/_multilayer_perceptron.py:605: UserWarning: Got `batch_size` less than 1 or larger than sample size. It is going to be clipped
  warnings.warn(

function_evaluation time 0.365505 value 4168.460771 suggestion {'alpha': 0.0013032141137557347, 'batch_size': 193, 'beta_1': 0.985242185247867, 'beta_2': 0.9999985707229282, 'epsilon': 1.4101660750542046e-07, 'hidden_layer_sizes': 193, 'learning_rate_init': 0.017399126101800236, 'tol': 5.515356581571502e-05, 'validation_fraction': 0.8720389163669091}
observation time 0.000011, current best 3491.252392 at iter 6
Failure in optimizer suggest. Falling back to random search.
name 'activ' is not defined
Traceback (most recent call last):
  File "/home/ryedida/.local/lib/python3.9/site-packages/bayesmark/experiment.py", line 126, in run_study
    next_points = optimizer.suggest(n_suggestions)
  File "/home/ryedida/bbo_challenge_starter_kit/example_submissions/smoothness/optimizer.py", line 105, in suggest
    betas = [self._get_smoothness_reg(guess) for guess in guesses]
  File "/home/ryedida/bbo_challenge_starter_kit/example_submissions/smoothness/optimizer.py", line 105, in <listcomp>
    betas = [self._get_smoothness_reg(guess) for guess in guesses]
  File "/home/ryedida/bbo_challenge_starter_kit/example_submissions/smoothness/optimizer.py", line 48, in _get_smoothness_reg
    if activ > Kz:
NameError: name 'activ' is not defined
suggestion time taken 0.459110 iter 7 next_points [{'alpha': 1.4713451875794825e-05, 'batch_size': 119, 'beta_1': 0.6013009388490198, 'beta_2': 0.9999949869786002, 'epsilon': 6.307542477852642e-09, 'hidden_layer_sizes': 69, 'learning_rate_init': 0.0001725048881440302, 'tol': 0.0038063485244993487, 'validation_fraction': 0.6431688224409419}]
function_evaluation time 0.049241 value 29121.207865 suggestion {'alpha': 1.4713451875794825e-05, 'batch_size': 119, 'beta_1': 0.6013009388490198, 'beta_2': 0.9999949869786002, 'epsilon': 6.307542477852642e-09, 'hidden_layer_sizes': 69, 'learning_rate_init': 0.0001725048881440302, 'tol': 0.0038063485244993487, 'validation_fraction': 0.6431688224409419}
observation time 0.000004, current best 3491.252392 at iter 7
Failure in optimizer suggest. Falling back to random search.
name 'activ' is not defined
Traceback (most recent call last):
  File "/home/ryedida/.local/lib/python3.9/site-packages/bayesmark/experiment.py", line 126, in run_study
    next_points = optimizer.suggest(n_suggestions)
  File "/home/ryedida/bbo_challenge_starter_kit/example_submissions/smoothness/optimizer.py", line 105, in suggest
    betas = [self._get_smoothness_reg(guess) for guess in guesses]
  File "/home/ryedida/bbo_challenge_starter_kit/example_submissions/smoothness/optimizer.py", line 105, in <listcomp>
    betas = [self._get_smoothness_reg(guess) for guess in guesses]
  File "/home/ryedida/bbo_challenge_starter_kit/example_submissions/smoothness/optimizer.py", line 48, in _get_smoothness_reg
    if activ > Kz:
NameError: name 'activ' is not defined
suggestion time taken 0.322564 iter 8 next_points [{'alpha': 0.1881589400938704, 'batch_size': 232, 'beta_1': 0.7942823214290701, 'beta_2': 0.9301359468036072, 'epsilon': 2.015486024867049e-09, 'hidden_layer_sizes': 191, 'learning_rate_init': 0.001302575111312038, 'tol': 0.014060716085983686, 'validation_fraction': 0.7282207935590055}]
/home/ryedida/.local/lib/python3.9/site-packages/sklearn/neural_network/_multilayer_perceptron.py:605: UserWarning: Got `batch_size` less than 1 or larger than sample size. It is going to be clipped
  warnings.warn(

function_evaluation time 0.061661 value 29007.265254 suggestion {'alpha': 0.1881589400938704, 'batch_size': 232, 'beta_1': 0.7942823214290701, 'beta_2': 0.9301359468036072, 'epsilon': 2.015486024867049e-09, 'hidden_layer_sizes': 191, 'learning_rate_init': 0.001302575111312038, 'tol': 0.014060716085983686, 'validation_fraction': 0.7282207935590055}
observation time 0.000006, current best 3491.252392 at iter 8
Failure in optimizer suggest. Falling back to random search.
name 'activ' is not defined
Traceback (most recent call last):
  File "/home/ryedida/.local/lib/python3.9/site-packages/bayesmark/experiment.py", line 126, in run_study
    next_points = optimizer.suggest(n_suggestions)
  File "/home/ryedida/bbo_challenge_starter_kit/example_submissions/smoothness/optimizer.py", line 105, in suggest
    betas = [self._get_smoothness_reg(guess) for guess in guesses]
  File "/home/ryedida/bbo_challenge_starter_kit/example_submissions/smoothness/optimizer.py", line 105, in <listcomp>
    betas = [self._get_smoothness_reg(guess) for guess in guesses]
  File "/home/ryedida/bbo_challenge_starter_kit/example_submissions/smoothness/optimizer.py", line 48, in _get_smoothness_reg
    if activ > Kz:
NameError: name 'activ' is not defined
suggestion time taken 0.322226 iter 9 next_points [{'alpha': 0.0005320036650122878, 'batch_size': 153, 'beta_1': 0.5819309105834856, 'beta_2': 0.9569164232801167, 'epsilon': 1.958453769749909e-07, 'hidden_layer_sizes': 161, 'learning_rate_init': 0.061816314514438295, 'tol': 0.0003459067383152051, 'validation_fraction': 0.22332984206097184}]
function_evaluation time 0.366748 value 2949.601118 suggestion {'alpha': 0.0005320036650122878, 'batch_size': 153, 'beta_1': 0.5819309105834856, 'beta_2': 0.9569164232801167, 'epsilon': 1.958453769749909e-07, 'hidden_layer_sizes': 161, 'learning_rate_init': 0.061816314514438295, 'tol': 0.0003459067383152051, 'validation_fraction': 0.22332984206097184}
observation time 0.000006, current best 2949.601118 at iter 9
Failure in optimizer suggest. Falling back to random search.
name 'activ' is not defined
Traceback (most recent call last):
  File "/home/ryedida/.local/lib/python3.9/site-packages/bayesmark/experiment.py", line 126, in run_study
    next_points = optimizer.suggest(n_suggestions)
  File "/home/ryedida/bbo_challenge_starter_kit/example_submissions/smoothness/optimizer.py", line 105, in suggest
    betas = [self._get_smoothness_reg(guess) for guess in guesses]
  File "/home/ryedida/bbo_challenge_starter_kit/example_submissions/smoothness/optimizer.py", line 105, in <listcomp>
    betas = [self._get_smoothness_reg(guess) for guess in guesses]
  File "/home/ryedida/bbo_challenge_starter_kit/example_submissions/smoothness/optimizer.py", line 48, in _get_smoothness_reg
    if activ > Kz:
NameError: name 'activ' is not defined
suggestion time taken 0.315488 iter 10 next_points [{'alpha': 0.00638439591851684, 'batch_size': 195, 'beta_1': 0.9571023978737465, 'beta_2': 0.9989700817397097, 'epsilon': 1.4130903691715459e-09, 'hidden_layer_sizes': 72, 'learning_rate_init': 0.0009216373154325014, 'tol': 0.0002693563104813965, 'validation_fraction': 0.8883847761046134}]
/home/ryedida/.local/lib/python3.9/site-packages/sklearn/neural_network/_multilayer_perceptron.py:605: UserWarning: Got `batch_size` less than 1 or larger than sample size. It is going to be clipped
  warnings.warn(

/home/ryedida/.local/lib/python3.9/site-packages/sklearn/neural_network/_multilayer_perceptron.py:686: ConvergenceWarning: Stochastic Optimizer: Maximum iterations (200) reached and the optimization hasn't converged yet.
  warnings.warn(

function_evaluation time 0.602526 value 28228.072864 suggestion {'alpha': 0.00638439591851684, 'batch_size': 195, 'beta_1': 0.9571023978737465, 'beta_2': 0.9989700817397097, 'epsilon': 1.4130903691715459e-09, 'hidden_layer_sizes': 72, 'learning_rate_init': 0.0009216373154325014, 'tol': 0.0002693563104813965, 'validation_fraction': 0.8883847761046134}
observation time 0.000006, current best 2949.601118 at iter 10
Failure in optimizer suggest. Falling back to random search.
name 'activ' is not defined
Traceback (most recent call last):
  File "/home/ryedida/.local/lib/python3.9/site-packages/bayesmark/experiment.py", line 126, in run_study
    next_points = optimizer.suggest(n_suggestions)
  File "/home/ryedida/bbo_challenge_starter_kit/example_submissions/smoothness/optimizer.py", line 105, in suggest
    betas = [self._get_smoothness_reg(guess) for guess in guesses]
  File "/home/ryedida/bbo_challenge_starter_kit/example_submissions/smoothness/optimizer.py", line 105, in <listcomp>
    betas = [self._get_smoothness_reg(guess) for guess in guesses]
  File "/home/ryedida/bbo_challenge_starter_kit/example_submissions/smoothness/optimizer.py", line 48, in _get_smoothness_reg
    if activ > Kz:
NameError: name 'activ' is not defined
suggestion time taken 0.317055 iter 11 next_points [{'alpha': 3.7553208232496124e-05, 'batch_size': 74, 'beta_1': 0.7258561704766077, 'beta_2': 0.9971851102203185, 'epsilon': 2.0867063760848224e-09, 'hidden_layer_sizes': 135, 'learning_rate_init': 0.006971049403219337, 'tol': 4.7651639015949816e-05, 'validation_fraction': 0.5778529720523935}]
/home/ryedida/.local/lib/python3.9/site-packages/sklearn/neural_network/_multilayer_perceptron.py:686: ConvergenceWarning: Stochastic Optimizer: Maximum iterations (200) reached and the optimization hasn't converged yet.
  warnings.warn(

function_evaluation time 0.958331 value 3326.184059 suggestion {'alpha': 3.7553208232496124e-05, 'batch_size': 74, 'beta_1': 0.7258561704766077, 'beta_2': 0.9971851102203185, 'epsilon': 2.0867063760848224e-09, 'hidden_layer_sizes': 135, 'learning_rate_init': 0.006971049403219337, 'tol': 4.7651639015949816e-05, 'validation_fraction': 0.5778529720523935}
observation time 0.000005, current best 2949.601118 at iter 11
Failure in optimizer suggest. Falling back to random search.
name 'activ' is not defined
Traceback (most recent call last):
  File "/home/ryedida/.local/lib/python3.9/site-packages/bayesmark/experiment.py", line 126, in run_study
    next_points = optimizer.suggest(n_suggestions)
  File "/home/ryedida/bbo_challenge_starter_kit/example_submissions/smoothness/optimizer.py", line 105, in suggest
    betas = [self._get_smoothness_reg(guess) for guess in guesses]
  File "/home/ryedida/bbo_challenge_starter_kit/example_submissions/smoothness/optimizer.py", line 105, in <listcomp>
    betas = [self._get_smoothness_reg(guess) for guess in guesses]
  File "/home/ryedida/bbo_challenge_starter_kit/example_submissions/smoothness/optimizer.py", line 48, in _get_smoothness_reg
    if activ > Kz:
NameError: name 'activ' is not defined
suggestion time taken 0.315994 iter 12 next_points [{'alpha': 0.06504748443766865, 'batch_size': 182, 'beta_1': 0.749086632242605, 'beta_2': 0.9931104917414199, 'epsilon': 1.924552518803549e-08, 'hidden_layer_sizes': 94, 'learning_rate_init': 0.09380222211099087, 'tol': 0.005597458317830229, 'validation_fraction': 0.44696958097293715}]
function_evaluation time 0.178370 value 3072.267606 suggestion {'alpha': 0.06504748443766865, 'batch_size': 182, 'beta_1': 0.749086632242605, 'beta_2': 0.9931104917414199, 'epsilon': 1.924552518803549e-08, 'hidden_layer_sizes': 94, 'learning_rate_init': 0.09380222211099087, 'tol': 0.005597458317830229, 'validation_fraction': 0.44696958097293715}
observation time 0.000006, current best 2949.601118 at iter 12
Failure in optimizer suggest. Falling back to random search.
name 'activ' is not defined
Traceback (most recent call last):
  File "/home/ryedida/.local/lib/python3.9/site-packages/bayesmark/experiment.py", line 126, in run_study
    next_points = optimizer.suggest(n_suggestions)
  File "/home/ryedida/bbo_challenge_starter_kit/example_submissions/smoothness/optimizer.py", line 105, in suggest
    betas = [self._get_smoothness_reg(guess) for guess in guesses]
  File "/home/ryedida/bbo_challenge_starter_kit/example_submissions/smoothness/optimizer.py", line 105, in <listcomp>
    betas = [self._get_smoothness_reg(guess) for guess in guesses]
  File "/home/ryedida/bbo_challenge_starter_kit/example_submissions/smoothness/optimizer.py", line 48, in _get_smoothness_reg
    if activ > Kz:
NameError: name 'activ' is not defined
suggestion time taken 0.319296 iter 13 next_points [{'alpha': 1.8138330534533218, 'batch_size': 121, 'beta_1': 0.9868685220205674, 'beta_2': 0.989629325481899, 'epsilon': 4.713422672073244e-07, 'hidden_layer_sizes': 55, 'learning_rate_init': 0.0010277873904023973, 'tol': 1.4690668722909428e-05, 'validation_fraction': 0.49155305355763157}]
/home/ryedida/.local/lib/python3.9/site-packages/sklearn/neural_network/_multilayer_perceptron.py:686: ConvergenceWarning: Stochastic Optimizer: Maximum iterations (200) reached and the optimization hasn't converged yet.
  warnings.warn(

function_evaluation time 0.603643 value 27327.748645 suggestion {'alpha': 1.8138330534533218, 'batch_size': 121, 'beta_1': 0.9868685220205674, 'beta_2': 0.989629325481899, 'epsilon': 4.713422672073244e-07, 'hidden_layer_sizes': 55, 'learning_rate_init': 0.0010277873904023973, 'tol': 1.4690668722909428e-05, 'validation_fraction': 0.49155305355763157}
observation time 0.000005, current best 2949.601118 at iter 13
Failure in optimizer suggest. Falling back to random search.
name 'activ' is not defined
Traceback (most recent call last):
  File "/home/ryedida/.local/lib/python3.9/site-packages/bayesmark/experiment.py", line 126, in run_study
    next_points = optimizer.suggest(n_suggestions)
  File "/home/ryedida/bbo_challenge_starter_kit/example_submissions/smoothness/optimizer.py", line 105, in suggest
    betas = [self._get_smoothness_reg(guess) for guess in guesses]
  File "/home/ryedida/bbo_challenge_starter_kit/example_submissions/smoothness/optimizer.py", line 105, in <listcomp>
    betas = [self._get_smoothness_reg(guess) for guess in guesses]
  File "/home/ryedida/bbo_challenge_starter_kit/example_submissions/smoothness/optimizer.py", line 48, in _get_smoothness_reg
    if activ > Kz:
NameError: name 'activ' is not defined
suggestion time taken 0.322439 iter 14 next_points [{'alpha': 0.013979099801442655, 'batch_size': 34, 'beta_1': 0.9835047761456274, 'beta_2': 0.9995321854621873, 'epsilon': 7.62569335968784e-09, 'hidden_layer_sizes': 179, 'learning_rate_init': 0.001573383072911667, 'tol': 0.0370685865374619, 'validation_fraction': 0.6380006642459262}]
function_evaluation time 0.092250 value 28827.704036 suggestion {'alpha': 0.013979099801442655, 'batch_size': 34, 'beta_1': 0.9835047761456274, 'beta_2': 0.9995321854621873, 'epsilon': 7.62569335968784e-09, 'hidden_layer_sizes': 179, 'learning_rate_init': 0.001573383072911667, 'tol': 0.0370685865374619, 'validation_fraction': 0.6380006642459262}
observation time 0.000004, current best 2949.601118 at iter 14
saving meta data: {'args': {'--uuid': 'ff2f5ed076b1568ab2b94ebeebf47894', '-db-root': '/home/ryedida/bbo_challenge_starter_kit/output', '--opt-root': '/home/ryedida/bbo_challenge_starter_kit/example_submissions', '--data-root': None, '--db': 'run_20230425_034200', '--opt': 'smoothness', '--data': 'diabetes', '--classifier': 'MLP-adam', '--metric': 'mse', '--calls': 15, '--suggestions': 1, '--jobs-file': None, '--verbose': False, 'dry_run': False, 'rev': 'a376313', 'opt_rev': 'x.x.x'}, 'signature': ([{'alpha': 0.019628224813442792, 'batch_size': 182, 'beta_1': 0.9410202200271762, 'beta_2': 0.9998021557676793, 'epsilon': 1.8662266976518e-08, 'hidden_layer_sizes': 147, 'learning_rate_init': 0.0005627932047415167, 'tol': 0.03690557729213761, 'validation_fraction': 0.8846827852548593}, {'alpha': 0.0019982467392329444, 'batch_size': 200, 'beta_1': 0.919111482530466, 'beta_2': 0.9998488260436156, 'epsilon': 5.981221901152555e-07, 'hidden_layer_sizes': 61, 'learning_rate_init': 2.2310905607443014e-05, 'tol': 1.2046852412030316e-05, 'validation_fraction': 0.8117896445826539}, {'alpha': 0.46659545670218433, 'batch_size': 219, 'beta_1': 0.9889789783750891, 'beta_2': 0.9999896868093284, 'epsilon': 2.4234724484675948e-08, 'hidden_layer_sizes': 167, 'learning_rate_init': 2.972334644335654e-05, 'tol': 0.0036281404040243792, 'validation_fraction': 0.17260651658522078}, {'alpha': 4.656005689076002, 'batch_size': 135, 'beta_1': 0.870503881627747, 'beta_2': 0.9948873266941017, 'epsilon': 2.1023308743480125e-07, 'hidden_layer_sizes': 118, 'learning_rate_init': 0.0018781738757161913, 'tol': 1.1889379831773004e-05, 'validation_fraction': 0.6264327093752792}, {'alpha': 0.04705159350400542, 'batch_size': 158, 'beta_1': 0.9870884262730957, 'beta_2': 0.9999596874382349, 'epsilon': 1.1981845126013875e-08, 'hidden_layer_sizes': 116, 'learning_rate_init': 0.00617340520407431, 'tol': 1.741413418158619e-05, 'validation_fraction': 0.6754299026638921}], [29083.993548572587, 29062.423277324073, 29075.78987471409, 24626.32866834337, 9584.226858493177])}
saving results
saving timing
saving suggest log
done
